IQ-TREE multicore version 2.2.2.3 COVID-edition for Linux 64-bit built Apr  7 2023
Developed by Bui Quang Minh, James Barbetti, Nguyen Lam Tung,
Olga Chernomor, Heiko Schmidt, Dominik Schrempf, Michael Woodhams, Ly Trong Nhan.

Host:    64923e67824f (AVX512, FMA3, 62 GB RAM)
Command: iqtree -T AUTO --threads-max 2 -s /app/outputs/analyses/610/20250910T163211/between_profile_distances/B/clade_B_seqs.aligned.fasta
Seed:    431899 (Using SPRNG - Scalable Parallel Random Number Generator)
Time:    Wed Sep 10 11:37:51 2025
Kernel:  AVX+FMA - auto-detect threads (36 CPU cores detected)

Reading alignment file /app/outputs/analyses/610/20250910T163211/between_profile_distances/B/clade_B_seqs.aligned.fasta ... Fasta format detected
Reading fasta file: done in 0.00323892 secs using 86.66% CPU
Alignment most likely contains DNA/RNA sequences
Constructing alignment: done in 0.00296783 secs using 2627% CPU
Alignment has 153 sequences with 389 columns, 229 distinct patterns
53 parsimony-informative, 52 singleton sites, 284 constant sites
         Gap/Ambiguity  Composition  p-value
Analyzing sequences: done in 0.000264883 secs using 3274% CPU
   1  22017     31.88%    passed     99.46%
   2  29213     30.85%    passed     99.77%
   3  89127     30.85%    passed     99.77%
   4  2787368   30.59%    passed     99.85%
   5  2535977   30.59%    passed     99.89%
   6  2768937   31.88%    passed     99.89%
   7  29227     30.59%    passed     96.15%
   8  2768938   30.33%    passed     99.98%
   9  89135     30.85%    passed     99.98%
  10  5737009   33.42%    passed     98.44%
  11  5737019   40.10%    passed     98.41%
  12  5737020   39.59%    passed     99.74%
  13  29245     30.85%    passed     99.85%
  14  5737027   30.85%    passed     99.32%
  15  5737028   30.85%    passed     97.07%
  16  5737029   29.82%    passed     94.93%
  17  89166     30.85%    passed     99.77%
  18  2768977   30.85%    passed     99.40%
  19  51798     30.85%    passed     98.89%
  20  308310    30.85%    passed     99.97%
  21  29275     30.85%    passed     99.98%
  22  53344     30.85%    passed     94.42%
  23  29800     30.85%    passed     99.77%
  24  5737064   34.96%    passed     93.00%
  25  29802     30.85%    passed     99.98%
  26  29806     30.85%    passed     99.77%
  27  1390195   36.76%    passed     99.93%
  28  1390196   30.85%    passed     99.96%
  29  1390197   36.76%    passed     99.70%
  30  5737091   39.59%    passed     99.36%
  31  68229     30.85%    passed     99.09%
  32  37517     30.85%    passed     99.86%
  33  37518     30.85%    passed     98.20%
  34  46221     31.88%    passed     97.83%
  35  37520     30.85%    passed     99.12%
  36  37521     30.85%    passed     99.66%
  37  37522     33.68%    passed     93.07%
  38  89232     30.85%    passed     99.93%
  39  29332     30.85%    passed     99.85%
  40  37524     30.85%    passed     99.97%
  41  37526     33.42%    passed     95.53%
  42  37527     31.11%    passed     99.96%
  43  89233     30.85%    passed     99.98%
  44  89237     30.85%    passed     99.45%
  45  1390227   30.33%    passed     99.99%
  46  1390229   30.59%    passed     99.90%
  47  2769048   41.13%    passed     96.84%
  48  29343     30.85%    passed     98.89%
  49  693411    38.30%    passed     98.66%
  50  693415    31.11%    passed     99.96%
  51  29359     30.85%    passed     99.34%
  52  37562     30.85%    passed     99.45%
  53  37563     30.85%    passed     99.98%
  54  64698     36.76%    passed     98.83%
  55  44224     29.82%    passed     99.86%
  56  44226     30.85%    passed     99.86%
  57  59085     30.59%    passed     99.91%
  58  5867213   30.59%    passed     99.91%
  59  5867214   30.59%    passed     99.68%
  60  1390800   31.11%    passed     99.96%
  61  2156752   36.76%    passed     96.48%
  62  89810     30.85%    passed     99.93%
  63  29395     30.85%    passed     99.77%
  64  51922     30.59%    passed     99.51%
  65  51923     30.59%    passed     98.58%
  66  89812     30.85%    passed     99.84%
  67  37591     30.85%    passed     99.86%
  68  892114    34.96%    passed     99.70%
  69  37593     33.68%    passed     93.71%
  70  892115    34.96%    passed     99.88%
  71  695008    38.30%    passed    100.00%
  72  25829     30.85%    passed     99.77%
  73  29424     30.85%    passed     99.85%
  74  30454     31.11%    passed     99.96%
  75  50427     30.85%    passed     99.97%
  76  1390331   31.88%    passed     96.81%
  77  89854     30.85%    passed     99.77%
  78  900865    31.11%    passed     99.92%
  79  29476     30.85%    passed     99.34%
  80  29481     30.85%    passed     99.98%
  81  62764     30.59%    passed     99.56%
  82  62765     30.85%    passed     99.45%
  83  1913651   30.85%    passed     98.87%
  84  29495     30.85%    passed     99.85%
  85  45368     30.85%    passed     99.14%
  86  29499     30.85%    passed     99.34%
  87  698180    31.11%    passed     99.93%
  88  694600    30.85%    passed     98.87%
  89  43338     30.85%    passed     99.12%
  90  25424     30.85%    passed     99.77%
  91  4946      30.85%    passed     99.97%
  92  3373403   36.76%    passed     99.75%
  93  1402208   29.82%    passed     99.88%
  94  1402209   33.16%    passed     98.38%
  95  22371     31.88%    passed     95.71%
  96  779625    31.88%    passed     98.14%
  97  30572     30.85%    passed     99.77%
  98  3373435   30.85%    passed     97.28%
  99  3373442   30.85%    passed     95.99%
 100  3373446   30.85%    passed     98.41%
 101  3662214   52.44%    passed     87.59%
 102  3373448   31.36%    passed     99.96%
 103  3373449   20.57%    passed     98.68%
 104  37772     30.59%    passed     99.89%
 105  2151308   36.25%    passed     99.57%
 106  2151309   30.08%    passed     99.62%
 107  2151311   29.82%    passed     99.90%
 108  1389972   30.08%    passed     99.97%
 109  1389974   30.59%    passed    100.00%
 110  59288     38.30%    passed     99.77%
 111  1389977   33.68%    passed     99.92%
 112  21914     31.88%    passed     98.82%
 113  1389979   30.85%    passed     99.77%
 114  1389982   36.50%    passed     93.63%
 115  1389983   34.19%    passed     99.93%
 116  1389984   34.45%    passed     99.30%
 117  30123     30.85%    passed     99.77%
 118  1389996   32.39%    passed     98.13%
 119  1389997   35.48%    passed     97.41%
 120  30126     30.85%    passed     99.98%
 121  695214    30.59%    passed     99.89%
 122  1389998   31.62%    passed     98.64%
 123  1389999   29.82%    passed     99.38%
 124  30130     30.85%    passed     99.34%
 125  90035     30.85%    passed     99.71%
 126  1390000   31.62%    passed     98.91%
 127  29621     30.85%    passed     99.85%
 128  1390001   30.59%    passed     99.92%
 129  1390002   30.59%    passed     98.35%
 130  1390003   24.16%    passed     99.04%
 131  63929     34.19%    passed     97.48%
 132  52666     30.59%    passed     98.20%
 133  1390010   31.11%    passed     99.57%
 134  2150840   30.85%    passed     99.97%
 135  52669     30.59%    passed     99.91%
 136  1390014   32.13%    passed     98.71%
 137  37826     30.85%    passed     99.32%
 138  367051    36.76%    passed     99.75%
 139  1390034   29.56%    passed     99.48%
 140  1390035   25.19%    passed     99.16%
 141  37844     31.88%    passed     97.83%
 142  53205     30.85%    passed     99.77%
 143  29665     30.85%    passed     99.85%
 144  89570     30.85%    passed     98.87%
 145  61924     30.85%    passed     99.15%
 146  61925     30.85%    passed     97.51%
 147  1390055   34.19%    passed     99.10%
 148  1390058   30.85%    passed     99.32%
 149  45548     30.85%    passed     99.12%
 150  1390061   28.28%    passed     99.57%
 151  1390071   38.56%    passed     99.28%
 152  61432     31.88%    passed     99.00%
 153  1913850   31.88%    passed     90.13%
WARNING: 1 sequences contain more than 50% gaps/ambiguity
****  TOTAL     31.90%  0 sequences failed composition chi2 test (p-value<5%; df=3)
Checking for duplicate sequences: done in 0.000782967 secs using 2959% CPU


Create initial parsimony tree by phylogenetic likelihood library (PLL)... 0.007 seconds
Measuring multi-threading efficiency up to 2 CPU cores
Increase to 10 rounds for branch lengths
35 trees examined
Threads: 1 / Time: 2.025 sec / Speedup: 1.000 / Efficiency: 100% / LogL: -2730
Threads: 2 / Time: 1.832 sec / Speedup: 1.105 / Efficiency: 55% / LogL: -2730
Determining AUTO threadcount: done in 3.85705 secs using 304% CPU
BEST NUMBER OF THREADS: 2

Perform fast likelihood tree search using GTR+I+G model...
Estimate model parameters (epsilon = 5.000)
Perform nearest neighbor interchange...
Optimizing NNI: done in 0.122276 secs using 199.4% CPU
Estimate model parameters (epsilon = 1.000)
1. Initial log-likelihood: -1607.206
Optimal log-likelihood: -1607.101
Rate parameters:  A-C: 0.96982  A-G: 2.99650  A-T: 1.10948  C-G: 0.31187  C-T: 2.80925  G-T: 1.00000
Base frequencies:  A: 0.166  C: 0.268  G: 0.259  T: 0.308
Proportion of invariable sites: 0.327
Gamma shape alpha: 5.630
Parameters optimization took 1 rounds (0.038 sec)
Time for fast ML tree search: 0.298 seconds

NOTE: ModelFinder requires 11 MB RAM!
ModelFinder will test up to 484 DNA models (sample size: 389) ...
 No. Model         -LnL         df  AIC          AICc         BIC
  1  GTR+F         1613.341     311 3848.682     6368.993     5081.355
  2  GTR+F+I       1607.877     312 3839.754     6409.649     5076.391
  3  GTR+F+G4      1605.669     312 3835.337     6405.232     5071.974
  4  GTR+F+I+G4    1607.032     313 3840.064     6460.917     5080.664
  5  GTR+F+R2      1606.449     313 3838.899     6459.752     5079.499
  6  GTR+F+R3      1605.450     315 3840.901     6568.024     5089.428
 14  GTR+F+I+R2    1606.813     314 3841.626     6514.869     5086.190
 15  GTR+F+I+R3    1606.083     316 3844.166     6626.722     5096.657
 23  SYM           1623.124     308 3862.249     6241.549     5083.031
 24  SYM+I         1617.432     309 3852.864     6277.927     5077.610
 25  SYM+G4        1615.423     309 3848.845     6273.909     5073.591
 26  SYM+I+G4      1616.578     310 3853.156     6325.208     5081.866
 27  SYM+R2        1616.103     310 3852.206     6324.257     5080.916
 45  TVM+F         1613.356     310 3846.712     6318.763     5075.422
 46  TVM+F+I       1607.906     311 3837.812     6358.123     5070.485
 47  TVM+F+G4      1605.721     311 3833.442     6353.754     5066.115
 48  TVM+F+I+G4    1607.075     312 3838.149     6408.044     5074.786
 49  TVM+F+R2      1606.494     312 3836.988     6406.883     5073.625
 67  TVMe          1624.235     307 3862.470     6197.186     5079.289
 68  TVMe+I        1618.541     308 3853.081     6232.381     5073.864
 69  TVMe+G4       1616.457     308 3848.914     6228.214     5069.696
 70  TVMe+I+G4     1617.627     309 3853.253     6278.316     5077.999
 71  TVMe+R2       1617.169     309 3852.339     6277.402     5077.085
 89  TIM3+F        1615.882     309 3849.763     6274.827     5074.509
 90  TIM3+F+I      1610.531     310 3841.062     6313.114     5069.772
 91  TIM3+F+G4     1608.467     310 3836.933     6308.984     5065.643
 92  TIM3+F+I+G4   1609.761     311 3841.522     6361.834     5074.195
 93  TIM3+F+R2     1609.198     311 3840.396     6360.708     5073.069
111  TIM3e         1624.783     306 3861.565     6152.834     5074.421
112  TIM3e+I       1619.060     307 3852.121     6186.837     5068.940
113  TIM3e+G4      1617.070     307 3848.140     6182.856     5064.958
114  TIM3e+I+G4    1618.242     308 3852.484     6231.784     5073.266
115  TIM3e+R2      1617.827     308 3851.653     6230.953     5072.436
133  TIM2+F        1616.691     309 3851.382     6276.445     5076.128
134  TIM2+F+I      1611.462     310 3842.925     6314.976     5071.634
135  TIM2+F+G4     1609.330     310 3838.660     6310.711     5067.370
136  TIM2+F+I+G4   1610.641     311 3843.282     6363.594     5075.955
137  TIM2+F+R2     1610.004     311 3842.008     6362.319     5074.681
155  TIM2e         1626.971     306 3865.942     6157.210     5078.797
156  TIM2e+I       1621.687     307 3857.374     6192.090     5074.193
157  TIM2e+G4      1619.800     307 3853.599     6188.315     5070.418
158  TIM2e+I+G4    1620.946     308 3857.893     6237.193     5078.675
159  TIM2e+R2      1620.427     308 3856.853     6236.153     5077.636
177  TIM+F         1616.581     309 3851.162     6276.225     5075.908
178  TIM+F+I       1611.413     310 3842.827     6314.878     5071.536
179  TIM+F+G4      1609.406     310 3838.811     6310.862     5067.521
180  TIM+F+I+G4    1610.646     311 3843.292     6363.604     5075.965
181  TIM+F+R2      1610.053     311 3842.105     6362.417     5074.778
199  TIMe          1625.752     306 3863.505     6154.773     5076.360
200  TIMe+I        1620.444     307 3854.888     6189.604     5071.707
201  TIMe+G4       1618.564     307 3851.128     6185.844     5067.946
202  TIMe+I+G4     1619.699     308 3855.397     6234.697     5076.180
203  TIMe+R2       1619.194     308 3854.388     6233.688     5075.170
221  TPM3u+F       1615.899     308 3847.798     6227.098     5068.580
222  TPM3u+F+I     1610.558     309 3839.115     6264.179     5063.861
223  TPM3u+F+G4    1608.515     309 3835.030     6260.094     5059.776
224  TPM3u+F+I+G4  1609.799     310 3839.597     6311.649     5068.307
225  TPM3u+F+R2    1609.238     310 3838.476     6310.528     5067.186
243  TPM3          1625.884     305 3861.769     6110.684     5070.661
244  TPM3+I        1620.151     306 3852.302     6143.571     5065.158
245  TPM3+G4       1618.083     306 3848.167     6139.435     5061.022
246  TPM3+I+G4     1619.235     307 3852.469     6187.185     5069.288
247  TPM3+R2       1618.799     307 3851.598     6186.314     5068.417
265  TPM2u+F       1616.709     308 3849.418     6228.718     5070.200
266  TPM2u+F+I     1611.492     309 3840.983     6266.047     5065.729
267  TPM2u+F+G4    1609.382     309 3836.765     6261.828     5061.511
268  TPM2u+F+I+G4  1610.682     310 3841.364     6313.415     5070.074
269  TPM2u+F+R2    1610.051     310 3840.102     6312.154     5068.812
287  TPM2          1628.073     305 3866.146     6115.061     5075.037
288  TPM2+I        1622.765     306 3857.531     6148.799     5070.386
289  TPM2+G4       1620.819     306 3853.637     6144.906     5066.493
290  TPM2+I+G4     1621.992     307 3857.984     6192.700     5074.803
291  TPM2+R2       1621.460     307 3856.921     6191.637     5073.739
309  K3Pu+F        1616.599     308 3849.198     6228.498     5069.980
310  K3Pu+F+I      1611.439     309 3840.878     6265.941     5065.624
311  K3Pu+F+G4     1609.450     309 3836.901     6261.964     5061.647
312  K3Pu+F+I+G4   1610.681     310 3841.363     6313.414     5070.073
313  K3Pu+F+R2     1610.092     310 3840.185     6312.236     5068.894
331  K3P           1626.854     305 3863.708     6112.624     5072.600
332  K3P+I         1621.515     306 3855.030     6146.298     5067.885
333  K3P+G4        1619.572     306 3851.145     6142.413     5064.000
334  K3P+I+G4      1620.734     307 3855.467     6190.183     5072.286
335  K3P+R2        1620.219     307 3854.437     6189.153     5071.256
353  TN+F          1617.752     308 3851.504     6230.804     5072.287
354  TN+F+I        1612.621     309 3843.241     6268.305     5067.987
355  TN+F+G4       1610.625     309 3839.251     6264.314     5063.997
356  TN+F+I+G4     1611.871     310 3843.742     6315.794     5072.452
357  TN+F+R2       1611.310     310 3842.620     6314.671     5071.329
375  TNe           1627.101     305 3864.202     6113.118     5073.094
376  TNe+I         1621.800     306 3855.601     6146.869     5068.456
377  TNe+G4        1619.932     306 3851.865     6143.133     5064.720
378  TNe+I+G4      1621.079     307 3856.159     6190.875     5072.977
379  TNe+R2        1620.546     307 3855.093     6189.809     5071.912
397  HKY+F         1617.770     307 3849.539     6184.255     5066.358
398  HKY+F+I       1612.646     308 3841.293     6220.593     5062.075
399  HKY+F+G4      1610.670     308 3837.340     6216.640     5058.122
400  HKY+F+I+G4    1611.967     309 3841.934     6266.998     5066.680
401  HKY+F+R2      1611.348     309 3840.697     6265.760     5065.443
419  K2P           1628.201     304 3864.402     6072.021     5069.330
420  K2P+I         1622.870     305 3855.740     6104.656     5064.632
421  K2P+G4        1620.940     305 3851.880     6100.795     5060.771
422  K2P+I+G4      1622.153     306 3856.307     6147.575     5069.162
423  K2P+R2        1621.630     306 3855.260     6146.529     5068.116
441  F81+F         1646.981     306 3905.962     6197.230     5118.817
442  F81+F+I       1641.661     307 3897.322     6232.038     5114.141
443  F81+F+G4      1639.623     307 3893.246     6227.962     5110.064
444  F81+F+I+G4    1640.848     308 3897.697     6276.997     5118.479
445  F81+F+R2      1640.283     308 3896.565     6275.865     5117.348
463  JC            1658.635     303 3923.269     6090.610     5124.234
464  JC+I          1653.316     304 3914.631     6122.250     5119.559
465  JC+G4         1651.376     304 3910.752     6118.371     5115.681
466  JC+I+G4       1652.542     305 3915.083     6163.999     5123.975
467  JC+R2         1652.017     305 3914.034     6162.950     5122.926
Akaike Information Criterion:           TVM+F+G4
Corrected Akaike Information Criterion: K2P
Bayesian Information Criterion:         HKY+F+G4
Best-fit model: HKY+F+G4 chosen according to BIC

All model information printed to /app/outputs/analyses/610/20250910T163211/between_profile_distances/B/clade_B_seqs.aligned.fasta.model.gz
CPU time for ModelFinder: 22.741 seconds (0h:0m:22s)
Wall-clock time for ModelFinder: 9.065 seconds (0h:0m:9s)

NOTE: 4 MB RAM (0 GB) is required!
Estimate model parameters (epsilon = 0.100)
1. Initial log-likelihood: -1610.670
Optimal log-likelihood: -1610.670
Rate parameters:  A-C: 1.00000  A-G: 3.52890  A-T: 1.00000  C-G: 1.00000  C-T: 3.52890  G-T: 1.00000
Base frequencies:  A: 0.166  C: 0.268  G: 0.259  T: 0.308
Gamma shape alpha: 1.210
Parameters optimization took 1 rounds (0.015 sec)
Wrote distance file to... 
Computing ML distances based on estimated model parameters...
Calculating distance matrix: done in 0.0452259 secs using 200% CPU
Computing ML distances took 0.045356 sec (of wall-clock time) 0.090719 sec (of CPU time)
Setting up auxiliary I and S matrices: done in 0.000460148 secs using 234.5% CPU
Constructing RapidNJ tree: done in 0.00332499 secs using 319.1% CPU
Computing RapidNJ tree took 0.003840 sec (of wall-clock time) 0.011743 sec (of CPU time)
Log-likelihood of RapidNJ tree: -1635.397
--------------------------------------------------------------------
|             INITIALIZING CANDIDATE TREE SET                      |
--------------------------------------------------------------------
Generating 98 parsimony trees... 0.500 second
Computing log-likelihood of 98 initial trees ... 0.838 seconds
Current best score: -1602.114

Do NNI search on 20 best initial trees
Optimizing NNI: done in 0.054137 secs using 198.9% CPU
Estimate model parameters (epsilon = 0.100)
BETTER TREE FOUND at iteration 1: -1601.937
Optimizing NNI: done in 0.0856721 secs using 199.9% CPU
Optimizing NNI: done in 0.0553699 secs using 199% CPU
Optimizing NNI: done in 0.160993 secs using 200% CPU
Estimate model parameters (epsilon = 0.100)
BETTER TREE FOUND at iteration 4: -1601.771
Optimizing NNI: done in 0.146073 secs using 198.9% CPU
Estimate model parameters (epsilon = 0.100)
BETTER TREE FOUND at iteration 5: -1598.672
Optimizing NNI: done in 0.151778 secs using 198.7% CPU
Estimate model parameters (epsilon = 0.100)
BETTER TREE FOUND at iteration 6: -1597.274
Optimizing NNI: done in 0.108802 secs using 199.5% CPU
Optimizing NNI: done in 0.0563099 secs using 198.4% CPU
Optimizing NNI: done in 0.121117 secs using 199.9% CPU
Optimizing NNI: done in 0.1492 secs using 199.7% CPU
Iteration 10 / LogL: -1601.117 / Time: 0h:0m:2s
Optimizing NNI: done in 0.147467 secs using 199.4% CPU
Optimizing NNI: done in 0.0568402 secs using 198.4% CPU
Optimizing NNI: done in 0.128704 secs using 199.5% CPU
Optimizing NNI: done in 0.161443 secs using 200% CPU
Optimizing NNI: done in 0.206512 secs using 199.7% CPU
Optimizing NNI: done in 0.123396 secs using 200% CPU
Optimizing NNI: done in 0.230479 secs using 199.8% CPU
Optimizing NNI: done in 0.054414 secs using 200% CPU
Optimizing NNI: done in 0.0553679 secs using 199.3% CPU
Optimizing NNI: done in 0.10155 secs using 200% CPU
Iteration 20 / LogL: -1601.211 / Time: 0h:0m:3s
Finish initializing candidate tree set (20)
Current best tree score: -1597.274 / CPU time: 3.812
Number of iterations: 20
--------------------------------------------------------------------
|               OPTIMIZING CANDIDATE TREE SET                      |
--------------------------------------------------------------------
Optimizing NNI: done in 0.216822 secs using 199.5% CPU
Optimizing NNI: done in 0.131033 secs using 199.8% CPU
Optimizing NNI: done in 0.217348 secs using 199.7% CPU
Optimizing NNI: done in 0.0841959 secs using 198.4% CPU
Optimizing NNI: done in 0.135099 secs using 199.6% CPU
Optimizing NNI: done in 0.213087 secs using 199.5% CPU
Optimizing NNI: done in 0.180768 secs using 199.8% CPU
Optimizing NNI: done in 0.278196 secs using 199.8% CPU
Optimizing NNI: done in 0.267766 secs using 199.8% CPU
Optimizing NNI: done in 0.179167 secs using 199.8% CPU
Iteration 30 / LogL: -1603.606 / Time: 0h:0m:5s (0h:0m:15s left)
Optimizing NNI: done in 0.077018 secs using 199.3% CPU
Optimizing NNI: done in 0.202887 secs using 200% CPU
Optimizing NNI: done in 0.273893 secs using 199.5% CPU
Optimizing NNI: done in 0.14221 secs using 199.5% CPU
Optimizing NNI: done in 0.218711 secs using 199.1% CPU
Optimizing NNI: done in 0.138214 secs using 198.5% CPU
Optimizing NNI: done in 0.143 secs using 199.9% CPU
Optimizing NNI: done in 0.170852 secs using 199.9% CPU
Optimizing NNI: done in 0.202334 secs using 199.7% CPU
Estimate model parameters (epsilon = 0.100)
BETTER TREE FOUND at iteration 39: -1596.621
Optimizing NNI: done in 0.143466 secs using 199% CPU
Iteration 40 / LogL: -1597.762 / Time: 0h:0m:7s (0h:0m:19s left)
Optimizing NNI: done in 0.211425 secs using 199.9% CPU
Optimizing NNI: done in 0.0636091 secs using 199.5% CPU
Optimizing NNI: done in 0.187961 secs using 199.8% CPU
Optimizing NNI: done in 0.255054 secs using 199.8% CPU
Estimate model parameters (epsilon = 0.100)
BETTER TREE FOUND at iteration 44: -1595.312
Optimizing NNI: done in 0.130569 secs using 199.5% CPU
Optimizing NNI: done in 0.162745 secs using 199.4% CPU
Optimizing NNI: done in 0.127786 secs using 199.1% CPU
Optimizing NNI: done in 0.221256 secs using 199.8% CPU
Optimizing NNI: done in 0.136252 secs using 199.8% CPU
Optimizing NNI: done in 0.125717 secs using 199.9% CPU
Iteration 50 / LogL: -1643.560 / Time: 0h:0m:9s (0h:0m:17s left)
Optimizing NNI: done in 0.172033 secs using 199.8% CPU
Optimizing NNI: done in 0.137372 secs using 199.9% CPU
Optimizing NNI: done in 0.240536 secs using 199.5% CPU
Optimizing NNI: done in 0.114111 secs using 199.6% CPU
Optimizing NNI: done in 0.176024 secs using 199.6% CPU
Optimizing NNI: done in 0.151332 secs using 200% CPU
Optimizing NNI: done in 0.148034 secs using 199% CPU
Optimizing NNI: done in 0.231086 secs using 199.7% CPU
Optimizing NNI: done in 0.210719 secs using 199.2% CPU
Optimizing NNI: done in 0.106831 secs using 200% CPU
Iteration 60 / LogL: -1600.281 / Time: 0h:0m:11s (0h:0m:15s left)
Optimizing NNI: done in 0.162448 secs using 199% CPU
Optimizing NNI: done in 0.183639 secs using 199.3% CPU
Optimizing NNI: done in 0.169304 secs using 199.3% CPU
Optimizing NNI: done in 0.276315 secs using 199.7% CPU
Optimizing NNI: done in 0.15915 secs using 199.4% CPU
Optimizing NNI: done in 0.141375 secs using 199.6% CPU
Optimizing NNI: done in 0.154316 secs using 199.7% CPU
Optimizing NNI: done in 0.185145 secs using 199.8% CPU
Optimizing NNI: done in 0.148865 secs using 199.8% CPU
Optimizing NNI: done in 0.136608 secs using 199.7% CPU
Iteration 70 / LogL: -1596.653 / Time: 0h:0m:12s (0h:0m:13s left)
Optimizing NNI: done in 0.213839 secs using 199.6% CPU
Optimizing NNI: done in 0.157683 secs using 199.7% CPU
Optimizing NNI: done in 0.149537 secs using 199.7% CPU
Optimizing NNI: done in 0.192273 secs using 199.9% CPU
Optimizing NNI: done in 0.18478 secs using 199.9% CPU
Optimizing NNI: done in 0.163747 secs using 199.2% CPU
Optimizing NNI: done in 0.169169 secs using 199.1% CPU
Optimizing NNI: done in 0.112266 secs using 199.7% CPU
Optimizing NNI: done in 0.202005 secs using 199.9% CPU
Optimizing NNI: done in 0.133539 secs using 199.9% CPU
Iteration 80 / LogL: -1596.541 / Time: 0h:0m:14s (0h:0m:11s left)
Optimizing NNI: done in 0.162665 secs using 199.8% CPU
Optimizing NNI: done in 0.207719 secs using 199.7% CPU
Optimizing NNI: done in 0.192491 secs using 200% CPU
Optimizing NNI: done in 0.168052 secs using 199.8% CPU
Optimizing NNI: done in 0.13609 secs using 199.7% CPU
Optimizing NNI: done in 0.153453 secs using 199.8% CPU
Optimizing NNI: done in 0.15686 secs using 199.8% CPU
Optimizing NNI: done in 0.15072 secs using 199.9% CPU
Optimizing NNI: done in 0.116886 secs using 199.9% CPU
Optimizing NNI: done in 0.212725 secs using 200% CPU
Iteration 90 / LogL: -1606.389 / Time: 0h:0m:16s (0h:0m:9s left)
Optimizing NNI: done in 0.146894 secs using 199.8% CPU
Optimizing NNI: done in 0.131374 secs using 199.9% CPU
Optimizing NNI: done in 0.194117 secs using 199.9% CPU
Optimizing NNI: done in 0.176866 secs using 198.5% CPU
Optimizing NNI: done in 0.113138 secs using 199.5% CPU
Optimizing NNI: done in 0.163438 secs using 199.7% CPU
Optimizing NNI: done in 0.133663 secs using 199.6% CPU
Optimizing NNI: done in 0.140599 secs using 199.7% CPU
Optimizing NNI: done in 0.167437 secs using 200% CPU
Optimizing NNI: done in 0.183277 secs using 199.8% CPU
Iteration 100 / LogL: -1597.047 / Time: 0h:0m:17s (0h:0m:7s left)
Optimizing NNI: done in 0.191932 secs using 199.8% CPU
Optimizing NNI: done in 0.163868 secs using 199.4% CPU
Optimizing NNI: done in 0.154402 secs using 199.5% CPU
Optimizing NNI: done in 0.244352 secs using 199.7% CPU
Optimizing NNI: done in 0.155795 secs using 199.9% CPU
Optimizing NNI: done in 0.176894 secs using 199.7% CPU
Estimate model parameters (epsilon = 0.100)
BETTER TREE FOUND at iteration 106: -1595.211
Optimizing NNI: done in 0.140602 secs using 199.5% CPU
Optimizing NNI: done in 0.155881 secs using 199.6% CPU
Optimizing NNI: done in 0.135566 secs using 199.4% CPU
Optimizing NNI: done in 0.274433 secs using 199.9% CPU
Iteration 110 / LogL: -1601.179 / Time: 0h:0m:19s (0h:0m:17s left)
Optimizing NNI: done in 0.108537 secs using 199.9% CPU
Optimizing NNI: done in 0.171015 secs using 199.2% CPU
Optimizing NNI: done in 0.191595 secs using 200% CPU
Optimizing NNI: done in 0.249332 secs using 199.6% CPU
Optimizing NNI: done in 0.255725 secs using 199.6% CPU
Optimizing NNI: done in 0.128345 secs using 199.3% CPU
Optimizing NNI: done in 0.123206 secs using 199.4% CPU
Optimizing NNI: done in 0.126496 secs using 199.8% CPU
Optimizing NNI: done in 0.204884 secs using 199.8% CPU
Optimizing NNI: done in 0.263229 secs using 199.7% CPU
Iteration 120 / LogL: -1595.316 / Time: 0h:0m:21s (0h:0m:15s left)
Optimizing NNI: done in 0.22811 secs using 199.8% CPU
Optimizing NNI: done in 0.242606 secs using 199.8% CPU
Optimizing NNI: done in 0.156825 secs using 199.5% CPU
Optimizing NNI: done in 0.202122 secs using 199.4% CPU
Optimizing NNI: done in 0.181219 secs using 199.8% CPU
Optimizing NNI: done in 0.109495 secs using 199.5% CPU
Optimizing NNI: done in 0.162134 secs using 199.5% CPU
Optimizing NNI: done in 0.143378 secs using 199.8% CPU
Optimizing NNI: done in 0.170702 secs using 199.5% CPU
Optimizing NNI: done in 0.252169 secs using 199.9% CPU
Iteration 130 / LogL: -1595.977 / Time: 0h:0m:23s (0h:0m:13s left)
Optimizing NNI: done in 0.11117 secs using 200% CPU
Optimizing NNI: done in 0.110255 secs using 199.7% CPU
Optimizing NNI: done in 0.220029 secs using 199.8% CPU
Optimizing NNI: done in 0.181985 secs using 199.4% CPU
Optimizing NNI: done in 0.130572 secs using 199.5% CPU
Optimizing NNI: done in 0.105026 secs using 199.3% CPU
Optimizing NNI: done in 0.191399 secs using 199.9% CPU
Optimizing NNI: done in 0.35945 secs using 199.7% CPU
Optimizing NNI: done in 0.241314 secs using 199.8% CPU
Optimizing NNI: done in 0.179198 secs using 199.9% CPU
Iteration 140 / LogL: -1595.218 / Time: 0h:0m:25s (0h:0m:12s left)
Optimizing NNI: done in 0.185072 secs using 199.6% CPU
Optimizing NNI: done in 0.230299 secs using 200% CPU
Optimizing NNI: done in 0.116264 secs using 199.5% CPU
Optimizing NNI: done in 0.22554 secs using 199.7% CPU
Optimizing NNI: done in 0.135792 secs using 199.7% CPU
Optimizing NNI: done in 0.19887 secs using 199.8% CPU
Optimizing NNI: done in 0.191509 secs using 199.5% CPU
Optimizing NNI: done in 0.175029 secs using 199.8% CPU
Optimizing NNI: done in 0.158687 secs using 199.7% CPU
Optimizing NNI: done in 0.166492 secs using 200% CPU
Iteration 150 / LogL: -1608.625 / Time: 0h:0m:27s (0h:0m:10s left)
Optimizing NNI: done in 0.242661 secs using 199.8% CPU
Optimizing NNI: done in 0.155711 secs using 199.4% CPU
Optimizing NNI: done in 0.18779 secs using 199% CPU
Optimizing NNI: done in 0.204375 secs using 199.7% CPU
Optimizing NNI: done in 0.217438 secs using 199.4% CPU
Optimizing NNI: done in 0.110903 secs using 199.8% CPU
Optimizing NNI: done in 0.135967 secs using 199.7% CPU
Optimizing NNI: done in 0.200091 secs using 199.1% CPU
Optimizing NNI: done in 0.233699 secs using 199.8% CPU
Optimizing NNI: done in 0.1373 secs using 199.9% CPU
Iteration 160 / LogL: -1632.201 / Time: 0h:0m:29s (0h:0m:8s left)
Optimizing NNI: done in 0.13298 secs using 199.1% CPU
Optimizing NNI: done in 0.168892 secs using 199.8% CPU
Optimizing NNI: done in 0.230888 secs using 199.9% CPU
Optimizing NNI: done in 0.170631 secs using 198.9% CPU
Optimizing NNI: done in 0.203852 secs using 198.9% CPU
Optimizing NNI: done in 0.108526 secs using 199.8% CPU
Optimizing NNI: done in 0.108379 secs using 199.9% CPU
Optimizing NNI: done in 0.165329 secs using 199.7% CPU
Optimizing NNI: done in 0.157216 secs using 199.5% CPU
Optimizing NNI: done in 0.2785 secs using 199.4% CPU
Iteration 170 / LogL: -1595.322 / Time: 0h:0m:30s (0h:0m:6s left)
Optimizing NNI: done in 0.174941 secs using 199.4% CPU
Optimizing NNI: done in 0.163859 secs using 199.9% CPU
Optimizing NNI: done in 0.163516 secs using 199.9% CPU
Optimizing NNI: done in 0.195337 secs using 199.7% CPU
Optimizing NNI: done in 0.126654 secs using 199.8% CPU
Optimizing NNI: done in 0.0869069 secs using 199.3% CPU
Optimizing NNI: done in 0.221477 secs using 199.9% CPU
Optimizing NNI: done in 0.244565 secs using 199.9% CPU
Optimizing NNI: done in 0.1396 secs using 199.7% CPU
Optimizing NNI: done in 0.213183 secs using 199.7% CPU
Iteration 180 / LogL: -1601.394 / Time: 0h:0m:32s (0h:0m:4s left)
Optimizing NNI: done in 0.11159 secs using 198.6% CPU
Optimizing NNI: done in 0.153828 secs using 199.7% CPU
Optimizing NNI: done in 0.0950451 secs using 199.9% CPU
Optimizing NNI: done in 0.193649 secs using 199.6% CPU
Optimizing NNI: done in 0.134249 secs using 199.6% CPU
Optimizing NNI: done in 0.170725 secs using 199.8% CPU
Optimizing NNI: done in 0.164363 secs using 199.5% CPU
Optimizing NNI: done in 0.227864 secs using 199.7% CPU
Optimizing NNI: done in 0.137965 secs using 199.5% CPU
Optimizing NNI: done in 0.287615 secs using 199% CPU
Iteration 190 / LogL: -1595.216 / Time: 0h:0m:34s (0h:0m:2s left)
Optimizing NNI: done in 0.167283 secs using 199.6% CPU
Optimizing NNI: done in 0.138829 secs using 200% CPU
Optimizing NNI: done in 0.166964 secs using 199.9% CPU
Optimizing NNI: done in 0.137626 secs using 198.8% CPU
Optimizing NNI: done in 0.134546 secs using 199.9% CPU
Optimizing NNI: done in 0.158873 secs using 199.9% CPU
Optimizing NNI: done in 0.138386 secs using 198.9% CPU
Optimizing NNI: done in 0.111472 secs using 199.9% CPU
Optimizing NNI: done in 0.254815 secs using 200% CPU
Optimizing NNI: done in 0.158738 secs using 199.4% CPU
Iteration 200 / LogL: -1614.583 / Time: 0h:0m:35s (0h:0m:1s left)
Optimizing NNI: done in 0.157128 secs using 199.9% CPU
Optimizing NNI: done in 0.109637 secs using 199.2% CPU
Optimizing NNI: done in 0.164196 secs using 199.2% CPU
Optimizing NNI: done in 0.108767 secs using 199.9% CPU
Optimizing NNI: done in 0.204697 secs using 199.6% CPU
Optimizing NNI: done in 0.20835 secs using 199.8% CPU
Optimizing NNI: done in 0.18246 secs using 199.5% CPU
TREE SEARCH COMPLETED AFTER 207 ITERATIONS / Time: 0h:0m:37s

--------------------------------------------------------------------
|                    FINALIZING TREE SEARCH                        |
--------------------------------------------------------------------
Performs final model parameters optimization
Estimate model parameters (epsilon = 0.010)
1. Initial log-likelihood: -1595.211
Optimal log-likelihood: -1595.211
Rate parameters:  A-C: 1.00000  A-G: 3.50507  A-T: 1.00000  C-G: 1.00000  C-T: 3.50507  G-T: 1.00000
Base frequencies:  A: 0.166  C: 0.268  G: 0.259  T: 0.308
Gamma shape alpha: 1.311
Parameters optimization took 1 rounds (0.017 sec)
BEST SCORE FOUND : -1595.211
Total tree length: 0.590

Total number of iterations: 207
CPU time used for tree search: 73.464 sec (0h:1m:13s)
Wall-clock time used for tree search: 36.967 sec (0h:0m:36s)
Total CPU time used: 73.838 sec (0h:1m:13s)
Total wall-clock time used: 37.125 sec (0h:0m:37s)

Analysis results written to: 
  IQ-TREE report:                /app/outputs/analyses/610/20250910T163211/between_profile_distances/B/clade_B_seqs.aligned.fasta.iqtree
  Maximum-likelihood tree:       /app/outputs/analyses/610/20250910T163211/between_profile_distances/B/clade_B_seqs.aligned.fasta.treefile
  Likelihood distances:          /app/outputs/analyses/610/20250910T163211/between_profile_distances/B/clade_B_seqs.aligned.fasta.mldist
  Screen log file:               /app/outputs/analyses/610/20250910T163211/between_profile_distances/B/clade_B_seqs.aligned.fasta.log

Date and Time: Wed Sep 10 11:38:37 2025
