IQ-TREE multicore version 2.2.2.3 COVID-edition for Linux 64-bit built Apr  7 2023
Developed by Bui Quang Minh, James Barbetti, Nguyen Lam Tung,
Olga Chernomor, Heiko Schmidt, Dominik Schrempf, Michael Woodhams, Ly Trong Nhan.

Host:    64923e67824f (AVX512, FMA3, 62 GB RAM)
Command: iqtree -T AUTO --threads-max 2 -s /app/outputs/analyses/610/20250910T163211/between_profile_distances/C/clade_C_seqs.aligned.fasta
Seed:    245324 (Using SPRNG - Scalable Parallel Random Number Generator)
Time:    Wed Sep 10 11:37:31 2025
Kernel:  AVX+FMA - auto-detect threads (36 CPU cores detected)

Reading alignment file /app/outputs/analyses/610/20250910T163211/between_profile_distances/C/clade_C_seqs.aligned.fasta ... Fasta format detected
Reading fasta file: done in 0.0008111 secs using 8.63% CPU
Alignment most likely contains DNA/RNA sequences
Constructing alignment: done in 0.00121808 secs using 2580% CPU
Alignment has 46 sequences with 274 columns, 62 distinct patterns
16 parsimony-informative, 19 singleton sites, 239 constant sites
         Gap/Ambiguity  Composition  p-value
Analyzing sequences: done in 0.000128984 secs using 3237% CPU
   1  1          4.01%    passed     99.25%
   2  2          4.01%    passed     99.79%
   3  129923     4.01%    passed     98.78%
   4  4          4.38%    passed     99.93%
   5  5736969    4.01%    passed     99.73%
   6  71161      2.92%    passed     99.83%
   7  1147920    4.01%    passed     99.67%
   8  44826      4.01%    passed     98.78%
   9  32         4.01%    passed    100.00%
  10  11299      9.49%    passed     97.21%
  11  41         6.57%    passed     98.90%
  12  23471      4.01%    passed     99.79%
  13  308        4.01%    passed     99.43%
  14  59         4.01%    passed     99.90%
  15  828        4.01%    passed     99.85%
  16  831        4.38%    passed     99.96%
  17  832        4.38%    passed     99.96%
  18  12353      4.01%    passed     99.79%
  19  835        7.30%    passed     97.40%
  20  1390021    4.01%    passed     99.85%
  21  8520       4.01%    passed     99.79%
  22  1354       4.01%    passed     99.79%
  23  1103       4.01%    passed     97.65%
  24  80         4.38%    passed     99.92%
  25  848        4.01%    passed    100.00%
  26  17875      4.01%    passed     99.66%
  27  1108       4.01%    passed     99.36%
  28  37587      4.01%    passed     98.89%
  29  982        4.01%    passed     99.79%
  30  21974      4.01%    passed     99.79%
  31  1112       4.01%    passed     99.36%
  32  2520       3.65%    passed     99.96%
  33  5737177    4.01%    passed     98.78%
  34  1118       4.01%    passed     97.01%
  35  45023      4.01%    passed     94.74%
  36  13282      4.01%    passed     99.05%
  37  5736931    4.01%    passed     99.79%
  38  5736932    3.65%    passed     99.49%
  39  5736933    4.01%    passed    100.00%
  40  5736934    3.65%    passed     99.63%
  41  71406     13.14%    passed     99.36%
  42  38767      6.57%    passed     99.59%
  43  2553       4.01%    passed     98.90%
  44  2554       4.01%    passed     99.94%
  45  2555       4.01%    passed     98.90%
  46  38269      2.55%    passed     99.65%
****  TOTAL      4.47%  0 sequences failed composition chi2 test (p-value<5%; df=3)
Checking for duplicate sequences: done in 0.000372887 secs using 2798% CPU


Create initial parsimony tree by phylogenetic likelihood library (PLL)... 0.002 seconds
Measuring multi-threading efficiency up to 2 CPU cores
Increase to 10 rounds for branch lengths
539 trees examined
Threads: 1 / Time: 2.000 sec / Speedup: 1.000 / Efficiency: 100% / LogL: -920
Threads: 2 / Time: 2.311 sec / Speedup: 0.865 / Efficiency: 43% / LogL: -920
Determining AUTO threadcount: done in 4.31145 secs using 296.9% CPU
BEST NUMBER OF THREADS: 1

Perform fast likelihood tree search using GTR+I+G model...
Estimate model parameters (epsilon = 5.000)
Perform nearest neighbor interchange...
Optimizing NNI: done in 0.00313902 secs using 199.4% CPU
Estimate model parameters (epsilon = 1.000)
1. Initial log-likelihood: -676.159
Optimal log-likelihood: -676.152
Rate parameters:  A-C: 0.00010  A-G: 8.05968  A-T: 1.29548  C-G: 2.84382  C-T: 5.30510  G-T: 1.00000
Warning! Some parameters hit the boundaries
Base frequencies:  A: 0.167  C: 0.240  G: 0.243  T: 0.349
Proportion of invariable sites: 0.436
Gamma shape alpha: 0.845
Parameters optimization took 1 rounds (0.007 sec)
Time for fast ML tree search: 0.035 seconds

NOTE: ModelFinder requires 1 MB RAM!
ModelFinder will test up to 484 DNA models (sample size: 274) ...
 No. Model         -LnL         df  AIC          AICc         BIC
  1  GTR+F         681.466      97  1556.933     1664.955     1907.406
  2  GTR+F+I       675.829      98  1547.657     1658.537     1901.744
  3  GTR+F+G4      675.960      98  1547.920     1658.800     1902.006
  4  GTR+F+I+G4    676.146      99  1550.291     1664.085     1907.991
  5  GTR+F+R2      677.723      99  1553.446     1667.239     1911.145
  6  GTR+F+R3      676.371      101 1554.741     1674.532     1919.667
 14  GTR+F+I+R2    676.021      100 1552.042     1668.805     1913.354
 15  GTR+F+I+R3    676.110      102 1556.220     1679.097     1924.759
 23  SYM           692.475      94  1572.950     1672.726     1912.584
 24  SYM+I         687.124      95  1564.247     1666.719     1907.495
 25  SYM+G4        687.242      95  1564.484     1666.956     1907.731
 26  SYM+I+G4      687.349      96  1566.699     1671.919     1913.559
 27  SYM+R2        688.609      96  1569.218     1674.438     1916.078
 45  TVM+F         682.062      96  1556.124     1661.345     1902.985
 46  TVM+F+I       676.393      97  1546.786     1654.809     1897.259
 47  TVM+F+G4      676.501      97  1547.002     1655.024     1897.475
 48  TVM+F+I+G4    676.662      98  1549.324     1660.204     1903.411
 49  TVM+F+R2      678.271      98  1552.542     1663.422     1906.629
 67  TVMe          692.495      93  1570.990     1668.123     1907.011
 68  TVMe+I        687.146      94  1562.293     1662.069     1901.927
 69  TVMe+G4       687.202      94  1562.404     1662.181     1902.039
 70  TVMe+I+G4     687.353      95  1564.707     1667.178     1907.954
 71  TVMe+R2       688.728      95  1567.456     1669.928     1910.703
 89  TIM3+F        685.073      95  1560.145     1662.617     1903.392
 90  TIM3+F+I      679.086      96  1550.173     1655.393     1897.033
 91  TIM3+F+G4     679.214      96  1550.427     1655.648     1897.288
 92  TIM3+F+I+G4   679.444      97  1552.889     1660.912     1903.362
 93  TIM3+F+R2     680.558      97  1555.117     1663.139     1905.590
111  TIM3e         696.594      92  1577.189     1671.730     1909.596
112  TIM3e+I       690.983      93  1567.966     1665.099     1903.987
113  TIM3e+G4      691.077      93  1568.155     1665.288     1904.176
114  TIM3e+I+G4    691.221      94  1570.441     1670.218     1910.075
115  TIM3e+R2      692.629      94  1573.258     1673.034     1912.892
133  TIM2+F        684.130      95  1558.259     1660.731     1901.506
134  TIM2+F+I      678.503      96  1549.005     1654.225     1895.865
135  TIM2+F+G4     678.627      96  1549.253     1654.474     1896.114
136  TIM2+F+I+G4   678.808      97  1551.616     1659.639     1902.089
137  TIM2+F+R2     680.412      97  1554.823     1662.846     1905.297
155  TIM2e         694.812      92  1573.624     1668.165     1906.031
156  TIM2e+I       689.427      93  1564.854     1661.987     1900.875
157  TIM2e+G4      689.517      93  1565.034     1662.167     1901.055
158  TIM2e+I+G4    689.629      94  1567.258     1667.035     1906.892
159  TIM2e+R2      691.047      94  1570.095     1669.872     1909.729
177  TIM+F         683.778      95  1557.556     1660.027     1900.803
178  TIM+F+I       677.745      96  1547.490     1652.711     1894.351
179  TIM+F+G4      677.864      96  1547.727     1652.948     1894.588
180  TIM+F+I+G4    678.093      97  1550.186     1658.209     1900.660
181  TIM+F+R2      679.122      97  1552.244     1660.267     1902.718
199  TIMe          695.350      92  1574.700     1669.242     1907.108
200  TIMe+I        689.741      93  1565.482     1662.615     1901.503
201  TIMe+G4       689.826      93  1565.653     1662.786     1901.674
202  TIMe+I+G4     689.958      94  1567.916     1667.693     1907.551
203  TIMe+R2       691.277      94  1570.554     1670.331     1910.188
221  TPM3u+F       685.660      94  1559.320     1659.096     1898.954
222  TPM3u+F+I     679.672      95  1549.344     1651.816     1892.591
223  TPM3u+F+G4    679.781      95  1549.562     1652.034     1892.809
224  TPM3u+F+I+G4  679.973      96  1551.945     1657.165     1898.805
225  TPM3u+F+R2    681.010      96  1554.019     1659.240     1900.879
243  TPM3          696.600      91  1575.199     1667.199     1903.994
244  TPM3+I        690.984      92  1565.968     1660.509     1898.375
245  TPM3+G4       691.078      92  1566.155     1660.697     1898.563
246  TPM3+I+G4     691.220      93  1568.440     1665.574     1904.461
247  TPM3+R2       692.650      93  1571.300     1668.433     1907.321
265  TPM2u+F       684.719      94  1557.438     1657.214     1897.072
266  TPM2u+F+I     679.071      95  1548.142     1650.614     1891.389
267  TPM2u+F+G4    679.179      95  1548.357     1650.829     1891.604
268  TPM2u+F+I+G4  679.329      96  1550.659     1655.879     1897.519
269  TPM2u+F+R2    680.968      96  1553.936     1659.157     1900.797
287  TPM2          694.817      91  1571.634     1663.634     1900.429
288  TPM2+I        689.429      92  1562.858     1657.399     1895.265
289  TPM2+G4       689.518      92  1563.036     1657.577     1895.444
290  TPM2+I+G4     689.629      93  1565.259     1662.392     1901.280
291  TPM2+R2       691.164      93  1568.329     1665.462     1904.350
309  K3Pu+F        684.366      94  1556.732     1656.508     1896.366
310  K3Pu+F+I      678.340      95  1546.680     1649.152     1889.927
311  K3Pu+F+G4     678.441      95  1546.882     1649.354     1890.129
312  K3Pu+F+I+G4   678.628      96  1549.257     1654.477     1896.117
313  K3Pu+F+R2     679.581      96  1551.161     1656.382     1898.022
331  K3P           695.356      91  1572.711     1664.711     1901.506
332  K3P+I         689.744      92  1563.488     1658.030     1895.896
333  K3P+G4        689.827      92  1563.653     1658.195     1896.061
334  K3P+I+G4      689.960      93  1565.921     1663.054     1901.941
335  K3P+R2        691.298      93  1568.596     1665.729     1904.617
353  TN+F          685.309      94  1558.618     1658.394     1898.252
354  TN+F+I        679.362      95  1548.725     1651.197     1891.972
355  TN+F+G4       679.481      95  1548.962     1651.434     1892.210
356  TN+F+I+G4     679.700      96  1551.399     1656.620     1898.260
357  TN+F+R2       680.809      96  1553.617     1658.838     1900.477
375  TNe           696.675      91  1575.349     1667.349     1904.144
376  TNe+I         691.057      92  1566.114     1660.655     1898.522
377  TNe+G4        691.144      92  1566.288     1660.829     1898.695
378  TNe+I+G4      691.279      93  1568.558     1665.692     1904.579
379  TNe+R2        692.621      93  1571.243     1668.376     1907.264
397  HKY+F         685.897      93  1557.794     1654.927     1893.815
398  HKY+F+I       679.954      94  1547.909     1647.685     1887.543
399  HKY+F+G4      680.055      94  1548.110     1647.886     1887.744
400  HKY+F+I+G4    680.233      95  1550.466     1652.938     1893.714
401  HKY+F+R2      681.264      95  1552.529     1655.001     1895.776
419  K2P           696.680      90  1573.360     1662.868     1898.542
420  K2P+I         691.058      91  1564.116     1656.116     1892.910
421  K2P+G4        691.144      91  1564.288     1656.288     1893.083
422  K2P+I+G4      691.279      92  1566.558     1661.100     1898.966
423  K2P+R2        692.620      92  1569.241     1663.782     1901.649
441  F81+F         697.264      92  1578.527     1673.069     1910.935
442  F81+F+I       691.572      93  1569.143     1666.276     1905.164
443  F81+F+G4      691.680      93  1569.360     1666.493     1905.381
444  F81+F+I+G4    691.851      94  1571.702     1671.479     1911.336
445  F81+F+R2      693.191      94  1574.381     1674.158     1914.015
463  JC            708.524      89  1595.047     1682.112     1916.615
464  JC+I          702.923      90  1585.846     1675.354     1911.028
465  JC+G4         703.007      90  1586.014     1675.522     1911.196
466  JC+I+G4       703.137      91  1588.274     1680.274     1917.069
467  JC+R2         704.469      91  1590.938     1682.938     1919.733
Akaike Information Criterion:           K3Pu+F+I
Corrected Akaike Information Criterion: HKY+F+I
Bayesian Information Criterion:         HKY+F+I
Best-fit model: HKY+F+I chosen according to BIC

All model information printed to /app/outputs/analyses/610/20250910T163211/between_profile_distances/C/clade_C_seqs.aligned.fasta.model.gz
CPU time for ModelFinder: 15.235 seconds (0h:0m:15s)
Wall-clock time for ModelFinder: 5.910 seconds (0h:0m:5s)

NOTE: 0 MB RAM (0 GB) is required!
Estimate model parameters (epsilon = 0.100)
1. Initial log-likelihood: -679.954
Optimal log-likelihood: -679.954
Rate parameters:  A-C: 1.00000  A-G: 4.46211  A-T: 1.00000  C-G: 1.00000  C-T: 4.46211  G-T: 1.00000
Base frequencies:  A: 0.167  C: 0.240  G: 0.243  T: 0.349
Proportion of invariable sites: 0.694
Parameters optimization took 1 rounds (0.001 sec)
Wrote distance file to... 
Computing ML distances based on estimated model parameters...
Calculating distance matrix: done in 0.00245714 secs using 99.51% CPU
Computing ML distances took 0.002486 sec (of wall-clock time) 0.002479 sec (of CPU time)
Setting up auxiliary I and S matrices: done in 0.000316858 secs using 97.52% CPU
Constructing RapidNJ tree: done in 0.000340939 secs using 293.3% CPU
Computing RapidNJ tree took 0.000777 sec (of wall-clock time) 0.001414 sec (of CPU time)
Log-likelihood of RapidNJ tree: -678.863
--------------------------------------------------------------------
|             INITIALIZING CANDIDATE TREE SET                      |
--------------------------------------------------------------------
Generating 98 parsimony trees... 0.105 second
Computing log-likelihood of 98 initial trees ... 0.062 seconds
Current best score: -678.484

Do NNI search on 20 best initial trees
Optimizing NNI: done in 0.00503588 secs using 198.4% CPU
Estimate model parameters (epsilon = 0.100)
BETTER TREE FOUND at iteration 1: -678.070
Optimizing NNI: done in 0.00353408 secs using 172.2% CPU
Optimizing NNI: done in 0.00363302 secs using 199.9% CPU
Optimizing NNI: done in 0.0018661 secs using 199.9% CPU
Optimizing NNI: done in 0.00365901 secs using 199.9% CPU
Optimizing NNI: done in 0.00363207 secs using 199.8% CPU
Optimizing NNI: done in 0.00371814 secs using 145.4% CPU
Optimizing NNI: done in 0.00369406 secs using 99.92% CPU
Optimizing NNI: done in 0.00352001 secs using 99.94% CPU
Optimizing NNI: done in 0.00359607 secs using 99.94% CPU
Iteration 10 / LogL: -680.376 / Time: 0h:0m:0s
Optimizing NNI: done in 0.00372291 secs using 99.95% CPU
Optimizing NNI: done in 0.0037179 secs using 99.95% CPU
Optimizing NNI: done in 0.00367999 secs using 99.95% CPU
Optimizing NNI: done in 0.00362301 secs using 99.97% CPU
Optimizing NNI: done in 0.003613 secs using 99.94% CPU
Optimizing NNI: done in 0.00363684 secs using 99.95% CPU
Optimizing NNI: done in 0.00355291 secs using 99.97% CPU
Optimizing NNI: done in 0.0036552 secs using 99.97% CPU
Optimizing NNI: done in 0.00378919 secs using 99.92% CPU
Optimizing NNI: done in 0.003757 secs using 99.95% CPU
Iteration 20 / LogL: -680.727 / Time: 0h:0m:0s
Finish initializing candidate tree set (20)
Current best tree score: -678.070 / CPU time: 0.250
Number of iterations: 20
--------------------------------------------------------------------
|               OPTIMIZING CANDIDATE TREE SET                      |
--------------------------------------------------------------------
Optimizing NNI: done in 0.00950813 secs using 99.97% CPU
Optimizing NNI: done in 0.0072031 secs using 99.96% CPU
Optimizing NNI: done in 0.00625801 secs using 99.95% CPU
Optimizing NNI: done in 0.00879002 secs using 99.99% CPU
Optimizing NNI: done in 0.00262189 secs using 99.89% CPU
Optimizing NNI: done in 0.00749302 secs using 99.96% CPU
Optimizing NNI: done in 0.00886607 secs using 99.98% CPU
Optimizing NNI: done in 0.00634193 secs using 99.95% CPU
Optimizing NNI: done in 0.006809 secs using 99.96% CPU
Optimizing NNI: done in 0.007164 secs using 99.99% CPU
Iteration 30 / LogL: -678.074 / Time: 0h:0m:0s (0h:0m:0s left)
Optimizing NNI: done in 0.00750494 secs using 99.99% CPU
Optimizing NNI: done in 0.0118999 secs using 99.98% CPU
Optimizing NNI: done in 0.00905514 secs using 99.97% CPU
Optimizing NNI: done in 0.00805807 secs using 99.97% CPU
Optimizing NNI: done in 0.00736594 secs using 97.82% CPU
Optimizing NNI: done in 0.00555682 secs using 99.95% CPU
Optimizing NNI: done in 0.00367594 secs using 99.92% CPU
Optimizing NNI: done in 0.00732088 secs using 99.96% CPU
Optimizing NNI: done in 0.00688386 secs using 99.96% CPU
Optimizing NNI: done in 0.00963497 secs using 99.98% CPU
Iteration 40 / LogL: -696.318 / Time: 0h:0m:0s (0h:0m:0s left)
Optimizing NNI: done in 0.0109341 secs using 99.97% CPU
Optimizing NNI: done in 0.00525403 secs using 99.96% CPU
Optimizing NNI: done in 0.00960398 secs using 99.99% CPU
Optimizing NNI: done in 0.0024991 secs using 99.88% CPU
Optimizing NNI: done in 0.0074749 secs using 99.96% CPU
Optimizing NNI: done in 0.00513291 secs using 99.94% CPU
Optimizing NNI: done in 0.005373 secs using 99.96% CPU
Optimizing NNI: done in 0.00735617 secs using 99.97% CPU
Optimizing NNI: done in 0.00868893 secs using 99.98% CPU
Optimizing NNI: done in 0.00499392 secs using 99.96% CPU
Iteration 50 / LogL: -689.681 / Time: 0h:0m:0s (0h:0m:0s left)
Optimizing NNI: done in 0.00735497 secs using 99.97% CPU
Optimizing NNI: done in 0.00576115 secs using 99.96% CPU
Optimizing NNI: done in 0.0052309 secs using 99.96% CPU
Optimizing NNI: done in 0.00503898 secs using 99.96% CPU
Optimizing NNI: done in 0.00725102 secs using 99.97% CPU
Optimizing NNI: done in 0.00534201 secs using 99.96% CPU
Optimizing NNI: done in 0.00562811 secs using 99.96% CPU
Optimizing NNI: done in 0.00471091 secs using 99.96% CPU
Optimizing NNI: done in 0.00552297 secs using 99.95% CPU
Optimizing NNI: done in 0.00562406 secs using 99.96% CPU
Iteration 60 / LogL: -678.072 / Time: 0h:0m:0s (0h:0m:0s left)
Optimizing NNI: done in 0.00703287 secs using 99.96% CPU
Optimizing NNI: done in 0.00742602 secs using 99.99% CPU
Optimizing NNI: done in 0.00736499 secs using 99.97% CPU
Optimizing NNI: done in 0.00524306 secs using 99.98% CPU
Optimizing NNI: done in 0.00546908 secs using 99.96% CPU
Optimizing NNI: done in 0.00351691 secs using 99.97% CPU
Optimizing NNI: done in 0.00733089 secs using 99.97% CPU
Optimizing NNI: done in 0.00668192 secs using 99.97% CPU
Optimizing NNI: done in 0.0143049 secs using 99.99% CPU
Optimizing NNI: done in 0.008811 secs using 99.98% CPU
Iteration 70 / LogL: -678.074 / Time: 0h:0m:0s (0h:0m:0s left)
Optimizing NNI: done in 0.00720096 secs using 99.99% CPU
Optimizing NNI: done in 0.00475502 secs using 99.94% CPU
Optimizing NNI: done in 0.00331712 secs using 99.91% CPU
Optimizing NNI: done in 0.00867581 secs using 99.98% CPU
Optimizing NNI: done in 0.00866103 secs using 99.98% CPU
Optimizing NNI: done in 0.00515795 secs using 99.83% CPU
Optimizing NNI: done in 0.00356102 secs using 99.97% CPU
Optimizing NNI: done in 0.00279498 secs using 99.93% CPU
Optimizing NNI: done in 0.00769806 secs using 99.97% CPU
Optimizing NNI: done in 0.00548506 secs using 99.94% CPU
Iteration 80 / LogL: -683.707 / Time: 0h:0m:0s (0h:0m:0s left)
Optimizing NNI: done in 0.0103521 secs using 99.99% CPU
Optimizing NNI: done in 0.00729513 secs using 99.97% CPU
Optimizing NNI: done in 0.00759792 secs using 99.97% CPU
Optimizing NNI: done in 0.00511312 secs using 99.94% CPU
Optimizing NNI: done in 0.0050571 secs using 99.94% CPU
Optimizing NNI: done in 0.0050211 secs using 99.96% CPU
Optimizing NNI: done in 0.00612903 secs using 99.97% CPU
Optimizing NNI: done in 0.0102441 secs using 99.97% CPU
Optimizing NNI: done in 0.0116661 secs using 99.99% CPU
Optimizing NNI: done in 0.00839496 secs using 99.98% CPU
Iteration 90 / LogL: -678.071 / Time: 0h:0m:0s (0h:0m:0s left)
Optimizing NNI: done in 0.00570703 secs using 99.96% CPU
Optimizing NNI: done in 0.00556207 secs using 99.96% CPU
Optimizing NNI: done in 0.00697112 secs using 99.98% CPU
Optimizing NNI: done in 0.00547385 secs using 99.95% CPU
Optimizing NNI: done in 0.00529408 secs using 99.94% CPU
Optimizing NNI: done in 0.00535607 secs using 99.96% CPU
Optimizing NNI: done in 0.00613904 secs using 99.97% CPU
Optimizing NNI: done in 0.00867915 secs using 99.98% CPU
Optimizing NNI: done in 0.00355411 secs using 99.94% CPU
BETTER TREE FOUND at iteration 99: -678.070
Optimizing NNI: done in 0.00894785 secs using 99.93% CPU
Iteration 100 / LogL: -679.650 / Time: 0h:0m:0s (0h:0m:0s left)
Optimizing NNI: done in 0.00741816 secs using 99.97% CPU
Optimizing NNI: done in 0.0109229 secs using 99.99% CPU
Optimizing NNI: done in 0.00497007 secs using 99.98% CPU
Optimizing NNI: done in 0.00889611 secs using 99.97% CPU
Optimizing NNI: done in 0.00688004 secs using 99.96% CPU
Optimizing NNI: done in 0.00781512 secs using 99.97% CPU
Optimizing NNI: done in 0.00730801 secs using 99.96% CPU
Optimizing NNI: done in 0.00350308 secs using 99.94% CPU
Optimizing NNI: done in 0.00549912 secs using 99.96% CPU
Optimizing NNI: done in 0.00801682 secs using 99.98% CPU
Iteration 110 / LogL: -678.440 / Time: 0h:0m:0s (0h:0m:0s left)
Optimizing NNI: done in 0.00520396 secs using 99.96% CPU
Optimizing NNI: done in 0.00718403 secs using 99.96% CPU
Optimizing NNI: done in 0.00476813 secs using 99.98% CPU
Optimizing NNI: done in 0.00725102 secs using 99.97% CPU
Optimizing NNI: done in 0.012532 secs using 99.91% CPU
Optimizing NNI: done in 0.00627303 secs using 99.97% CPU
Optimizing NNI: done in 0.00369287 secs using 99.95% CPU
Optimizing NNI: done in 0.00910115 secs using 99.93% CPU
Optimizing NNI: done in 0.00720406 secs using 99.97% CPU
Optimizing NNI: done in 0.00719094 secs using 99.97% CPU
Iteration 120 / LogL: -679.650 / Time: 0h:0m:1s (0h:0m:0s left)
Optimizing NNI: done in 0.00869489 secs using 99.98% CPU
Optimizing NNI: done in 0.00568604 secs using 99.96% CPU
Optimizing NNI: done in 0.00679994 secs using 99.99% CPU
Optimizing NNI: done in 0.00723505 secs using 99.96% CPU
Optimizing NNI: done in 0.00369787 secs using 99.68% CPU
Optimizing NNI: done in 0.00558591 secs using 99.98% CPU
Optimizing NNI: done in 0.00422001 secs using 99.93% CPU
Optimizing NNI: done in 0.00759506 secs using 99.96% CPU
Optimizing NNI: done in 0.00703001 secs using 99.97% CPU
Optimizing NNI: done in 0.0100858 secs using 99.98% CPU
Iteration 130 / LogL: -678.434 / Time: 0h:0m:1s (0h:0m:0s left)
Optimizing NNI: done in 0.0127239 secs using 99.99% CPU
Optimizing NNI: done in 0.01213 secs using 99.98% CPU
Optimizing NNI: done in 0.00738001 secs using 99.97% CPU
Optimizing NNI: done in 0.0109239 secs using 99.85% CPU
Optimizing NNI: done in 0.00891304 secs using 99.98% CPU
Optimizing NNI: done in 0.005615 secs using 99.98% CPU
Optimizing NNI: done in 0.00560784 secs using 99.98% CPU
Optimizing NNI: done in 0.00347686 secs using 99.95% CPU
Optimizing NNI: done in 0.00742793 secs using 99.96% CPU
Optimizing NNI: done in 0.00556803 secs using 99.96% CPU
Iteration 140 / LogL: -678.070 / Time: 0h:0m:1s (0h:0m:0s left)
Optimizing NNI: done in 0.0107629 secs using 99.98% CPU
Optimizing NNI: done in 0.00526714 secs using 99.96% CPU
Optimizing NNI: done in 0.0048728 secs using 99.96% CPU
Optimizing NNI: done in 0.00750804 secs using 99.99% CPU
Optimizing NNI: done in 0.00742102 secs using 99.97% CPU
Optimizing NNI: done in 0.00836611 secs using 99.97% CPU
Optimizing NNI: done in 0.00680614 secs using 99.97% CPU
Optimizing NNI: done in 0.00550508 secs using 99.96% CPU
Optimizing NNI: done in 0.011626 secs using 99.98% CPU
Optimizing NNI: done in 0.00356698 secs using 99.92% CPU
Iteration 150 / LogL: -678.070 / Time: 0h:0m:1s (0h:0m:0s left)
Optimizing NNI: done in 0.00883102 secs using 99.97% CPU
Optimizing NNI: done in 0.00687695 secs using 99.97% CPU
Optimizing NNI: done in 0.00345492 secs using 99.97% CPU
Optimizing NNI: done in 0.010098 secs using 99.98% CPU
Optimizing NNI: done in 0.00655389 secs using 99.97% CPU
Optimizing NNI: done in 0.00544977 secs using 99.97% CPU
Optimizing NNI: done in 0.00906897 secs using 99.97% CPU
Optimizing NNI: done in 0.010926 secs using 99.84% CPU
Optimizing NNI: done in 0.008919 secs using 99.97% CPU
Optimizing NNI: done in 0.010901 secs using 91.13% CPU
Iteration 160 / LogL: -681.511 / Time: 0h:0m:1s (0h:0m:0s left)
Optimizing NNI: done in 0.00525498 secs using 99.81% CPU
Optimizing NNI: done in 0.00558496 secs using 94.11% CPU
Optimizing NNI: done in 0.00541401 secs using 99.94% CPU
Optimizing NNI: done in 0.00811601 secs using 99.99% CPU
Optimizing NNI: done in 0.00517917 secs using 99.96% CPU
Optimizing NNI: done in 0.011174 secs using 99.84% CPU
Optimizing NNI: done in 0.0090549 secs using 99.98% CPU
Optimizing NNI: done in 0.00521684 secs using 99.96% CPU
Optimizing NNI: done in 0.00525093 secs using 99.98% CPU
Optimizing NNI: done in 0.00866103 secs using 99.98% CPU
Iteration 170 / LogL: -678.073 / Time: 0h:0m:1s (0h:0m:0s left)
Optimizing NNI: done in 0.00510001 secs using 99.94% CPU
Optimizing NNI: done in 0.00326896 secs using 99.91% CPU
Optimizing NNI: done in 0.00711417 secs using 99.97% CPU
Optimizing NNI: done in 0.00948405 secs using 99.98% CPU
Optimizing NNI: done in 0.00726509 secs using 99.98% CPU
Optimizing NNI: done in 0.0103099 secs using 99.98% CPU
Optimizing NNI: done in 0.00734401 secs using 99.97% CPU
Optimizing NNI: done in 0.00672317 secs using 99.97% CPU
Optimizing NNI: done in 0.00535297 secs using 99.96% CPU
Optimizing NNI: done in 0.00177193 secs using 99.95% CPU
Iteration 180 / LogL: -678.070 / Time: 0h:0m:1s (0h:0m:0s left)
Optimizing NNI: done in 0.00542402 secs using 99.98% CPU
Optimizing NNI: done in 0.00578189 secs using 99.98% CPU
Optimizing NNI: done in 0.00509596 secs using 99.96% CPU
Optimizing NNI: done in 0.00535798 secs using 99.98% CPU
Optimizing NNI: done in 0.00292015 secs using 99.93% CPU
Optimizing NNI: done in 0.00866604 secs using 99.98% CPU
Optimizing NNI: done in 0.00558305 secs using 99.96% CPU
Optimizing NNI: done in 0.00711489 secs using 99.97% CPU
Optimizing NNI: done in 0.00709391 secs using 99.97% CPU
Optimizing NNI: done in 0.00746894 secs using 99.97% CPU
Iteration 190 / LogL: -678.072 / Time: 0h:0m:1s (0h:0m:0s left)
Optimizing NNI: done in 0.00355601 secs using 99.94% CPU
Optimizing NNI: done in 0.00878096 secs using 96.25% CPU
Optimizing NNI: done in 0.0112681 secs using 99.95% CPU
Optimizing NNI: done in 0.00759697 secs using 99.99% CPU
Optimizing NNI: done in 0.00907207 secs using 99.97% CPU
Optimizing NNI: done in 0.00530696 secs using 99.98% CPU
Optimizing NNI: done in 0.00929403 secs using 99.97% CPU
Optimizing NNI: done in 0.00680208 secs using 99.98% CPU
Optimizing NNI: done in 0.007128 secs using 99.97% CPU
Optimizing NNI: done in 0.00720406 secs using 99.97% CPU
Iteration 200 / LogL: -678.073 / Time: 0h:0m:1s (0h:0m:-1s left)
TREE SEARCH COMPLETED AFTER 200 ITERATIONS / Time: 0h:0m:1s

--------------------------------------------------------------------
|                    FINALIZING TREE SEARCH                        |
--------------------------------------------------------------------
Performs final model parameters optimization
Estimate model parameters (epsilon = 0.010)
1. Initial log-likelihood: -678.070
Optimal log-likelihood: -678.070
Rate parameters:  A-C: 1.00000  A-G: 4.96431  A-T: 1.00000  C-G: 1.00000  C-T: 4.96431  G-T: 1.00000
Base frequencies:  A: 0.167  C: 0.240  G: 0.243  T: 0.349
Proportion of invariable sites: 0.694
Parameters optimization took 1 rounds (0.001 sec)
BEST SCORE FOUND : -678.070
Total tree length: 0.176

Total number of iterations: 200
CPU time used for tree search: 1.820 sec (0h:0m:1s)
Wall-clock time used for tree search: 1.636 sec (0h:0m:1s)
Total CPU time used: 1.848 sec (0h:0m:1s)
Total wall-clock time used: 1.657 sec (0h:0m:1s)

Analysis results written to: 
  IQ-TREE report:                /app/outputs/analyses/610/20250910T163211/between_profile_distances/C/clade_C_seqs.aligned.fasta.iqtree
  Maximum-likelihood tree:       /app/outputs/analyses/610/20250910T163211/between_profile_distances/C/clade_C_seqs.aligned.fasta.treefile
  Likelihood distances:          /app/outputs/analyses/610/20250910T163211/between_profile_distances/C/clade_C_seqs.aligned.fasta.mldist
  Screen log file:               /app/outputs/analyses/610/20250910T163211/between_profile_distances/C/clade_C_seqs.aligned.fasta.log

Date and Time: Wed Sep 10 11:37:38 2025
