IQ-TREE multicore version 2.2.2.3 COVID-edition for Linux 64-bit built Apr  7 2023
Developed by Bui Quang Minh, James Barbetti, Nguyen Lam Tung,
Olga Chernomor, Heiko Schmidt, Dominik Schrempf, Michael Woodhams, Ly Trong Nhan.

Host:    64923e67824f (AVX512, FMA3, 62 GB RAM)
Command: iqtree -T AUTO --threads-max 2 -s /app/outputs/analyses/610/20250910T163211/between_profile_distances/A/clade_A_seqs.aligned.fasta
Seed:    666614 (Using SPRNG - Scalable Parallel Random Number Generator)
Time:    Wed Sep 10 11:38:38 2025
Kernel:  AVX+FMA - auto-detect threads (36 CPU cores detected)

Reading alignment file /app/outputs/analyses/610/20250910T163211/between_profile_distances/A/clade_A_seqs.aligned.fasta ... Fasta format detected
Reading fasta file: done in 0.000703812 secs using 9.946% CPU
Alignment most likely contains DNA/RNA sequences
Constructing alignment: done in 0.001158 secs using 2368% CPU
Alignment has 42 sequences with 254 columns, 83 distinct patterns
30 parsimony-informative, 46 singleton sites, 178 constant sites
         Gap/Ambiguity  Composition  p-value
Analyzing sequences: done in 6.29425e-05 secs using 3227% CPU
   1  22403      9.06%    passed     97.78%
   2  71557      7.48%    passed     98.88%
   3  34696      9.45%    passed     95.34%
   4  38154      7.48%    passed     99.38%
   5  50831      9.06%    passed     97.00%
   6  50832      7.87%    passed     98.14%
   7  50833      9.06%    passed     94.04%
   8  38163      7.48%    passed     95.66%
   9  38165      7.48%    passed     99.39%
  10  29206      7.48%    passed     99.06%
  11  30487      7.48%    passed     99.79%
  12  29207      7.48%    passed     97.63%
  13  57368      7.87%    passed     99.14%
  14  63388      9.45%    passed     94.43%
  15  62749      6.69%    passed     96.30%
  16  903836     9.06%    passed     98.05%
  17  1265442    6.69%    passed     95.77%
  18  22438      9.06%    passed     94.33%
  19  43946      9.06%    passed     97.76%
  20  43947      9.06%    passed     96.67%
  21  49835      5.51%    passed     99.20%
  22  364589     9.06%    passed     95.27%
  23  49838      7.48%    passed     99.50%
  24  35893      9.45%    passed     91.43%
  25  45238      7.48%    passed     99.38%
  26  43576      8.66%    passed     95.66%
  27  136513     7.48%    passed     97.47%
  28  54466      7.48%    passed     98.66%
  29  22472      9.06%    passed     94.33%
  30  29900      7.48%    passed     99.50%
  31  1157196    4.72%    passed     84.75%
  32  45266      7.48%    passed     99.50%
  33  43731      7.87%    passed     97.34%
  34  1402205    7.09%    passed     93.51%
  35  1913826    7.87%    passed     98.14%
  36  29923      7.48%    passed     99.50%
  37  29284      7.48%    passed     97.47%
  38  40166      7.48%    passed     98.70%
  39  2551016    7.48%    passed     96.70%
  40  3591788    7.87%    passed     97.78%
  41  22385      9.06%    passed     96.73%
  42  8181       7.48%    passed     99.68%
****  TOTAL      7.91%  0 sequences failed composition chi2 test (p-value<5%; df=3)
Checking for duplicate sequences: done in 0.000339031 secs using 2430% CPU


Create initial parsimony tree by phylogenetic likelihood library (PLL)... 0.001 seconds
Measuring multi-threading efficiency up to 2 CPU cores
Increase to 10 rounds for branch lengths
307 trees examined
Threads: 1 / Time: 2.001 sec / Speedup: 1.000 / Efficiency: 100% / LogL: -1556
Threads: 2 / Time: 2.291 sec / Speedup: 0.873 / Efficiency: 44% / LogL: -1556
Determining AUTO threadcount: done in 4.29183 secs using 292.1% CPU
BEST NUMBER OF THREADS: 1

Perform fast likelihood tree search using GTR+I+G model...
Estimate model parameters (epsilon = 5.000)
Perform nearest neighbor interchange...
Optimizing NNI: done in 0.00364304 secs using 183.1% CPU
Estimate model parameters (epsilon = 1.000)
1. Initial log-likelihood: -907.272
Optimal log-likelihood: -907.257
Rate parameters:  A-C: 0.59166  A-G: 2.20799  A-T: 0.71909  C-G: 0.88562  C-T: 2.65306  G-T: 1.00000
Base frequencies:  A: 0.198  C: 0.229  G: 0.230  T: 0.344
Proportion of invariable sites: 0.334
Gamma shape alpha: 26.500
Parameters optimization took 1 rounds (0.005 sec)
Time for fast ML tree search: 0.028 seconds

NOTE: ModelFinder requires 1 MB RAM!
ModelFinder will test up to 484 DNA models (sample size: 254) ...
 No. Model         -LnL         df  AIC          AICc         BIC
  1  GTR+F         908.880      89  1995.760     2093.443     2310.583
  2  GTR+F+I       907.225      90  1994.449     2094.940     2312.809
  3  GTR+F+G4      906.708      90  1993.415     2093.906     2311.775
  4  GTR+F+I+G4    907.228      91  1996.455     2099.813     2318.352
  5  GTR+F+R2      906.845      91  1995.689     2099.047     2317.587
  6  GTR+F+R3      906.731      93  1999.463     2108.738     2328.435
 14  GTR+F+I+R2    907.121      92  1998.242     2104.528     2323.677
 15  GTR+F+I+R3    907.043      94  2002.085     2114.412     2334.594
 23  SYM           914.621      86  2001.241     2090.846     2305.452
 24  SYM+I         913.055      87  2000.110     2092.351     2307.858
 25  SYM+G4        912.565      87  1999.130     2091.371     2306.878
 26  SYM+I+G4      913.106      88  2002.213     2097.146     2313.498
 27  SYM+R2        912.688      88  2001.375     2096.309     2312.661
 45  TVM+F         909.020      88  1994.039     2088.973     2305.325
 46  TVM+F+I       907.401      89  1992.802     2090.485     2307.625
 47  TVM+F+G4      906.865      89  1991.731     2089.414     2306.554
 48  TVM+F+I+G4    907.423      90  1994.845     2095.336     2313.206
 49  TVM+F+R2      907.008      90  1994.015     2094.506     2312.375
 67  TVMe          915.632      85  2001.263     2088.287     2301.937
 68  TVMe+I        914.168      86  2000.335     2089.940     2304.546
 69  TVMe+G4       913.649      86  1999.299     2088.903     2303.509
 70  TVMe+I+G4     914.239      87  2002.477     2094.718     2310.225
 71  TVMe+R2       913.779      87  2001.557     2093.798     2309.305
 89  TIM3+F        909.533      87  1993.065     2085.306     2300.813
 90  TIM3+F+I      907.781      88  1991.562     2086.495     2302.848
 91  TIM3+F+G4     907.222      88  1990.444     2085.377     2301.729
 92  TIM3+F+I+G4   907.748      89  1993.497     2091.180     2308.319
 93  TIM3+F+R2     907.386      89  1992.772     2090.455     2307.595
111  TIM3e         915.610      84  1999.220     2083.717     2296.356
112  TIM3e+I       913.963      85  1997.925     2084.949     2298.599
113  TIM3e+G4      913.426      85  1996.853     2083.876     2297.526
114  TIM3e+I+G4    913.981      86  1999.962     2089.567     2304.173
115  TIM3e+R2      913.576      86  1999.151     2088.756     2303.362
133  TIM2+F        909.034      87  1992.067     2084.308     2299.815
134  TIM2+F+I      907.325      88  1990.650     2085.583     2301.935
135  TIM2+F+G4     906.802      88  1989.604     2084.537     2300.889
136  TIM2+F+I+G4   907.321      89  1992.642     2090.324     2307.464
137  TIM2+F+R2     906.938      89  1991.875     2089.558     2306.698
155  TIM2e         915.192      84  1998.384     2082.881     2295.520
156  TIM2e+I       913.610      85  1997.220     2084.243     2297.893
157  TIM2e+G4      913.120      85  1996.239     2083.263     2296.913
158  TIM2e+I+G4    913.654      86  1999.308     2088.913     2303.519
159  TIM2e+R2      913.241      86  1998.483     2088.088     2302.694
177  TIM+F         909.650      87  1993.300     2085.541     2301.048
178  TIM+F+I       907.850      88  1991.700     2086.634     2302.986
179  TIM+F+G4      907.290      88  1990.579     2085.512     2301.864
180  TIM+F+I+G4    907.811      89  1993.623     2091.306     2308.446
181  TIM+F+R2      907.450      89  1992.900     2090.583     2307.723
199  TIMe          916.118      84  2000.237     2084.734     2297.373
200  TIMe+I        914.453      85  1998.906     2085.929     2299.579
201  TIMe+G4       913.923      85  1997.847     2084.871     2298.520
202  TIMe+I+G4     914.451      86  2000.902     2090.507     2305.113
203  TIMe+R2       914.067      86  2000.133     2089.738     2304.344
221  TPM3u+F       909.671      86  1991.342     2080.947     2295.553
222  TPM3u+F+I     907.952      87  1989.904     2082.145     2297.652
223  TPM3u+F+G4    907.373      87  1988.747     2080.988     2296.495
224  TPM3u+F+I+G4  907.923      88  1991.845     2086.779     2303.131
225  TPM3u+F+R2    907.539      88  1991.077     2086.010     2302.362
243  TPM3          916.617      83  1999.234     2081.257     2292.832
244  TPM3+I        915.072      84  1998.145     2082.642     2295.281
245  TPM3+G4       914.505      84  1997.011     2081.508     2294.147
246  TPM3+I+G4     915.108      85  2000.216     2087.240     2300.890
247  TPM3+R2       914.662      85  1999.324     2086.348     2299.998
265  TPM2u+F       909.173      86  1990.346     2079.951     2294.557
266  TPM2u+F+I     907.504      87  1989.008     2081.249     2296.756
267  TPM2u+F+G4    906.962      87  1987.923     2080.164     2295.671
268  TPM2u+F+I+G4  907.503      88  1991.005     2085.939     2302.291
269  TPM2u+F+R2    907.104      88  1990.207     2085.140     2301.492
287  TPM2          916.210      83  1998.420     2080.443     2292.019
288  TPM2+I        914.722      84  1997.445     2081.942     2294.581
289  TPM2+G4       914.200      84  1996.399     2080.896     2293.535
290  TPM2+I+G4     914.784      85  1999.569     2086.592     2300.242
291  TPM2+R2       914.330      85  1998.660     2085.684     2299.333
309  K3Pu+F        909.788      86  1991.577     2081.181     2295.787
310  K3Pu+F+I      908.023      87  1990.046     2082.287     2297.794
311  K3Pu+F+G4     907.443      87  1988.885     2081.126     2296.633
312  K3Pu+F+I+G4   907.984      88  1991.967     2086.901     2303.253
313  K3Pu+F+R2     907.610      88  1991.220     2086.153     2302.505
331  K3P           917.128      83  2000.255     2082.279     2293.854
332  K3P+I         915.553      84  1999.106     2083.603     2296.242
333  K3P+G4        914.989      84  1997.978     2082.475     2295.114
334  K3P+I+G4      915.563      85  2001.126     2088.150     2301.800
335  K3P+R2        915.140      85  2000.280     2087.304     2300.954
353  TN+F          909.679      86  1991.357     2080.962     2295.568
354  TN+F+I        907.876      87  1989.751     2081.992     2297.499
355  TN+F+G4       907.310      87  1988.621     2080.861     2296.369
356  TN+F+I+G4     907.833      88  1991.665     2086.598     2302.950
357  TN+F+R2       907.475      88  1990.949     2085.883     2302.235
375  TNe           916.173      83  1998.345     2080.369     2291.944
376  TNe+I         914.510      84  1997.020     2081.517     2294.156
377  TNe+G4        913.975      84  1995.949     2080.446     2293.085
378  TNe+I+G4      914.523      85  1999.045     2086.069     2299.719
379  TNe+R2        914.124      85  1998.247     2085.271     2298.921
397  HKY+F         909.818      85  1989.636     2076.660     2290.310
398  HKY+F+I       908.050      86  1988.101     2077.705     2292.311
399  HKY+F+G4      907.465      86  1986.930     2076.535     2291.141
400  HKY+F+I+G4    908.025      87  1990.049     2082.290     2297.797
401  HKY+F+R2      907.639      87  1989.279     2081.519     2297.027
419  K2P           917.188      82  1998.375     2077.978     2288.437
420  K2P+I         915.619      83  1997.239     2079.262     2290.837
421  K2P+G4        915.050      83  1996.100     2078.124     2289.699
422  K2P+I+G4      915.647      84  1999.293     2083.790     2296.430
423  K2P+R2        915.208      84  1998.416     2082.913     2295.553
441  F81+F         922.939      84  2013.879     2098.376     2311.015
442  F81+F+I       921.403      85  2012.806     2099.830     2313.480
443  F81+F+G4      920.892      85  2011.784     2098.808     2312.457
444  F81+F+I+G4    921.457      86  2014.914     2104.518     2319.124
445  F81+F+R2      921.019      86  2014.038     2103.643     2318.249
463  JC            930.627      81  2023.255     2100.487     2309.779
464  JC+I          929.216      82  2022.431     2102.033     2312.492
465  JC+G4         928.749      82  2021.498     2101.100     2311.560
466  JC+I+G4       929.305      83  2024.610     2106.633     2318.208
467  JC+R2         928.861      83  2023.721     2105.745     2317.320
Akaike Information Criterion:           HKY+F+G4
Corrected Akaike Information Criterion: HKY+F+G4
Bayesian Information Criterion:         K2P
Best-fit model: K2P chosen according to BIC

All model information printed to /app/outputs/analyses/610/20250910T163211/between_profile_distances/A/clade_A_seqs.aligned.fasta.model.gz
CPU time for ModelFinder: 14.016 seconds (0h:0m:14s)
Wall-clock time for ModelFinder: 5.079 seconds (0h:0m:5s)

NOTE: 0 MB RAM (0 GB) is required!
Estimate model parameters (epsilon = 0.100)
1. Initial log-likelihood: -917.188
Optimal log-likelihood: -917.188
Rate parameters:  A-C: 1.00000  A-G: 2.95654  A-T: 1.00000  C-G: 1.00000  C-T: 2.95654  G-T: 1.00000
Base frequencies:  A: 0.250  C: 0.250  G: 0.250  T: 0.250
Parameters optimization took 1 rounds (0.001 sec)
Wrote distance file to... 
Computing ML distances based on estimated model parameters...
Calculating distance matrix: done in 0.0028491 secs using 99.51% CPU
Computing ML distances took 0.002880 sec (of wall-clock time) 0.002869 sec (of CPU time)
Setting up auxiliary I and S matrices: done in 0.000247955 secs using 98.4% CPU
Constructing RapidNJ tree: done in 0.000355959 secs using 335.4% CPU
Computing RapidNJ tree took 0.000688 sec (of wall-clock time) 0.001523 sec (of CPU time)
Log-likelihood of RapidNJ tree: -917.203
--------------------------------------------------------------------
|             INITIALIZING CANDIDATE TREE SET                      |
--------------------------------------------------------------------
Generating 98 parsimony trees... 0.086 second
Computing log-likelihood of 98 initial trees ... 0.066 seconds
Current best score: -917.188

Do NNI search on 20 best initial trees
Optimizing NNI: done in 0.00195312 secs using 199.2% CPU
Estimate model parameters (epsilon = 0.100)
BETTER TREE FOUND at iteration 1: -917.188
Optimizing NNI: done in 0.00362897 secs using 199.8% CPU
BETTER TREE FOUND at iteration 2: -917.187
Optimizing NNI: done in 0.00374794 secs using 199.7% CPU
Optimizing NNI: done in 0.00362897 secs using 199.8% CPU
Optimizing NNI: done in 0.00367093 secs using 199.9% CPU
Optimizing NNI: done in 0.00364399 secs using 199.9% CPU
Optimizing NNI: done in 0.00371695 secs using 199.9% CPU
Optimizing NNI: done in 0.00350499 secs using 199.9% CPU
Optimizing NNI: done in 0.00349689 secs using 171.8% CPU
Optimizing NNI: done in 0.00368381 secs using 187.9% CPU
Iteration 10 / LogL: -917.188 / Time: 0h:0m:0s
Optimizing NNI: done in 0.00371289 secs using 99.98% CPU
Optimizing NNI: done in 0.00373006 secs using 99.92% CPU
Optimizing NNI: done in 0.00356197 secs using 99.92% CPU
Optimizing NNI: done in 0.00367188 secs using 99.95% CPU
Optimizing NNI: done in 0.00348091 secs using 99.95% CPU
Optimizing NNI: done in 0.00363612 secs using 99.94% CPU
Optimizing NNI: done in 0.00357294 secs using 99.95% CPU
Optimizing NNI: done in 0.00371814 secs using 99.94% CPU
Optimizing NNI: done in 0.00362587 secs using 99.98% CPU
Optimizing NNI: done in 0.00364995 secs using 99.95% CPU
Iteration 20 / LogL: -917.188 / Time: 0h:0m:0s
Finish initializing candidate tree set (20)
Current best tree score: -917.187 / CPU time: 0.232
Number of iterations: 20
--------------------------------------------------------------------
|               OPTIMIZING CANDIDATE TREE SET                      |
--------------------------------------------------------------------
Optimizing NNI: done in 0.00583911 secs using 99.96% CPU
Optimizing NNI: done in 0.00733685 secs using 99.96% CPU
Optimizing NNI: done in 0.00931787 secs using 99.78% CPU
Optimizing NNI: done in 0.0046401 secs using 99.93% CPU
Optimizing NNI: done in 0.0078721 secs using 99.95% CPU
Optimizing NNI: done in 0.00972104 secs using 99.97% CPU
Optimizing NNI: done in 0.00722504 secs using 99.96% CPU
Optimizing NNI: done in 0.00862789 secs using 99.97% CPU
Optimizing NNI: done in 0.00936699 secs using 99.97% CPU
Optimizing NNI: done in 0.00690103 secs using 99.97% CPU
Iteration 30 / LogL: -917.189 / Time: 0h:0m:0s (0h:0m:0s left)
Optimizing NNI: done in 0.00730705 secs using 99.97% CPU
Optimizing NNI: done in 0.00597692 secs using 99.97% CPU
Optimizing NNI: done in 0.00574207 secs using 99.96% CPU
Optimizing NNI: done in 0.00395298 secs using 99.95% CPU
Optimizing NNI: done in 0.00546598 secs using 99.96% CPU
Optimizing NNI: done in 0.00524807 secs using 99.94% CPU
Optimizing NNI: done in 0.00551486 secs using 99.97% CPU
Optimizing NNI: done in 0.010572 secs using 99.98% CPU
Optimizing NNI: done in 0.00568008 secs using 99.95% CPU
Optimizing NNI: done in 0.00542092 secs using 99.96% CPU
Iteration 40 / LogL: -917.190 / Time: 0h:0m:0s (0h:0m:0s left)
Optimizing NNI: done in 0.00514698 secs using 99.96% CPU
Optimizing NNI: done in 0.00911713 secs using 99.98% CPU
Optimizing NNI: done in 0.00927091 secs using 99.98% CPU
Optimizing NNI: done in 0.00525498 secs using 99.96% CPU
Optimizing NNI: done in 0.00376821 secs using 99.94% CPU
Optimizing NNI: done in 0.00717592 secs using 99.97% CPU
Optimizing NNI: done in 0.00726509 secs using 99.96% CPU
Optimizing NNI: done in 0.00747395 secs using 99.96% CPU
Optimizing NNI: done in 0.00537395 secs using 99.96% CPU
Optimizing NNI: done in 0.00566792 secs using 99.97% CPU
Iteration 50 / LogL: -917.189 / Time: 0h:0m:0s (0h:0m:0s left)
Optimizing NNI: done in 0.00546002 secs using 99.94% CPU
Optimizing NNI: done in 0.00559902 secs using 99.96% CPU
Optimizing NNI: done in 0.00374603 secs using 99.97% CPU
Optimizing NNI: done in 0.00679302 secs using 99.97% CPU
Optimizing NNI: done in 0.00542402 secs using 99.96% CPU
Optimizing NNI: done in 0.00584793 secs using 99.97% CPU
Optimizing NNI: done in 0.0072608 secs using 99.98% CPU
Optimizing NNI: done in 0.00957704 secs using 99.98% CPU
Optimizing NNI: done in 0.00528598 secs using 99.96% CPU
Optimizing NNI: done in 0.00639105 secs using 99.95% CPU
Iteration 60 / LogL: -917.188 / Time: 0h:0m:0s (0h:0m:0s left)
Optimizing NNI: done in 0.007128 secs using 99.96% CPU
Optimizing NNI: done in 0.00707603 secs using 99.99% CPU
Optimizing NNI: done in 0.00731707 secs using 99.96% CPU
Optimizing NNI: done in 0.00811005 secs using 99.96% CPU
Optimizing NNI: done in 0.00683308 secs using 99.95% CPU
Optimizing NNI: done in 0.00910711 secs using 99.99% CPU
Optimizing NNI: done in 0.00559902 secs using 99.95% CPU
Optimizing NNI: done in 0.00527215 secs using 99.96% CPU
Optimizing NNI: done in 0.00928497 secs using 99.85% CPU
Optimizing NNI: done in 0.00374007 secs using 99.94% CPU
Iteration 70 / LogL: -943.208 / Time: 0h:0m:0s (0h:0m:0s left)
Optimizing NNI: done in 0.00730109 secs using 99.97% CPU
Optimizing NNI: done in 0.00690985 secs using 99.96% CPU
Optimizing NNI: done in 0.00531507 secs using 99.96% CPU
Optimizing NNI: done in 0.00563908 secs using 99.95% CPU
Optimizing NNI: done in 0.00723314 secs using 99.97% CPU
Optimizing NNI: done in 0.00854802 secs using 99.98% CPU
Optimizing NNI: done in 0.00704217 secs using 99.97% CPU
Optimizing NNI: done in 0.00439596 secs using 99.93% CPU
Optimizing NNI: done in 0.00519395 secs using 99.94% CPU
Optimizing NNI: done in 0.00586796 secs using 99.97% CPU
Iteration 80 / LogL: -917.189 / Time: 0h:0m:0s (0h:0m:0s left)
Optimizing NNI: done in 0.00711417 secs using 99.97% CPU
Optimizing NNI: done in 0.00499201 secs using 99.94% CPU
Optimizing NNI: done in 0.00573301 secs using 99.96% CPU
Optimizing NNI: done in 0.00645995 secs using 99.97% CPU
Optimizing NNI: done in 0.00811791 secs using 99.98% CPU
Optimizing NNI: done in 0.00516295 secs using 99.94% CPU
Optimizing NNI: done in 0.00735402 secs using 99.74% CPU
Optimizing NNI: done in 0.00674701 secs using 99.97% CPU
Optimizing NNI: done in 0.00382805 secs using 99.95% CPU
Optimizing NNI: done in 0.00690389 secs using 99.97% CPU
Iteration 90 / LogL: -917.191 / Time: 0h:0m:0s (0h:0m:0s left)
Optimizing NNI: done in 0.00499415 secs using 99.96% CPU
Optimizing NNI: done in 0.00680995 secs using 99.96% CPU
Optimizing NNI: done in 0.00891089 secs using 99.98% CPU
Optimizing NNI: done in 0.00583816 secs using 99.69% CPU
Optimizing NNI: done in 0.00375986 secs using 99.95% CPU
Optimizing NNI: done in 0.00730109 secs using 99.97% CPU
Optimizing NNI: done in 0.00784707 secs using 99.97% CPU
Optimizing NNI: done in 0.00599408 secs using 99.95% CPU
Optimizing NNI: done in 0.00565696 secs using 99.97% CPU
Optimizing NNI: done in 0.00384212 secs using 99.94% CPU
Iteration 100 / LogL: -917.190 / Time: 0h:0m:0s (0h:0m:0s left)
Optimizing NNI: done in 0.00897598 secs using 99.97% CPU
Optimizing NNI: done in 0.0068562 secs using 99.98% CPU
Optimizing NNI: done in 0.00719094 secs using 99.97% CPU
TREE SEARCH COMPLETED AFTER 103 ITERATIONS / Time: 0h:0m:0s

--------------------------------------------------------------------
|                    FINALIZING TREE SEARCH                        |
--------------------------------------------------------------------
Performs final model parameters optimization
Estimate model parameters (epsilon = 0.010)
1. Initial log-likelihood: -917.187
Optimal log-likelihood: -917.187
Rate parameters:  A-C: 1.00000  A-G: 2.95654  A-T: 1.00000  C-G: 1.00000  C-T: 2.95654  G-T: 1.00000
Base frequencies:  A: 0.250  C: 0.250  G: 0.250  T: 0.250
Parameters optimization took 1 rounds (0.001 sec)
BEST SCORE FOUND : -917.187
Total tree length: 0.432

Total number of iterations: 103
CPU time used for tree search: 1.011 sec (0h:0m:1s)
Wall-clock time used for tree search: 0.828 sec (0h:0m:0s)
Total CPU time used: 1.034 sec (0h:0m:1s)
Total wall-clock time used: 0.846 sec (0h:0m:0s)

Analysis results written to: 
  IQ-TREE report:                /app/outputs/analyses/610/20250910T163211/between_profile_distances/A/clade_A_seqs.aligned.fasta.iqtree
  Maximum-likelihood tree:       /app/outputs/analyses/610/20250910T163211/between_profile_distances/A/clade_A_seqs.aligned.fasta.treefile
  Likelihood distances:          /app/outputs/analyses/610/20250910T163211/between_profile_distances/A/clade_A_seqs.aligned.fasta.mldist
  Screen log file:               /app/outputs/analyses/610/20250910T163211/between_profile_distances/A/clade_A_seqs.aligned.fasta.log

Date and Time: Wed Sep 10 11:38:44 2025
