IQ-TREE multicore version 2.2.2.3 COVID-edition for Linux 64-bit built Apr  7 2023
Developed by Bui Quang Minh, James Barbetti, Nguyen Lam Tung,
Olga Chernomor, Heiko Schmidt, Dominik Schrempf, Michael Woodhams, Ly Trong Nhan.

Host:    64923e67824f (AVX512, FMA3, 62 GB RAM)
Command: iqtree -T AUTO --threads-max 2 -s /app/outputs/analyses/610/20250910T163211/between_sample_distances/G/clade_G_seqs.aligned.fasta
Seed:    82145 (Using SPRNG - Scalable Parallel Random Number Generator)
Time:    Wed Sep 10 11:41:30 2025
Kernel:  AVX+FMA - auto-detect threads (36 CPU cores detected)

Reading alignment file /app/outputs/analyses/610/20250910T163211/between_sample_distances/G/clade_G_seqs.aligned.fasta ... Fasta format detected
Reading fasta file: done in 0.000607967 secs using 94.41% CPU
Alignment most likely contains DNA/RNA sequences
Constructing alignment: done in 0.00119805 secs using 3028% CPU
Alignment has 38 sequences with 277 columns, 56 distinct patterns
18 parsimony-informative, 24 singleton sites, 235 constant sites
         Gap/Ambiguity  Composition  p-value
Analyzing sequences: done in 5.88894e-05 secs using 3158% CPU
   1  56961      0.36%    passed     99.92%
   2  5737220    0.00%    passed     99.76%
   3  2533899    0.00%    passed     99.46%
   4  481037     0.00%    passed     99.98%
   5  1402127    0.00%    passed     99.98%
   6  1341841    0.00%    passed     99.90%
   7  2533906    0.00%    passed     99.91%
   8  1337491    0.36%    passed     99.83%
   9  1337492    0.00%    passed     99.97%
  10  2533907    0.00%    passed     98.35%
  11  1337502    6.86%    passed     95.10%
  12  1337518    0.00%    passed     99.49%
  13  4224815    0.00%    passed     99.44%
  14  2546865    0.36%    passed     99.84%
  15  2546996    0.00%    passed     99.90%
  16  1391932    0.36%    passed     99.83%
  17  1391933    0.00%    passed     99.90%
  18  2533949    0.00%    passed     99.05%
  19  3373504    0.36%    passed     99.56%
  20  3373505    0.00%    passed     99.56%
  21  1161923    6.14%    passed     95.63%
  22  3373507    0.00%    passed     98.49%
  23  3373508    0.00%    passed     99.50%
  24  1869510    0.36%    passed     99.93%
  25  2547016    0.00%    passed     99.61%
  26  1161034    0.00%    passed     99.76%
  27  1161035    0.00%    passed     99.97%
  28  2547026    0.00%    passed     99.98%
  29  5737044    0.00%    passed     99.96%
  30  484569     6.14%    passed     88.63%
  31  4224737    0.00%    passed     99.90%
  32  4224738    0.00%    passed     98.04%
  33  2769896    0.36%    passed     99.52%
  34  2769007    0.00%    passed     99.57%
  35  4238320    0.00%    passed     99.91%
  36  737777     0.00%    passed     99.97%
  37  5737340    0.00%    passed     99.91%
  38  1162879    0.00%    passed     99.49%
****  TOTAL      0.57%  0 sequences failed composition chi2 test (p-value<5%; df=3)
Checking for duplicate sequences: done in 0.000329971 secs using 3226% CPU


Create initial parsimony tree by phylogenetic likelihood library (PLL)... 0.001 seconds
Measuring multi-threading efficiency up to 2 CPU cores
Increase to 10 rounds for branch lengths
858 trees examined
Threads: 1 / Time: 2.001 sec / Speedup: 1.000 / Efficiency: 100% / LogL: -909
Threads: 2 / Time: 2.386 sec / Speedup: 0.839 / Efficiency: 42% / LogL: -909
Determining AUTO threadcount: done in 4.38735 secs using 293.9% CPU
BEST NUMBER OF THREADS: 1

Perform fast likelihood tree search using GTR+I+G model...
Estimate model parameters (epsilon = 5.000)
Perform nearest neighbor interchange...
Optimizing NNI: done in 0.00256205 secs using 197.9% CPU
Estimate model parameters (epsilon = 1.000)
1. Initial log-likelihood: -731.591
Optimal log-likelihood: -731.591
Rate parameters:  A-C: 0.36562  A-G: 5.88387  A-T: 0.76588  C-G: 0.57511  C-T: 3.77432  G-T: 1.00000
Base frequencies:  A: 0.151  C: 0.258  G: 0.283  T: 0.308
Proportion of invariable sites: 0.424
Gamma shape alpha: 0.875
Parameters optimization took 1 rounds (0.003 sec)
Time for fast ML tree search: 0.029 seconds

NOTE: ModelFinder requires 0 MB RAM!
ModelFinder will test up to 484 DNA models (sample size: 277) ...
 No. Model         -LnL         df  AIC          AICc         BIC
  1  GTR+F         739.124      81  1640.247     1708.371     1933.793
  2  GTR+F+I       732.420      82  1628.839     1699.004     1926.009
  3  GTR+F+G4      731.898      82  1627.796     1697.961     1924.966
  4  GTR+F+I+G4    731.591      83  1629.183     1701.431     1929.976
  5  GTR+F+R2      731.784      83  1629.569     1701.818     1930.362
  6  GTR+F+R3      731.711      85  1633.423     1709.967     1941.464
 14  GTR+F+I+R2    732.016      84  1632.032     1706.407     1936.449
 15  GTR+F+I+R3    731.623      86  1635.245     1714.003     1946.911
 23  SYM           748.448      78  1652.896     1715.138     1935.569
 24  SYM+I         741.843      79  1641.687     1705.849     1927.984
 25  SYM+G4        741.253      79  1640.507     1704.669     1926.804
 26  SYM+I+G4      740.903      80  1641.806     1707.928     1931.727
 27  SYM+R2        741.069      80  1642.137     1708.260     1932.059
 45  TVM+F         739.819      80  1639.638     1705.761     1929.560
 46  TVM+F+I       733.242      81  1628.484     1696.607     1922.029
 47  TVM+F+G4      732.655      81  1627.310     1695.433     1920.855
 48  TVM+F+I+G4    732.332      82  1628.664     1698.828     1925.833
 49  TVM+F+R2      732.497      82  1628.994     1699.159     1926.163
 67  TVMe          748.450      77  1650.900     1711.262     1929.949
 68  TVMe+I        741.896      78  1639.791     1702.034     1922.465
 69  TVMe+G4       741.289      78  1638.578     1700.820     1921.251
 70  TVMe+I+G4     740.942      79  1639.883     1704.046     1926.181
 71  TVMe+R2       741.110      79  1640.219     1704.382     1926.517
 89  TIM3+F        739.255      79  1636.510     1700.672     1922.807
 90  TIM3+F+I      732.548      80  1625.095     1691.218     1915.017
 91  TIM3+F+G4     732.031      80  1624.063     1690.185     1913.984
 92  TIM3+F+I+G4   731.732      81  1625.464     1693.587     1919.009
 93  TIM3+F+R2     731.925      81  1625.849     1693.972     1919.394
111  TIM3e         749.109      76  1650.218     1708.738     1925.643
112  TIM3e+I       742.652      77  1639.305     1699.666     1918.354
113  TIM3e+G4      742.067      77  1638.134     1698.496     1917.183
114  TIM3e+I+G4    741.747      78  1639.494     1701.736     1922.167
115  TIM3e+R2      741.927      78  1639.855     1702.097     1922.528
133  TIM2+F        739.983      79  1637.966     1702.129     1924.263
134  TIM2+F+I      732.946      80  1625.892     1692.014     1915.813
135  TIM2+F+G4     732.438      80  1624.875     1690.998     1914.797
136  TIM2+F+I+G4   732.096      81  1626.192     1694.315     1919.737
137  TIM2+F+R2     732.263      81  1626.525     1694.648     1920.071
155  TIM2e         749.505      76  1651.010     1709.530     1926.436
156  TIM2e+I       742.527      77  1639.053     1699.415     1918.102
157  TIM2e+G4      741.959      77  1637.918     1698.280     1916.967
158  TIM2e+I+G4    741.564      78  1639.129     1701.371     1921.802
159  TIM2e+R2      741.609      78  1639.219     1701.461     1921.892
177  TIM+F         739.999      79  1637.997     1702.160     1924.295
178  TIM+F+I       732.988      80  1625.976     1692.098     1915.897
179  TIM+F+G4      732.485      80  1624.970     1691.092     1914.891
180  TIM+F+I+G4    732.155      81  1626.311     1694.434     1919.856
181  TIM+F+R2      732.327      81  1626.654     1694.777     1920.200
199  TIMe          749.993      76  1651.986     1710.506     1927.411
200  TIMe+I        743.150      77  1640.301     1700.662     1919.350
201  TIMe+G4       742.593      77  1639.187     1699.548     1918.236
202  TIMe+I+G4     742.232      78  1640.463     1702.706     1923.137
203  TIMe+R2       742.387      78  1640.773     1703.016     1923.447
221  TPM3u+F       739.951      78  1635.901     1698.144     1918.575
222  TPM3u+F+I     733.379      79  1624.758     1688.920     1911.055
223  TPM3u+F+G4    732.797      79  1623.595     1687.757     1909.892
224  TPM3u+F+I+G4  732.483      80  1624.966     1691.088     1914.887
225  TPM3u+F+R2    732.649      80  1625.297     1691.420     1915.219
243  TPM3          749.111      75  1648.222     1704.938     1920.023
244  TPM3+I        742.696      76  1637.393     1695.913     1912.818
245  TPM3+G4       742.096      76  1636.192     1694.712     1911.617
246  TPM3+I+G4     741.778      77  1637.555     1697.917     1916.605
247  TPM3+R2       741.960      77  1637.920     1698.282     1916.969
265  TPM2u+F       740.679      78  1637.359     1699.601     1920.032
266  TPM2u+F+I     733.763      79  1625.526     1689.688     1911.823
267  TPM2u+F+G4    733.194      79  1624.389     1688.551     1910.686
268  TPM2u+F+I+G4  732.837      80  1625.675     1691.797     1915.596
269  TPM2u+F+R2    732.974      80  1625.947     1692.070     1915.869
287  TPM2          749.507      75  1649.014     1705.731     1920.815
288  TPM2+I        742.583      76  1637.166     1695.686     1912.591
289  TPM2+G4       741.999      76  1635.999     1694.519     1911.424
290  TPM2+I+G4     741.609      77  1637.217     1697.579     1916.266
291  TPM2+R2       741.657      77  1637.315     1697.677     1916.364
309  K3Pu+F        740.695      78  1637.391     1699.633     1920.064
310  K3Pu+F+I      733.816      79  1625.632     1689.795     1911.929
311  K3Pu+F+G4     733.252      79  1624.505     1688.667     1910.802
312  K3Pu+F+I+G4   732.908      80  1625.816     1691.939     1915.738
313  K3Pu+F+R2     733.050      80  1626.099     1692.222     1916.021
331  K3P           749.995      75  1649.990     1706.706     1921.791
332  K3P+I         743.198      76  1638.396     1696.916     1913.821
333  K3P+G4        742.626      76  1637.252     1695.772     1912.677
334  K3P+I+G4      742.267      77  1638.534     1698.895     1917.583
335  K3P+R2        742.423      77  1638.846     1699.208     1917.896
353  TN+F          740.101      78  1636.201     1698.443     1918.874
354  TN+F+I        733.067      79  1624.133     1688.296     1910.431
355  TN+F+G4       732.562      79  1623.124     1687.287     1909.422
356  TN+F+I+G4     732.229      80  1624.458     1690.580     1914.379
357  TN+F+R2       732.397      80  1624.794     1690.917     1914.716
375  TNe           750.144      75  1650.288     1707.005     1922.090
376  TNe+I         743.320      76  1638.639     1697.159     1914.065
377  TNe+G4        742.757      76  1637.514     1696.034     1912.940
378  TNe+I+G4      742.395      77  1638.790     1699.151     1917.839
379  TNe+R2        742.549      77  1639.097     1699.459     1918.147
397  HKY+F         740.796      77  1635.593     1695.955     1914.642
398  HKY+F+I       733.893      78  1623.786     1686.029     1906.460
399  HKY+F+G4      733.329      78  1622.657     1684.900     1905.331
400  HKY+F+I+G4    732.981      79  1623.962     1688.125     1910.260
401  HKY+F+R2      733.120      79  1624.239     1688.402     1910.537
419  K2P           750.146      74  1648.293     1703.243     1916.470
420  K2P+I         743.367      75  1636.734     1693.450     1908.535
421  K2P+G4        742.789      75  1635.579     1692.295     1907.380
422  K2P+I+G4      742.430      76  1636.860     1695.380     1912.286
423  K2P+R2        742.585      76  1637.171     1695.691     1912.596
441  F81+F         760.526      76  1673.052     1731.572     1948.477
442  F81+F+I       753.762      77  1661.525     1721.886     1940.574
443  F81+F+G4      753.204      77  1660.407     1720.769     1939.457
444  F81+F+I+G4    752.861      78  1661.721     1723.964     1944.395
445  F81+F+R2      753.028      78  1662.057     1724.299     1944.730
463  JC            769.733      73  1685.466     1738.688     1950.019
464  JC+I          763.092      74  1674.184     1729.135     1942.362
465  JC+G4         762.500      74  1673.000     1727.951     1941.177
466  JC+I+G4       762.152      75  1674.304     1731.020     1946.105
467  JC+R2         762.315      75  1674.631     1731.347     1946.432
Akaike Information Criterion:           HKY+F+G4
Corrected Akaike Information Criterion: HKY+F+G4
Bayesian Information Criterion:         HKY+F+G4
Best-fit model: HKY+F+G4 chosen according to BIC

All model information printed to /app/outputs/analyses/610/20250910T163211/between_sample_distances/G/clade_G_seqs.aligned.fasta.model.gz
CPU time for ModelFinder: 15.261 seconds (0h:0m:15s)
Wall-clock time for ModelFinder: 5.906 seconds (0h:0m:5s)

NOTE: 0 MB RAM (0 GB) is required!
Estimate model parameters (epsilon = 0.100)
1. Initial log-likelihood: -733.329
Optimal log-likelihood: -733.329
Rate parameters:  A-C: 1.00000  A-G: 6.09950  A-T: 1.00000  C-G: 1.00000  C-T: 6.09950  G-T: 1.00000
Base frequencies:  A: 0.151  C: 0.258  G: 0.283  T: 0.308
Gamma shape alpha: 0.273
Parameters optimization took 1 rounds (0.002 sec)
Wrote distance file to... 
Computing ML distances based on estimated model parameters...
Calculating distance matrix: done in 0.00810981 secs using 99.99% CPU
Computing ML distances took 0.008139 sec (of wall-clock time) 0.008143 sec (of CPU time)
Setting up auxiliary I and S matrices: done in 0.000224113 secs using 98.61% CPU
Constructing RapidNJ tree: done in 0.000296116 secs using 449.8% CPU
Computing RapidNJ tree took 0.000601 sec (of wall-clock time) 0.001627 sec (of CPU time)
Log-likelihood of RapidNJ tree: -729.846
--------------------------------------------------------------------
|             INITIALIZING CANDIDATE TREE SET                      |
--------------------------------------------------------------------
Generating 98 parsimony trees... 0.098 second
Computing log-likelihood of 98 initial trees ... 0.066 seconds
Current best score: -729.533

Do NNI search on 20 best initial trees
Optimizing NNI: done in 0.00272202 secs using 197.4% CPU
Estimate model parameters (epsilon = 0.100)
BETTER TREE FOUND at iteration 1: -729.419
Optimizing NNI: done in 0.0026989 secs using 199.7% CPU
Optimizing NNI: done in 0.00264192 secs using 199.7% CPU
Optimizing NNI: done in 0.00266194 secs using 199.7% CPU
Optimizing NNI: done in 0.00500894 secs using 199.8% CPU
Optimizing NNI: done in 0.00251603 secs using 199.7% CPU
Optimizing NNI: done in 0.00256515 secs using 199.8% CPU
Optimizing NNI: done in 0.00267601 secs using 193.2% CPU
Optimizing NNI: done in 0.00263095 secs using 99.89% CPU
Optimizing NNI: done in 0.00483704 secs using 99.94% CPU
Iteration 10 / LogL: -730.036 / Time: 0h:0m:0s
Optimizing NNI: done in 0.00263596 secs using 99.93% CPU
Optimizing NNI: done in 0.00255895 secs using 99.96% CPU
Optimizing NNI: done in 0.00492907 secs using 99.96% CPU
Estimate model parameters (epsilon = 0.100)
BETTER TREE FOUND at iteration 13: -729.129
Optimizing NNI: done in 0.00319815 secs using 99.81% CPU
Optimizing NNI: done in 0.00349188 secs using 99.92% CPU
Optimizing NNI: done in 0.00352001 secs using 99.91% CPU
Optimizing NNI: done in 0.00305319 secs using 99.9% CPU
Optimizing NNI: done in 0.00268698 secs using 99.89% CPU
Optimizing NNI: done in 0.00254607 secs using 99.88% CPU
Optimizing NNI: done in 0.00254011 secs using 99.92% CPU
Iteration 20 / LogL: -731.081 / Time: 0h:0m:0s
Finish initializing candidate tree set (20)
Current best tree score: -729.129 / CPU time: 0.244
Number of iterations: 20
--------------------------------------------------------------------
|               OPTIMIZING CANDIDATE TREE SET                      |
--------------------------------------------------------------------
Optimizing NNI: done in 0.0274401 secs using 99.96% CPU
Optimizing NNI: done in 0.0093081 secs using 89.47% CPU
Optimizing NNI: done in 0.00920701 secs using 99.85% CPU
Optimizing NNI: done in 0.00811195 secs using 99.96% CPU
Optimizing NNI: done in 0.0105078 secs using 99.96% CPU
Optimizing NNI: done in 0.014024 secs using 99.99% CPU
Optimizing NNI: done in 0.00901008 secs using 99.97% CPU
Optimizing NNI: done in 0.00767612 secs using 99.97% CPU
Optimizing NNI: done in 0.0102298 secs using 99.98% CPU
Optimizing NNI: done in 0.00768185 secs using 99.83% CPU
Iteration 30 / LogL: -734.401 / Time: 0h:0m:0s (0h:0m:1s left)
Optimizing NNI: done in 0.00666213 secs using 99.95% CPU
Optimizing NNI: done in 0.0129511 secs using 98.11% CPU
Optimizing NNI: done in 0.0109789 secs using 99.94% CPU
Optimizing NNI: done in 0.0101712 secs using 99.95% CPU
Optimizing NNI: done in 0.0078311 secs using 99.97% CPU
Optimizing NNI: done in 0.00779486 secs using 99.98% CPU
Optimizing NNI: done in 0.0120661 secs using 99.87% CPU
Optimizing NNI: done in 0.0161049 secs using 99.98% CPU
Optimizing NNI: done in 0.00995684 secs using 99.98% CPU
Optimizing NNI: done in 0.00758195 secs using 99.97% CPU
Iteration 40 / LogL: -729.133 / Time: 0h:0m:0s (0h:0m:0s left)
Optimizing NNI: done in 0.0100751 secs using 99.98% CPU
Optimizing NNI: done in 0.00962114 secs using 99.98% CPU
Optimizing NNI: done in 0.0100369 secs using 99.98% CPU
Optimizing NNI: done in 0.00771308 secs using 99.96% CPU
Optimizing NNI: done in 0.00532413 secs using 99.96% CPU
Optimizing NNI: done in 0.00774097 secs using 99.97% CPU
Optimizing NNI: done in 0.00978804 secs using 99.97% CPU
Optimizing NNI: done in 0.010592 secs using 99.97% CPU
Optimizing NNI: done in 0.00766301 secs using 99.97% CPU
Optimizing NNI: done in 0.00767612 secs using 99.76% CPU
Iteration 50 / LogL: -733.276 / Time: 0h:0m:0s (0h:0m:0s left)
Optimizing NNI: done in 0.00996089 secs using 99.97% CPU
Optimizing NNI: done in 0.00773621 secs using 99.97% CPU
Optimizing NNI: done in 0.0100548 secs using 99.97% CPU
Optimizing NNI: done in 0.00754094 secs using 99.97% CPU
Optimizing NNI: done in 0.00797606 secs using 99.96% CPU
Optimizing NNI: done in 0.0120852 secs using 99.98% CPU
Optimizing NNI: done in 0.00780392 secs using 99.98% CPU
Optimizing NNI: done in 0.00799394 secs using 99.98% CPU
Optimizing NNI: done in 0.00960493 secs using 99.98% CPU
Optimizing NNI: done in 0.015027 secs using 99.99% CPU
Iteration 60 / LogL: -729.132 / Time: 0h:0m:0s (0h:0m:0s left)
Optimizing NNI: done in 0.009269 secs using 86.89% CPU
Optimizing NNI: done in 0.0104539 secs using 99.93% CPU
Optimizing NNI: done in 0.0156379 secs using 99.99% CPU
Optimizing NNI: done in 0.0105319 secs using 99.97% CPU
Optimizing NNI: done in 0.0104451 secs using 99.98% CPU
Optimizing NNI: done in 0.00709701 secs using 99.97% CPU
Optimizing NNI: done in 0.010164 secs using 99.98% CPU
Optimizing NNI: done in 0.016618 secs using 99.98% CPU
Optimizing NNI: done in 0.0166001 secs using 99.99% CPU
Estimate model parameters (epsilon = 0.100)
BETTER TREE FOUND at iteration 69: -728.994
Optimizing NNI: done in 0.012877 secs using 99.98% CPU
Iteration 70 / LogL: -729.752 / Time: 0h:0m:0s (0h:0m:1s left)
Optimizing NNI: done in 0.0102649 secs using 99.98% CPU
Optimizing NNI: done in 0.0079751 secs using 99.97% CPU
Optimizing NNI: done in 0.0101171 secs using 99.97% CPU
Optimizing NNI: done in 0.00391197 secs using 99.95% CPU
Optimizing NNI: done in 0.0100851 secs using 99.98% CPU
Optimizing NNI: done in 0.010186 secs using 99.98% CPU
Optimizing NNI: done in 0.0048511 secs using 99.94% CPU
Optimizing NNI: done in 0.01034 secs using 99.98% CPU
Optimizing NNI: done in 0.00799394 secs using 99.98% CPU
Optimizing NNI: done in 0.00495815 secs using 99.96% CPU
BETTER TREE FOUND at iteration 80: -728.994
Iteration 80 / LogL: -728.994 / Time: 0h:0m:0s (0h:0m:1s left)
Optimizing NNI: done in 0.010124 secs using 99.97% CPU
Optimizing NNI: done in 0.00749183 secs using 99.98% CPU
Optimizing NNI: done in 0.0102921 secs using 99.98% CPU
Optimizing NNI: done in 0.00985098 secs using 99.98% CPU
Optimizing NNI: done in 0.00395989 secs using 99.93% CPU
Optimizing NNI: done in 0.010289 secs using 99.98% CPU
Optimizing NNI: done in 0.00726199 secs using 99.97% CPU
Optimizing NNI: done in 0.0104101 secs using 99.98% CPU
Optimizing NNI: done in 0.0101371 secs using 99.97% CPU
Optimizing NNI: done in 0.0129631 secs using 99.98% CPU
Iteration 90 / LogL: -728.996 / Time: 0h:0m:1s (0h:0m:1s left)
Optimizing NNI: done in 0.00770617 secs using 99.97% CPU
Optimizing NNI: done in 0.00975108 secs using 99.98% CPU
Optimizing NNI: done in 0.010215 secs using 99.99% CPU
Optimizing NNI: done in 0.01249 secs using 99.98% CPU
Optimizing NNI: done in 0.0101919 secs using 99.98% CPU
Optimizing NNI: done in 0.00770903 secs using 99.96% CPU
Optimizing NNI: done in 0.0148082 secs using 99.99% CPU
Optimizing NNI: done in 0.00925398 secs using 99.97% CPU
Optimizing NNI: done in 0.00802493 secs using 99.98% CPU
Optimizing NNI: done in 0.00489283 secs using 99.94% CPU
Iteration 100 / LogL: -728.994 / Time: 0h:0m:1s (0h:0m:0s left)
Optimizing NNI: done in 0.0104849 secs using 99.97% CPU
Optimizing NNI: done in 0.0101712 secs using 99.97% CPU
Optimizing NNI: done in 0.0102661 secs using 99.98% CPU
BETTER TREE FOUND at iteration 103: -728.994
Optimizing NNI: done in 0.00936985 secs using 99.97% CPU
Optimizing NNI: done in 0.0126138 secs using 99.99% CPU
Optimizing NNI: done in 0.0140831 secs using 99.98% CPU
Optimizing NNI: done in 0.00972104 secs using 99.98% CPU
Optimizing NNI: done in 0.00768018 secs using 99.97% CPU
Optimizing NNI: done in 0.00769019 secs using 99.96% CPU
Optimizing NNI: done in 0.0110939 secs using 99.97% CPU
Iteration 110 / LogL: -728.995 / Time: 0h:0m:1s (0h:0m:1s left)
Optimizing NNI: done in 0.00704193 secs using 99.96% CPU
Optimizing NNI: done in 0.00732303 secs using 99.97% CPU
Optimizing NNI: done in 0.0152218 secs using 99.99% CPU
Optimizing NNI: done in 0.00773096 secs using 99.96% CPU
Optimizing NNI: done in 0.0118349 secs using 99.98% CPU
Optimizing NNI: done in 0.0098989 secs using 99.98% CPU
Optimizing NNI: done in 0.0119991 secs using 99.98% CPU
Optimizing NNI: done in 0.01442 secs using 99.99% CPU
Optimizing NNI: done in 0.0127552 secs using 99.98% CPU
Optimizing NNI: done in 0.00767899 secs using 95.55% CPU
Iteration 120 / LogL: -730.238 / Time: 0h:0m:1s (0h:0m:0s left)
Optimizing NNI: done in 0.00991917 secs using 99.97% CPU
Optimizing NNI: done in 0.00675821 secs using 99.98% CPU
Optimizing NNI: done in 0.00931287 secs using 99.98% CPU
Optimizing NNI: done in 0.0126541 secs using 99.98% CPU
Optimizing NNI: done in 0.00736094 secs using 99.97% CPU
Optimizing NNI: done in 0.00757098 secs using 99.96% CPU
Optimizing NNI: done in 0.0082221 secs using 99.96% CPU
Optimizing NNI: done in 0.0126009 secs using 99.98% CPU
Optimizing NNI: done in 0.00956392 secs using 99.98% CPU
Optimizing NNI: done in 0.0122371 secs using 99.97% CPU
Iteration 130 / LogL: -728.995 / Time: 0h:0m:1s (0h:0m:0s left)
Optimizing NNI: done in 0.00750804 secs using 86.75% CPU
Optimizing NNI: done in 0.010318 secs using 99.93% CPU
Optimizing NNI: done in 0.0131788 secs using 99.99% CPU
Optimizing NNI: done in 0.00773597 secs using 99.96% CPU
Optimizing NNI: done in 0.014971 secs using 99.99% CPU
Optimizing NNI: done in 0.0101309 secs using 99.98% CPU
Optimizing NNI: done in 0.00739694 secs using 99.97% CPU
Optimizing NNI: done in 0.0179541 secs using 99.98% CPU
Optimizing NNI: done in 0.0074811 secs using 99.97% CPU
Optimizing NNI: done in 0.00785017 secs using 96.79% CPU
Iteration 140 / LogL: -730.238 / Time: 0h:0m:1s (0h:0m:0s left)
Optimizing NNI: done in 0.00765491 secs using 99.87% CPU
Optimizing NNI: done in 0.0102031 secs using 99.97% CPU
Optimizing NNI: done in 0.0136499 secs using 99.99% CPU
Optimizing NNI: done in 0.00790906 secs using 99.96% CPU
Optimizing NNI: done in 0.0105391 secs using 99.98% CPU
Optimizing NNI: done in 0.0103669 secs using 99.98% CPU
Optimizing NNI: done in 0.00785804 secs using 99.96% CPU
Optimizing NNI: done in 0.011874 secs using 99.99% CPU
Optimizing NNI: done in 0.00796008 secs using 99.97% CPU
Optimizing NNI: done in 0.0124688 secs using 99.97% CPU
Iteration 150 / LogL: -729.612 / Time: 0h:0m:1s (0h:0m:0s left)
Optimizing NNI: done in 0.01036 secs using 99.98% CPU
Optimizing NNI: done in 0.0118949 secs using 99.98% CPU
Optimizing NNI: done in 0.00399423 secs using 99.94% CPU
Optimizing NNI: done in 0.014847 secs using 99.98% CPU
Optimizing NNI: done in 0.01039 secs using 99.98% CPU
Optimizing NNI: done in 0.0100329 secs using 99.98% CPU
Optimizing NNI: done in 0.00956011 secs using 99.98% CPU
Optimizing NNI: done in 0.0105591 secs using 99.98% CPU
Optimizing NNI: done in 0.010361 secs using 99.97% CPU
Optimizing NNI: done in 0.0096128 secs using 99.98% CPU
Iteration 160 / LogL: -729.756 / Time: 0h:0m:1s (0h:0m:0s left)
Optimizing NNI: done in 0.00986695 secs using 99.97% CPU
Optimizing NNI: done in 0.010206 secs using 99.98% CPU
Optimizing NNI: done in 0.009619 secs using 99.98% CPU
Optimizing NNI: done in 0.00787687 secs using 99.98% CPU
Optimizing NNI: done in 0.00805116 secs using 99.96% CPU
Optimizing NNI: done in 0.00749207 secs using 99.96% CPU
Optimizing NNI: done in 0.00794792 secs using 99.98% CPU
Optimizing NNI: done in 0.00653696 secs using 99.95% CPU
Optimizing NNI: done in 0.0122311 secs using 99.98% CPU
Optimizing NNI: done in 0.00991893 secs using 99.99% CPU
Iteration 170 / LogL: -730.239 / Time: 0h:0m:1s (0h:0m:0s left)
Optimizing NNI: done in 0.00930715 secs using 99.9% CPU
Optimizing NNI: done in 0.00774193 secs using 99.98% CPU
Optimizing NNI: done in 0.0074501 secs using 99.97% CPU
Optimizing NNI: done in 0.00786781 secs using 99.98% CPU
Optimizing NNI: done in 0.00740695 secs using 99.96% CPU
Optimizing NNI: done in 0.00764298 secs using 99.97% CPU
Optimizing NNI: done in 0.0101528 secs using 99.98% CPU
Optimizing NNI: done in 0.0051868 secs using 99.97% CPU
Optimizing NNI: done in 0.0124478 secs using 99.99% CPU
Optimizing NNI: done in 0.0124071 secs using 99.98% CPU
Iteration 180 / LogL: -743.765 / Time: 0h:0m:1s (0h:0m:0s left)
Optimizing NNI: done in 0.013773 secs using 99.99% CPU
Optimizing NNI: done in 0.0096128 secs using 99.97% CPU
Optimizing NNI: done in 0.00796986 secs using 99.98% CPU
Optimizing NNI: done in 0.0103979 secs using 99.97% CPU
Optimizing NNI: done in 0.01035 secs using 99.97% CPU
Optimizing NNI: done in 0.0128231 secs using 99.98% CPU
Optimizing NNI: done in 0.008008 secs using 99.97% CPU
Optimizing NNI: done in 0.0102861 secs using 99.98% CPU
Estimate model parameters (epsilon = 0.100)
BETTER TREE FOUND at iteration 188: -728.623
Optimizing NNI: done in 0.0102022 secs using 99.93% CPU
Optimizing NNI: done in 0.00777888 secs using 99.98% CPU
BETTER TREE FOUND at iteration 190: -728.623
Iteration 190 / LogL: -728.623 / Time: 0h:0m:2s (0h:0m:1s left)
Optimizing NNI: done in 0.00808406 secs using 99.94% CPU
Optimizing NNI: done in 0.00787711 secs using 99.97% CPU
Optimizing NNI: done in 0.01436 secs using 99.92% CPU
Optimizing NNI: done in 0.0123861 secs using 99.98% CPU
Optimizing NNI: done in 0.00869012 secs using 99.98% CPU
Optimizing NNI: done in 0.00754094 secs using 99.96% CPU
Optimizing NNI: done in 0.012373 secs using 99.98% CPU
Optimizing NNI: done in 0.0150099 secs using 99.99% CPU
Optimizing NNI: done in 0.0127649 secs using 97.24% CPU
Optimizing NNI: done in 0.0104082 secs using 99.91% CPU
Iteration 200 / LogL: -744.010 / Time: 0h:0m:2s (0h:0m:0s left)
Optimizing NNI: done in 0.00989389 secs using 99.97% CPU
Optimizing NNI: done in 0.00731587 secs using 99.97% CPU
Optimizing NNI: done in 0.011498 secs using 99.97% CPU
Optimizing NNI: done in 0.011986 secs using 99.98% CPU
Optimizing NNI: done in 0.00769114 secs using 99.96% CPU
Optimizing NNI: done in 0.0159628 secs using 99.99% CPU
Optimizing NNI: done in 0.00791001 secs using 99.96% CPU
Optimizing NNI: done in 0.010613 secs using 99.97% CPU
Optimizing NNI: done in 0.010406 secs using 99.97% CPU
Optimizing NNI: done in 0.00757003 secs using 99.96% CPU
Iteration 210 / LogL: -729.627 / Time: 0h:0m:2s (0h:0m:0s left)
Optimizing NNI: done in 0.0141709 secs using 99.99% CPU
Optimizing NNI: done in 0.00378299 secs using 99.95% CPU
Optimizing NNI: done in 0.00967789 secs using 99.99% CPU
Optimizing NNI: done in 0.0119061 secs using 99.97% CPU
Optimizing NNI: done in 0.00946093 secs using 99.98% CPU
Optimizing NNI: done in 0.00773191 secs using 99.96% CPU
Optimizing NNI: done in 0.00521517 secs using 99.98% CPU
Optimizing NNI: done in 0.00787401 secs using 99.97% CPU
Optimizing NNI: done in 0.00779605 secs using 99.96% CPU
Optimizing NNI: done in 0.013489 secs using 99.99% CPU
Iteration 220 / LogL: -729.867 / Time: 0h:0m:2s (0h:0m:0s left)
Optimizing NNI: done in 0.00784779 secs using 99.98% CPU
Optimizing NNI: done in 0.00781202 secs using 99.97% CPU
Optimizing NNI: done in 0.0095849 secs using 99.97% CPU
Optimizing NNI: done in 0.00774288 secs using 99.98% CPU
Optimizing NNI: done in 0.00790596 secs using 95.17% CPU
Optimizing NNI: done in 0.00990605 secs using 99.97% CPU
Optimizing NNI: done in 0.00803494 secs using 99.98% CPU
Optimizing NNI: done in 0.00505209 secs using 99.96% CPU
Optimizing NNI: done in 0.0102632 secs using 99.98% CPU
Optimizing NNI: done in 0.0103459 secs using 99.96% CPU
Iteration 230 / LogL: -742.582 / Time: 0h:0m:2s (0h:0m:0s left)
Optimizing NNI: done in 0.012399 secs using 99.98% CPU
Optimizing NNI: done in 0.00808311 secs using 99.97% CPU
Optimizing NNI: done in 0.010118 secs using 99.98% CPU
BETTER TREE FOUND at iteration 233: -728.623
Optimizing NNI: done in 0.0192411 secs using 99.95% CPU
Optimizing NNI: done in 0.0168071 secs using 99.92% CPU
Optimizing NNI: done in 0.011873 secs using 99.97% CPU
Optimizing NNI: done in 0.0115981 secs using 99.97% CPU
Optimizing NNI: done in 0.00791693 secs using 99.98% CPU
Optimizing NNI: done in 0.010519 secs using 96.65% CPU
Optimizing NNI: done in 0.0104249 secs using 99.93% CPU
Iteration 240 / LogL: -729.867 / Time: 0h:0m:2s (0h:0m:1s left)
Optimizing NNI: done in 0.00781703 secs using 99.97% CPU
Optimizing NNI: done in 0.0102592 secs using 99.98% CPU
Optimizing NNI: done in 0.00899982 secs using 99.98% CPU
Optimizing NNI: done in 0.0101662 secs using 99.98% CPU
Optimizing NNI: done in 0.0102139 secs using 99.98% CPU
Optimizing NNI: done in 0.00686502 secs using 99.96% CPU
Optimizing NNI: done in 0.0104461 secs using 99.98% CPU
Optimizing NNI: done in 0.00797796 secs using 99.96% CPU
Optimizing NNI: done in 0.0129189 secs using 99.98% CPU
Optimizing NNI: done in 0.00765395 secs using 99.97% CPU
Iteration 250 / LogL: -729.242 / Time: 0h:0m:2s (0h:0m:0s left)
Optimizing NNI: done in 0.00788283 secs using 99.99% CPU
Optimizing NNI: done in 0.00968122 secs using 99.97% CPU
Optimizing NNI: done in 0.00820494 secs using 99.98% CPU
Optimizing NNI: done in 0.0104589 secs using 99.97% CPU
Optimizing NNI: done in 0.00791812 secs using 99.97% CPU
Optimizing NNI: done in 0.00792599 secs using 99.97% CPU
Optimizing NNI: done in 0.0104301 secs using 99.98% CPU
Optimizing NNI: done in 0.00790405 secs using 99.97% CPU
Optimizing NNI: done in 0.0116808 secs using 91.58% CPU
Optimizing NNI: done in 0.00814104 secs using 99.88% CPU
Iteration 260 / LogL: -735.299 / Time: 0h:0m:2s (0h:0m:0s left)
Optimizing NNI: done in 0.0098269 secs using 99.96% CPU
Optimizing NNI: done in 0.00805807 secs using 99.99% CPU
Optimizing NNI: done in 0.0129929 secs using 99.93% CPU
Optimizing NNI: done in 0.010726 secs using 99.97% CPU
Optimizing NNI: done in 0.0103061 secs using 99.98% CPU
Optimizing NNI: done in 0.00745511 secs using 99.97% CPU
Optimizing NNI: done in 0.012078 secs using 99.98% CPU
Optimizing NNI: done in 0.0103259 secs using 99.98% CPU
Optimizing NNI: done in 0.0131171 secs using 99.98% CPU
Optimizing NNI: done in 0.00802398 secs using 99.96% CPU
Iteration 270 / LogL: -756.645 / Time: 0h:0m:2s (0h:0m:0s left)
Optimizing NNI: done in 0.0103562 secs using 96.58% CPU
Optimizing NNI: done in 0.0150921 secs using 97.61% CPU
Optimizing NNI: done in 0.0100291 secs using 99.9% CPU
Optimizing NNI: done in 0.0104759 secs using 99.88% CPU
Optimizing NNI: done in 0.00989199 secs using 99.97% CPU
Optimizing NNI: done in 0.00995517 secs using 99.97% CPU
Optimizing NNI: done in 0.0103421 secs using 99.98% CPU
Optimizing NNI: done in 0.00781822 secs using 99.96% CPU
Optimizing NNI: done in 0.0103071 secs using 99.97% CPU
Optimizing NNI: done in 0.0122552 secs using 99.98% CPU
Iteration 280 / LogL: -729.002 / Time: 0h:0m:3s (0h:0m:0s left)
Optimizing NNI: done in 0.0129051 secs using 99.98% CPU
Optimizing NNI: done in 0.0080359 secs using 99.96% CPU
Optimizing NNI: done in 0.0130229 secs using 92.39% CPU
Optimizing NNI: done in 0.0154221 secs using 99.97% CPU
Optimizing NNI: done in 0.0109501 secs using 99.81% CPU
Optimizing NNI: done in 0.011874 secs using 99.99% CPU
Optimizing NNI: done in 0.010391 secs using 99.97% CPU
Optimizing NNI: done in 0.0102952 secs using 99.99% CPU
Optimizing NNI: done in 0.010324 secs using 99.98% CPU
Optimizing NNI: done in 0.010781 secs using 99.99% CPU
Iteration 290 / LogL: -729.770 / Time: 0h:0m:3s (0h:0m:0s left)
Optimizing NNI: done in 0.0155811 secs using 99.99% CPU
Optimizing NNI: done in 0.0103629 secs using 99.97% CPU
Optimizing NNI: done in 0.00990486 secs using 99.98% CPU
Optimizing NNI: done in 0.00974512 secs using 99.98% CPU
Optimizing NNI: done in 0.0101871 secs using 96.41% CPU
Optimizing NNI: done in 0.011055 secs using 99.84% CPU
Optimizing NNI: done in 0.00975204 secs using 99.96% CPU
Optimizing NNI: done in 0.00742388 secs using 99.97% CPU
Optimizing NNI: done in 0.00958705 secs using 99.97% CPU
Optimizing NNI: done in 0.0107331 secs using 99.98% CPU
Iteration 300 / LogL: -737.687 / Time: 0h:0m:3s (0h:0m:0s left)
Optimizing NNI: done in 0.011668 secs using 99.97% CPU
Optimizing NNI: done in 0.00958014 secs using 99.98% CPU
Optimizing NNI: done in 0.00763297 secs using 99.97% CPU
Optimizing NNI: done in 0.012584 secs using 99.98% CPU
BETTER TREE FOUND at iteration 304: -728.622
Optimizing NNI: done in 0.024857 secs using 99.96% CPU
Optimizing NNI: done in 0.0209739 secs using 99.92% CPU
Optimizing NNI: done in 0.0220749 secs using 99.98% CPU
Optimizing NNI: done in 0.016608 secs using 99.92% CPU
Optimizing NNI: done in 0.00914097 secs using 99.97% CPU
Optimizing NNI: done in 0.0150361 secs using 99.98% CPU
Iteration 310 / LogL: -729.868 / Time: 0h:0m:3s (0h:0m:1s left)
Optimizing NNI: done in 0.00721884 secs using 86.75% CPU
Optimizing NNI: done in 0.0137711 secs using 99.97% CPU
Optimizing NNI: done in 0.01425 secs using 99.99% CPU
Optimizing NNI: done in 0.00747395 secs using 99.97% CPU
Optimizing NNI: done in 0.013166 secs using 99.97% CPU
Optimizing NNI: done in 0.0137022 secs using 99.98% CPU
Optimizing NNI: done in 0.00683594 secs using 99.96% CPU
Optimizing NNI: done in 0.00785089 secs using 99.96% CPU
Optimizing NNI: done in 0.0077889 secs using 99.98% CPU
Optimizing NNI: done in 0.00782323 secs using 99.97% CPU
Iteration 320 / LogL: -732.944 / Time: 0h:0m:3s (0h:0m:0s left)
Optimizing NNI: done in 0.017065 secs using 99.98% CPU
Optimizing NNI: done in 0.00985789 secs using 99.98% CPU
Optimizing NNI: done in 0.012629 secs using 99.98% CPU
Optimizing NNI: done in 0.0104382 secs using 99.97% CPU
Optimizing NNI: done in 0.015197 secs using 99.98% CPU
Optimizing NNI: done in 0.00509906 secs using 99.98% CPU
Optimizing NNI: done in 0.0107942 secs using 99.98% CPU
Optimizing NNI: done in 0.010474 secs using 99.97% CPU
Optimizing NNI: done in 0.01001 secs using 99.97% CPU
BETTER TREE FOUND at iteration 329: -728.622
Optimizing NNI: done in 0.031317 secs using 99.95% CPU
Iteration 330 / LogL: -728.624 / Time: 0h:0m:3s (0h:0m:1s left)
Optimizing NNI: done in 0.0130038 secs using 92.2% CPU
Optimizing NNI: done in 0.00507307 secs using 99.66% CPU
Optimizing NNI: done in 0.0034368 secs using 99.95% CPU
Optimizing NNI: done in 0.010083 secs using 99.96% CPU
Optimizing NNI: done in 0.00759315 secs using 99.96% CPU
Optimizing NNI: done in 0.00990605 secs using 99.98% CPU
Optimizing NNI: done in 0.012018 secs using 99.98% CPU
Optimizing NNI: done in 0.00980306 secs using 99.98% CPU
Optimizing NNI: done in 0.010406 secs using 99.98% CPU
Optimizing NNI: done in 0.0105011 secs using 99.98% CPU
Iteration 340 / LogL: -729.867 / Time: 0h:0m:3s (0h:0m:0s left)
Optimizing NNI: done in 0.00771594 secs using 99.97% CPU
Optimizing NNI: done in 0.00500298 secs using 92.84% CPU
Optimizing NNI: done in 0.0077858 secs using 99.95% CPU
Optimizing NNI: done in 0.00775218 secs using 99.87% CPU
Optimizing NNI: done in 0.010217 secs using 99.97% CPU
Optimizing NNI: done in 0.00991416 secs using 99.97% CPU
Optimizing NNI: done in 0.00758004 secs using 99.96% CPU
Optimizing NNI: done in 0.0104489 secs using 99.97% CPU
Optimizing NNI: done in 0.0074389 secs using 99.96% CPU
Optimizing NNI: done in 0.00684094 secs using 99.88% CPU
Iteration 350 / LogL: -733.095 / Time: 0h:0m:3s (0h:0m:0s left)
Optimizing NNI: done in 0.00992084 secs using 99.98% CPU
Optimizing NNI: done in 0.0124531 secs using 99.98% CPU
Optimizing NNI: done in 0.00525308 secs using 99.96% CPU
Optimizing NNI: done in 0.0107181 secs using 99.98% CPU
Optimizing NNI: done in 0.0168221 secs using 99.98% CPU
Optimizing NNI: done in 0.0107951 secs using 99.98% CPU
Optimizing NNI: done in 0.0101602 secs using 99.97% CPU
Optimizing NNI: done in 0.00328398 secs using 99.94% CPU
Optimizing NNI: done in 0.00754714 secs using 99.97% CPU
Optimizing NNI: done in 0.00632191 secs using 99.97% CPU
Iteration 360 / LogL: -729.947 / Time: 0h:0m:3s (0h:0m:0s left)
Optimizing NNI: done in 0.00701499 secs using 99.97% CPU
Optimizing NNI: done in 0.00770712 secs using 99.96% CPU
Optimizing NNI: done in 0.0073669 secs using 99.97% CPU
Optimizing NNI: done in 0.0146148 secs using 99.88% CPU
Optimizing NNI: done in 0.00804615 secs using 99.97% CPU
Optimizing NNI: done in 0.00994492 secs using 99.98% CPU
Optimizing NNI: done in 0.00791907 secs using 99.97% CPU
Optimizing NNI: done in 0.0099659 secs using 99.98% CPU
Optimizing NNI: done in 0.015105 secs using 99.99% CPU
Optimizing NNI: done in 0.01227 secs using 99.98% CPU
Iteration 370 / LogL: -728.624 / Time: 0h:0m:4s (0h:0m:0s left)
Optimizing NNI: done in 0.00971699 secs using 99.98% CPU
Optimizing NNI: done in 0.0123279 secs using 99.98% CPU
Optimizing NNI: done in 0.0077908 secs using 99.98% CPU
Optimizing NNI: done in 0.00970507 secs using 99.97% CPU
Optimizing NNI: done in 0.017801 secs using 99.99% CPU
Optimizing NNI: done in 0.00751114 secs using 99.96% CPU
Optimizing NNI: done in 0.00997901 secs using 99.98% CPU
Optimizing NNI: done in 0.00942707 secs using 99.98% CPU
Optimizing NNI: done in 0.0119429 secs using 99.98% CPU
Optimizing NNI: done in 0.0108192 secs using 99.78% CPU
Iteration 380 / LogL: -728.624 / Time: 0h:0m:4s (0h:0m:0s left)
Optimizing NNI: done in 0.0130808 secs using 99.99% CPU
Optimizing NNI: done in 0.00756907 secs using 99.97% CPU
Optimizing NNI: done in 0.00949502 secs using 99.98% CPU
Optimizing NNI: done in 0.00756097 secs using 99.96% CPU
Optimizing NNI: done in 0.0100241 secs using 99.97% CPU
Optimizing NNI: done in 0.0144739 secs using 99.99% CPU
Optimizing NNI: done in 0.012805 secs using 99.98% CPU
Optimizing NNI: done in 0.012455 secs using 99.98% CPU
Optimizing NNI: done in 0.00673699 secs using 99.96% CPU
Optimizing NNI: done in 0.00794387 secs using 99.98% CPU
Iteration 390 / LogL: -747.107 / Time: 0h:0m:4s (0h:0m:0s left)
Optimizing NNI: done in 0.00799489 secs using 99.96% CPU
Optimizing NNI: done in 0.00669289 secs using 99.97% CPU
Optimizing NNI: done in 0.017895 secs using 99.99% CPU
Optimizing NNI: done in 0.00772619 secs using 99.96% CPU
Optimizing NNI: done in 0.0101719 secs using 99.97% CPU
Optimizing NNI: done in 0.0177751 secs using 99.99% CPU
Optimizing NNI: done in 0.00815487 secs using 99.96% CPU
Optimizing NNI: done in 0.00717807 secs using 99.76% CPU
Optimizing NNI: done in 0.01034 secs using 99.98% CPU
Optimizing NNI: done in 0.0125432 secs using 99.97% CPU
Iteration 400 / LogL: -728.624 / Time: 0h:0m:4s (0h:0m:0s left)
Optimizing NNI: done in 0.00752592 secs using 99.96% CPU
Optimizing NNI: done in 0.0136881 secs using 99.98% CPU
Optimizing NNI: done in 0.00981212 secs using 99.98% CPU
Optimizing NNI: done in 0.010303 secs using 99.98% CPU
Optimizing NNI: done in 0.015125 secs using 99.99% CPU
Optimizing NNI: done in 0.0104039 secs using 99.98% CPU
Optimizing NNI: done in 0.012711 secs using 99.98% CPU
Optimizing NNI: done in 0.0120618 secs using 99.98% CPU
Optimizing NNI: done in 0.00523186 secs using 99.96% CPU
Optimizing NNI: done in 0.00952697 secs using 99.98% CPU
Iteration 410 / LogL: -729.567 / Time: 0h:0m:4s (0h:0m:0s left)
Optimizing NNI: done in 0.00809789 secs using 99.98% CPU
Optimizing NNI: done in 0.00996614 secs using 99.97% CPU
Optimizing NNI: done in 0.00764298 secs using 99.97% CPU
Optimizing NNI: done in 0.00759816 secs using 99.96% CPU
Optimizing NNI: done in 0.0104589 secs using 99.98% CPU
Optimizing NNI: done in 0.00686407 secs using 99.72% CPU
Optimizing NNI: done in 0.0102961 secs using 99.98% CPU
Optimizing NNI: done in 0.00774503 secs using 99.97% CPU
Optimizing NNI: done in 0.00763202 secs using 99.96% CPU
BETTER TREE FOUND at iteration 419: -728.622
Optimizing NNI: done in 0.0249379 secs using 99.96% CPU
Iteration 420 / LogL: -733.383 / Time: 0h:0m:4s (0h:0m:1s left)
Optimizing NNI: done in 0.0116119 secs using 99.97% CPU
Optimizing NNI: done in 0.012713 secs using 99.98% CPU
Optimizing NNI: done in 0.00867701 secs using 99.86% CPU
Optimizing NNI: done in 0.00798297 secs using 99.96% CPU
Optimizing NNI: done in 0.00997782 secs using 99.97% CPU
Optimizing NNI: done in 0.0150008 secs using 99.84% CPU
Optimizing NNI: done in 0.00725698 secs using 99.97% CPU
Optimizing NNI: done in 0.00782514 secs using 99.96% CPU
Optimizing NNI: done in 0.00793004 secs using 99.96% CPU
Optimizing NNI: done in 0.0125589 secs using 99.98% CPU
Iteration 430 / LogL: -728.800 / Time: 0h:0m:4s (0h:0m:0s left)
Optimizing NNI: done in 0.00743914 secs using 99.97% CPU
Optimizing NNI: done in 0.00996304 secs using 99.99% CPU
Optimizing NNI: done in 0.0120709 secs using 99.98% CPU
Optimizing NNI: done in 0.00630498 secs using 99.95% CPU
Optimizing NNI: done in 0.00963402 secs using 99.98% CPU
Optimizing NNI: done in 0.00940299 secs using 99.97% CPU
Optimizing NNI: done in 0.00978684 secs using 99.98% CPU
Optimizing NNI: done in 0.007653 secs using 99.96% CPU
Optimizing NNI: done in 0.0126381 secs using 99.98% CPU
Optimizing NNI: done in 0.012336 secs using 99.98% CPU
Iteration 440 / LogL: -730.247 / Time: 0h:0m:4s (0h:0m:0s left)
Optimizing NNI: done in 0.0146918 secs using 99.99% CPU
Optimizing NNI: done in 0.00812387 secs using 99.96% CPU
Optimizing NNI: done in 0.0101819 secs using 99.98% CPU
Optimizing NNI: done in 0.0105259 secs using 99.98% CPU
Optimizing NNI: done in 0.010313 secs using 99.93% CPU
Optimizing NNI: done in 0.010118 secs using 99.98% CPU
Optimizing NNI: done in 0.010237 secs using 99.98% CPU
Optimizing NNI: done in 0.00791097 secs using 99.98% CPU
Optimizing NNI: done in 0.00736809 secs using 99.97% CPU
Optimizing NNI: done in 0.010725 secs using 99.98% CPU
Iteration 450 / LogL: -729.126 / Time: 0h:0m:4s (0h:0m:0s left)
Optimizing NNI: done in 0.00792813 secs using 99.97% CPU
Optimizing NNI: done in 0.0105958 secs using 99.98% CPU
Optimizing NNI: done in 0.00744987 secs using 99.96% CPU
Optimizing NNI: done in 0.00786781 secs using 99.98% CPU
Optimizing NNI: done in 0.00757098 secs using 99.97% CPU
Optimizing NNI: done in 0.015831 secs using 99.99% CPU
Optimizing NNI: done in 0.0125968 secs using 97.21% CPU
Optimizing NNI: done in 0.0146561 secs using 99.96% CPU
Optimizing NNI: done in 0.0096972 secs using 99.97% CPU
Optimizing NNI: done in 0.012599 secs using 99.9% CPU
Iteration 460 / LogL: -728.624 / Time: 0h:0m:5s (0h:0m:0s left)
Optimizing NNI: done in 0.00770712 secs using 99.97% CPU
Optimizing NNI: done in 0.010417 secs using 95.97% CPU
Optimizing NNI: done in 0.00750589 secs using 99.96% CPU
Optimizing NNI: done in 0.0104339 secs using 99.97% CPU
Optimizing NNI: done in 0.00998497 secs using 99.98% CPU
Optimizing NNI: done in 0.0144529 secs using 99.98% CPU
Optimizing NNI: done in 0.00809598 secs using 87.93% CPU
Optimizing NNI: done in 0.0106661 secs using 99.93% CPU
Optimizing NNI: done in 0.00976586 secs using 99.98% CPU
Optimizing NNI: done in 0.010582 secs using 99.98% CPU
Iteration 470 / LogL: -729.868 / Time: 0h:0m:5s (0h:0m:0s left)
Optimizing NNI: done in 0.010185 secs using 99.98% CPU
Optimizing NNI: done in 0.0106051 secs using 99.97% CPU
Optimizing NNI: done in 0.010335 secs using 99.98% CPU
Optimizing NNI: done in 0.0134871 secs using 99.98% CPU
Optimizing NNI: done in 0.0105641 secs using 99.97% CPU
Optimizing NNI: done in 0.00754499 secs using 99.97% CPU
Optimizing NNI: done in 0.00778508 secs using 99.97% CPU
Optimizing NNI: done in 0.00891495 secs using 99.98% CPU
Optimizing NNI: done in 0.00454307 secs using 99.95% CPU
Optimizing NNI: done in 0.00762796 secs using 99.96% CPU
Iteration 480 / LogL: -733.093 / Time: 0h:0m:5s (0h:0m:0s left)
Optimizing NNI: done in 0.00797296 secs using 99.79% CPU
Optimizing NNI: done in 0.0072999 secs using 99.96% CPU
Optimizing NNI: done in 0.0133719 secs using 99.99% CPU
Optimizing NNI: done in 0.010428 secs using 99.98% CPU
Optimizing NNI: done in 0.00908899 secs using 99.98% CPU
Optimizing NNI: done in 0.00728202 secs using 99.96% CPU
Optimizing NNI: done in 0.014894 secs using 99.99% CPU
Optimizing NNI: done in 0.00517511 secs using 99.96% CPU
Optimizing NNI: done in 0.00762987 secs using 99.98% CPU
Optimizing NNI: done in 0.00775599 secs using 99.97% CPU
Iteration 490 / LogL: -743.277 / Time: 0h:0m:5s (0h:0m:0s left)
Optimizing NNI: done in 0.0104718 secs using 99.98% CPU
Optimizing NNI: done in 0.00791693 secs using 99.96% CPU
Optimizing NNI: done in 0.0100548 secs using 99.98% CPU
Optimizing NNI: done in 0.010761 secs using 99.98% CPU
Optimizing NNI: done in 0.0104818 secs using 99.98% CPU
Optimizing NNI: done in 0.0104101 secs using 99.98% CPU
Optimizing NNI: done in 0.00973105 secs using 99.98% CPU
Optimizing NNI: done in 0.0100091 secs using 99.98% CPU
Optimizing NNI: done in 0.00893807 secs using 99.97% CPU
Optimizing NNI: done in 0.00803089 secs using 99.98% CPU
Iteration 500 / LogL: -728.623 / Time: 0h:0m:5s (0h:0m:0s left)
Optimizing NNI: done in 0.009341 secs using 89.36% CPU
Optimizing NNI: done in 0.014267 secs using 99.99% CPU
Optimizing NNI: done in 0.010442 secs using 99.97% CPU
Optimizing NNI: done in 0.010031 secs using 99.97% CPU
Optimizing NNI: done in 0.00758195 secs using 99.99% CPU
Optimizing NNI: done in 0.0124722 secs using 99.97% CPU
Optimizing NNI: done in 0.00992298 secs using 99.97% CPU
Optimizing NNI: done in 0.0077889 secs using 99.98% CPU
Optimizing NNI: done in 0.012707 secs using 99.98% CPU
Optimizing NNI: done in 0.0100629 secs using 99.98% CPU
Iteration 510 / LogL: -729.867 / Time: 0h:0m:5s (0h:0m:0s left)
Optimizing NNI: done in 0.0111632 secs using 99.99% CPU
Optimizing NNI: done in 0.00938106 secs using 99.97% CPU
Optimizing NNI: done in 0.00651312 secs using 99.95% CPU
Optimizing NNI: done in 0.011081 secs using 99.97% CPU
Optimizing NNI: done in 0.00790811 secs using 99.96% CPU
Optimizing NNI: done in 0.00340295 secs using 99.94% CPU
Optimizing NNI: done in 0.010087 secs using 99.97% CPU
Optimizing NNI: done in 0.0100091 secs using 99.98% CPU
Optimizing NNI: done in 0.0114169 secs using 99.97% CPU
Optimizing NNI: done in 0.00757408 secs using 99.97% CPU
Iteration 520 / LogL: -729.866 / Time: 0h:0m:5s (0h:0m:-1s left)
TREE SEARCH COMPLETED AFTER 520 ITERATIONS / Time: 0h:0m:5s

--------------------------------------------------------------------
|                    FINALIZING TREE SEARCH                        |
--------------------------------------------------------------------
Performs final model parameters optimization
Estimate model parameters (epsilon = 0.010)
1. Initial log-likelihood: -728.622
Optimal log-likelihood: -728.622
Rate parameters:  A-C: 1.00000  A-G: 5.39768  A-T: 1.00000  C-G: 1.00000  C-T: 5.39768  G-T: 1.00000
Base frequencies:  A: 0.151  C: 0.258  G: 0.283  T: 0.308
Gamma shape alpha: 0.321
Parameters optimization took 1 rounds (0.002 sec)
BEST SCORE FOUND : -728.622
Total tree length: 0.207

Total number of iterations: 520
CPU time used for tree search: 5.795 sec (0h:0m:5s)
Wall-clock time used for tree search: 5.635 sec (0h:0m:5s)
Total CPU time used: 5.830 sec (0h:0m:5s)
Total wall-clock time used: 5.663 sec (0h:0m:5s)

Analysis results written to: 
  IQ-TREE report:                /app/outputs/analyses/610/20250910T163211/between_sample_distances/G/clade_G_seqs.aligned.fasta.iqtree
  Maximum-likelihood tree:       /app/outputs/analyses/610/20250910T163211/between_sample_distances/G/clade_G_seqs.aligned.fasta.treefile
  Likelihood distances:          /app/outputs/analyses/610/20250910T163211/between_sample_distances/G/clade_G_seqs.aligned.fasta.mldist
  Screen log file:               /app/outputs/analyses/610/20250910T163211/between_sample_distances/G/clade_G_seqs.aligned.fasta.log

Date and Time: Wed Sep 10 11:41:41 2025
