IQ-TREE multicore version 2.2.2.3 COVID-edition for Linux 64-bit built Apr  7 2023
Developed by Bui Quang Minh, James Barbetti, Nguyen Lam Tung,
Olga Chernomor, Heiko Schmidt, Dominik Schrempf, Michael Woodhams, Ly Trong Nhan.

Host:    521ffa919bd8 (AVX512, FMA3, 62 GB RAM)
Command: iqtree -T AUTO --threads-max 2 -s /app/outputs/analyses/500/20240730T195050/between_sample_distances/B/clade_B_seqs.aligned.fasta
Seed:    553958 (Using SPRNG - Scalable Parallel Random Number Generator)
Time:    Tue Jul 30 15:01:57 2024
Kernel:  AVX+FMA - auto-detect threads (36 CPU cores detected)

Reading alignment file /app/outputs/analyses/500/20240730T195050/between_sample_distances/B/clade_B_seqs.aligned.fasta ... Fasta format detected
Reading fasta file: done in 0.0372438 secs using 95.39% CPU
Alignment most likely contains DNA/RNA sequences
Constructing alignment: done in 0.0140479 secs using 3364% CPU
Alignment has 1203 sequences with 1005 columns, 578 distinct patterns
208 parsimony-informative, 66 singleton sites, 731 constant sites
         Gap/Ambiguity  Composition  p-value
Analyzing sequences: done in 0.000154018 secs using 1419% CPU
   1  2768897   72.54%    passed     96.52%
   2  2768899   73.13%    passed     97.95%
   3  3592197   73.23%    passed     96.30%
   4  4227763   71.64%    passed     89.09%
   5  1390607   72.54%    passed     99.95%
   6  4225040   73.23%    passed     99.82%
   7  2775062   74.33%    passed     99.52%
   8  3725342   73.23%    passed     99.62%
   9  4225054   73.23%    passed     98.56%
  10  2768937   73.63%    passed     97.51%
  11  3659817   72.84%    passed     99.65%
  12  2156610   73.23%    passed     99.63%
  13  3592259   73.23%    passed     98.27%
  14  2768964   72.74%    passed     98.41%
  15  3374508   73.23%    passed     99.03%
  16  2768977   73.23%    passed     99.64%
  17  4227699   72.84%    passed     98.19%
  18  2768981   73.23%    passed     99.35%
  19  2768982   73.03%    passed     97.60%
  20  2768984   73.33%    passed     99.71%
  21  698457    73.23%    passed     94.43%
  22  4228108   72.94%    passed     97.73%
  23  53344     73.23%    passed     91.26%
  24  698464    73.33%    passed     98.25%
  25  4227703   75.62%    passed     98.81%
  26  4228110   73.43%    passed     92.79%
  27  30826     73.23%    passed     97.47%
  28  4227704   76.12%    passed     93.01%
  29  2769011   73.83%    passed     97.22%
  30  2769016   70.85%    passed     99.30%
  31  30842     73.23%    passed     99.45%
  32  3375231   73.63%    passed     99.09%
  33  30853     73.23%    passed     98.23%
  34  2769029   73.23%    passed     98.85%
  35  2543754   73.23%    passed     98.85%
  36  305292    73.23%    passed     97.36%
  37  698514    73.23%    passed     95.01%
  38  2769048   77.21%    passed     98.08%
  39  2769049   71.94%    passed     93.00%
  40  2769050   72.54%    passed     98.84%
  41  90264     73.23%    passed     99.36%
  42  4227769   73.03%    passed     99.76%
  43  4227716   73.23%    passed     95.38%
  44  4227717   73.23%    passed     95.60%
  45  303286    73.23%    passed     95.38%
  46  368824    73.23%    passed     97.14%
  47  2543800   73.23%    passed     98.56%
  48  4227719   73.23%    passed     95.62%
  49  4227720   72.14%    passed     99.41%
  50  51391     73.63%    passed     98.42%
  51  3655872   73.33%    passed     98.57%
  52  2160834   73.23%    passed     98.23%
  53  3655875   73.23%    passed     98.85%
  54  1915079   73.23%    passed     98.85%
  55  30920     73.23%    passed     99.63%
  56  2769097   73.23%    passed     99.63%
  57  3655882   73.63%    passed     98.72%
  58  3655883   73.23%    passed     99.01%
  59  3655884   74.93%    passed     98.43%
  60  4227722   73.23%    passed     90.89%
  61  4227723   73.23%    passed     89.10%
  62  1390800   73.33%    passed     98.64%
  63  2156752   75.52%    passed     91.83%
  64  4227724   73.53%    passed     98.39%
  65  4227771   70.65%    passed     93.24%
  66  4227725   73.23%    passed     94.63%
  67  3655895   73.33%    passed     97.26%
  68  3655896   73.23%    passed     93.65%
  69  4227726   73.23%    passed     92.43%
  70  3373723   75.52%    passed     97.17%
  71  53469     73.63%    passed     98.77%
  72  30942     73.23%    passed     95.43%
  73  2154720   73.13%    passed     98.84%
  74  1390817   73.23%    passed     98.27%
  75  4227727   73.23%    passed     97.47%
  76  1390819   75.52%    passed     97.82%
  77  3375761   75.52%    passed     99.34%
  78  4228136   73.23%    passed     93.37%
  79  903404    75.62%    passed     90.64%
  80  903407    73.23%    passed     97.67%
  81  903408    73.23%    passed     97.67%
  82  4227730   72.74%    passed     97.91%
  83  2154738   73.13%    passed     97.95%
  84  4228137   73.53%    passed     96.11%
  85  903412    73.63%    passed     98.34%
  86  1157364   73.63%    passed     99.97%
  87  903414    73.23%    passed     99.63%
  88  3375351   72.74%    passed     96.18%
  89  30968     73.23%    passed     97.97%
  90  4227731   73.73%    passed     99.77%
  91  4227732   75.82%    passed     98.51%
  92  4228138   72.14%    passed     96.24%
  93  2545916   73.13%    passed     97.95%
  94  903421    73.03%    passed     97.38%
  95  4227733   75.92%    passed     95.00%
  96  903425    73.73%    passed     99.04%
  97  3375361   73.23%    passed     93.65%
  98  4227734   74.93%    passed     98.38%
  99  897284    75.22%    passed     90.74%
 100  4228141   74.83%    passed     97.73%
 101  4227735   72.24%    passed     93.16%
 102  4227736   73.13%    passed     97.95%
 103  4228143   74.83%    passed     98.54%
 104  4227737   74.93%    passed     96.23%
 105  4227738   75.52%    passed     89.60%
 106  4228145   72.84%    passed     99.04%
 107  2769178   73.53%    passed     99.64%
 108  368924    73.23%    passed     98.85%
 109  4227739   74.03%    passed     95.46%
 110  4227740   73.23%    passed     93.32%
 111  1390883   73.23%    passed     96.29%
 112  1390885   74.03%    passed     98.93%
 113  4227741   73.83%    passed     98.87%
 114  1915177   73.23%    passed     98.56%
 115  432427    73.23%    passed     98.85%
 116  4228149   76.12%    passed     99.80%
 117  4228150   73.23%    passed     99.41%
 118  903478    76.12%    passed     99.22%
 119  1390905   73.13%    passed     97.60%
 120  2775357   73.23%    passed     99.63%
 121  4228153   74.83%    passed     99.74%
 122  31040     73.23%    passed     97.47%
 123  696641    73.23%    passed     98.85%
 124  3660102   73.23%    passed     86.70%
 125  90439     73.23%    passed     97.97%
 126  694600    73.23%    passed     95.62%
 127  897352    73.13%    passed     97.60%
 128  43338     73.23%    passed     97.36%
 129  696650    73.23%    passed     98.85%
 130  4227748   73.23%    passed     93.32%
 131  309582    73.23%    passed     95.38%
 132  4227749   73.13%    passed     94.66%
 133  3660113   73.23%    passed     95.06%
 134  4227750   73.23%    passed     84.32%
 135  3373403   75.52%    passed     97.89%
 136  698722    76.12%    passed     94.68%
 137  2169190   73.13%    passed     96.13%
 138  3660136   73.13%    passed     97.27%
 139  3373417   73.23%    passed     95.43%
 140  301421    73.23%    passed     98.85%
 141  1917298   73.23%    passed     98.87%
 142  291189    73.23%    passed     95.38%
 143  43383     73.23%    passed     95.60%
 144  3373435   73.23%    passed     97.08%
 145  3660156   73.13%    passed     91.91%
 146  4228165   75.42%    passed     98.72%
 147  3373438   73.23%    passed     98.75%
 148  3373442   73.23%    passed     97.40%
 149  3662211   78.51%    passed     98.59%
 150  3373446   73.23%    passed     98.74%
 151  3662214   81.59%    passed     90.92%
 152  3373448   73.43%    passed     98.50%
 153  369033    73.23%    passed     99.43%
 154  3373449   69.25%    passed     93.62%
 155  4227760   73.83%    passed     96.38%
 156  297356    73.23%    passed     99.43%
 157  3373453   69.65%    passed     94.08%
 158  4227761   73.23%    passed     97.61%
 159  698768    73.33%    passed     99.22%
 160  3373456   74.23%    passed     99.56%
 161  37529     74.13%    passed     96.85%
 162  3662227   81.59%    passed     83.10%
 163  90516     73.23%    passed     97.97%
 164  4227762   73.23%    passed     97.28%
 165  3373462   73.23%    passed     98.30%
 166  37530     72.94%    passed     96.31%
 167  2533783   73.03%    passed     97.23%
 168  3660184   74.83%    passed     99.74%
 169  3662231   77.51%    passed     98.82%
 170  3373467   73.03%    passed     99.89%
 171  3373468   73.23%    passed     98.85%
 172  3660188   72.94%    passed     98.40%
 173  3662232   78.31%    passed     94.29%
 174  3662233   78.61%    passed     96.23%
 175  3662235   78.01%    passed     99.82%
 176  1157537   73.63%    passed     99.83%
 177  3662236   81.49%    passed     87.44%
 178  3662237   81.49%    passed     93.87%
 179  3662238   81.49%    passed     93.87%
 180  3656101   73.13%    passed     99.86%
 181  4227766   73.23%    passed     93.80%
 182  3662247   78.51%    passed     88.63%
 183  51624     73.23%    passed     95.60%
 184  3662250   81.59%    passed     96.06%
 185  903596    73.23%    passed     99.43%
 186  53677     73.23%    passed     97.36%
 187  897453    73.13%    passed     97.60%
 188  4227768   73.23%    passed     98.85%
 189  4227505   73.13%    passed     93.81%
 190  4227506   73.23%    passed     91.70%
 191  2787763   73.23%    passed     94.86%
 192  4227507   73.13%    passed     93.54%
 193  4227509   73.33%    passed     98.36%
 194  4227510   73.23%    passed     99.82%
 195  4227511   73.23%    passed     99.95%
 196  4227512   73.23%    passed     98.85%
 197  63929     74.53%    passed     91.83%
 198  4227513   73.23%    passed     98.87%
 199  4227514   73.23%    passed     99.43%
 200  4227515   73.23%    passed     95.62%
 201  4227516   73.23%    passed     94.35%
 202  4227517   73.23%    passed     95.60%
 203  4227519   73.23%    passed     99.09%
 204  4227520   73.23%    passed     88.77%
 205  2787777   73.23%    passed     99.64%
 206  4227521   73.23%    passed     98.85%
 207  4227523   73.23%    passed     96.53%
 208  4227524   73.23%    passed     93.95%
 209  4227525   73.23%    passed     92.43%
 210  4227526   72.64%    passed     99.40%
 211  4227527   70.65%    passed     99.58%
 212  4227528   70.65%    passed     92.85%
 213  4227529   73.23%    passed     98.85%
 214  4227530   76.12%    passed     98.76%
 215  4227531   76.32%    passed     98.19%
 216  4227532   73.63%    passed     99.68%
 217  4227533   75.92%    passed     96.82%
 218  43470     73.23%    passed     99.63%
 219  4227535   72.34%    passed     93.14%
 220  4227536   73.23%    passed     98.56%
 221  4227537   73.23%    passed     88.77%
 222  3373522   73.23%    passed     97.61%
 223  4227538   73.33%    passed     93.91%
 224  322004    73.23%    passed     99.43%
 225  2150869   73.23%    passed     98.23%
 226  4227539   75.12%    passed     94.38%
 227  4227540   73.33%    passed     97.81%
 228  2150872   73.13%    passed     96.00%
 229  4227541   73.33%    passed     97.61%
 230  4227542   73.23%    passed     96.30%
 231  4227544   73.13%    passed     98.83%
 232  4227545   73.23%    passed     99.45%
 233  3373533   73.23%    passed     98.75%
 234  45534     73.23%    passed     99.43%
 235  4227546   75.52%    passed     95.17%
 236  4227547   73.53%    passed     98.57%
 237  4227548   71.34%    passed     97.04%
 238  4227549   72.84%    passed     99.58%
 239  4227550   72.64%    passed     96.80%
 240  61924     73.23%    passed     99.62%
 241  61925     73.23%    passed     97.23%
 242  4227555   73.23%    passed     93.80%
 243  4227556   77.11%    passed     99.05%
 244  4227557   73.33%    passed     93.34%
 245  4227558   73.33%    passed     98.36%
 246  4227559   76.62%    passed     86.38%
 247  4227560   73.23%    passed     97.61%
 248  45548     73.23%    passed     97.36%
 249  4227561   77.11%    passed     99.90%
 250  4227562   73.63%    passed     97.77%
 251  4227563   73.33%    passed     99.46%
 252  4227564   73.23%    passed     96.33%
 253  4227565   73.23%    passed     90.66%
 254  4227566   73.23%    passed     96.33%
 255  4227567   73.23%    passed     98.56%
 256  4227568   73.23%    passed     98.85%
 257  3373557   73.23%    passed     99.62%
 258  4227569   73.23%    passed     93.95%
 259  4227570   73.23%    passed     89.86%
 260  4227571   73.23%    passed     98.56%
 261  4227572   73.23%    passed     98.56%
 262  4227573   72.74%    passed     99.77%
 263  365053    73.03%    passed     97.38%
 264  43518     73.23%    passed     97.36%
 265  4227582   73.23%    passed     93.80%
 266  4227583   72.34%    passed     88.36%
 267  4227584   73.33%    passed     98.36%
 268  2167298   73.33%    passed     98.25%
 269  4227585   75.72%    passed     99.74%
 270  4227586   76.02%    passed     97.20%
 271  4227587   73.13%    passed     99.86%
 272  4227588   73.53%    passed     99.86%
 273  4227589   75.72%    passed     99.89%
 274  4227590   73.23%    passed     93.82%
 275  4227591   72.74%    passed     94.45%
 276  4227594   69.25%    passed     93.30%
 277  4227595   73.53%    passed     98.97%
 278  3373580   73.13%    passed     94.83%
 279  4227596   74.23%    passed     99.69%
 280  4227597   73.83%    passed     97.82%
 281  4227598   70.85%    passed     89.88%
 282  4227600   72.74%    passed     98.46%
 283  4227601   72.74%    passed     97.36%
 284  4227602   70.95%    passed     98.77%
 285  4227603   73.23%    passed     93.65%
 286  4227604   73.23%    passed     99.45%
 287  4227605   74.93%    passed     97.84%
 288  4227606   75.12%    passed     93.23%
 289  4227607   70.65%    passed     98.56%
 290  4227608   70.65%    passed     95.68%
 291  3373594   73.23%    passed     99.45%
 292  4227612   72.04%    passed     97.27%
 293  29213     73.23%    passed     97.47%
 294  4227613   73.23%    passed     98.10%
 295  4227614   75.52%    passed     97.82%
 296  4227615   75.62%    passed     98.95%
 297  29217     73.23%    passed     95.43%
 298  2150946   73.23%    passed     94.29%
 299  29219     73.23%    passed     99.45%
 300  4227618   72.54%    passed     99.36%
 301  29221     73.23%    passed     95.43%
 302  4227619   70.75%    passed     94.69%
 303  4227620   73.23%    passed     97.47%
 304  4227621   73.43%    passed     96.41%
 305  2533929   72.94%    passed     98.83%
 306  4227622   73.63%    passed     97.53%
 307  4227623   72.84%    passed     99.70%
 308  4227624   72.84%    passed     98.85%
 309  3654189   74.53%    passed     88.95%
 310  3654190   73.23%    passed     97.97%
 311  4227625   73.23%    passed     98.75%
 312  4227631   70.95%    passed     98.99%
 313  62001     73.23%    passed     99.62%
 314  4227632   73.63%    passed     99.96%
 315  4227634   73.23%    passed     98.87%
 316  3654196   73.13%    passed     96.97%
 317  3373621   73.23%    passed     97.97%
 318  3654197   73.23%    passed     93.80%
 319  899639    73.63%    passed     99.99%
 320  3654198   73.33%    passed     98.39%
 321  3654200   73.23%    passed     94.39%
 322  3654201   73.23%    passed     97.47%
 323  3654202   73.23%    passed     97.28%
 324  2163260   73.23%    passed     98.23%
 325  432701    73.23%    passed     97.36%
 326  3654204   73.13%    passed     93.41%
 327  3654206   73.23%    passed     99.82%
 328  3654207   73.23%    passed     83.86%
 329  4227640   72.84%    passed     98.60%
 330  3373634   73.23%    passed     89.95%
 331  4227642   75.12%    passed     99.87%
 332  4227652   73.23%    passed     95.01%
 333  4227653   73.13%    passed     97.95%
 334  4227654   74.53%    passed     88.42%
 335  4227655   73.23%    passed     90.88%
 336  4227656   73.23%    passed     84.77%
 337  3654217   73.23%    passed     98.56%
 338  4227657   73.23%    passed     91.01%
 339  895563    73.53%    passed     96.68%
 340  4227658   75.32%    passed     97.17%
 341  4227659   73.23%    passed     97.47%
 342  4227660   73.23%    passed     92.27%
 343  4227661   73.23%    passed     98.85%
 344  4227662   72.84%    passed     96.56%
 345  4227663   74.03%    passed     91.51%
 346  29266     73.33%    passed     98.27%
 347  4227664   73.23%    passed     92.27%
 348  2536020   73.43%    passed     98.50%
 349  4227665   73.23%    passed     97.47%
 350  51798     73.23%    passed     97.28%
 351  4227667   73.23%    passed     95.62%
 352  4227668   73.23%    passed     98.27%
 353  4227669   73.23%    passed     98.27%
 354  29274     73.23%    passed     98.23%
 355  29275     73.23%    passed     99.45%
 356  4227670   76.02%    passed     94.07%
 357  4227671   73.23%    passed     97.47%
 358  4227672   73.23%    passed     99.45%
 359  4227673   72.84%    passed     95.65%
 360  29280     73.23%    passed     99.45%
 361  3654241   73.73%    passed     99.45%
 362  698978    73.23%    passed     97.36%
 363  4227674   72.84%    passed     96.56%
 364  4227675   75.42%    passed     78.37%
 365  4227683   72.84%    passed     99.65%
 366  3654246   73.23%    passed     95.17%
 367  4227684   73.73%    passed     97.64%
 368  3654248   73.23%    passed     98.85%
 369  3654249   73.23%    passed     95.92%
 370  4227685   76.02%    passed     97.25%
 371  3654251   73.23%    passed     91.70%
 372  4227686   73.33%    passed     99.46%
 373  3654253   73.23%    passed     98.85%
 374  4227687   73.23%    passed     97.47%
 375  4227688   72.84%    passed     99.69%
 376  4227689   71.04%    passed     98.50%
 377  4227690   71.04%    passed     98.14%
 378  4227691   72.84%    passed     98.79%
 379  4227692   72.84%    passed     99.21%
 380  4227693   73.23%    passed     94.11%
 381  1917557   73.23%    passed     98.27%
 382  4227694   73.23%    passed     95.17%
 383  2155127   73.23%    passed     98.10%
 384  4227695   73.23%    passed     96.33%
 385  4227696   73.23%    passed     97.97%
 386  4227697   72.84%    passed     96.56%
 387  4227698   72.84%    passed     96.56%
 388  29308     73.23%    passed     99.45%
 389  4227700   72.84%    passed     93.68%
 390  4227701   73.23%    passed     89.10%
 391  4227702   72.84%    passed     95.65%
 392  3654272   74.53%    passed     93.62%
 393  3373697   73.23%    passed     97.61%
 394  4227707   73.13%    passed     97.81%
 395  4227708   72.54%    passed     99.07%
 396  4227709   73.23%    passed     97.97%
 397  68229     73.23%    passed     95.38%
 398  4227710   75.02%    passed     95.10%
 399  4227711   75.22%    passed     91.77%
 400  4227712   73.23%    passed     99.43%
 401  4227713   75.02%    passed     97.69%
 402  4227714   73.23%    passed     90.66%
 403  29323     73.23%    passed     98.23%
 404  4227715   73.23%    passed     95.01%
 405  37517     73.23%    passed     99.43%
 406  37518     73.23%    passed     99.83%
 407  4227718   73.23%    passed     95.17%
 408  37520     73.23%    passed     97.36%
 409  29329     73.23%    passed     98.23%
 410  37521     73.23%    passed     99.97%
 411  29331     73.23%    passed     95.43%
 412  29332     73.23%    passed     98.23%
 413  37522     74.33%    passed     89.31%
 414  29334     73.23%    passed     95.43%
 415  37523     73.23%    passed     97.36%
 416  29336     73.23%    passed     99.63%
 417  37524     73.23%    passed     98.27%
 418  29338     73.23%    passed     98.23%
 419  37525     73.23%    passed     99.97%
 420  37526     74.23%    passed     94.20%
 421  29341     73.23%    passed     99.45%
 422  37527     73.33%    passed     98.64%
 423  37528     72.94%    passed     97.14%
 424  37531     72.94%    passed     99.11%
 425  37532     74.33%    passed     93.06%
 426  29346     73.23%    passed     98.23%
 427  37533     73.23%    passed     97.36%
 428  37535     73.23%    passed     98.27%
 429  37540     73.13%    passed     99.41%
 430  37534     73.23%    passed     95.38%
 431  4227742   73.83%    passed     95.15%
 432  4227743   73.23%    passed     98.34%
 433  4227744   73.33%    passed     98.36%
 434  4227745   71.94%    passed     94.29%
 435  4227746   73.13%    passed     94.78%
 436  4227747   73.23%    passed     95.43%
 437  29357     73.23%    passed     98.23%
 438  29358     73.23%    passed     98.23%
 439  29359     73.23%    passed     95.43%
 440  29360     73.23%    passed     95.43%
 441  4227752   76.62%    passed     97.55%
 442  4227753   73.13%    passed     99.08%
 443  4227754   70.65%    passed     97.49%
 444  4227755   70.35%    passed     98.21%
 445  4227756   70.85%    passed     98.42%
 446  4227757   75.82%    passed     98.91%
 447  4227758   77.01%    passed     95.12%
 448  4227759   73.83%    passed     97.82%
 449  29369     73.23%    passed     95.17%
 450  37562     73.23%    passed     95.60%
 451  37563     73.23%    passed     99.45%
 452  37564     74.33%    passed     95.39%
 453  4227764   75.42%    passed     88.05%
 454  4227765   73.23%    passed     83.86%
 455  37567     73.23%    passed     98.27%
 456  4227767   75.12%    passed     99.13%
 457  37569     73.23%    passed     98.23%
 458  29378     73.23%    passed     98.23%
 459  4227770   73.83%    passed     99.52%
 460  694980    73.23%    passed     98.27%
 461  326345    73.23%    passed     97.36%
 462  4227792   73.13%    passed     99.22%
 463  4227793   74.63%    passed     99.52%
 464  4227794   73.23%    passed     99.43%
 465  29395     73.23%    passed     97.47%
 466  4227795   75.32%    passed     99.83%
 467  4227796   74.43%    passed     98.02%
 468  4227797   73.13%    passed     97.95%
 469  4227798   72.84%    passed     99.99%
 470  4227799   73.23%    passed     95.62%
 471  37593     74.33%    passed     87.93%
 472  51929     73.13%    passed     98.84%
 473  37595     73.23%    passed     95.38%
 474  3656410   72.84%    passed     99.83%
 475  4227800   74.23%    passed     99.72%
 476  23262     73.23%    passed     97.47%
 477  764639    73.23%    passed     99.64%
 478  3375840   72.24%    passed     97.62%
 479  37600     72.74%    passed     95.13%
 480  4227807   73.33%    passed     95.91%
 481  1403619   73.83%    passed     89.85%
 482  29412     73.23%    passed     98.23%
 483  37605     74.63%    passed     96.05%
 484  4227814   74.83%    passed     98.69%
 485  29415     73.23%    passed     98.23%
 486  29416     73.23%    passed     95.43%
 487  4227815   75.22%    passed     99.79%
 488  4227816   73.23%    passed     96.32%
 489  695019    73.23%    passed     97.36%
 490  4227817   74.53%    passed     96.48%
 491  4227818   73.83%    passed     98.95%
 492  4227821   73.23%    passed     94.78%
 493  2851567   73.43%    passed     96.73%
 494  29424     73.23%    passed     98.23%
 495  29425     73.23%    passed     97.47%
 496  4227823   72.34%    passed     96.59%
 497  4227824   72.34%    passed     98.09%
 498  4227825   73.63%    passed     99.07%
 499  4227826   74.73%    passed     97.11%
 500  4227827   71.94%    passed     99.48%
 501  2788079   73.23%    passed     97.36%
 502  4227828   73.13%    passed     90.81%
 503  1403641   73.53%    passed     98.40%
 504  4227829   72.84%    passed     95.18%
 505  4227830   73.03%    passed     95.89%
 506  4227831   73.13%    passed     98.83%
 507  29437     73.23%    passed     95.43%
 508  4227832   73.23%    passed     97.47%
 509  4227833   74.43%    passed     99.62%
 510  1913600   72.84%    passed     99.22%
 511  4227834   73.23%    passed     89.86%
 512  4227835   73.23%    passed     92.43%
 513  4227844   73.23%    passed     99.43%
 514  4227846   73.23%    passed     97.97%
 515  29447     73.23%    passed     95.43%
 516  432903    73.23%    passed     97.69%
 517  45833     73.23%    passed     97.69%
 518  29450     73.23%    passed     99.64%
 519  4227847   72.74%    passed     95.83%
 520  4227848   73.53%    passed     94.45%
 521  4227849   73.23%    passed     97.69%
 522  4227850   73.53%    passed     97.61%
 523  4227851   73.23%    passed     99.63%
 524  4227852   73.03%    passed     97.09%
 525  4227853   71.54%    passed     94.31%
 526  4227854   75.52%    passed     99.56%
 527  4227855   76.02%    passed     98.95%
 528  4227857   75.72%    passed     99.19%
 529  4227858   71.34%    passed     95.95%
 530  4227863   73.13%    passed     97.86%
 531  4227864   76.62%    passed     92.60%
 532  4227865   72.74%    passed     98.33%
 533  4227866   76.62%    passed     96.91%
 534  1913627   73.23%    passed     98.27%
 535  29471     73.23%    passed     98.23%
 536  29476     73.23%    passed     95.43%
 537  29479     73.23%    passed     98.23%
 538  29481     73.23%    passed     99.45%
 539  4227881   73.23%    passed     98.75%
 540  4227882   73.63%    passed     99.91%
 541  4227883   76.02%    passed     94.14%
 542  1913645   77.11%    passed     99.22%
 543  4227884   70.55%    passed     90.56%
 544  4227885   73.23%    passed     94.29%
 545  4227886   74.63%    passed     99.47%
 546  4227887   76.92%    passed     98.36%
 547  4227888   72.84%    passed     95.65%
 548  1913651   73.23%    passed     95.62%
 549  37612     73.23%    passed     97.69%
 550  3658547   71.04%    passed     97.98%
 551  4227889   73.03%    passed     97.29%
 552  29495     73.23%    passed     98.23%
 553  695008    76.12%    passed     99.48%
 554  1913657   73.23%    passed     95.17%
 555  4227892   73.13%    passed     99.44%
 556  4227896   75.22%    passed     99.95%
 557  4227897   73.13%    passed     99.41%
 558  4227901   73.93%    passed     98.53%
 559  4227902   74.43%    passed     95.43%
 560  4227903   74.73%    passed     95.51%
 561  4227904   72.84%    passed     98.85%
 562  4227905   72.84%    passed     99.70%
 563  3593026   73.23%    passed     99.82%
 564  4227906   69.35%    passed     99.49%
 565  4227907   72.84%    passed     99.46%
 566  4227908   72.84%    passed     99.81%
 567  3654471   73.23%    passed     99.97%
 568  3656523   73.13%    passed     99.34%
 569  4227916   71.04%    passed     97.45%
 570  4227919   72.84%    passed     98.85%
 571  25424     73.23%    passed     97.47%
 572  4227920   72.84%    passed     98.64%
 573  4946      73.23%    passed     98.27%
 574  4227921   75.22%    passed     92.69%
 575  4227922   73.93%    passed     95.11%
 576  4227927   72.74%    passed     98.27%
 577  4227928   73.13%    passed     99.08%
 578  4227929   73.43%    passed     97.82%
 579  4227930   73.13%    passed     97.07%
 580  4227931   73.33%    passed     99.78%
 581  4227932   73.63%    passed     99.09%
 582  4227933   72.74%    passed     98.74%
 583  4227934   74.73%    passed     96.71%
 584  4227935   74.73%    passed     96.01%
 585  4227936   72.74%    passed     97.75%
 586  4227937   73.43%    passed     99.77%
 587  4227938   73.23%    passed     97.61%
 588  4227942   70.65%    passed     97.11%
 589  4227943   75.02%    passed     97.11%
 590  4227944   70.65%    passed     97.03%
 591  695145    73.23%    passed     98.85%
 592  4227945   73.13%    passed     99.43%
 593  4227946   75.02%    passed     97.58%
 594  4227947   75.02%    passed     98.27%
 595  4227950   73.53%    passed     99.73%
 596  4227951   73.23%    passed     96.33%
 597  4227952   73.23%    passed     93.65%
 598  4227953   73.53%    passed     99.89%
 599  4227954   73.13%    passed     99.80%
 600  4227955   75.32%    passed     95.45%
 601  4227956   76.82%    passed     93.20%
 602  2775934   72.14%    passed     99.94%
 603  4227967   77.21%    passed     92.34%
 604  4227969   73.23%    passed     97.69%
 605  4227971   73.23%    passed     90.89%
 606  4227972   73.23%    passed     93.80%
 607  4227973   73.23%    passed     97.23%
 608  4227975   73.13%    passed     98.94%
 609  4227977   73.13%    passed     97.95%
 610  4227978   75.02%    passed     92.45%
 611  4227979   74.03%    passed     98.66%
 612  37772     73.13%    passed     97.60%
 613  2151308   75.32%    passed     98.65%
 614  2151309   72.94%    passed     97.04%
 615  2151311   72.84%    passed     99.81%
 616  4227981   73.23%    passed     91.01%
 617  4227984   70.65%    passed     98.56%
 618  4227985   76.62%    passed     97.14%
 619  2775955   77.21%    passed     99.49%
 620  4227986   73.33%    passed     99.97%
 621  3376021   73.23%    passed     91.01%
 622  4227987   73.03%    passed     97.38%
 623  4227988   73.33%    passed     99.58%
 624  4227989   70.75%    passed     94.21%
 625  4227990   69.75%    passed     96.09%
 626  4227992   73.33%    passed     99.71%
 627  4227993   73.23%    passed     97.92%
 628  4227994   73.23%    passed     98.56%
 629  4227995   75.12%    passed     94.40%
 630  4227997   72.04%    passed     95.91%
 631  4227998   72.74%    passed     97.69%
 632  4227999   73.63%    passed     97.25%
 633  4228000   73.63%    passed     97.18%
 634  4228001   75.12%    passed     99.42%
 635  4228003   73.43%    passed     99.23%
 636  4228004   73.23%    passed     99.82%
 637  3376037   73.23%    passed     96.30%
 638  4228005   73.23%    passed     99.49%
 639  4228006   73.33%    passed     99.63%
 640  4228007   73.23%    passed     97.47%
 641  4228008   73.23%    passed     95.40%
 642  4228009   73.23%    passed     99.93%
 643  4228010   73.23%    passed     95.40%
 644  4228011   73.23%    passed     90.80%
 645  4228012   73.33%    passed     98.25%
 646  4228013   73.23%    passed     95.40%
 647  50100     73.63%    passed     99.07%
 648  29621     73.23%    passed     98.23%
 649  4228023   73.23%    passed     96.10%
 650  4228024   72.44%    passed     97.57%
 651  4228025   74.53%    passed     91.79%
 652  4228026   73.73%    passed     98.02%
 653  4228027   74.53%    passed     91.83%
 654  3376060   73.63%    passed     99.08%
 655  4228028   73.23%    passed     99.43%
 656  4228030   73.23%    passed     93.95%
 657  4228031   76.92%    passed     91.74%
 658  29632     73.23%    passed     99.45%
 659  2773952   73.43%    passed     88.40%
 660  37826     73.23%    passed     97.67%
 661  4228032   75.52%    passed     95.99%
 662  29636     73.23%    passed     97.47%
 663  4227801   73.13%    passed     98.26%
 664  2773958   74.53%    passed     94.91%
 665  3654599   73.23%    passed     98.34%
 666  4228036   73.33%    passed     99.22%
 667  4228038   73.13%    passed     97.95%
 668  4228039   73.23%    passed     96.78%
 669  897995    73.23%    passed     90.45%
 670  3654604   72.94%    passed     94.40%
 671  4228040   77.11%    passed     98.50%
 672  29646     73.23%    passed     97.47%
 673  4228041   73.23%    passed     96.30%
 674  4228042   73.23%    passed     93.95%
 675  4228043   73.23%    passed     96.67%
 676  3171282   73.13%    passed     96.13%
 677  4228044   73.23%    passed     98.85%
 678  50132     73.23%    passed     97.47%
 679  37844     73.63%    passed     99.66%
 680  1917910   73.23%    passed     92.27%
 681  4228046   77.21%    passed     99.36%
 682  4228047   73.23%    passed     95.92%
 683  4228050   73.23%    passed     98.75%
 684  4228053   73.03%    passed     96.09%
 685  4228056   73.23%    passed     95.38%
 686  3376092   73.23%    passed     99.97%
 687  4228057   73.23%    passed     95.01%
 688  4227802   73.13%    passed     97.53%
 689  4228059   71.64%    passed     98.71%
 690  4228060   75.52%    passed     97.44%
 691  29665     73.23%    passed     98.23%
 692  44002     73.23%    passed     98.75%
 693  2776035   73.83%    passed     98.87%
 694  4228062   74.83%    passed     99.60%
 695  2167781   73.23%    passed     99.35%
 696  4228063   72.84%    passed     98.19%
 697  29671     73.23%    passed     99.45%
 698  4228064   74.03%    passed     98.57%
 699  4228065   74.53%    passed     98.85%
 700  4228070   75.82%    passed     95.99%
 701  4228071   72.54%    passed     97.57%
 702  4228072   73.03%    passed     99.90%
 703  44013     73.23%    passed     99.43%
 704  699009    73.23%    passed     97.36%
 705  4228079   72.04%    passed     98.74%
 706  29680     73.23%    passed     95.43%
 707  4228080   73.23%    passed     99.97%
 708  4228081   75.12%    passed     99.94%
 709  4228082   72.84%    passed     98.85%
 710  4228083   73.23%    passed     99.36%
 711  4228084   73.23%    passed     99.35%
 712  4228085   74.93%    passed     89.96%
 713  4227803   73.23%    passed     98.87%
 714  4228087   74.13%    passed     99.09%
 715  4228088   74.53%    passed     99.29%
 716  4228090   73.03%    passed     98.69%
 717  4228091   74.53%    passed     98.54%
 718  4228092   74.53%    passed     99.17%
 719  4228093   75.52%    passed     93.91%
 720  4228094   73.43%    passed     97.26%
 721  4228095   74.23%    passed     99.21%
 722  4228097   73.23%    passed     99.24%
 723  29698     73.23%    passed     99.45%
 724  37890     73.63%    passed     97.97%
 725  37892     74.63%    passed     88.81%
 726  4228098   73.23%    passed     97.61%
 727  4228099   75.92%    passed     98.90%
 728  4228100   73.23%    passed     95.43%
 729  4228101   73.23%    passed     99.00%
 730  4228102   73.23%    passed     89.10%
 731  37898     74.23%    passed     92.39%
 732  4228103   73.63%    passed     95.57%
 733  4228104   73.23%    passed     95.43%
 734  4228105   73.23%    passed     88.77%
 735  4228106   73.63%    passed     98.43%
 736  29711     73.23%    passed     95.43%
 737  897646    76.12%    passed     93.44%
 738  4228113   73.23%    passed     98.34%
 739  4228114   72.84%    passed     93.62%
 740  4227804   71.74%    passed     97.14%
 741  4228107   72.84%    passed     98.85%
 742  37909     73.63%    passed     99.99%
 743  4228109   73.23%    passed     99.36%
 744  3654679   73.23%    passed     99.64%
 745  4228111   72.84%    passed     97.20%
 746  4228112   73.23%    passed     97.40%
 747  4228115   75.62%    passed     99.63%
 748  4228117   76.92%    passed     93.23%
 749  4228118   75.32%    passed     99.71%
 750  4228119   73.13%    passed     98.94%
 751  4228120   73.73%    passed     99.45%
 752  4228121   73.13%    passed     98.94%
 753  4228122   73.43%    passed     96.26%
 754  4228123   74.63%    passed     99.27%
 755  4228124   73.23%    passed     99.43%
 756  4228126   69.35%    passed     98.35%
 757  4228127   72.84%    passed     98.85%
 758  4228129   70.95%    passed     95.69%
 759  4228130   75.22%    passed     99.97%
 760  89127     73.23%    passed     97.47%
 761  4228131   71.64%    passed     92.64%
 762  4227805   72.64%    passed     93.61%
 763  4228132   73.03%    passed     99.76%
 764  29739     73.23%    passed     95.43%
 765  4228134   74.83%    passed     99.56%
 766  4228135   73.23%    passed     93.93%
 767  89134     73.23%    passed     98.10%
 768  29743     73.23%    passed     98.23%
 769  37935     73.53%    passed     99.71%
 770  44079     73.63%    passed     99.99%
 771  89135     73.23%    passed     99.45%
 772  89136     73.23%    passed     99.45%
 773  4228139   73.63%    passed     98.59%
 774  4228140   73.83%    passed     99.01%
 775  3593270   73.83%    passed     91.81%
 776  4228142   73.53%    passed     98.66%
 777  29752     73.23%    passed     97.61%
 778  4228144   73.63%    passed     98.44%
 779  89146     73.23%    passed     95.17%
 780  4228146   73.53%    passed     99.38%
 781  4228147   74.83%    passed     95.79%
 782  4228148   74.83%    passed     99.40%
 783  4228158   73.13%    passed     99.44%
 784  2776127   73.23%    passed     94.43%
 785  4228151   73.53%    passed     98.68%
 786  4228152   75.62%    passed     98.95%
 787  4227806   73.23%    passed     97.97%
 788  4228154   75.52%    passed     98.49%
 789  4228155   74.53%    passed     99.77%
 790  4228156   75.92%    passed     99.86%
 791  4228159   74.73%    passed     95.53%
 792  4228160   75.52%    passed     98.00%
 793  4228161   73.33%    passed     99.22%
 794  4228163   72.04%    passed     95.73%
 795  89162     73.23%    passed     99.45%
 796  4228164   73.23%    passed     99.35%
 797  1913932   73.23%    passed     96.33%
 798  2788428   73.23%    passed     94.08%
 799  89166     73.23%    passed     97.47%
 800  2165839   72.94%    passed     96.81%
 801  3292236   73.23%    passed     99.43%
 802  3654734   73.23%    passed     93.82%
 803  4228173   76.02%    passed     99.32%
 804  308310    73.23%    passed     98.27%
 805  89179     73.23%    passed     97.47%
 806  3373494   71.54%    passed     91.25%
 807  898145    73.23%    passed     91.01%
 808  89188     73.23%    passed     95.60%
 809  89190     73.23%    passed     99.45%
 810  308327    73.23%    passed     95.38%
 811  29800     73.23%    passed     97.47%
 812  29801     73.23%    passed     97.47%
 813  29802     73.23%    passed     99.45%
 814  89192     73.23%    passed     99.63%
 815  2157671   73.03%    passed     96.26%
 816  29805     73.23%    passed     97.47%
 817  29806     73.23%    passed     97.47%
 818  89198     73.23%    passed     95.60%
 819  51922     73.13%    passed     97.47%
 820  51923     73.13%    passed     94.43%
 821  1918072   73.33%    passed     99.46%
 822  3654778   73.23%    passed     99.45%
 823  1160319   73.23%    passed     97.47%
 824  3654787   73.03%    passed     97.23%
 825  89220     73.23%    passed     99.63%
 826  46220     73.63%    passed     99.66%
 827  1160333   73.23%    passed     99.43%
 828  89233     73.23%    passed     99.45%
 829  29842     73.23%    passed     99.63%
 830  89235     73.23%    passed     97.61%
 831  4227508   71.84%    passed     97.58%
 832  29847     73.23%    passed     98.23%
 833  51930     72.64%    passed     91.88%
 834  52377     73.23%    passed     98.75%
 835  89242     73.23%    passed     98.10%
 836  3374234   73.23%    passed     99.01%
 837  308381    73.23%    passed     97.36%
 838  51931     73.23%    passed     98.10%
 839  44193     73.23%    passed     97.36%
 840  89249     73.23%    passed     97.61%
 841  693411    76.12%    passed     96.89%
 842  693415    73.33%    passed     99.71%
 843  3374248   73.13%    passed     99.86%
 844  29865     73.23%    passed     97.61%
 845  44201     73.23%    passed     98.75%
 846  72877     73.23%    passed     98.10%
 847  72879     73.23%    passed     95.60%
 848  89263     73.23%    passed     97.47%
 849  1160369   73.23%    passed     99.43%
 850  2157749   73.13%    passed     99.22%
 851  64698     75.52%    passed     96.80%
 852  89275     73.23%    passed     99.36%
 853  64702     70.55%    passed     92.06%
 854  64703     70.55%    passed     94.51%
 855  44224     72.84%    passed     98.19%
 856  89279     73.23%    passed     99.36%
 857  44226     73.23%    passed     99.43%
 858  89280     73.23%    passed     98.10%
 859  892095    73.53%    passed     99.16%
 860  1918143   73.23%    passed     99.64%
 861  44230     73.23%    passed     99.64%
 862  4227518   73.03%    passed     92.06%
 863  2774217   73.33%    passed     98.64%
 864  2165968   73.23%    passed     97.48%
 865  1897681   73.13%    passed     97.81%
 866  2151130   73.03%    passed     97.09%
 867  4227522   73.23%    passed     97.28%
 868  54493     73.23%    passed     99.63%
 869  3593437   73.23%    passed     98.34%
 870  38112     73.13%    passed     98.04%
 871  25829     73.23%    passed     97.47%
 872  3654886   73.23%    passed     95.62%
 873  2151133   73.23%    passed     97.67%
 874  3374314   75.52%    passed     99.34%
 875  89324     73.23%    passed     95.60%
 876  695533    73.23%    passed     98.85%
 877  2157810   73.23%    passed     99.63%
 878  2544882   73.23%    passed     95.62%
 879  2774258   75.32%    passed     95.21%
 880  308470    73.23%    passed     95.38%
 881  3593464   73.23%    passed     96.33%
 882  3654910   73.23%    passed     95.92%
 883  89345     73.33%    passed     98.27%
 884  1160449   73.23%    passed     99.63%
 885  29958     73.23%    passed     99.45%
 886  1160454   73.23%    passed     99.43%
 887  367890    73.23%    passed     98.65%
 888  3374355   75.52%    passed     97.17%
 889  896277    73.23%    passed     98.10%
 890  892184    79.00%    passed     87.26%
 891  2157850   73.03%    passed     97.38%
 892  2168092   73.33%    passed     95.91%
 893  40229     73.23%    passed     99.83%
 894  40230     73.23%    passed     98.41%
 895  62760     73.23%    passed     98.23%
 896  308520    73.23%    passed     99.43%
 897  62762     73.23%    passed     99.60%
 898  62764     73.13%    passed     99.85%
 899  62765     73.23%    passed     95.60%
 900  1914156   73.23%    passed     93.65%
 901  1914158   73.23%    passed     96.04%
 902  1160496   73.33%    passed     98.25%
 903  62769     73.23%    passed     94.43%
 904  2774318   73.23%    passed     97.61%
 905  1914164   73.23%    passed     98.56%
 906  914741    73.23%    passed     98.27%
 907  62774     73.63%    passed     99.61%
 908  738615    73.23%    passed     99.43%
 909  89406     73.23%    passed     97.61%
 910  3373539   73.63%    passed     93.37%
 911  62784     73.23%    passed     99.45%
 912  367944    73.63%    passed     97.15%
 913  1914185   77.11%    passed     99.07%
 914  54604     73.33%    passed     98.64%
 915  64844     75.52%    passed     98.41%
 916  1914190   72.84%    passed     99.70%
 917  89423     73.23%    passed     98.10%
 918  1914193   73.23%    passed     94.43%
 919  367955    73.23%    passed     98.65%
 920  89431     73.23%    passed     97.61%
 921  89433     73.23%    passed     97.97%
 922  89440     73.23%    passed     99.36%
 923  1402208   72.84%    passed     98.78%
 924  695650    73.23%    passed     94.43%
 925  1402209   74.13%    passed     92.33%
 926  89444     73.23%    passed     97.61%
 927  1402212   69.35%    passed     97.26%
 928  2542947   76.22%    passed     94.89%
 929  3374432   74.33%    passed     98.45%
 930  30057     73.23%    passed     99.45%
 931  30058     73.23%    passed     99.45%
 932  89449     73.23%    passed     98.10%
 933  89452     73.23%    passed     97.61%
 934  779625    73.63%    passed     99.83%
 935  4227551   73.63%    passed     98.96%
 936  30064     73.23%    passed     99.45%
 937  4227552   73.03%    passed     97.23%
 938  64886     73.33%    passed     97.17%
 939  38267     73.23%    passed     98.27%
 940  89470     73.23%    passed     97.61%
 941  3593603   73.23%    passed     98.85%
 942  64901     75.52%    passed     94.48%
 943  697738    73.23%    passed     95.38%
 944  1389962   72.64%    passed     93.25%
 945  4227819   73.23%    passed     96.10%
 946  1389972   72.94%    passed     99.11%
 947  21914     73.63%    passed     99.99%
 948  1389979   73.23%    passed     97.47%
 949  1389981   73.23%    passed     95.92%
 950  1389982   75.42%    passed     87.82%
 951  1389983   74.53%    passed     99.73%
 952  1389984   74.63%    passed     98.09%
 953  4227820   75.72%    passed     99.19%
 954  322982    73.33%    passed     96.13%
 955  1389992   73.23%    passed     99.43%
 956  30123     73.23%    passed     97.47%
 957  1389996   73.83%    passed     99.95%
 958  1389997   75.02%    passed     99.07%
 959  30126     73.23%    passed     99.45%
 960  1389998   73.53%    passed     99.86%
 961  1389999   72.84%    passed     99.99%
 962  1390000   73.53%    passed     99.98%
 963  30130     73.23%    passed     95.43%
 964  44466     73.93%    passed     99.12%
 965  1390001   73.13%    passed     99.22%
 966  1390002   73.13%    passed     99.95%
 967  1390003   70.65%    passed     98.84%
 968  1390006   73.23%    passed     98.87%
 969  3593656   73.23%    passed     98.27%
 970  52666     73.13%    passed     96.00%
 971  30139     73.23%    passed     99.45%
 972  320954    73.23%    passed     97.36%
 973  52669     73.13%    passed     97.95%
 974  52670     73.13%    passed     97.60%
 975  1390010   73.33%    passed     99.97%
 976  1390011   72.84%    passed     99.96%
 977  52673     73.03%    passed     98.69%
 978  1390014   73.73%    passed     99.99%
 979  1390015   73.63%    passed     87.02%
 980  30148     73.23%    passed     99.36%
 981  1390016   72.74%    passed     98.60%
 982  89542     73.23%    passed     99.36%
 983  367051    75.52%    passed     97.89%
 984  1390020   73.23%    passed     99.36%
 985  1390023   73.13%    passed     97.81%
 986  884172    73.23%    passed     97.61%
 987  329169    73.23%    passed     95.38%
 988  1390034   72.74%    passed     99.99%
 989  1390035   71.04%    passed     98.50%
 990  30164     73.23%    passed     97.61%
 991  30165     73.23%    passed     98.23%
 992  89556     73.23%    passed     97.61%
 993  2151022   72.94%    passed     98.29%
 994  3374547   73.23%    passed     95.75%
 995  1390041   73.13%    passed     99.41%
 996  1390038   75.02%    passed     97.58%
 997  1390042   73.63%    passed     99.09%
 998  4227980   73.53%    passed     99.65%
 999  52701     73.13%    passed     97.60%
1000  30175     73.23%    passed     99.45%
1001  3659231   72.74%    passed     99.88%
1002  1914338   73.23%    passed     99.43%
1003  64995     73.23%    passed     95.17%
1004  2158052   73.23%    passed     99.63%
1005  1914342   73.33%    passed     98.36%
1006  1390055   74.53%    passed     95.76%
1007  329192    73.23%    passed     99.43%
1008  1390058   73.23%    passed     97.67%
1009  1390060   73.23%    passed     98.85%
1010  308717    73.23%    passed     98.27%
1011  1390061   72.24%    passed     95.99%
1012  2776557   74.53%    passed     97.99%
1013  43451     73.23%    passed     95.01%
1014  1390070   73.93%    passed     99.86%
1015  1390071   76.22%    passed     98.18%
1016  1914360   73.23%    passed     97.47%
1017  3591670   73.63%    passed     97.51%
1018  1390074   72.74%    passed     95.83%
1019  3591671   76.02%    passed     99.30%
1020  3591672   73.53%    passed     99.73%
1021  3591673   73.23%    passed     95.17%
1022  3591677   74.33%    passed     87.98%
1023  1914368   73.23%    passed     95.43%
1024  22017     73.63%    passed     99.73%
1025  50692     73.43%    passed     99.17%
1026  1390092   73.23%    passed     93.82%
1027  1390095   73.83%    passed     99.95%
1028  1390097   71.04%    passed     98.03%
1029  1390099   73.43%    passed     99.91%
1030  898581    73.23%    passed     99.36%
1031  329243    73.23%    passed     97.36%
1032  2776606   73.23%    passed     98.30%
1033  1914407   73.23%    passed     92.43%
1034  2788903   73.03%    passed     96.57%
1035  3655207   73.23%    passed     99.45%
1036  3655209   73.23%    passed     98.27%
1037  29215     73.23%    passed     98.23%
1038  89644     73.13%    passed     97.95%
1039  30255     73.23%    passed     98.23%
1040  1390128   74.03%    passed     98.43%
1041  1390136   73.13%    passed     98.83%
1042  1390137   70.85%    passed     96.65%
1043  1390138   73.13%    passed     99.44%
1044  3591740   73.23%    passed     93.65%
1045  30269     73.23%    passed     97.61%
1046  89661     73.23%    passed     98.85%
1047  71231     73.23%    passed     97.47%
1048  3591741   73.23%    passed     99.93%
1049  3591749   73.23%    passed     98.27%
1050  89670     73.23%    passed     95.60%
1051  43468     73.23%    passed     98.75%
1052  89678     73.23%    passed     97.97%
1053  697937    73.23%    passed     97.36%
1054  29223     73.23%    passed     98.23%
1055  3656499   72.74%    passed     99.83%
1056  89691     73.23%    passed     97.97%
1057  37773     73.23%    passed     95.60%
1058  30312     73.23%    passed     95.60%
1059  30314     73.23%    passed     97.47%
1060  44655     73.13%    passed     98.99%
1061  1390195   75.52%    passed     98.00%
1062  1390196   73.23%    passed     99.63%
1063  1390197   75.52%    passed     97.17%
1064  2156148   73.23%    passed     94.29%
1065  1390199   73.33%    passed     98.27%
1066  1390200   73.43%    passed     98.50%
1067  1390201   74.03%    passed     98.55%
1068  2166398   73.03%    passed     97.38%
1069  2541182   73.23%    passed     98.27%
1070  89737     73.23%    passed     97.61%
1071  45516     73.63%    passed     99.99%
1072  1390227   73.03%    passed     99.29%
1073  1390229   73.13%    passed     98.94%
1074  30358     73.23%    passed     98.23%
1075  2545303   73.13%    passed     97.81%
1076  30365     73.23%    passed     97.47%
1077  30367     73.23%    passed     98.23%
1078  30370     73.23%    passed     99.45%
1079  30378     73.23%    passed     99.45%
1080  3657389   73.83%    passed     99.53%
1081  4227616   73.23%    passed     99.61%
1082  3373613   73.33%    passed     99.64%
1083  3374771   74.03%    passed     99.32%
1084  1611446   73.63%    passed     96.75%
1085  29245     73.23%    passed     98.23%
1086  304835    73.23%    passed     97.67%
1087  900804    75.22%    passed     92.69%
1088  89801     73.23%    passed     99.36%
1089  59082     73.23%    passed     97.47%
1090  59085     73.13%    passed     97.95%
1091  59086     73.13%    passed     97.60%
1092  59090     73.23%    passed     99.45%
1093  89810     73.23%    passed     99.36%
1094  89812     73.23%    passed     97.61%
1095  1403625   73.23%    passed     97.97%
1096  3593938   73.23%    passed     95.62%
1097  89817     73.23%    passed     97.69%
1098  89819     73.23%    passed     99.36%
1099  4224733   76.12%    passed     97.37%
1100  1160930   73.23%    passed     95.60%
1101  89827     73.23%    passed     97.69%
1102  4228033   76.02%    passed     99.92%
1103  30442     73.33%    passed     98.39%
1104  89835     73.23%    passed     97.61%
1105  2535148   73.33%    passed     98.25%
1106  693997    73.33%    passed     98.25%
1107  4227629   76.42%    passed     96.75%
1108  30454     73.33%    passed     98.64%
1109  30456     73.23%    passed     95.17%
1110  4227630   73.93%    passed     99.57%
1111  4228037   75.72%    passed     98.54%
1112  89854     73.23%    passed     98.10%
1113  4227635   73.23%    passed     98.34%
1114  698129    73.23%    passed     97.97%
1115  2158354   73.13%    passed     97.17%
1116  4227636   73.23%    passed     98.23%
1117  2150837   73.63%    passed     98.42%
1118  3374874   73.23%    passed     98.23%
1119  4227637   72.04%    passed     97.67%
1120  4227638   73.73%    passed     96.85%
1121  4228045   73.23%    passed     97.61%
1122  898852    73.53%    passed     99.06%
1123  4227639   73.23%    passed     98.23%
1124  59177     73.23%    passed     95.17%
1125  1390381   72.84%    passed     99.70%
1126  4227641   72.54%    passed     99.36%
1127  59183     73.23%    passed     99.36%
1128  1390384   73.33%    passed     99.82%
1129  3374903   70.35%    passed     99.39%
1130  1390392   72.94%    passed     99.62%
1131  1390393   73.03%    passed     99.89%
1132  89914     73.23%    passed     98.10%
1133  2150844   73.13%    passed     96.00%
1134  1390396   73.63%    passed     99.05%
1135  4227643   72.84%    passed     96.35%
1136  4227644   73.23%    passed     99.93%
1137  1390400   73.23%    passed     99.81%
1138  1390401   73.13%    passed     99.86%
1139  4227645   73.13%    passed     97.47%
1140  1390404   75.42%    passed     99.09%
1141  1390406   73.13%    passed     99.43%
1142  4227646   73.23%    passed     98.27%
1143  4227647   72.94%    passed     96.81%
1144  30545     73.23%    passed     99.36%
1145  1390417   70.65%    passed     98.56%
1146  4227648   74.03%    passed     99.78%
1147  30548     73.23%    passed     98.27%
1148  1390420   72.74%    passed     99.70%
1149  30550     73.23%    passed     97.61%
1150  4227649   74.03%    passed     99.79%
1151  37823     73.23%    passed     98.27%
1152  30556     73.23%    passed     98.23%
1153  1390429   73.53%    passed     99.99%
1154  2787170   73.23%    passed     99.45%
1155  22371     73.63%    passed     98.42%
1156  4224869   72.64%    passed     95.07%
1157  30572     73.23%    passed     97.47%
1158  30576     73.23%    passed     97.47%
1159  4228061   73.63%    passed     96.99%
1160  2774898   73.23%    passed     98.34%
1161  89973     73.23%    passed     97.69%
1162  3662257   81.49%    passed     77.51%
1163  89996     73.23%    passed     99.36%
1164  90000     73.23%    passed     95.62%
1165  30613     73.23%    passed     97.61%
1166  59288     76.12%    passed     98.76%
1167  2150863   73.03%    passed     97.29%
1168  90017     73.23%    passed     97.69%
1169  90019     73.23%    passed     99.36%
1170  2150865   73.23%    passed     99.63%
1171  2156453   73.13%    passed     94.66%
1172  4227666   73.23%    passed     95.62%
1173  90035     73.23%    passed     97.69%
1174  89130     73.23%    passed     99.45%
1175  90041     73.23%    passed     95.60%
1176  2150870   73.13%    passed     97.60%
1177  53194     73.23%    passed     99.43%
1178  1918925   73.23%    passed     96.30%
1179  2154450   73.13%    passed     94.43%
1180  53205     73.23%    passed     97.47%
1181  2772951   73.23%    passed     96.13%
1182  29707     73.23%    passed     97.47%
1183  2772952   73.23%    passed     99.49%
1184  2772955   73.23%    passed     96.04%
1185  2772956   73.83%    passed     98.16%
1186  2772957   73.23%    passed     97.69%
1187  30688     73.23%    passed     97.61%
1188  1468386   73.13%    passed     99.44%
1189  59364     73.33%    passed     98.27%
1190  1390564   73.33%    passed     98.27%
1191  2772968   72.84%    passed     98.19%
1192  2772969   73.83%    passed     95.15%
1193  4228086   73.23%    passed     98.27%
1194  2772977   73.13%    passed     99.41%
1195  363091    73.23%    passed     98.10%
1196  61427     73.63%    passed     99.89%
1197  2768883   75.02%    passed     99.04%
1198  2768884   70.65%    passed     97.03%
1199  2768885   72.34%    passed     99.68%
1200  4225012   73.23%    passed     99.43%
1201  2772986   74.53%    passed     94.45%
1202  319484    73.23%    passed     97.36%
1203  305150    73.23%    passed     98.27%
WARNING: 1203 sequences contain more than 50% gaps/ambiguity
****  TOTAL     73.51%  0 sequences failed composition chi2 test (p-value<5%; df=3)
Checking for duplicate sequences: done in 0.00528693 secs using 3146% CPU


Create initial parsimony tree by phylogenetic likelihood library (PLL)... 0.296 seconds
Measuring multi-threading efficiency up to 2 CPU cores
8 trees examined
Threads: 1 / Time: 2.198 sec / Speedup: 1.000 / Efficiency: 100% / LogL: -20248
Threads: 2 / Time: 1.898 sec / Speedup: 1.158 / Efficiency: 58% / LogL: -20248
Determining AUTO threadcount: done in 4.10621 secs using 302.2% CPU
BEST NUMBER OF THREADS: 2

Perform fast likelihood tree search using GTR+I+G model...
Estimate model parameters (epsilon = 5.000)
Perform nearest neighbor interchange...
Optimizing NNI: done in 9.18596 secs using 199.6% CPU
Estimate model parameters (epsilon = 1.000)
1. Initial log-likelihood: -8874.024
2. Current log-likelihood: -8870.542
3. Current log-likelihood: -8868.129
4. Current log-likelihood: -8866.397
5. Current log-likelihood: -8865.120
Optimal log-likelihood: -8864.154
Rate parameters:  A-C: 1.26272  A-G: 2.57777  A-T: 1.00160  C-G: 0.57275  C-T: 2.56821  G-T: 1.00000
Base frequencies:  A: 0.173  C: 0.266  G: 0.258  T: 0.303
Proportion of invariable sites: 0.050
Gamma shape alpha: 1.990
Parameters optimization took 5 rounds (2.169 sec)
Time for fast ML tree search: 14.644 seconds

NOTE: ModelFinder requires 227 MB RAM!
ModelFinder will test up to 484 DNA models (sample size: 1005) ...
 No. Model         -LnL         df  AIC          AICc         BIC
  1  GTR+F         8967.770     2411 22757.540    11653421.540 34602.163
  2  GTR+F+I       8952.323     2412 22728.646    11663040.646 34578.182
  3  GTR+F+G4      8859.464     2412 22542.929    11662854.929 34392.464
  4  GTR+F+I+G4    8860.413     2413 22546.826    11672510.826 34401.274
  5  GTR+F+R2      8845.038     2413 22516.076    11672480.076 34370.524
  6  GTR+F+R3      8841.524     2415 22513.048    11691793.048 34377.322
 14  GTR+F+I+R2    8843.327     2414 22514.655    11682134.655 34374.016
 15  GTR+F+I+R3    8841.776     2416 22515.553    11701459.553 34384.739
 27  SYM+R2        8862.009     2410 22544.019    11643564.019 34383.729
 28  SYM+R3        8858.162     2412 22540.325    11662852.325 34389.860
 36  SYM+I+R2      8861.306     2411 22544.612    11653208.612 34389.235
 49  TVM+F+R2      8845.013     2412 22514.026    11662826.026 34363.562
 50  TVM+F+R3      8841.518     2414 22511.035    11682131.035 34370.396
 58  TVM+F+I+R2    8843.327     2413 22512.655    11672476.655 34367.103
 71  TVMe+R2       8868.418     2409 22554.835    11633934.835 34389.633
 72  TVMe+R3       8864.356     2411 22550.711    11653214.711 34395.334
 80  TVMe+I+R2     8867.522     2410 22555.044    11643575.044 34394.754
 93  TIM3+F+R2     8855.277     2411 22532.555    11653196.555 34377.178
 94  TIM3+F+R3     8851.757     2413 22529.513    11672493.513 34383.962
102  TIM3+F+I+R2   8853.981     2412 22531.963    11662843.963 34381.499
115  TIM3e+R2      8869.631     2408 22555.262    11624299.262 34385.147
116  TIM3e+R3      8865.770     2410 22551.539    11643571.539 34391.249
124  TIM3e+I+R2    8868.876     2409 22555.751    11633935.751 34390.549
137  TIM2+F+R2     8854.526     2411 22531.052    11653195.052 34375.675
138  TIM2+F+R3     8851.183     2413 22528.366    11672492.366 34382.814
146  TIM2+F+I+R2   8853.024     2412 22530.047    11662842.047 34379.583
159  TIM2e+R2      8873.578     2408 22563.156    11624307.156 34393.041
160  TIM2e+R3      8870.035     2410 22560.069    11643580.069 34399.780
168  TIM2e+I+R2    8873.151     2409 22564.302    11633944.302 34399.100
181  TIM+F+R2      8848.987     2411 22519.974    11653183.974 34364.597
182  TIM+F+R3      8845.530     2413 22517.059    11672481.059 34371.508
190  TIM+F+I+R2    8847.849     2412 22519.699    11662831.699 34369.234
203  TIMe+R2       8864.547     2408 22545.094    11624289.094 34374.979
204  TIMe+R3       8861.021     2410 22542.042    11643562.042 34381.752
212  TIMe+I+R2     8864.059     2409 22546.119    11633926.119 34380.916
225  TPM3u+F+R2    8855.281     2410 22530.562    11643550.562 34370.272
226  TPM3u+F+R3    8851.774     2412 22527.548    11662839.548 34377.083
234  TPM3u+F+I+R2  8854.036     2411 22530.072    11653194.072 34374.695
247  TPM3+R2       8876.377     2407 22566.754    11614678.754 34391.726
248  TPM3+R3       8872.317     2409 22562.633    11633942.633 34397.431
256  TPM3+I+R2     8875.370     2408 22566.740    11624310.740 34396.624
269  TPM2u+F+R2    8854.537     2410 22529.074    11643549.074 34368.784
270  TPM2u+F+R3    8851.176     2412 22526.352    11662838.352 34375.888
278  TPM2u+F+I+R2  8853.021     2411 22528.042    11653192.042 34372.665
291  TPM2+R2       8880.180     2407 22574.360    11614686.360 34399.332
292  TPM2+R3       8876.356     2409 22570.711    11633950.711 34405.509
300  TPM2+I+R2     8879.503     2408 22575.006    11624319.006 34404.891
313  K3Pu+F+R2     8848.991     2410 22517.981    11643537.981 34357.691
314  K3Pu+F+R3     8845.540     2412 22515.080    11662827.080 34364.615
322  K3Pu+F+I+R2   8847.892     2411 22517.784    11653181.784 34362.407
335  K3P+R2        8871.428     2407 22556.856    11614668.856 34381.828
336  K3P+R3        8867.671     2409 22553.343    11633933.343 34388.140
344  K3P+I+R2      8870.644     2408 22557.288    11624301.288 34387.173
357  TN+F+R2       8857.223     2410 22534.446    11643554.446 34374.156
358  TN+F+R3       8853.834     2412 22531.667    11662843.667 34381.203
366  TN+F+I+R2     8856.138     2411 22534.275    11653198.275 34378.898
379  TNe+R2        8873.714     2407 22561.428    11614673.428 34386.400
380  TNe+R3        8870.231     2409 22558.462    11633938.462 34393.259
388  TNe+I+R2      8873.266     2408 22562.532    11624306.532 34392.417
401  HKY+F+R2      8857.225     2409 22532.451    11633912.451 34367.248
402  HKY+F+R3      8853.847     2411 22529.694    11653193.694 34374.317
410  HKY+F+I+R2    8856.182     2410 22532.365    11643552.365 34372.075
423  K2P+R2        8880.617     2406 22573.234    11605057.234 34393.293
424  K2P+R3        8876.867     2408 22569.734    11624313.734 34399.618
432  K2P+I+R2      8879.838     2407 22573.676    11614685.676 34398.648
445  F81+F+R2      8987.192     2408 22790.385    11624534.385 34620.270
446  F81+F+R3      8983.331     2410 22786.662    11643806.662 34626.372
454  F81+F+I+R2    8985.895     2409 22789.790    11634169.790 34624.587
467  JC+R2         9016.655     2405 22843.309    11595703.309 34658.456
468  JC+R3         9012.889     2407 22839.778    11614951.778 34664.750
476  JC+I+R2       9015.870     2406 22843.741    11605327.741 34663.800
Akaike Information Criterion:           TVM+F+R3
Corrected Akaike Information Criterion: JC+R2
Bayesian Information Criterion:         K3Pu+F+R2
Best-fit model: K3Pu+F+R2 chosen according to BIC

All model information printed to /app/outputs/analyses/500/20240730T195050/between_sample_distances/B/clade_B_seqs.aligned.fasta.model.gz
CPU time for ModelFinder: 773.014 seconds (0h:12m:53s)
Wall-clock time for ModelFinder: 383.610 seconds (0h:6m:23s)

NOTE: 45 MB RAM (0 GB) is required!
Estimate model parameters (epsilon = 0.100)
1. Initial log-likelihood: -8848.991
Optimal log-likelihood: -8848.970
Rate parameters:  A-C: 1.00000  A-G: 2.31531  A-T: 0.66342  C-G: 0.66342  C-T: 2.31531  G-T: 1.00000
Base frequencies:  A: 0.173  C: 0.266  G: 0.258  T: 0.303
Site proportion and rates:  (0.847,0.674) (0.153,2.797)
Parameters optimization took 1 rounds (0.473 sec)
Wrote distance file to... 
Computing ML distances based on estimated model parameters...
Calculating distance matrix: done in 1.30178 secs using 200% CPU
Computing ML distances took 1.303814 sec (of wall-clock time) 2.607498 sec (of CPU time)
Setting up auxiliary I and S matrices: done in 0.0269382 secs using 260.3% CPU
Constructing RapidNJ tree: done in 0.0903599 secs using 293.4% CPU
Computing RapidNJ tree took 0.117361 sec (of wall-clock time) 0.335947 sec (of CPU time)
Log-likelihood of RapidNJ tree: -8845.586
--------------------------------------------------------------------
|             INITIALIZING CANDIDATE TREE SET                      |
--------------------------------------------------------------------
Generating 98 parsimony trees... 22.502 second
Computing log-likelihood of 98 initial trees ... 13.588 seconds
Current best score: -8845.586

Do NNI search on 20 best initial trees
Optimizing NNI: done in 4.13343 secs using 199.3% CPU
Estimate model parameters (epsilon = 0.100)
BETTER TREE FOUND at iteration 1: -8777.464
Optimizing NNI: done in 1.10333 secs using 198.8% CPU
Optimizing NNI: done in 6.18369 secs using 199.2% CPU
Optimizing NNI: done in 4.13228 secs using 199.1% CPU
Optimizing NNI: done in 3.11677 secs using 199% CPU
Optimizing NNI: done in 4.69546 secs using 199.3% CPU
Optimizing NNI: done in 3.88347 secs using 199.2% CPU
Optimizing NNI: done in 3.33646 secs using 199.3% CPU
Optimizing NNI: done in 1.92919 secs using 198.8% CPU
Optimizing NNI: done in 6.27186 secs using 199.2% CPU
Iteration 10 / LogL: -8833.019 / Time: 0h:1m:22s
Optimizing NNI: done in 4.23154 secs using 199.1% CPU
Optimizing NNI: done in 5.97847 secs using 199.2% CPU
Optimizing NNI: done in 2.36035 secs using 199% CPU
Optimizing NNI: done in 2.30612 secs using 199.2% CPU
Optimizing NNI: done in 2.14167 secs using 199.2% CPU
Optimizing NNI: done in 2.99905 secs using 194.8% CPU
Optimizing NNI: done in 6.46268 secs using 199.2% CPU
Optimizing NNI: done in 2.57931 secs using 198.6% CPU
Optimizing NNI: done in 5.74383 secs using 199.3% CPU
Optimizing NNI: done in 8.47907 secs using 199.3% CPU
Iteration 20 / LogL: -8844.319 / Time: 0h:2m:6s
Finish initializing candidate tree set (20)
Current best tree score: -8777.464 / CPU time: 119.946
Number of iterations: 20
--------------------------------------------------------------------
|               OPTIMIZING CANDIDATE TREE SET                      |
--------------------------------------------------------------------
Optimizing NNI: done in 2.38669 secs using 199% CPU
Optimizing NNI: done in 2.85405 secs using 199% CPU
Optimizing NNI: done in 6.42517 secs using 199.2% CPU
Optimizing NNI: done in 3.71336 secs using 199% CPU
Optimizing NNI: done in 5.24911 secs using 199.2% CPU
Optimizing NNI: done in 4.59583 secs using 199.1% CPU
Optimizing NNI: done in 5.46785 secs using 198.8% CPU
Optimizing NNI: done in 4.53976 secs using 196.9% CPU
Optimizing NNI: done in 3.49509 secs using 198.9% CPU
Optimizing NNI: done in 3.71236 secs using 199% CPU
Iteration 30 / LogL: -8815.465 / Time: 0h:2m:50s (0h:6m:56s left)
Optimizing NNI: done in 3.86106 secs using 198.9% CPU
Optimizing NNI: done in 3.99909 secs using 198.8% CPU
Optimizing NNI: done in 3.16419 secs using 198.9% CPU
Optimizing NNI: done in 3.93611 secs using 198.9% CPU
Optimizing NNI: done in 2.36351 secs using 199.2% CPU
Optimizing NNI: done in 4.46209 secs using 199.2% CPU
Optimizing NNI: done in 3.85581 secs using 198.9% CPU
Optimizing NNI: done in 5.44518 secs using 199% CPU
Estimate model parameters (epsilon = 0.100)
BETTER TREE FOUND at iteration 38: -8776.934
Optimizing NNI: done in 2.97636 secs using 198.8% CPU
Optimizing NNI: done in 4.22293 secs using 199.2% CPU
Iteration 40 / LogL: -8781.885 / Time: 0h:3m:30s (0h:8m:49s left)
Optimizing NNI: done in 3.67008 secs using 199.1% CPU
Optimizing NNI: done in 3.37482 secs using 198.9% CPU
Optimizing NNI: done in 3.3884 secs using 198.6% CPU
Optimizing NNI: done in 2.42583 secs using 198.9% CPU
Optimizing NNI: done in 5.91328 secs using 198.9% CPU
Optimizing NNI: done in 3.18579 secs using 199.3% CPU
Optimizing NNI: done in 3.4939 secs using 199% CPU
Optimizing NNI: done in 5.91234 secs using 199.1% CPU
Optimizing NNI: done in 3.48376 secs using 198.9% CPU
Optimizing NNI: done in 2.72235 secs using 199% CPU
Iteration 50 / LogL: -8830.304 / Time: 0h:4m:10s (0h:7m:29s left)
Optimizing NNI: done in 5.02834 secs using 198.9% CPU
Estimate model parameters (epsilon = 0.100)
BETTER TREE FOUND at iteration 51: -8775.003
Optimizing NNI: done in 3.56675 secs using 199.2% CPU
Optimizing NNI: done in 4.86024 secs using 199.1% CPU
Optimizing NNI: done in 2.18124 secs using 199% CPU
Optimizing NNI: done in 3.37034 secs using 198.9% CPU
Optimizing NNI: done in 4.34421 secs using 199.1% CPU
Optimizing NNI: done in 4.43235 secs using 199.2% CPU
Optimizing NNI: done in 3.69118 secs using 194.9% CPU
Optimizing NNI: done in 5.70818 secs using 199% CPU
Optimizing NNI: done in 3.60843 secs using 199% CPU
Iteration 60 / LogL: -8782.214 / Time: 0h:4m:52s (0h:7m:31s left)
Optimizing NNI: done in 3.43677 secs using 199.1% CPU
Optimizing NNI: done in 3.45298 secs using 199.1% CPU
Optimizing NNI: done in 3.84303 secs using 199% CPU
Optimizing NNI: done in 3.40167 secs using 198.8% CPU
Optimizing NNI: done in 3.83448 secs using 199.2% CPU
Optimizing NNI: done in 5.39501 secs using 199.4% CPU
Optimizing NNI: done in 3.56239 secs using 198.9% CPU
Optimizing NNI: done in 3.48123 secs using 198.8% CPU
Optimizing NNI: done in 3.26748 secs using 199% CPU
Optimizing NNI: done in 2.50358 secs using 198.7% CPU
Iteration 70 / LogL: -8838.200 / Time: 0h:5m:30s (0h:6m:28s left)
Optimizing NNI: done in 3.39617 secs using 199.1% CPU
Optimizing NNI: done in 4.07137 secs using 198.9% CPU
Optimizing NNI: done in 6.24757 secs using 199.1% CPU
Optimizing NNI: done in 4.38677 secs using 199.1% CPU
Optimizing NNI: done in 3.3258 secs using 198.9% CPU
Estimate model parameters (epsilon = 0.100)
BETTER TREE FOUND at iteration 75: -8771.513
Optimizing NNI: done in 3.0832 secs using 198.9% CPU
Optimizing NNI: done in 3.29769 secs using 199.2% CPU
Optimizing NNI: done in 2.85088 secs using 198.9% CPU
Optimizing NNI: done in 2.33213 secs using 199% CPU
Optimizing NNI: done in 4.12018 secs using 199% CPU
Iteration 80 / LogL: -8796.266 / Time: 0h:6m:10s (0h:7m:24s left)
Optimizing NNI: done in 2.80207 secs using 198.9% CPU
Optimizing NNI: done in 2.63655 secs using 199.1% CPU
Optimizing NNI: done in 3.20197 secs using 198.6% CPU
Optimizing NNI: done in 3.55129 secs using 199% CPU
Optimizing NNI: done in 3.44668 secs using 198.8% CPU
Optimizing NNI: done in 5.22405 secs using 199.1% CPU
Optimizing NNI: done in 4.90714 secs using 198.9% CPU
Optimizing NNI: done in 4.64851 secs using 194.1% CPU
Optimizing NNI: done in 6.31623 secs using 199.2% CPU
Optimizing NNI: done in 3.81967 secs using 199% CPU
Iteration 90 / LogL: -8820.484 / Time: 0h:6m:52s (0h:6m:33s left)
Optimizing NNI: done in 3.59944 secs using 199.1% CPU
Optimizing NNI: done in 3.65325 secs using 199.3% CPU
Optimizing NNI: done in 3.74299 secs using 199.2% CPU
Optimizing NNI: done in 3.3299 secs using 199% CPU
Optimizing NNI: done in 3.19699 secs using 199.2% CPU
Optimizing NNI: done in 2.91348 secs using 198.8% CPU
Optimizing NNI: done in 4.4019 secs using 199.1% CPU
Optimizing NNI: done in 4.06063 secs using 199% CPU
Optimizing NNI: done in 5.78159 secs using 199.1% CPU
Optimizing NNI: done in 4.19925 secs using 199.2% CPU
Iteration 100 / LogL: -8853.188 / Time: 0h:7m:32s (0h:5m:43s left)
Optimizing NNI: done in 3.13278 secs using 198.8% CPU
Optimizing NNI: done in 3.86873 secs using 199.1% CPU
Optimizing NNI: done in 3.95696 secs using 196.8% CPU
Optimizing NNI: done in 3.75539 secs using 199.1% CPU
Optimizing NNI: done in 5.28761 secs using 198.9% CPU
Optimizing NNI: done in 3.78351 secs using 198.7% CPU
Optimizing NNI: done in 3.13251 secs using 198.7% CPU
Optimizing NNI: done in 4.42741 secs using 199% CPU
Optimizing NNI: done in 2.85399 secs using 198.9% CPU
Optimizing NNI: done in 4.92959 secs using 199.2% CPU
Iteration 110 / LogL: -8792.235 / Time: 0h:8m:13s (0h:4m:54s left)
Optimizing NNI: done in 3.39645 secs using 199% CPU
Optimizing NNI: done in 4.87893 secs using 199% CPU
Optimizing NNI: done in 4.74422 secs using 198.9% CPU
Optimizing NNI: done in 4.43151 secs using 198.7% CPU
Optimizing NNI: done in 3.81353 secs using 199% CPU
Optimizing NNI: done in 4.4125 secs using 198.6% CPU
Optimizing NNI: done in 3.28572 secs using 198.8% CPU
Optimizing NNI: done in 3.33663 secs using 199.2% CPU
Optimizing NNI: done in 3.91701 secs using 199% CPU
Optimizing NNI: done in 3.67601 secs using 198.7% CPU
Iteration 120 / LogL: -8802.876 / Time: 0h:8m:55s (0h:4m:7s left)
Optimizing NNI: done in 4.81486 secs using 199.2% CPU
Optimizing NNI: done in 3.25067 secs using 198.8% CPU
Optimizing NNI: done in 3.48568 secs using 198.9% CPU
Optimizing NNI: done in 4.25827 secs using 198.7% CPU
Optimizing NNI: done in 6.03552 secs using 199.2% CPU
Optimizing NNI: done in 4.73533 secs using 199% CPU
Optimizing NNI: done in 5.46308 secs using 198.9% CPU
Optimizing NNI: done in 4.13816 secs using 198.9% CPU
Optimizing NNI: done in 5.57191 secs using 199% CPU
Optimizing NNI: done in 2.19042 secs using 198% CPU
Iteration 130 / LogL: -8882.033 / Time: 0h:9m:41s (0h:3m:22s left)
Optimizing NNI: done in 4.2126 secs using 198.9% CPU
Optimizing NNI: done in 3.88383 secs using 199.2% CPU
Optimizing NNI: done in 3.63944 secs using 199.1% CPU
Optimizing NNI: done in 5.00449 secs using 198.9% CPU
Optimizing NNI: done in 3.6184 secs using 199.4% CPU
Optimizing NNI: done in 5.75029 secs using 198.9% CPU
Optimizing NNI: done in 2.67189 secs using 199.2% CPU
Optimizing NNI: done in 3.76278 secs using 199% CPU
Optimizing NNI: done in 4.32764 secs using 198.8% CPU
Optimizing NNI: done in 3.08102 secs using 199% CPU
Iteration 140 / LogL: -8791.685 / Time: 0h:10m:22s (0h:2m:36s left)
Optimizing NNI: done in 3.25357 secs using 198.9% CPU
Optimizing NNI: done in 3.59884 secs using 199% CPU
Optimizing NNI: done in 4.13962 secs using 198.9% CPU
Optimizing NNI: done in 3.5817 secs using 198.7% CPU
Optimizing NNI: done in 3.43589 secs using 198.8% CPU
Optimizing NNI: done in 5.2168 secs using 199% CPU
Optimizing NNI: done in 2.82619 secs using 199% CPU
Optimizing NNI: done in 4.01227 secs using 199.1% CPU
Optimizing NNI: done in 4.21866 secs using 199.1% CPU
Optimizing NNI: done in 4.83109 secs using 199.3% CPU
Estimate model parameters (epsilon = 0.100)
BETTER TREE FOUND at iteration 150: -8770.904
Iteration 150 / LogL: -8770.904 / Time: 0h:11m:3s (0h:7m:25s left)
Optimizing NNI: done in 3.71742 secs using 199.1% CPU
Optimizing NNI: done in 2.22596 secs using 198.8% CPU
Optimizing NNI: done in 5.76765 secs using 199% CPU
Optimizing NNI: done in 4.12011 secs using 199.3% CPU
Optimizing NNI: done in 7.99063 secs using 198.8% CPU
Optimizing NNI: done in 3.33269 secs using 198.7% CPU
Optimizing NNI: done in 2.82986 secs using 199.2% CPU
Optimizing NNI: done in 4.09678 secs using 199% CPU
Optimizing NNI: done in 3.3094 secs using 192.4% CPU
Optimizing NNI: done in 5.52121 secs using 199.1% CPU
Iteration 160 / LogL: -8817.050 / Time: 0h:11m:48s (0h:6m:41s left)
Optimizing NNI: done in 3.16507 secs using 198.9% CPU
Optimizing NNI: done in 4.67959 secs using 198.9% CPU
Optimizing NNI: done in 3.14416 secs using 198.9% CPU
Optimizing NNI: done in 3.84623 secs using 198.9% CPU
Optimizing NNI: done in 4.55918 secs using 199.2% CPU
Optimizing NNI: done in 2.92112 secs using 198.8% CPU
Optimizing NNI: done in 4.25472 secs using 199.5% CPU
Optimizing NNI: done in 3.8897 secs using 198.9% CPU
Optimizing NNI: done in 3.63282 secs using 198.7% CPU
Optimizing NNI: done in 3.9687 secs using 199.1% CPU
Iteration 170 / LogL: -8776.250 / Time: 0h:12m:28s (0h:5m:54s left)
Optimizing NNI: done in 3.1456 secs using 198.9% CPU
Optimizing NNI: done in 4.49412 secs using 199% CPU
Optimizing NNI: done in 3.31982 secs using 199.1% CPU
Optimizing NNI: done in 3.67082 secs using 196.4% CPU
Optimizing NNI: done in 4.05105 secs using 199% CPU
Optimizing NNI: done in 3.12232 secs using 198.9% CPU
Optimizing NNI: done in 5.11706 secs using 198.9% CPU
Optimizing NNI: done in 3.26623 secs using 198.7% CPU
Optimizing NNI: done in 2.34847 secs using 198.7% CPU
Optimizing NNI: done in 3.07363 secs using 199% CPU
Iteration 180 / LogL: -8780.074 / Time: 0h:13m:5s (0h:5m:7s left)
Optimizing NNI: done in 4.19484 secs using 199.2% CPU
Optimizing NNI: done in 3.69868 secs using 199% CPU
Optimizing NNI: done in 3.23828 secs using 199.2% CPU
Optimizing NNI: done in 3.19617 secs using 199.1% CPU
Optimizing NNI: done in 3.65168 secs using 199% CPU
Optimizing NNI: done in 3.49155 secs using 199.1% CPU
Optimizing NNI: done in 2.94757 secs using 198.8% CPU
Optimizing NNI: done in 4.88005 secs using 199.1% CPU
Optimizing NNI: done in 4.52174 secs using 199.2% CPU
Estimate model parameters (epsilon = 0.100)
BETTER TREE FOUND at iteration 189: -8768.294
Optimizing NNI: done in 2.68062 secs using 199.1% CPU
Iteration 190 / LogL: -8797.845 / Time: 0h:13m:44s (0h:7m:11s left)
Optimizing NNI: done in 2.88699 secs using 199.1% CPU
Optimizing NNI: done in 4.86051 secs using 199.3% CPU
Optimizing NNI: done in 5.31962 secs using 199.1% CPU
Optimizing NNI: done in 6.06255 secs using 199.1% CPU
Optimizing NNI: done in 4.33557 secs using 199.1% CPU
Optimizing NNI: done in 5.15784 secs using 199.1% CPU
Optimizing NNI: done in 3.64425 secs using 199.3% CPU
Optimizing NNI: done in 4.85152 secs using 198.9% CPU
Optimizing NNI: done in 3.30114 secs using 198.4% CPU
Optimizing NNI: done in 3.46069 secs using 198.9% CPU
Iteration 200 / LogL: -8811.503 / Time: 0h:14m:29s (0h:6m:29s left)
Optimizing NNI: done in 5.05535 secs using 199% CPU
Optimizing NNI: done in 4.2693 secs using 199.2% CPU
Optimizing NNI: done in 3.90406 secs using 197.2% CPU
Optimizing NNI: done in 4.51234 secs using 198.7% CPU
Optimizing NNI: done in 2.32827 secs using 199.2% CPU
Optimizing NNI: done in 4.39996 secs using 198.9% CPU
Optimizing NNI: done in 3.8454 secs using 198.9% CPU
Optimizing NNI: done in 6.78896 secs using 199.1% CPU
Optimizing NNI: done in 4.16483 secs using 199.2% CPU
Optimizing NNI: done in 3.92857 secs using 199% CPU
Iteration 210 / LogL: -8806.537 / Time: 0h:15m:14s (0h:5m:45s left)
Optimizing NNI: done in 4.87829 secs using 199.3% CPU
Optimizing NNI: done in 3.57833 secs using 199.3% CPU
Optimizing NNI: done in 3.21611 secs using 199.2% CPU
Optimizing NNI: done in 2.91967 secs using 198.4% CPU
Optimizing NNI: done in 3.74781 secs using 198.9% CPU
Optimizing NNI: done in 5.73198 secs using 199.2% CPU
Optimizing NNI: done in 3.56524 secs using 198.9% CPU
Optimizing NNI: done in 4.68624 secs using 199.3% CPU
Optimizing NNI: done in 5.07386 secs using 198.6% CPU
Optimizing NNI: done in 4.77938 secs using 199% CPU
Iteration 220 / LogL: -8785.343 / Time: 0h:15m:58s (0h:5m:2s left)
Optimizing NNI: done in 4.84068 secs using 199.1% CPU
Optimizing NNI: done in 3.07424 secs using 198.5% CPU
Optimizing NNI: done in 3.38004 secs using 199% CPU
Optimizing NNI: done in 7.01401 secs using 199% CPU
Optimizing NNI: done in 3.86988 secs using 199.3% CPU
Optimizing NNI: done in 3.50979 secs using 199.1% CPU
Optimizing NNI: done in 4.29588 secs using 199.1% CPU
Optimizing NNI: done in 3.64824 secs using 199.1% CPU
Optimizing NNI: done in 5.47454 secs using 199% CPU
Optimizing NNI: done in 4.81156 secs using 199.2% CPU
Iteration 230 / LogL: -8771.389 / Time: 0h:16m:44s (0h:4m:18s left)
Optimizing NNI: done in 5.70834 secs using 199.1% CPU
Optimizing NNI: done in 4.74568 secs using 199.2% CPU
Optimizing NNI: done in 4.60594 secs using 198.9% CPU
Optimizing NNI: done in 2.64573 secs using 199.3% CPU
Optimizing NNI: done in 4.54357 secs using 199% CPU
Optimizing NNI: done in 2.34256 secs using 198.9% CPU
Optimizing NNI: done in 9.06049 secs using 198.9% CPU
Estimate model parameters (epsilon = 0.100)
BETTER TREE FOUND at iteration 237: -8759.068
Optimizing NNI: done in 3.6324 secs using 199% CPU
Optimizing NNI: done in 3.57702 secs using 199% CPU
Optimizing NNI: done in 3.2248 secs using 198.9% CPU
Iteration 240 / LogL: -8823.158 / Time: 0h:17m:30s (0h:7m:6s left)
Optimizing NNI: done in 4.63105 secs using 199.2% CPU
Optimizing NNI: done in 3.79261 secs using 198.9% CPU
Optimizing NNI: done in 5.78441 secs using 197.2% CPU
Optimizing NNI: done in 4.50974 secs using 198.7% CPU
Optimizing NNI: done in 5.1671 secs using 199% CPU
Optimizing NNI: done in 3.1081 secs using 198.6% CPU
Optimizing NNI: done in 3.89156 secs using 198.8% CPU
Optimizing NNI: done in 3.08582 secs using 199.1% CPU
Optimizing NNI: done in 2.66022 secs using 198.8% CPU
Optimizing NNI: done in 3.47911 secs using 198.7% CPU
Iteration 250 / LogL: -8802.359 / Time: 0h:18m:12s (0h:6m:21s left)
Optimizing NNI: done in 5.51342 secs using 199.2% CPU
Optimizing NNI: done in 2.50666 secs using 198.9% CPU
Optimizing NNI: done in 2.37325 secs using 198.7% CPU
Optimizing NNI: done in 2.92979 secs using 199.2% CPU
Optimizing NNI: done in 3.65183 secs using 198.7% CPU
Optimizing NNI: done in 2.62809 secs using 199.4% CPU
Optimizing NNI: done in 3.44193 secs using 198.4% CPU
Optimizing NNI: done in 2.95079 secs using 198.8% CPU
Optimizing NNI: done in 4.17632 secs using 197.2% CPU
Optimizing NNI: done in 3.78384 secs using 198.9% CPU
Iteration 260 / LogL: -8803.631 / Time: 0h:18m:47s (0h:5m:35s left)
Optimizing NNI: done in 4.18762 secs using 198.8% CPU
Optimizing NNI: done in 2.4565 secs using 198.7% CPU
Optimizing NNI: done in 3.15074 secs using 199% CPU
Optimizing NNI: done in 3.41285 secs using 199% CPU
Optimizing NNI: done in 3.8707 secs using 198.9% CPU
Optimizing NNI: done in 3.22921 secs using 198.9% CPU
Optimizing NNI: done in 2.97907 secs using 198.9% CPU
Optimizing NNI: done in 3.83664 secs using 199.1% CPU
Optimizing NNI: done in 5.26902 secs using 199.1% CPU
Optimizing NNI: done in 3.96206 secs using 199% CPU
Iteration 270 / LogL: -8783.152 / Time: 0h:19m:25s (0h:4m:50s left)
Optimizing NNI: done in 3.32267 secs using 199.1% CPU
Optimizing NNI: done in 3.63011 secs using 199.1% CPU
Optimizing NNI: done in 3.43949 secs using 199% CPU
Optimizing NNI: done in 4.4692 secs using 198.4% CPU
Optimizing NNI: done in 4.99566 secs using 198.9% CPU
Optimizing NNI: done in 3.10508 secs using 198.7% CPU
Optimizing NNI: done in 4.90668 secs using 199.2% CPU
Optimizing NNI: done in 6.40428 secs using 199% CPU
Optimizing NNI: done in 3.9725 secs using 199% CPU
Optimizing NNI: done in 3.46133 secs using 198.8% CPU
Iteration 280 / LogL: -8820.797 / Time: 0h:20m:9s (0h:4m:7s left)
Optimizing NNI: done in 4.17405 secs using 198.9% CPU
Optimizing NNI: done in 3.84475 secs using 199.1% CPU
Optimizing NNI: done in 3.31343 secs using 198.8% CPU
Optimizing NNI: done in 5.87483 secs using 199% CPU
Optimizing NNI: done in 3.9586 secs using 199.3% CPU
Optimizing NNI: done in 4.45742 secs using 199.2% CPU
Optimizing NNI: done in 2.81403 secs using 199.2% CPU
Optimizing NNI: done in 5.40118 secs using 196.2% CPU
Optimizing NNI: done in 5.76416 secs using 199.3% CPU
Optimizing NNI: done in 3.79818 secs using 199.1% CPU
Iteration 290 / LogL: -8796.646 / Time: 0h:20m:54s (0h:3m:23s left)
Optimizing NNI: done in 4.42613 secs using 199.5% CPU
Optimizing NNI: done in 3.77216 secs using 198.8% CPU
Optimizing NNI: done in 2.92968 secs using 198.9% CPU
Optimizing NNI: done in 4.58528 secs using 198.9% CPU
Optimizing NNI: done in 3.74962 secs using 199.1% CPU
Optimizing NNI: done in 3.29451 secs using 199.1% CPU
Optimizing NNI: done in 2.35223 secs using 199.2% CPU
Optimizing NNI: done in 4.55122 secs using 199.1% CPU
Optimizing NNI: done in 5.94323 secs using 198.9% CPU
Optimizing NNI: done in 4.30216 secs using 199.4% CPU
Iteration 300 / LogL: -8772.383 / Time: 0h:21m:35s (0h:2m:40s left)
Optimizing NNI: done in 3.72797 secs using 199% CPU
Optimizing NNI: done in 3.55673 secs using 198.9% CPU
Optimizing NNI: done in 4.93066 secs using 198.9% CPU
Optimizing NNI: done in 4.13071 secs using 199.1% CPU
Optimizing NNI: done in 2.30052 secs using 199.1% CPU
Optimizing NNI: done in 3.53854 secs using 199.3% CPU
Optimizing NNI: done in 3.54849 secs using 199% CPU
Optimizing NNI: done in 3.29499 secs using 199.1% CPU
Optimizing NNI: done in 6.36589 secs using 199.3% CPU
Optimizing NNI: done in 2.74034 secs using 198.7% CPU
Iteration 310 / LogL: -8792.927 / Time: 0h:22m:15s (0h:1m:56s left)
Optimizing NNI: done in 3.2672 secs using 199.3% CPU
Optimizing NNI: done in 4.54135 secs using 198.9% CPU
Optimizing NNI: done in 3.71668 secs using 199.3% CPU
Optimizing NNI: done in 5.31268 secs using 199.3% CPU
Optimizing NNI: done in 3.27319 secs using 198.8% CPU
Optimizing NNI: done in 3.81001 secs using 199% CPU
Optimizing NNI: done in 4.15883 secs using 199.1% CPU
Optimizing NNI: done in 2.28911 secs using 199% CPU
Optimizing NNI: done in 3.02163 secs using 199.1% CPU
Optimizing NNI: done in 3.47986 secs using 198.8% CPU
Iteration 320 / LogL: -8778.374 / Time: 0h:22m:54s (0h:1m:13s left)
Optimizing NNI: done in 2.39323 secs using 199% CPU
Optimizing NNI: done in 4.3936 secs using 199.3% CPU
Optimizing NNI: done in 4.77907 secs using 199% CPU
Optimizing NNI: done in 2.72467 secs using 198.7% CPU
Optimizing NNI: done in 3.41914 secs using 199% CPU
Optimizing NNI: done in 3.63871 secs using 199.1% CPU
Optimizing NNI: done in 2.95492 secs using 198.5% CPU
Optimizing NNI: done in 3.84333 secs using 199.1% CPU
Optimizing NNI: done in 4.35978 secs using 199.1% CPU
Optimizing NNI: done in 3.18741 secs using 198.7% CPU
Iteration 330 / LogL: -8814.287 / Time: 0h:23m:31s (0h:0m:30s left)
Optimizing NNI: done in 3.57576 secs using 198.9% CPU
Optimizing NNI: done in 3.73671 secs using 199.2% CPU
Optimizing NNI: done in 4.55758 secs using 196.1% CPU
Optimizing NNI: done in 2.64165 secs using 198.8% CPU
Optimizing NNI: done in 4.84706 secs using 199.2% CPU
Optimizing NNI: done in 3.51265 secs using 198.9% CPU
Optimizing NNI: done in 3.65951 secs using 198.8% CPU
Optimizing NNI: done in 5.85794 secs using 198.9% CPU
TREE SEARCH COMPLETED AFTER 338 ITERATIONS / Time: 0h:24m:5s

--------------------------------------------------------------------
|                    FINALIZING TREE SEARCH                        |
--------------------------------------------------------------------
Performs final model parameters optimization
Estimate model parameters (epsilon = 0.010)
1. Initial log-likelihood: -8759.068
Optimal log-likelihood: -8759.064
Rate parameters:  A-C: 1.00000  A-G: 2.28375  A-T: 0.49595  C-G: 0.49595  C-T: 2.28375  G-T: 1.00000
Base frequencies:  A: 0.173  C: 0.266  G: 0.258  T: 0.303
Site proportion and rates:  (0.876,0.692) (0.124,3.171)
Parameters optimization took 1 rounds (0.391 sec)
BEST SCORE FOUND : -8759.064
Total tree length: 4.106

Total number of iterations: 338
CPU time used for tree search: 2839.033 sec (0h:47m:19s)
Wall-clock time used for tree search: 1439.324 sec (0h:23m:59s)
Total CPU time used: 2851.998 sec (0h:47m:31s)
Total wall-clock time used: 1445.875 sec (0h:24m:5s)

Analysis results written to: 
  IQ-TREE report:                /app/outputs/analyses/500/20240730T195050/between_sample_distances/B/clade_B_seqs.aligned.fasta.iqtree
  Maximum-likelihood tree:       /app/outputs/analyses/500/20240730T195050/between_sample_distances/B/clade_B_seqs.aligned.fasta.treefile
  Likelihood distances:          /app/outputs/analyses/500/20240730T195050/between_sample_distances/B/clade_B_seqs.aligned.fasta.mldist
  Screen log file:               /app/outputs/analyses/500/20240730T195050/between_sample_distances/B/clade_B_seqs.aligned.fasta.log

Date and Time: Tue Jul 30 15:32:27 2024
