IQ-TREE multicore version 2.2.2.3 COVID-edition for Linux 64-bit built Apr  7 2023
Developed by Bui Quang Minh, James Barbetti, Nguyen Lam Tung,
Olga Chernomor, Heiko Schmidt, Dominik Schrempf, Michael Woodhams, Ly Trong Nhan.

Host:    64923e67824f (AVX512, FMA3, 62 GB RAM)
Command: iqtree -T AUTO --threads-max 2 -s /app/outputs/analyses/610/20250910T163211/between_sample_distances/D/clade_D_seqs.aligned.fasta
Seed:    557196 (Using SPRNG - Scalable Parallel Random Number Generator)
Time:    Wed Sep 10 11:41:44 2025
Kernel:  AVX+FMA - auto-detect threads (36 CPU cores detected)

Reading alignment file /app/outputs/analyses/610/20250910T163211/between_sample_distances/D/clade_D_seqs.aligned.fasta ... Fasta format detected
Reading fasta file: done in 0.00157785 secs using 98.04% CPU
Alignment most likely contains DNA/RNA sequences
Constructing alignment: done in 0.00153399 secs using 1912% CPU
Alignment has 111 sequences with 263 columns, 73 distinct patterns
27 parsimony-informative, 18 singleton sites, 218 constant sites
         Gap/Ambiguity  Composition  p-value
Analyzing sequences: done in 0.000104189 secs using 3163% CPU
   1  13824      0.76%    passed     99.85%
   2  455684     0.76%    passed     99.83%
   3  10757      4.56%    passed     98.90%
   4  10759      4.56%    passed     99.74%
   5  2057       0.38%    passed     99.56%
   6  7179       0.38%    passed     99.93%
   7  13837      0.76%    passed     99.74%
   8  2582       0.76%    passed     96.72%
   9  2587       0.76%    passed     98.85%
  10  7196       0.38%    passed     99.56%
  11  2594       0.76%    passed     99.75%
  12  2595       4.56%    passed     99.86%
  13  2597       0.76%    passed     99.75%
  14  52781      8.75%    passed     97.74%
  15  2183727    0.76%    passed     98.68%
  16  2612       0.76%    passed     99.02%
  17  2102       0.38%    passed     99.14%
  18  2615       0.76%    passed     99.74%
  19  26167      0.76%    passed     99.95%
  20  16979      0.76%    passed     99.76%
  21  2131       0.76%    passed     96.72%
  22  16468      0.76%    passed     99.02%
  23  132715     0.76%    passed     99.95%
  24  7278       0.76%    passed     99.83%
  25  21103      0.76%    passed     96.72%
  26  25714      0.76%    passed     99.27%
  27  1165429    0.76%    passed     92.98%
  28  1660       0.76%    passed     99.02%
  29  52863      0.76%    passed     98.75%
  30  1668       0.76%    passed     97.43%
  31  8839       0.76%    passed     99.93%
  32  67219      0.76%    passed     99.27%
  33  19097      0.76%    passed     99.83%
  34  3377314    5.32%    passed     97.97%
  35  10403      0.76%    passed     99.95%
  36  44215      0.76%    passed     99.75%
  37  44216      0.76%    passed     99.93%
  38  44218      0.76%    passed     99.75%
  39  1725       0.76%    passed     99.59%
  40  1728       0.76%    passed     99.29%
  41  20160      0.76%    passed     98.85%
  42  1730       0.76%    passed     99.99%
  43  20161      0.76%    passed     99.75%
  44  1732       0.76%    passed     99.74%
  45  1735       0.76%    passed     99.99%
  46  1736       0.76%    passed     99.29%
  47  44233      0.76%    passed     98.75%
  48  1738       0.76%    passed     99.76%
  49  44234      0.76%    passed     99.09%
  50  1742       0.76%    passed     99.02%
  51  1458382    5.32%    passed     99.37%
  52  1751       0.76%    passed     99.85%
  53  1752       0.76%    passed     99.86%
  54  14041      0.76%    passed     96.72%
  55  1754       0.76%    passed     97.70%
  56  24284      4.94%    passed     99.65%
  57  1756       0.76%    passed     99.02%
  58  1759       0.76%    passed     98.85%
  59  1760       0.76%    passed     99.85%
  60  3296       0.76%    passed     99.59%
  61  6884       0.38%    passed     99.73%
  62  1768       0.76%    passed     98.85%
  63  3304       4.56%    passed     99.86%
  64  57578      1.14%    passed     99.33%
  65  53484      0.76%    passed     97.22%
  66  1776       0.76%    passed     99.95%
  67  1779       0.76%    passed     99.55%
  68  2308       0.38%    passed     99.95%
  69  2332       0.76%    passed     99.95%
  70  10527      4.56%    passed     99.86%
  71  104741     0.76%    passed     99.72%
  72  4932       0.76%    passed     99.02%
  73  2896       0.38%    passed     94.49%
  74  2897       0.76%    passed     98.85%
  75  853        0.76%    passed     99.99%
  76  854        0.76%    passed     99.85%
  77  855        4.56%    passed     99.56%
  78  13155      0.76%    passed     99.93%
  79  5867371    4.94%    passed     98.54%
  80  22383      0.76%    passed     99.69%
  81  22384      4.56%    passed     98.42%
  82  61295      4.56%    passed     99.18%
  83  10614      0.76%    passed     99.38%
  84  5867382    4.94%    passed     98.97%
  85  72059      1.14%    passed     99.98%
  86  25476     11.79%    passed     98.17%
  87  10634      3.80%    passed     99.70%
  88  225685     4.56%    passed     99.96%
  89  43420      4.56%    passed     98.97%
  90  43421      8.75%    passed     97.74%
  91  43424      8.75%    passed     95.37%
  92  15265      0.76%    passed     99.93%
  93  933        0.76%    passed     99.08%
  94  935        0.76%    passed     97.77%
  95  939        0.76%    passed     99.99%
  96  944        0.76%    passed     99.86%
  97  950        4.56%    passed     99.70%
  98  12730      0.76%    passed     99.85%
  99  12732      0.76%    passed     99.85%
 100  12743      0.76%    passed     99.02%
 101  25543      1.52%    passed     99.97%
 102  31183      1.52%    passed     99.87%
 103  193999     0.76%    passed     99.55%
 104  31186      1.52%    passed     99.88%
 105  131544     0.38%    passed     99.48%
 106  10201      0.76%    passed     99.86%
 107  19420      0.76%    passed     92.98%
 108  19421      0.38%    passed     98.00%
 109  19422      4.56%    passed     99.74%
 110  15847      0.76%    passed     99.76%
 111  61932      0.76%    passed     99.27%
****  TOTAL      1.71%  0 sequences failed composition chi2 test (p-value<5%; df=3)
Checking for duplicate sequences: done in 0.000885963 secs using 3273% CPU


Create initial parsimony tree by phylogenetic likelihood library (PLL)... 0.007 seconds
Measuring multi-threading efficiency up to 2 CPU cores
Increase to 10 rounds for branch lengths
97 trees examined
Threads: 1 / Time: 2.009 sec / Speedup: 1.000 / Efficiency: 100% / LogL: -1576
Threads: 2 / Time: 2.373 sec / Speedup: 0.847 / Efficiency: 42% / LogL: -1576
Determining AUTO threadcount: done in 4.38239 secs using 287.3% CPU
BEST NUMBER OF THREADS: 1

Perform fast likelihood tree search using GTR+I+G model...
Estimate model parameters (epsilon = 5.000)
Perform nearest neighbor interchange...
Optimizing NNI: done in 0.0240362 secs using 199.8% CPU
Estimate model parameters (epsilon = 1.000)
1. Initial log-likelihood: -999.029
Optimal log-likelihood: -998.946
Rate parameters:  A-C: 1.93792  A-G: 2.94705  A-T: 0.38341  C-G: 1.11358  C-T: 7.22928  G-T: 1.00000
Base frequencies:  A: 0.179  C: 0.256  G: 0.247  T: 0.318
Proportion of invariable sites: 0.439
Gamma shape alpha: 0.291
Parameters optimization took 1 rounds (0.023 sec)
Time for fast ML tree search: 0.155 seconds

NOTE: ModelFinder requires 2 MB RAM!
ModelFinder will test up to 484 DNA models (sample size: 263) ...
 No. Model         -LnL         df  AIC          AICc         BIC
  1  GTR+F         1062.075     227 2578.150     5535.635     3389.029
  2  GTR+F+I       1003.349     228 2462.697     5533.992     3277.149
  3  GTR+F+G4      1003.633     228 2463.266     5534.560     3277.717
  4  GTR+F+I+G4    998.840      229 2455.680     5647.801     3273.703
  5  GTR+F+R2      999.765      229 2457.530     5649.652     3275.554
  6  GTR+F+R3      999.651      231 2461.302     5918.850     3286.469
 14  GTR+F+I+R2    992.165      230 2444.330     5764.955     3265.925
 15  GTR+F+I+R3    991.334      232 2446.668     6050.401     3275.408
 26  SYM+I+G4      1003.207     226 2458.415     5308.526     3265.721
 27  SYM+R2        1004.779     226 2461.559     5311.670     3268.866
 36  SYM+I+R2      996.717      227 2447.434     5404.919     3258.313
 37  SYM+I+R3      996.145      229 2450.290     5642.412     3268.314
 48  TVM+F+I+G4    1002.054     228 2460.109     5531.403     3274.560
 49  TVM+F+R2      1002.612     228 2461.223     5532.517     3275.674
 58  TVM+F+I+R2    993.634      229 2445.269     5637.390     3263.292
 59  TVM+F+I+R3    992.899      231 2447.798     5905.347     3272.966
 70  TVMe+I+G4     1009.612     225 2469.224     5217.873     3272.959
 71  TVMe+R2       1010.558     225 2471.116     5219.765     3274.851
 80  TVMe+I+R2     1000.143     226 2452.287     5302.398     3259.594
 81  TVMe+I+R3     999.823      228 2455.647     5526.941     3270.098
 92  TIM3+F+I+G4   1000.178     227 2454.356     5411.842     3265.235
 93  TIM3+F+R2     1001.358     227 2456.716     5414.201     3267.595
102  TIM3+F+I+R2   993.803      228 2443.606     5514.900     3258.057
103  TIM3+F+I+R3   992.936      230 2445.872     5766.497     3267.468
114  TIM3e+I+G4    1004.785     224 2457.569     5110.201     3257.732
115  TIM3e+R2      1006.472     224 2460.944     5113.576     3261.107
124  TIM3e+I+R2    998.416      225 2446.833     5195.481     3250.567
125  TIM3e+I+R3    997.840      227 2449.681     5407.167     3260.560
136  TIM2+F+I+G4   1001.811     227 2457.623     5415.108     3268.502
137  TIM2+F+R2     1003.303     227 2460.607     5418.092     3271.486
146  TIM2+F+I+R2   995.059      228 2446.119     5517.413     3260.570
147  TIM2+F+I+R3   994.460      230 2448.920     5769.545     3270.515
158  TIM2e+I+G4    1005.652     224 2459.304     5111.936     3259.467
159  TIM2e+R2      1007.760     224 2463.519     5116.151     3263.682
168  TIM2e+I+R2    999.175      225 2448.350     5196.998     3252.084
169  TIM2e+I+R3    998.770      227 2451.540     5409.025     3262.419
180  TIM+F+I+G4    1000.411     227 2454.823     5412.308     3265.702
181  TIM+F+R2      1001.936     227 2457.872     5415.358     3268.751
190  TIM+F+I+R2    993.618      228 2443.236     5514.530     3257.687
191  TIM+F+I+R3    993.053      230 2446.107     5766.732     3267.702
202  TIMe+I+G4     1004.277     224 2456.555     5109.187     3256.717
203  TIMe+R2       1006.333     224 2460.666     5113.298     3260.829
212  TIMe+I+R2     997.779      225 2445.559     5194.207     3249.293
213  TIMe+I+R3     997.361      227 2448.722     5406.208     3259.601
224  TPM3u+F+I+G4  1003.524     226 2459.048     5309.159     3266.355
225  TPM3u+F+R2    1004.233     226 2460.466     5310.577     3267.773
234  TPM3u+F+I+R2  995.242      227 2444.484     5401.970     3255.363
235  TPM3u+F+I+R3  994.513      229 2447.026     5639.147     3265.050
246  TPM3+I+G4     1011.201     223 2468.402     5030.044     3264.993
247  TPM3+R2       1012.245     223 2470.490     5032.131     3267.080
256  TPM3+I+R2     1001.865     224 2451.730     5104.362     3251.893
257  TPM3+I+R3     1001.522     226 2455.043     5305.154     3262.350
268  TPM2u+F+I+G4  1005.310     226 2462.620     5312.731     3269.927
269  TPM2u+F+R2    1006.227     226 2464.453     5314.565     3271.760
278  TPM2u+F+I+R2  996.508      227 2447.015     5404.501     3257.894
279  TPM2u+F+I+R3  996.009      229 2450.018     5642.139     3268.041
290  TPM2+I+G4     1012.367     223 2470.734     5032.375     3267.325
291  TPM2+R2       1013.720     223 2473.441     5035.082     3270.031
300  TPM2+I+R2     1002.622     224 2453.244     5105.875     3253.406
301  TPM2+I+R3     1002.471     226 2456.942     5307.053     3264.249
312  K3Pu+F+I+G4   1003.935     226 2459.871     5309.982     3267.177
313  K3Pu+F+R2     1004.907     226 2461.814     5311.925     3269.121
322  K3Pu+F+I+R2   995.064      227 2444.127     5401.613     3255.006
323  K3Pu+F+I+R3   994.609      229 2447.219     5639.340     3265.242
334  K3P+I+G4      1010.962     223 2467.925     5029.566     3264.515
335  K3P+R2        1012.259     223 2470.519     5032.160     3267.109
344  K3P+I+R2      1001.271     224 2450.542     5103.173     3250.704
345  K3P+I+R3      1001.073     226 2454.146     5304.257     3261.453
356  TN+F+I+G4     1001.811     226 2455.621     5305.732     3262.928
357  TN+F+R2       1003.300     226 2458.600     5308.711     3265.907
366  TN+F+I+R2     995.060      227 2444.120     5401.605     3254.999
367  TN+F+I+R3     994.463      229 2446.927     5639.048     3264.950
378  TNe+I+G4      1005.773     223 2457.546     5019.187     3254.136
379  TNe+R2        1007.843     223 2461.686     5023.327     3258.276
388  TNe+I+R2      999.274      224 2446.549     5099.180     3246.711
389  TNe+I+R3      998.862      226 2449.724     5299.835     3257.030
400  HKY+F+I+G4    1005.316     225 2460.632     5209.280     3264.366
401  HKY+F+R2      1006.252     225 2462.503     5211.152     3266.238
410  HKY+F+I+R2    996.508      226 2445.015     5295.127     3252.322
411  HKY+F+I+R3    996.017      228 2448.034     5519.329     3262.486
422  K2P+I+G4      1012.468     222 2468.936     4944.236     3261.954
423  K2P+R2        1013.778     222 2471.556     4946.856     3264.574
432  K2P+I+R2      1002.761     223 2451.522     5013.163     3248.113
433  K2P+I+R3      1002.573     225 2455.146     5203.794     3258.880
444  F81+F+I+G4    1034.645     224 2517.290     5169.921     3317.452
445  F81+F+R2      1035.695     224 2519.391     5172.023     3319.553
454  F81+F+I+R2    1024.617     225 2499.234     5247.883     3302.969
455  F81+F+I+R3    1024.214     227 2502.429     5459.914     3313.308
466  JC+I+G4       1044.493     221 2530.985     4924.253     3320.431
467  JC+R2         1045.743     221 2533.485     4926.753     3322.931
476  JC+I+R2       1034.582     222 2513.164     4988.464     3306.182
477  JC+I+R3       1034.366     224 2516.733     5169.364     3316.895
Akaike Information Criterion:           TIM+F+I+R2
Corrected Akaike Information Criterion: JC+I+G4
Bayesian Information Criterion:         TNe+I+R2
Best-fit model: TNe+I+R2 chosen according to BIC

All model information printed to /app/outputs/analyses/610/20250910T163211/between_sample_distances/D/clade_D_seqs.aligned.fasta.model.gz
CPU time for ModelFinder: 24.170 seconds (0h:0m:24s)
Wall-clock time for ModelFinder: 15.051 seconds (0h:0m:15s)

NOTE: 0 MB RAM (0 GB) is required!
Estimate model parameters (epsilon = 0.100)
1. Initial log-likelihood: -999.274
Optimal log-likelihood: -999.274
Rate parameters:  A-C: 1.00000  A-G: 2.97282  A-T: 1.00000  C-G: 1.00000  C-T: 7.04094  G-T: 1.00000
Base frequencies:  A: 0.250  C: 0.250  G: 0.250  T: 0.250
Proportion of invariable sites: 0.772
Site proportion and rates:  (0.225,3.865) (0.004,33.316)
Parameters optimization took 1 rounds (0.006 sec)
Wrote distance file to... 
Computing ML distances based on estimated model parameters...
Calculating distance matrix: done in 0.034517 secs using 99.98% CPU
Computing ML distances took 0.034577 sec (of wall-clock time) 0.034573 sec (of CPU time)
Setting up auxiliary I and S matrices: done in 0.000952005 secs using 201.2% CPU
Constructing RapidNJ tree: done in 0.00186491 secs using 154.5% CPU
Computing RapidNJ tree took 0.002922 sec (of wall-clock time) 0.004899 sec (of CPU time)
Log-likelihood of RapidNJ tree: -991.711
--------------------------------------------------------------------
|             INITIALIZING CANDIDATE TREE SET                      |
--------------------------------------------------------------------
Generating 98 parsimony trees... 0.327 second
Computing log-likelihood of 98 initial trees ... 0.210 seconds
Current best score: -989.009

Do NNI search on 20 best initial trees
Optimizing NNI: done in 0.013494 secs using 99.85% CPU
Estimate model parameters (epsilon = 0.100)
BETTER TREE FOUND at iteration 1: -988.201
Optimizing NNI: done in 0.023519 secs using 99.94% CPU
Optimizing NNI: done in 0.013401 secs using 99.97% CPU
Optimizing NNI: done in 0.031543 secs using 99.99% CPU
Optimizing NNI: done in 0.0139458 secs using 99.99% CPU
Optimizing NNI: done in 0.0245631 secs using 99.98% CPU
Optimizing NNI: done in 0.013721 secs using 99.97% CPU
Optimizing NNI: done in 0.032058 secs using 99.99% CPU
Optimizing NNI: done in 0.0136118 secs using 99.97% CPU
Optimizing NNI: done in 0.0131299 secs using 99.98% CPU
Iteration 10 / LogL: -1000.060 / Time: 0h:0m:0s
Optimizing NNI: done in 0.0374601 secs using 99.99% CPU
Optimizing NNI: done in 0.0200038 secs using 99.98% CPU
Optimizing NNI: done in 0.0133471 secs using 99.98% CPU
Optimizing NNI: done in 0.0260739 secs using 99.99% CPU
Optimizing NNI: done in 0.027678 secs using 99.99% CPU
Optimizing NNI: done in 0.024632 secs using 99.99% CPU
Optimizing NNI: done in 0.013536 secs using 99.98% CPU
Optimizing NNI: done in 0.01283 secs using 99.98% CPU
Optimizing NNI: done in 0.018537 secs using 99.98% CPU
Optimizing NNI: done in 0.0137479 secs using 99.97% CPU
Iteration 20 / LogL: -1003.411 / Time: 0h:0m:1s
Finish initializing candidate tree set (20)
Current best tree score: -988.201 / CPU time: 0.984
Number of iterations: 20
--------------------------------------------------------------------
|               OPTIMIZING CANDIDATE TREE SET                      |
--------------------------------------------------------------------
Optimizing NNI: done in 0.051579 secs using 99.95% CPU
Optimizing NNI: done in 0.0333829 secs using 99.99% CPU
Optimizing NNI: done in 0.0398121 secs using 99.96% CPU
Optimizing NNI: done in 0.0409639 secs using 99.96% CPU
Optimizing NNI: done in 0.039835 secs using 99.99% CPU
Optimizing NNI: done in 0.0493898 secs using 99.99% CPU
Optimizing NNI: done in 0.0446241 secs using 99.99% CPU
Optimizing NNI: done in 0.029892 secs using 99.99% CPU
Optimizing NNI: done in 0.0530279 secs using 99.99% CPU
Estimate model parameters (epsilon = 0.100)
BETTER TREE FOUND at iteration 29: -985.776
Optimizing NNI: done in 0.0340881 secs using 99.96% CPU
Iteration 30 / LogL: -989.919 / Time: 0h:0m:1s (0h:0m:5s left)
Optimizing NNI: done in 0.0427251 secs using 99.96% CPU
Optimizing NNI: done in 0.0342631 secs using 99.94% CPU
Optimizing NNI: done in 0.044817 secs using 99.99% CPU
Optimizing NNI: done in 0.0488961 secs using 99.99% CPU
Optimizing NNI: done in 0.026207 secs using 99.96% CPU
Optimizing NNI: done in 0.0769191 secs using 100% CPU
Optimizing NNI: done in 0.078202 secs using 99.99% CPU
Optimizing NNI: done in 0.0661469 secs using 99.99% CPU
Optimizing NNI: done in 0.045912 secs using 99.99% CPU
Optimizing NNI: done in 0.062577 secs using 99.99% CPU
Iteration 40 / LogL: -985.780 / Time: 0h:0m:2s (0h:0m:4s left)
Optimizing NNI: done in 0.0514779 secs using 99.99% CPU
Optimizing NNI: done in 0.0402389 secs using 99.99% CPU
Optimizing NNI: done in 0.0386708 secs using 99.99% CPU
Optimizing NNI: done in 0.0300961 secs using 99.91% CPU
Optimizing NNI: done in 0.0652921 secs using 99.98% CPU
Optimizing NNI: done in 0.033942 secs using 99.99% CPU
Optimizing NNI: done in 0.0310588 secs using 99.92% CPU
Optimizing NNI: done in 0.043185 secs using 99.99% CPU
Optimizing NNI: done in 0.0334351 secs using 99.99% CPU
Optimizing NNI: done in 0.0370469 secs using 99.99% CPU
Iteration 50 / LogL: -992.123 / Time: 0h:0m:2s (0h:0m:4s left)
Optimizing NNI: done in 0.0390129 secs using 99.99% CPU
Optimizing NNI: done in 0.04336 secs using 99.98% CPU
Optimizing NNI: done in 0.0583599 secs using 99.99% CPU
Optimizing NNI: done in 0.074497 secs using 99.97% CPU
Optimizing NNI: done in 0.0421228 secs using 99.99% CPU
Optimizing NNI: done in 0.034095 secs using 99.99% CPU
Optimizing NNI: done in 0.0269051 secs using 99.99% CPU
Optimizing NNI: done in 0.0378771 secs using 99.99% CPU
Optimizing NNI: done in 0.0401111 secs using 99.99% CPU
Optimizing NNI: done in 0.0397501 secs using 99.99% CPU
Estimate model parameters (epsilon = 0.100)
BETTER TREE FOUND at iteration 60: -985.683
Iteration 60 / LogL: -985.683 / Time: 0h:0m:2s (0h:0m:5s left)
Optimizing NNI: done in 0.0619881 secs using 98.38% CPU
Optimizing NNI: done in 0.0409942 secs using 99.99% CPU
Optimizing NNI: done in 0.031734 secs using 99.98% CPU
Optimizing NNI: done in 0.02194 secs using 99.99% CPU
Optimizing NNI: done in 0.0643651 secs using 99.94% CPU
Optimizing NNI: done in 0.0469041 secs using 99.99% CPU
Optimizing NNI: done in 0.0318182 secs using 99.96% CPU
Optimizing NNI: done in 0.044966 secs using 99.99% CPU
Optimizing NNI: done in 0.0357671 secs using 99.96% CPU
Optimizing NNI: done in 0.0385778 secs using 99.98% CPU
Iteration 70 / LogL: -985.777 / Time: 0h:0m:3s (0h:0m:4s left)
Optimizing NNI: done in 0.045012 secs using 99.99% CPU
Optimizing NNI: done in 0.0446579 secs using 99.99% CPU
Optimizing NNI: done in 0.0325189 secs using 99.99% CPU
Optimizing NNI: done in 0.0456669 secs using 99.99% CPU
Optimizing NNI: done in 0.031163 secs using 99.99% CPU
Optimizing NNI: done in 0.033381 secs using 99.99% CPU
Optimizing NNI: done in 0.0420659 secs using 99.99% CPU
Optimizing NNI: done in 0.0458529 secs using 99.99% CPU
Optimizing NNI: done in 0.0330651 secs using 99.99% CPU
Optimizing NNI: done in 0.0393839 secs using 99.99% CPU
Iteration 80 / LogL: -995.540 / Time: 0h:0m:3s (0h:0m:3s left)
Optimizing NNI: done in 0.0355189 secs using 99.99% CPU
Optimizing NNI: done in 0.0344341 secs using 99.99% CPU
Optimizing NNI: done in 0.0317619 secs using 99.98% CPU
Optimizing NNI: done in 0.0333381 secs using 99.99% CPU
Optimizing NNI: done in 0.0409541 secs using 99.99% CPU
Optimizing NNI: done in 0.0275021 secs using 99.99% CPU
Optimizing NNI: done in 0.0205801 secs using 99.98% CPU
Optimizing NNI: done in 0.0344021 secs using 99.99% CPU
Optimizing NNI: done in 0.0329039 secs using 99.99% CPU
Optimizing NNI: done in 0.0415158 secs using 99.98% CPU
Iteration 90 / LogL: -990.845 / Time: 0h:0m:4s (0h:0m:3s left)
Optimizing NNI: done in 0.0268891 secs using 99.99% CPU
Optimizing NNI: done in 0.0320311 secs using 99.99% CPU
Optimizing NNI: done in 0.0307078 secs using 99.99% CPU
Optimizing NNI: done in 0.0390692 secs using 99.99% CPU
Optimizing NNI: done in 0.033282 secs using 99.99% CPU
Optimizing NNI: done in 0.0282638 secs using 99.99% CPU
Optimizing NNI: done in 0.044579 secs using 99.99% CPU
Optimizing NNI: done in 0.033963 secs using 99.99% CPU
Optimizing NNI: done in 0.033725 secs using 99.99% CPU
Optimizing NNI: done in 0.0470119 secs using 99.99% CPU
Iteration 100 / LogL: -985.782 / Time: 0h:0m:4s (0h:0m:2s left)
Optimizing NNI: done in 0.0519302 secs using 99.99% CPU
Optimizing NNI: done in 0.0273581 secs using 99.99% CPU
Optimizing NNI: done in 0.0440919 secs using 100% CPU
Optimizing NNI: done in 0.0452759 secs using 99.99% CPU
Optimizing NNI: done in 0.037977 secs using 99.99% CPU
Optimizing NNI: done in 0.0274429 secs using 96.48% CPU
Optimizing NNI: done in 0.0315471 secs using 99.96% CPU
Optimizing NNI: done in 0.041497 secs using 99.99% CPU
Optimizing NNI: done in 0.0313771 secs using 99.99% CPU
Optimizing NNI: done in 0.0349979 secs using 99.99% CPU
Iteration 110 / LogL: -985.785 / Time: 0h:0m:4s (0h:0m:2s left)
Optimizing NNI: done in 0.0391881 secs using 99.99% CPU
Optimizing NNI: done in 0.0401628 secs using 100% CPU
Optimizing NNI: done in 0.040055 secs using 99.99% CPU
Optimizing NNI: done in 0.0465 secs using 99.99% CPU
Optimizing NNI: done in 0.0659978 secs using 99.97% CPU
Optimizing NNI: done in 0.0473781 secs using 99.97% CPU
Optimizing NNI: done in 0.046725 secs using 99.99% CPU
Optimizing NNI: done in 0.039557 secs using 99.99% CPU
Optimizing NNI: done in 0.0442681 secs using 99.99% CPU
Optimizing NNI: done in 0.048671 secs using 99.97% CPU
Iteration 120 / LogL: -991.672 / Time: 0h:0m:5s (0h:0m:1s left)
Optimizing NNI: done in 0.026386 secs using 99.99% CPU
Optimizing NNI: done in 0.037477 secs using 99.99% CPU
Optimizing NNI: done in 0.0323489 secs using 99.99% CPU
Optimizing NNI: done in 0.0396359 secs using 99.99% CPU
Optimizing NNI: done in 0.0477228 secs using 99.99% CPU
Optimizing NNI: done in 0.04373 secs using 99.99% CPU
Optimizing NNI: done in 0.047636 secs using 99.99% CPU
Optimizing NNI: done in 0.036166 secs using 99.99% CPU
Optimizing NNI: done in 0.0361829 secs using 99.99% CPU
BETTER TREE FOUND at iteration 129: -985.677
Optimizing NNI: done in 0.0465119 secs using 99.96% CPU
Iteration 130 / LogL: -985.790 / Time: 0h:0m:5s (0h:0m:4s left)
Optimizing NNI: done in 0.0512879 secs using 100% CPU
Optimizing NNI: done in 0.048229 secs using 99.99% CPU
Optimizing NNI: done in 0.050431 secs using 99.99% CPU
Optimizing NNI: done in 0.032393 secs using 99.99% CPU
Optimizing NNI: done in 0.0270181 secs using 99.99% CPU
Optimizing NNI: done in 0.0517321 secs using 99.98% CPU
Optimizing NNI: done in 0.0384109 secs using 99.97% CPU
Optimizing NNI: done in 0.0501239 secs using 99.99% CPU
Optimizing NNI: done in 0.0209041 secs using 99.99% CPU
Optimizing NNI: done in 0.041081 secs using 99.99% CPU
Iteration 140 / LogL: -985.688 / Time: 0h:0m:6s (0h:0m:4s left)
Optimizing NNI: done in 0.0455718 secs using 100% CPU
Optimizing NNI: done in 0.0270319 secs using 99.99% CPU
Optimizing NNI: done in 0.0320079 secs using 99.99% CPU
Optimizing NNI: done in 0.036617 secs using 99.99% CPU
Optimizing NNI: done in 0.056721 secs using 99.96% CPU
Optimizing NNI: done in 0.031013 secs using 99.99% CPU
Optimizing NNI: done in 0.0473261 secs using 100% CPU
Estimate model parameters (epsilon = 0.100)
BETTER TREE FOUND at iteration 147: -985.660
Optimizing NNI: done in 0.0426428 secs using 99.98% CPU
Optimizing NNI: done in 0.038975 secs using 99.99% CPU
Optimizing NNI: done in 0.0337629 secs using 99.99% CPU
Iteration 150 / LogL: -993.560 / Time: 0h:0m:6s (0h:0m:4s left)
Optimizing NNI: done in 0.037647 secs using 99.99% CPU
Optimizing NNI: done in 0.0513611 secs using 99.99% CPU
Estimate model parameters (epsilon = 0.100)
BETTER TREE FOUND at iteration 152: -983.621
Optimizing NNI: done in 0.049824 secs using 99.99% CPU
Optimizing NNI: done in 0.0498929 secs using 99.99% CPU
Optimizing NNI: done in 0.0308418 secs using 99.99% CPU
Optimizing NNI: done in 0.0413721 secs using 99.99% CPU
Optimizing NNI: done in 0.033988 secs using 99.93% CPU
Optimizing NNI: done in 0.049371 secs using 99.99% CPU
Optimizing NNI: done in 0.042227 secs using 99.99% CPU
Optimizing NNI: done in 0.0334139 secs using 99.99% CPU
Iteration 160 / LogL: -991.621 / Time: 0h:0m:7s (0h:0m:4s left)
Optimizing NNI: done in 0.041599 secs using 99.97% CPU
Optimizing NNI: done in 0.0434701 secs using 99.99% CPU
Optimizing NNI: done in 0.035224 secs using 99.99% CPU
Optimizing NNI: done in 0.0289299 secs using 99.99% CPU
Optimizing NNI: done in 0.0449109 secs using 99.99% CPU
Optimizing NNI: done in 0.032624 secs using 99.94% CPU
Optimizing NNI: done in 0.0553482 secs using 99.99% CPU
Optimizing NNI: done in 0.0407751 secs using 99.99% CPU
Optimizing NNI: done in 0.0193939 secs using 99.98% CPU
Optimizing NNI: done in 0.05182 secs using 100% CPU
Iteration 170 / LogL: -988.584 / Time: 0h:0m:7s (0h:0m:3s left)
Optimizing NNI: done in 0.0359759 secs using 99.99% CPU
Optimizing NNI: done in 0.04915 secs using 99.99% CPU
Optimizing NNI: done in 0.037626 secs using 99.99% CPU
Optimizing NNI: done in 0.037595 secs using 99.99% CPU
Optimizing NNI: done in 0.0414131 secs using 100% CPU
Optimizing NNI: done in 0.0456669 secs using 99.99% CPU
Optimizing NNI: done in 0.027482 secs using 99.99% CPU
Optimizing NNI: done in 0.040489 secs using 99.99% CPU
Optimizing NNI: done in 0.043843 secs using 99.99% CPU
Optimizing NNI: done in 0.0430121 secs using 99.99% CPU
Iteration 180 / LogL: -986.875 / Time: 0h:0m:8s (0h:0m:3s left)
Optimizing NNI: done in 0.034904 secs using 99.99% CPU
Optimizing NNI: done in 0.043407 secs using 99.99% CPU
Optimizing NNI: done in 0.0351729 secs using 99.99% CPU
Optimizing NNI: done in 0.0492589 secs using 99.98% CPU
Optimizing NNI: done in 0.0332239 secs using 99.99% CPU
Optimizing NNI: done in 0.0381958 secs using 100% CPU
Optimizing NNI: done in 0.027164 secs using 99.99% CPU
Optimizing NNI: done in 0.0370679 secs using 99.99% CPU
Optimizing NNI: done in 0.033015 secs using 99.99% CPU
Optimizing NNI: done in 0.0469041 secs using 99.99% CPU
Iteration 190 / LogL: -988.155 / Time: 0h:0m:8s (0h:0m:2s left)
Optimizing NNI: done in 0.036947 secs using 99.98% CPU
Optimizing NNI: done in 0.029706 secs using 99.99% CPU
Optimizing NNI: done in 0.033709 secs using 99.99% CPU
Optimizing NNI: done in 0.0603769 secs using 100% CPU
Optimizing NNI: done in 0.039912 secs using 100% CPU
Optimizing NNI: done in 0.0259812 secs using 99.99% CPU
Optimizing NNI: done in 0.0419049 secs using 100% CPU
Optimizing NNI: done in 0.037915 secs using 99.99% CPU
Optimizing NNI: done in 0.032654 secs using 99.99% CPU
Optimizing NNI: done in 0.045794 secs using 99.99% CPU
BETTER TREE FOUND at iteration 200: -983.617
Iteration 200 / LogL: -983.617 / Time: 0h:0m:8s (0h:0m:4s left)
Optimizing NNI: done in 0.05214 secs using 99.96% CPU
Optimizing NNI: done in 0.0395632 secs using 99.99% CPU
Optimizing NNI: done in 0.0258729 secs using 99.99% CPU
Optimizing NNI: done in 0.0489252 secs using 99.97% CPU
Optimizing NNI: done in 0.047791 secs using 100% CPU
Optimizing NNI: done in 0.0374579 secs using 99.96% CPU
Optimizing NNI: done in 0.0467191 secs using 99.99% CPU
Optimizing NNI: done in 0.0265169 secs using 99.99% CPU
Optimizing NNI: done in 0.0397661 secs using 99.97% CPU
Optimizing NNI: done in 0.0365119 secs using 99.99% CPU
Iteration 210 / LogL: -984.198 / Time: 0h:0m:9s (0h:0m:3s left)
Optimizing NNI: done in 0.0308809 secs using 99.99% CPU
Optimizing NNI: done in 0.037107 secs using 99.95% CPU
Optimizing NNI: done in 0.0415859 secs using 99.99% CPU
Optimizing NNI: done in 0.043606 secs using 99.98% CPU
Optimizing NNI: done in 0.0480828 secs using 99.99% CPU
Optimizing NNI: done in 0.0414381 secs using 99.99% CPU
Optimizing NNI: done in 0.0396459 secs using 99.99% CPU
Optimizing NNI: done in 0.041235 secs using 99.98% CPU
Optimizing NNI: done in 0.030576 secs using 99.99% CPU
Optimizing NNI: done in 0.0380201 secs using 99.99% CPU
Iteration 220 / LogL: -992.824 / Time: 0h:0m:9s (0h:0m:3s left)
Optimizing NNI: done in 0.033653 secs using 99.99% CPU
Optimizing NNI: done in 0.031441 secs using 99.99% CPU
Optimizing NNI: done in 0.045351 secs using 99.99% CPU
Optimizing NNI: done in 0.042948 secs using 99.99% CPU
Optimizing NNI: done in 0.033062 secs using 99.99% CPU
Optimizing NNI: done in 0.0460598 secs using 99.93% CPU
Optimizing NNI: done in 0.0532749 secs using 99.99% CPU
Optimizing NNI: done in 0.0456309 secs using 99.98% CPU
Optimizing NNI: done in 0.036747 secs using 99.99% CPU
Optimizing NNI: done in 0.038183 secs using 99.99% CPU
Iteration 230 / LogL: -989.987 / Time: 0h:0m:10s (0h:0m:3s left)
Optimizing NNI: done in 0.0284631 secs using 99.99% CPU
Optimizing NNI: done in 0.033365 secs using 99.99% CPU
Optimizing NNI: done in 0.046447 secs using 99.99% CPU
Optimizing NNI: done in 0.0376191 secs using 99.87% CPU
Optimizing NNI: done in 0.0437419 secs using 99.99% CPU
Optimizing NNI: done in 0.0415459 secs using 99.99% CPU
Optimizing NNI: done in 0.0393682 secs using 99.99% CPU
Optimizing NNI: done in 0.0591559 secs using 100% CPU
Optimizing NNI: done in 0.033823 secs using 99.99% CPU
Optimizing NNI: done in 0.0399389 secs using 99.99% CPU
Iteration 240 / LogL: -983.625 / Time: 0h:0m:10s (0h:0m:2s left)
Optimizing NNI: done in 0.046104 secs using 99.98% CPU
Optimizing NNI: done in 0.0503721 secs using 99.95% CPU
Optimizing NNI: done in 0.038126 secs using 99.99% CPU
Optimizing NNI: done in 0.0429621 secs using 100% CPU
Optimizing NNI: done in 0.0484829 secs using 99.99% CPU
Optimizing NNI: done in 0.036711 secs using 99.99% CPU
Optimizing NNI: done in 0.0409572 secs using 99.99% CPU
Optimizing NNI: done in 0.0382829 secs using 99.99% CPU
Optimizing NNI: done in 0.0467851 secs using 99.99% CPU
Optimizing NNI: done in 0.044951 secs using 99.99% CPU
Iteration 250 / LogL: -994.910 / Time: 0h:0m:11s (0h:0m:2s left)
Optimizing NNI: done in 0.0321679 secs using 99.99% CPU
Optimizing NNI: done in 0.037729 secs using 99.99% CPU
Optimizing NNI: done in 0.03285 secs using 99.99% CPU
Optimizing NNI: done in 0.043143 secs using 99.99% CPU
Optimizing NNI: done in 0.0550029 secs using 99.99% CPU
Optimizing NNI: done in 0.0442069 secs using 99.99% CPU
Optimizing NNI: done in 0.051106 secs using 99.99% CPU
Optimizing NNI: done in 0.037884 secs using 99.99% CPU
Optimizing NNI: done in 0.0429571 secs using 99.99% CPU
Optimizing NNI: done in 0.0267601 secs using 99.99% CPU
Iteration 260 / LogL: -989.453 / Time: 0h:0m:11s (0h:0m:1s left)
Optimizing NNI: done in 0.039665 secs using 99.99% CPU
Optimizing NNI: done in 0.0393701 secs using 99.99% CPU
Optimizing NNI: done in 0.0357502 secs using 99.99% CPU
Optimizing NNI: done in 0.0421 secs using 99.99% CPU
Optimizing NNI: done in 0.047385 secs using 99.99% CPU
Optimizing NNI: done in 0.0325119 secs using 99.99% CPU
Optimizing NNI: done in 0.030699 secs using 99.99% CPU
Optimizing NNI: done in 0.0415351 secs using 99.99% CPU
Optimizing NNI: done in 0.027122 secs using 99.99% CPU
Optimizing NNI: done in 0.0382152 secs using 99.99% CPU
Iteration 270 / LogL: -983.642 / Time: 0h:0m:11s (0h:0m:1s left)
Optimizing NNI: done in 0.0398078 secs using 99.99% CPU
Optimizing NNI: done in 0.0401609 secs using 99.99% CPU
Optimizing NNI: done in 0.039866 secs using 99.99% CPU
Optimizing NNI: done in 0.0483122 secs using 99.97% CPU
Optimizing NNI: done in 0.0522149 secs using 99.99% CPU
Optimizing NNI: done in 0.0343232 secs using 99.95% CPU
Optimizing NNI: done in 0.0426629 secs using 99.99% CPU
Optimizing NNI: done in 0.0336649 secs using 99.96% CPU
Optimizing NNI: done in 0.0452611 secs using 99.99% CPU
Optimizing NNI: done in 0.047842 secs using 99.99% CPU
Iteration 280 / LogL: -983.621 / Time: 0h:0m:12s (0h:0m:0s left)
Optimizing NNI: done in 0.0324941 secs using 99.99% CPU
Optimizing NNI: done in 0.0395541 secs using 99.99% CPU
Optimizing NNI: done in 0.0383811 secs using 99.99% CPU
BETTER TREE FOUND at iteration 283: -983.617
Optimizing NNI: done in 0.03334 secs using 99.97% CPU
Optimizing NNI: done in 0.0428519 secs using 99.99% CPU
Optimizing NNI: done in 0.0472021 secs using 99.99% CPU
Optimizing NNI: done in 0.043128 secs using 100% CPU
Optimizing NNI: done in 0.0479999 secs using 99.99% CPU
Optimizing NNI: done in 0.026643 secs using 99.95% CPU
Optimizing NNI: done in 0.048821 secs using 99.99% CPU
Iteration 290 / LogL: -989.446 / Time: 0h:0m:12s (0h:0m:4s left)
Optimizing NNI: done in 0.046896 secs using 99.99% CPU
Optimizing NNI: done in 0.0387781 secs using 99.99% CPU
Optimizing NNI: done in 0.0350301 secs using 99.99% CPU
Optimizing NNI: done in 0.036983 secs using 99.99% CPU
Optimizing NNI: done in 0.0314131 secs using 99.99% CPU
Optimizing NNI: done in 0.0387771 secs using 99.99% CPU
Optimizing NNI: done in 0.0635171 secs using 99.96% CPU
Optimizing NNI: done in 0.0355699 secs using 99.95% CPU
Optimizing NNI: done in 0.042073 secs using 99.95% CPU
Optimizing NNI: done in 0.0438161 secs using 99.99% CPU
Iteration 300 / LogL: -989.954 / Time: 0h:0m:13s (0h:0m:3s left)
Optimizing NNI: done in 0.0485358 secs using 100% CPU
Optimizing NNI: done in 0.0431011 secs using 99.99% CPU
Optimizing NNI: done in 0.0371499 secs using 99.94% CPU
Optimizing NNI: done in 0.0448191 secs using 99.97% CPU
Optimizing NNI: done in 0.04106 secs using 99.97% CPU
Optimizing NNI: done in 0.0459778 secs using 99.99% CPU
Optimizing NNI: done in 0.039664 secs using 99.99% CPU
Optimizing NNI: done in 0.047339 secs using 99.99% CPU
Optimizing NNI: done in 0.0380809 secs using 99.99% CPU
Optimizing NNI: done in 0.044838 secs using 99.99% CPU
Iteration 310 / LogL: -983.626 / Time: 0h:0m:13s (0h:0m:3s left)
Optimizing NNI: done in 0.033334 secs using 99.99% CPU
Optimizing NNI: done in 0.052258 secs using 99.99% CPU
Optimizing NNI: done in 0.0574279 secs using 99.99% CPU
Optimizing NNI: done in 0.034899 secs using 99.99% CPU
Optimizing NNI: done in 0.0253141 secs using 99.99% CPU
Optimizing NNI: done in 0.0413232 secs using 99.99% CPU
Optimizing NNI: done in 0.039434 secs using 97.42% CPU
Optimizing NNI: done in 0.0457921 secs using 99.98% CPU
Optimizing NNI: done in 0.0567448 secs using 99.96% CPU
Optimizing NNI: done in 0.0346141 secs using 99.96% CPU
Iteration 320 / LogL: -983.624 / Time: 0h:0m:14s (0h:0m:2s left)
Optimizing NNI: done in 0.0508928 secs using 99.99% CPU
Optimizing NNI: done in 0.027071 secs using 99.99% CPU
Optimizing NNI: done in 0.039084 secs using 99.99% CPU
Optimizing NNI: done in 0.0341752 secs using 99.99% CPU
Optimizing NNI: done in 0.0416028 secs using 99.89% CPU
Optimizing NNI: done in 0.047437 secs using 99.99% CPU
Optimizing NNI: done in 0.046819 secs using 99.99% CPU
Optimizing NNI: done in 0.031786 secs using 99.99% CPU
Optimizing NNI: done in 0.033062 secs using 99.99% CPU
Optimizing NNI: done in 0.0423491 secs using 99.99% CPU
Iteration 330 / LogL: -986.859 / Time: 0h:0m:14s (0h:0m:2s left)
Optimizing NNI: done in 0.027395 secs using 99.99% CPU
Optimizing NNI: done in 0.0543721 secs using 99.99% CPU
Optimizing NNI: done in 0.042901 secs using 99.98% CPU
Optimizing NNI: done in 0.04391 secs using 99.99% CPU
Optimizing NNI: done in 0.031472 secs using 99.94% CPU
Optimizing NNI: done in 0.0378971 secs using 99.99% CPU
Optimizing NNI: done in 0.0444982 secs using 99.99% CPU
Optimizing NNI: done in 0.0400639 secs using 99.99% CPU
Optimizing NNI: done in 0.0471199 secs using 99.99% CPU
Optimizing NNI: done in 0.0405371 secs using 99.99% CPU
Iteration 340 / LogL: -990.731 / Time: 0h:0m:14s (0h:0m:1s left)
Optimizing NNI: done in 0.0454841 secs using 99.99% CPU
Optimizing NNI: done in 0.0526249 secs using 99.99% CPU
Estimate model parameters (epsilon = 0.100)
BETTER TREE FOUND at iteration 342: -979.862
Optimizing NNI: done in 0.047394 secs using 99.94% CPU
Optimizing NNI: done in 0.041604 secs using 99.99% CPU
Optimizing NNI: done in 0.0376589 secs using 99.99% CPU
Optimizing NNI: done in 0.0413539 secs using 99.99% CPU
Optimizing NNI: done in 0.0442991 secs using 100% CPU
Optimizing NNI: done in 0.0476899 secs using 99.96% CPU
Optimizing NNI: done in 0.038326 secs using 99.95% CPU
Optimizing NNI: done in 0.038337 secs using 99.99% CPU
Iteration 350 / LogL: -989.663 / Time: 0h:0m:15s (0h:0m:4s left)
Optimizing NNI: done in 0.0451791 secs using 99.99% CPU
Optimizing NNI: done in 0.0424201 secs using 99.99% CPU
Optimizing NNI: done in 0.0448911 secs using 99.96% CPU
Optimizing NNI: done in 0.0322118 secs using 99.99% CPU
Optimizing NNI: done in 0.038111 secs using 99.99% CPU
Optimizing NNI: done in 0.044136 secs using 99.99% CPU
Optimizing NNI: done in 0.046016 secs using 100% CPU
Optimizing NNI: done in 0.0438011 secs using 99.99% CPU
Optimizing NNI: done in 0.024086 secs using 99.99% CPU
Optimizing NNI: done in 0.045419 secs using 99.96% CPU
Iteration 360 / LogL: -983.710 / Time: 0h:0m:15s (0h:0m:3s left)
Optimizing NNI: done in 0.0470009 secs using 99.99% CPU
Optimizing NNI: done in 0.0498199 secs using 99.95% CPU
Optimizing NNI: done in 0.0284672 secs using 99.99% CPU
Optimizing NNI: done in 0.0491321 secs using 99.99% CPU
Optimizing NNI: done in 0.0388899 secs using 100% CPU
Optimizing NNI: done in 0.0366859 secs using 99.99% CPU
Optimizing NNI: done in 0.04407 secs using 99.99% CPU
Optimizing NNI: done in 0.0496831 secs using 99.99% CPU
Optimizing NNI: done in 0.0413101 secs using 99.99% CPU
Optimizing NNI: done in 0.032681 secs using 99.99% CPU
Iteration 370 / LogL: -979.869 / Time: 0h:0m:16s (0h:0m:3s left)
Optimizing NNI: done in 0.0382481 secs using 99.99% CPU
Optimizing NNI: done in 0.0335901 secs using 99.99% CPU
Optimizing NNI: done in 0.0412102 secs using 99.99% CPU
Optimizing NNI: done in 0.0375888 secs using 97.31% CPU
Optimizing NNI: done in 0.0493021 secs using 99.99% CPU
Optimizing NNI: done in 0.0323322 secs using 99.99% CPU
Optimizing NNI: done in 0.0500598 secs using 99.99% CPU
Optimizing NNI: done in 0.053968 secs using 99.99% CPU
Optimizing NNI: done in 0.0387292 secs using 99.99% CPU
Optimizing NNI: done in 0.0466032 secs using 99.99% CPU
Iteration 380 / LogL: -979.977 / Time: 0h:0m:16s (0h:0m:2s left)
Optimizing NNI: done in 0.0474529 secs using 99.98% CPU
Optimizing NNI: done in 0.0453782 secs using 99.99% CPU
Optimizing NNI: done in 0.0417941 secs using 99.99% CPU
Optimizing NNI: done in 0.0314801 secs using 99.99% CPU
Optimizing NNI: done in 0.0266302 secs using 99.99% CPU
Optimizing NNI: done in 0.0499141 secs using 99.99% CPU
Optimizing NNI: done in 0.0381081 secs using 99.99% CPU
Optimizing NNI: done in 0.042031 secs using 100% CPU
Optimizing NNI: done in 0.045547 secs using 99.99% CPU
Optimizing NNI: done in 0.0461869 secs using 99.99% CPU
Iteration 390 / LogL: -979.867 / Time: 0h:0m:17s (0h:0m:2s left)
Optimizing NNI: done in 0.0422521 secs using 99.97% CPU
Optimizing NNI: done in 0.0413239 secs using 99.99% CPU
Optimizing NNI: done in 0.0422952 secs using 99.99% CPU
Optimizing NNI: done in 0.0504131 secs using 99.99% CPU
Optimizing NNI: done in 0.0387521 secs using 99.99% CPU
Optimizing NNI: done in 0.034137 secs using 99.99% CPU
Optimizing NNI: done in 0.041425 secs using 99.99% CPU
Optimizing NNI: done in 0.040344 secs using 99.99% CPU
Optimizing NNI: done in 0.0390999 secs using 99.99% CPU
Optimizing NNI: done in 0.0499301 secs using 99.99% CPU
Iteration 400 / LogL: -979.866 / Time: 0h:0m:17s (0h:0m:1s left)
Optimizing NNI: done in 0.0430422 secs using 99.99% CPU
Optimizing NNI: done in 0.0343502 secs using 99.99% CPU
Optimizing NNI: done in 0.049166 secs using 99.99% CPU
Optimizing NNI: done in 0.053093 secs using 99.99% CPU
Optimizing NNI: done in 0.0423989 secs using 100% CPU
Optimizing NNI: done in 0.0419998 secs using 99.99% CPU
Optimizing NNI: done in 0.052357 secs using 99.99% CPU
Optimizing NNI: done in 0.0380788 secs using 100% CPU
Optimizing NNI: done in 0.0314441 secs using 99.99% CPU
Optimizing NNI: done in 0.0366809 secs using 99.99% CPU
Iteration 410 / LogL: -979.877 / Time: 0h:0m:18s (0h:0m:1s left)
Optimizing NNI: done in 0.0386341 secs using 99.99% CPU
Optimizing NNI: done in 0.0391419 secs using 99.99% CPU
Optimizing NNI: done in 0.0331459 secs using 99.99% CPU
Optimizing NNI: done in 0.0548949 secs using 99.98% CPU
Optimizing NNI: done in 0.038914 secs using 99.99% CPU
Optimizing NNI: done in 0.0372531 secs using 99.87% CPU
Optimizing NNI: done in 0.0270669 secs using 99.95% CPU
BETTER TREE FOUND at iteration 417: -979.862
Optimizing NNI: done in 0.043596 secs using 99.99% CPU
Optimizing NNI: done in 0.039057 secs using 99.99% CPU
Optimizing NNI: done in 0.0492721 secs using 100% CPU
Iteration 420 / LogL: -985.149 / Time: 0h:0m:18s (0h:0m:4s left)
Optimizing NNI: done in 0.035989 secs using 99.99% CPU
Optimizing NNI: done in 0.053045 secs using 100% CPU
Optimizing NNI: done in 0.0298662 secs using 99.99% CPU
Optimizing NNI: done in 0.0315149 secs using 99.93% CPU
Optimizing NNI: done in 0.0563359 secs using 100% CPU
Optimizing NNI: done in 0.03386 secs using 99.95% CPU
Optimizing NNI: done in 0.0362401 secs using 99.99% CPU
Optimizing NNI: done in 0.0382011 secs using 99.99% CPU
Optimizing NNI: done in 0.0325799 secs using 99.99% CPU
Optimizing NNI: done in 0.0418909 secs using 100% CPU
Iteration 430 / LogL: -985.700 / Time: 0h:0m:18s (0h:0m:3s left)
Optimizing NNI: done in 0.033144 secs using 99.99% CPU
Optimizing NNI: done in 0.035851 secs using 99.99% CPU
Optimizing NNI: done in 0.051719 secs using 99.99% CPU
Optimizing NNI: done in 0.041023 secs using 99.99% CPU
Optimizing NNI: done in 0.0450571 secs using 99.96% CPU
Optimizing NNI: done in 0.0397582 secs using 99.99% CPU
Optimizing NNI: done in 0.0352111 secs using 99.99% CPU
Optimizing NNI: done in 0.037385 secs using 99.99% CPU
Optimizing NNI: done in 0.0378361 secs using 99.99% CPU
Optimizing NNI: done in 0.0432169 secs using 99.99% CPU
Iteration 440 / LogL: -983.750 / Time: 0h:0m:19s (0h:0m:3s left)
Optimizing NNI: done in 0.0373199 secs using 99.99% CPU
Optimizing NNI: done in 0.036448 secs using 99.95% CPU
Optimizing NNI: done in 0.033515 secs using 99.99% CPU
Optimizing NNI: done in 0.0350962 secs using 99.99% CPU
Optimizing NNI: done in 0.0466449 secs using 99.96% CPU
Optimizing NNI: done in 0.0411091 secs using 99.99% CPU
Optimizing NNI: done in 0.049159 secs using 99.99% CPU
Optimizing NNI: done in 0.043478 secs using 99.99% CPU
Optimizing NNI: done in 0.03269 secs using 99.99% CPU
Optimizing NNI: done in 0.0317731 secs using 99.99% CPU
Iteration 450 / LogL: -979.862 / Time: 0h:0m:19s (0h:0m:2s left)
Optimizing NNI: done in 0.0347929 secs using 99.99% CPU
Optimizing NNI: done in 0.044986 secs using 99.99% CPU
Optimizing NNI: done in 0.051502 secs using 99.94% CPU
Optimizing NNI: done in 0.0442009 secs using 99.99% CPU
BETTER TREE FOUND at iteration 454: -979.861
Optimizing NNI: done in 0.0271542 secs using 99.99% CPU
Optimizing NNI: done in 0.0391982 secs using 99.93% CPU
Optimizing NNI: done in 0.0449181 secs using 99.99% CPU
BETTER TREE FOUND at iteration 457: -979.859
Optimizing NNI: done in 0.037518 secs using 99.99% CPU
Optimizing NNI: done in 0.046483 secs using 99.99% CPU
Optimizing NNI: done in 0.0367439 secs using 99.99% CPU
Iteration 460 / LogL: -985.817 / Time: 0h:0m:20s (0h:0m:4s left)
Optimizing NNI: done in 0.043905 secs using 97.72% CPU
Optimizing NNI: done in 0.0444112 secs using 99.99% CPU
Optimizing NNI: done in 0.0396469 secs using 99.98% CPU
Optimizing NNI: done in 0.042788 secs using 99.99% CPU
Optimizing NNI: done in 0.0308468 secs using 99.99% CPU
Optimizing NNI: done in 0.0469351 secs using 99.99% CPU
Optimizing NNI: done in 0.0475328 secs using 99.99% CPU
Optimizing NNI: done in 0.044354 secs using 99.99% CPU
Optimizing NNI: done in 0.044456 secs using 99.99% CPU
Optimizing NNI: done in 0.043618 secs using 99.99% CPU
Iteration 470 / LogL: -981.955 / Time: 0h:0m:20s (0h:0m:3s left)
Optimizing NNI: done in 0.0421231 secs using 99.99% CPU
Optimizing NNI: done in 0.0322659 secs using 99.99% CPU
Optimizing NNI: done in 0.034862 secs using 99.99% CPU
Optimizing NNI: done in 0.03739 secs using 99.99% CPU
Optimizing NNI: done in 0.0418718 secs using 99.99% CPU
Optimizing NNI: done in 0.0387681 secs using 99.99% CPU
Optimizing NNI: done in 0.031311 secs using 99.99% CPU
Optimizing NNI: done in 0.033375 secs using 99.99% CPU
BETTER TREE FOUND at iteration 478: -979.859
Optimizing NNI: done in 0.051501 secs using 99.99% CPU
Optimizing NNI: done in 0.0406129 secs using 99.99% CPU
Iteration 480 / LogL: -979.862 / Time: 0h:0m:20s (0h:0m:4s left)
Optimizing NNI: done in 0.046483 secs using 100% CPU
Optimizing NNI: done in 0.0449939 secs using 99.94% CPU
Optimizing NNI: done in 0.03933 secs using 99.99% CPU
Optimizing NNI: done in 0.0502081 secs using 99.99% CPU
Optimizing NNI: done in 0.0360599 secs using 99.99% CPU
Optimizing NNI: done in 0.0478661 secs using 99.99% CPU
Optimizing NNI: done in 0.0429552 secs using 99.98% CPU
Optimizing NNI: done in 0.0358391 secs using 99.99% CPU
Optimizing NNI: done in 0.043381 secs using 99.99% CPU
Optimizing NNI: done in 0.0427861 secs using 99.99% CPU
Iteration 490 / LogL: -979.863 / Time: 0h:0m:21s (0h:0m:3s left)
Optimizing NNI: done in 0.0504069 secs using 99.99% CPU
Optimizing NNI: done in 0.027339 secs using 99.99% CPU
Optimizing NNI: done in 0.0378499 secs using 99.99% CPU
Optimizing NNI: done in 0.0432482 secs using 99.99% CPU
Optimizing NNI: done in 0.0441771 secs using 100% CPU
Optimizing NNI: done in 0.0329142 secs using 99.99% CPU
Optimizing NNI: done in 0.0325742 secs using 99.99% CPU
Optimizing NNI: done in 0.043704 secs using 99.99% CPU
Optimizing NNI: done in 0.0372181 secs using 99.99% CPU
Optimizing NNI: done in 0.0394731 secs using 99.99% CPU
Iteration 500 / LogL: -979.860 / Time: 0h:0m:21s (0h:0m:3s left)
Optimizing NNI: done in 0.0432072 secs using 99.99% CPU
Optimizing NNI: done in 0.0193388 secs using 99.91% CPU
Optimizing NNI: done in 0.0397921 secs using 99.99% CPU
Optimizing NNI: done in 0.038919 secs using 99.99% CPU
Optimizing NNI: done in 0.0359862 secs using 99.99% CPU
Optimizing NNI: done in 0.0387299 secs using 99.99% CPU
Optimizing NNI: done in 0.034292 secs using 99.99% CPU
Optimizing NNI: done in 0.0466568 secs using 99.99% CPU
Optimizing NNI: done in 0.044915 secs using 99.99% CPU
Optimizing NNI: done in 0.0454781 secs using 99.99% CPU
Estimate model parameters (epsilon = 0.100)
BETTER TREE FOUND at iteration 510: -977.905
Iteration 510 / LogL: -977.905 / Time: 0h:0m:22s (0h:0m:4s left)
Optimizing NNI: done in 0.0504448 secs using 99.9% CPU
Optimizing NNI: done in 0.03689 secs using 99.99% CPU
Optimizing NNI: done in 0.036716 secs using 99.99% CPU
Optimizing NNI: done in 0.0451481 secs using 100% CPU
Optimizing NNI: done in 0.0349598 secs using 99.99% CPU
Optimizing NNI: done in 0.0416811 secs using 99.99% CPU
Optimizing NNI: done in 0.0426569 secs using 99.99% CPU
Optimizing NNI: done in 0.041158 secs using 99.99% CPU
Optimizing NNI: done in 0.0361271 secs using 99.99% CPU
Optimizing NNI: done in 0.0434959 secs using 99.96% CPU
Iteration 520 / LogL: -985.616 / Time: 0h:0m:22s (0h:0m:3s left)
Optimizing NNI: done in 0.037746 secs using 99.95% CPU
Optimizing NNI: done in 0.0382428 secs using 99.98% CPU
Optimizing NNI: done in 0.052788 secs using 99.99% CPU
Estimate model parameters (epsilon = 0.100)
BETTER TREE FOUND at iteration 523: -977.890
Optimizing NNI: done in 0.04684 secs using 99.99% CPU
Optimizing NNI: done in 0.0279322 secs using 99.99% CPU
Optimizing NNI: done in 0.034905 secs using 99.98% CPU
Optimizing NNI: done in 0.0610249 secs using 100% CPU
Optimizing NNI: done in 0.0482888 secs using 99.93% CPU
Optimizing NNI: done in 0.0382278 secs using 99.99% CPU
Optimizing NNI: done in 0.0326178 secs using 99.99% CPU
Iteration 530 / LogL: -977.905 / Time: 0h:0m:23s (0h:0m:4s left)
Optimizing NNI: done in 0.0405059 secs using 99.98% CPU
Optimizing NNI: done in 0.0390902 secs using 99.99% CPU
Optimizing NNI: done in 0.034544 secs using 99.96% CPU
Optimizing NNI: done in 0.039371 secs using 99.99% CPU
Optimizing NNI: done in 0.0334132 secs using 99.99% CPU
Optimizing NNI: done in 0.0396941 secs using 99.99% CPU
Optimizing NNI: done in 0.042984 secs using 99.99% CPU
Optimizing NNI: done in 0.0439029 secs using 99.99% CPU
Optimizing NNI: done in 0.0457609 secs using 99.99% CPU
Optimizing NNI: done in 0.0414221 secs using 99.99% CPU
Iteration 540 / LogL: -977.906 / Time: 0h:0m:23s (0h:0m:3s left)
Optimizing NNI: done in 0.043458 secs using 99.99% CPU
Optimizing NNI: done in 0.0389969 secs using 100% CPU
Optimizing NNI: done in 0.0494399 secs using 99.99% CPU
BETTER TREE FOUND at iteration 543: -977.883
Optimizing NNI: done in 0.0408769 secs using 99.99% CPU
Optimizing NNI: done in 0.0436308 secs using 99.99% CPU
Optimizing NNI: done in 0.03912 secs using 99.99% CPU
Optimizing NNI: done in 0.0444839 secs using 99.99% CPU
Optimizing NNI: done in 0.042932 secs using 100% CPU
Optimizing NNI: done in 0.0364161 secs using 99.99% CPU
Optimizing NNI: done in 0.038801 secs using 99.99% CPU
Iteration 550 / LogL: -985.198 / Time: 0h:0m:24s (0h:0m:4s left)
Optimizing NNI: done in 0.027714 secs using 99.99% CPU
Optimizing NNI: done in 0.0501831 secs using 99.99% CPU
Optimizing NNI: done in 0.0478261 secs using 99.97% CPU
Optimizing NNI: done in 0.043426 secs using 99.98% CPU
Optimizing NNI: done in 0.031951 secs using 99.97% CPU
Optimizing NNI: done in 0.0463312 secs using 99.99% CPU
Optimizing NNI: done in 0.035902 secs using 99.99% CPU
Optimizing NNI: done in 0.0500741 secs using 100% CPU
Optimizing NNI: done in 0.0268621 secs using 99.99% CPU
Optimizing NNI: done in 0.034184 secs using 99.99% CPU
Iteration 560 / LogL: -978.001 / Time: 0h:0m:24s (0h:0m:3s left)
Optimizing NNI: done in 0.0514748 secs using 99.99% CPU
Optimizing NNI: done in 0.0492289 secs using 99.99% CPU
Optimizing NNI: done in 0.0441759 secs using 99.99% CPU
Optimizing NNI: done in 0.0374942 secs using 99.99% CPU
Optimizing NNI: done in 0.0333111 secs using 99.99% CPU
Optimizing NNI: done in 0.0331969 secs using 99.99% CPU
Optimizing NNI: done in 0.043431 secs using 100% CPU
Optimizing NNI: done in 0.039345 secs using 99.99% CPU
Optimizing NNI: done in 0.0485039 secs using 100% CPU
Optimizing NNI: done in 0.045795 secs using 99.97% CPU
Iteration 570 / LogL: -977.892 / Time: 0h:0m:24s (0h:0m:3s left)
Optimizing NNI: done in 0.053848 secs using 99.95% CPU
Optimizing NNI: done in 0.0463178 secs using 99.99% CPU
Optimizing NNI: done in 0.0492442 secs using 99.99% CPU
Optimizing NNI: done in 0.048146 secs using 100% CPU
Optimizing NNI: done in 0.037746 secs using 99.99% CPU
Optimizing NNI: done in 0.047549 secs using 99.99% CPU
Optimizing NNI: done in 0.05002 secs using 99.99% CPU
Optimizing NNI: done in 0.0528951 secs using 99.99% CPU
Optimizing NNI: done in 0.027339 secs using 99.99% CPU
Optimizing NNI: done in 0.040158 secs using 99.99% CPU
Iteration 580 / LogL: -985.626 / Time: 0h:0m:25s (0h:0m:2s left)
Optimizing NNI: done in 0.0476391 secs using 99.99% CPU
Optimizing NNI: done in 0.0420959 secs using 99.99% CPU
Optimizing NNI: done in 0.03737 secs using 99.99% CPU
Optimizing NNI: done in 0.0564079 secs using 99.99% CPU
Optimizing NNI: done in 0.043088 secs using 99.99% CPU
Optimizing NNI: done in 0.040076 secs using 99.99% CPU
Optimizing NNI: done in 0.0535622 secs using 99.99% CPU
Optimizing NNI: done in 0.06268 secs using 100% CPU
Optimizing NNI: done in 0.0418098 secs using 97.64% CPU
Optimizing NNI: done in 0.0330319 secs using 99.97% CPU
BETTER TREE FOUND at iteration 590: -977.882
Iteration 590 / LogL: -977.882 / Time: 0h:0m:25s (0h:0m:4s left)
Optimizing NNI: done in 0.0716391 secs using 99.97% CPU
Optimizing NNI: done in 0.0264812 secs using 99.93% CPU
Optimizing NNI: done in 0.0372748 secs using 100% CPU
Optimizing NNI: done in 0.0389259 secs using 100% CPU
Optimizing NNI: done in 0.0473189 secs using 99.99% CPU
Optimizing NNI: done in 0.0434151 secs using 100% CPU
Optimizing NNI: done in 0.0399451 secs using 99.99% CPU
Optimizing NNI: done in 0.04778 secs using 99.99% CPU
Optimizing NNI: done in 0.0434151 secs using 99.98% CPU
Optimizing NNI: done in 0.046576 secs using 99.99% CPU
Iteration 600 / LogL: -977.886 / Time: 0h:0m:26s (0h:0m:3s left)
Optimizing NNI: done in 0.0473709 secs using 99.99% CPU
Optimizing NNI: done in 0.055259 secs using 99.99% CPU
Optimizing NNI: done in 0.0543191 secs using 100% CPU
Optimizing NNI: done in 0.020906 secs using 99.99% CPU
Optimizing NNI: done in 0.0377209 secs using 99.99% CPU
Optimizing NNI: done in 0.049078 secs using 99.99% CPU
Optimizing NNI: done in 0.0510318 secs using 100% CPU
Optimizing NNI: done in 0.0433509 secs using 100% CPU
Optimizing NNI: done in 0.048538 secs using 100% CPU
Optimizing NNI: done in 0.0462451 secs using 99.99% CPU
Iteration 610 / LogL: -982.532 / Time: 0h:0m:26s (0h:0m:3s left)
Optimizing NNI: done in 0.0465939 secs using 99.99% CPU
Optimizing NNI: done in 0.0476561 secs using 100% CPU
Optimizing NNI: done in 0.0276411 secs using 99.99% CPU
BETTER TREE FOUND at iteration 613: -977.882
Optimizing NNI: done in 0.040473 secs using 99.97% CPU
Optimizing NNI: done in 0.043345 secs using 99.99% CPU
Optimizing NNI: done in 0.0625238 secs using 100% CPU
Optimizing NNI: done in 0.0433609 secs using 99.91% CPU
Optimizing NNI: done in 0.0405691 secs using 99.99% CPU
Optimizing NNI: done in 0.0446799 secs using 99.99% CPU
Optimizing NNI: done in 0.0347311 secs using 99.97% CPU
Iteration 620 / LogL: -982.960 / Time: 0h:0m:27s (0h:0m:4s left)
Optimizing NNI: done in 0.0547402 secs using 99.98% CPU
Optimizing NNI: done in 0.053936 secs using 99.99% CPU
Optimizing NNI: done in 0.0479429 secs using 99.99% CPU
Optimizing NNI: done in 0.0388322 secs using 99.99% CPU
Optimizing NNI: done in 0.046217 secs using 100% CPU
Optimizing NNI: done in 0.041347 secs using 99.99% CPU
Optimizing NNI: done in 0.0432241 secs using 99.99% CPU
Optimizing NNI: done in 0.046083 secs using 100% CPU
Optimizing NNI: done in 0.0465961 secs using 99.96% CPU
Optimizing NNI: done in 0.0513132 secs using 99.99% CPU
BETTER TREE FOUND at iteration 630: -977.882
Iteration 630 / LogL: -977.882 / Time: 0h:0m:27s (0h:0m:4s left)
Optimizing NNI: done in 0.0671132 secs using 99.97% CPU
Optimizing NNI: done in 0.045779 secs using 99.99% CPU
Optimizing NNI: done in 0.0425019 secs using 99.99% CPU
Optimizing NNI: done in 0.0413742 secs using 99.99% CPU
Optimizing NNI: done in 0.0490849 secs using 99.99% CPU
Optimizing NNI: done in 0.0435371 secs using 99.99% CPU
Optimizing NNI: done in 0.0444541 secs using 99.99% CPU
Optimizing NNI: done in 0.0479791 secs using 99.97% CPU
Optimizing NNI: done in 0.047034 secs using 99.99% CPU
Optimizing NNI: done in 0.040118 secs using 99.99% CPU
Iteration 640 / LogL: -977.884 / Time: 0h:0m:28s (0h:0m:3s left)
Optimizing NNI: done in 0.033498 secs using 99.96% CPU
Optimizing NNI: done in 0.0523059 secs using 99.99% CPU
Optimizing NNI: done in 0.0472949 secs using 99.99% CPU
Optimizing NNI: done in 0.0506251 secs using 99.99% CPU
Optimizing NNI: done in 0.050519 secs using 99.99% CPU
Optimizing NNI: done in 0.0284598 secs using 99.99% CPU
Optimizing NNI: done in 0.0338731 secs using 99.99% CPU
Optimizing NNI: done in 0.04298 secs using 99.99% CPU
Optimizing NNI: done in 0.0469301 secs using 99.97% CPU
Optimizing NNI: done in 0.0326612 secs using 99.99% CPU
Iteration 650 / LogL: -977.882 / Time: 0h:0m:28s (0h:0m:3s left)
Optimizing NNI: done in 0.0375829 secs using 99.99% CPU
Optimizing NNI: done in 0.0518129 secs using 99.99% CPU
Optimizing NNI: done in 0.0397291 secs using 99.99% CPU
BETTER TREE FOUND at iteration 653: -977.881
Optimizing NNI: done in 0.059809 secs using 99.98% CPU
Optimizing NNI: done in 0.057008 secs using 99.96% CPU
Optimizing NNI: done in 0.0340018 secs using 99.99% CPU
Optimizing NNI: done in 0.0415671 secs using 99.99% CPU
Optimizing NNI: done in 0.0574059 secs using 99.96% CPU
Optimizing NNI: done in 0.032686 secs using 99.99% CPU
Optimizing NNI: done in 0.043664 secs using 99.99% CPU
Iteration 660 / LogL: -986.858 / Time: 0h:0m:29s (0h:0m:4s left)
Optimizing NNI: done in 0.0400939 secs using 99.96% CPU
BETTER TREE FOUND at iteration 661: -977.881
Optimizing NNI: done in 0.0579309 secs using 99.94% CPU
Optimizing NNI: done in 0.0488451 secs using 99.94% CPU
Optimizing NNI: done in 0.0444679 secs using 97.74% CPU
Optimizing NNI: done in 0.04282 secs using 99.99% CPU
Optimizing NNI: done in 0.0438888 secs using 99.99% CPU
Optimizing NNI: done in 0.046977 secs using 99.99% CPU
Optimizing NNI: done in 0.0465369 secs using 99.97% CPU
Optimizing NNI: done in 0.0519829 secs using 99.99% CPU
Optimizing NNI: done in 0.0477509 secs using 99.95% CPU
Iteration 670 / LogL: -982.513 / Time: 0h:0m:29s (0h:0m:4s left)
Optimizing NNI: done in 0.0438669 secs using 100% CPU
Optimizing NNI: done in 0.0466099 secs using 99.99% CPU
Optimizing NNI: done in 0.0457408 secs using 99.99% CPU
Optimizing NNI: done in 0.0405538 secs using 99.99% CPU
Optimizing NNI: done in 0.0425251 secs using 100% CPU
Optimizing NNI: done in 0.0332808 secs using 99.99% CPU
Optimizing NNI: done in 0.0443692 secs using 99.99% CPU
Optimizing NNI: done in 0.0356519 secs using 99.99% CPU
Optimizing NNI: done in 0.0373302 secs using 99.99% CPU
Optimizing NNI: done in 0.0561221 secs using 99.99% CPU
Iteration 680 / LogL: -982.530 / Time: 0h:0m:30s (0h:0m:3s left)
Optimizing NNI: done in 0.036859 secs using 99.99% CPU
Optimizing NNI: done in 0.05199 secs using 99.99% CPU
Optimizing NNI: done in 0.0345218 secs using 99.99% CPU
Optimizing NNI: done in 0.0400648 secs using 99.98% CPU
Optimizing NNI: done in 0.050878 secs using 99.91% CPU
Optimizing NNI: done in 0.038178 secs using 99.99% CPU
Optimizing NNI: done in 0.0427399 secs using 99.99% CPU
Optimizing NNI: done in 0.04037 secs using 99.99% CPU
Optimizing NNI: done in 0.044729 secs using 99.99% CPU
Optimizing NNI: done in 0.056263 secs using 99.99% CPU
Iteration 690 / LogL: -977.996 / Time: 0h:0m:30s (0h:0m:3s left)
Optimizing NNI: done in 0.0465851 secs using 99.97% CPU
Optimizing NNI: done in 0.046833 secs using 99.99% CPU
Optimizing NNI: done in 0.0320301 secs using 99.95% CPU
Optimizing NNI: done in 0.0278261 secs using 99.99% CPU
Optimizing NNI: done in 0.0388138 secs using 100% CPU
Optimizing NNI: done in 0.037039 secs using 99.95% CPU
Optimizing NNI: done in 0.052505 secs using 99.99% CPU
Optimizing NNI: done in 0.0457962 secs using 99.99% CPU
Optimizing NNI: done in 0.0470839 secs using 100% CPU
Optimizing NNI: done in 0.0447581 secs using 99.96% CPU
Iteration 700 / LogL: -983.821 / Time: 0h:0m:30s (0h:0m:2s left)
Optimizing NNI: done in 0.0408821 secs using 99.96% CPU
Optimizing NNI: done in 0.0427082 secs using 99.99% CPU
Optimizing NNI: done in 0.0532169 secs using 99.97% CPU
Optimizing NNI: done in 0.0354741 secs using 99.99% CPU
Optimizing NNI: done in 0.042501 secs using 99.99% CPU
Optimizing NNI: done in 0.0438659 secs using 99.97% CPU
Optimizing NNI: done in 0.057755 secs using 99.99% CPU
Optimizing NNI: done in 0.03917 secs using 99.99% CPU
Optimizing NNI: done in 0.0454829 secs using 99.99% CPU
Optimizing NNI: done in 0.0516019 secs using 99.98% CPU
Iteration 710 / LogL: -985.721 / Time: 0h:0m:31s (0h:0m:2s left)
Optimizing NNI: done in 0.04232 secs using 99.99% CPU
Optimizing NNI: done in 0.0424268 secs using 99.99% CPU
Optimizing NNI: done in 0.040941 secs using 99.99% CPU
Optimizing NNI: done in 0.0569658 secs using 99.97% CPU
Optimizing NNI: done in 0.0430179 secs using 99.99% CPU
Optimizing NNI: done in 0.048645 secs using 99.99% CPU
Optimizing NNI: done in 0.0429132 secs using 99.99% CPU
Optimizing NNI: done in 0.0407641 secs using 99.94% CPU
Optimizing NNI: done in 0.0534971 secs using 99.97% CPU
Optimizing NNI: done in 0.0413001 secs using 99.94% CPU
Iteration 720 / LogL: -977.884 / Time: 0h:0m:31s (0h:0m:1s left)
Optimizing NNI: done in 0.042182 secs using 99.99% CPU
Optimizing NNI: done in 0.0397048 secs using 99.99% CPU
Optimizing NNI: done in 0.0480301 secs using 100% CPU
Optimizing NNI: done in 0.0553141 secs using 100% CPU
Optimizing NNI: done in 0.0401812 secs using 99.99% CPU
Optimizing NNI: done in 0.0551882 secs using 99.98% CPU
Optimizing NNI: done in 0.051872 secs using 99.99% CPU
Optimizing NNI: done in 0.0549419 secs using 99.99% CPU
Optimizing NNI: done in 0.0417829 secs using 99.99% CPU
Optimizing NNI: done in 0.0401258 secs using 100% CPU
Iteration 730 / LogL: -977.909 / Time: 0h:0m:32s (0h:0m:1s left)
Optimizing NNI: done in 0.0407851 secs using 99.99% CPU
Optimizing NNI: done in 0.0342331 secs using 99.99% CPU
Optimizing NNI: done in 0.0408731 secs using 99.99% CPU
Optimizing NNI: done in 0.0355248 secs using 99.96% CPU
Optimizing NNI: done in 0.0288131 secs using 99.99% CPU
Optimizing NNI: done in 0.039351 secs using 99.99% CPU
Optimizing NNI: done in 0.0489709 secs using 99.99% CPU
Optimizing NNI: done in 0.0508401 secs using 98.07% CPU
Optimizing NNI: done in 0.0645661 secs using 99.98% CPU
Optimizing NNI: done in 0.0400848 secs using 99.99% CPU
Iteration 740 / LogL: -977.889 / Time: 0h:0m:32s (0h:0m:0s left)
Optimizing NNI: done in 0.044878 secs using 99.99% CPU
Optimizing NNI: done in 0.043669 secs using 100% CPU
Optimizing NNI: done in 0.054656 secs using 99.99% CPU
Optimizing NNI: done in 0.0433152 secs using 99.99% CPU
Optimizing NNI: done in 0.0607018 secs using 100% CPU
Optimizing NNI: done in 0.0395689 secs using 99.99% CPU
Optimizing NNI: done in 0.037529 secs using 99.96% CPU
Optimizing NNI: done in 0.0419381 secs using 99.99% CPU
Optimizing NNI: done in 0.0390561 secs using 99.99% CPU
Optimizing NNI: done in 0.048526 secs using 99.99% CPU
Iteration 750 / LogL: -983.867 / Time: 0h:0m:33s (0h:0m:0s left)
Optimizing NNI: done in 0.0327959 secs using 99.99% CPU
Optimizing NNI: done in 0.039506 secs using 99.99% CPU
Optimizing NNI: done in 0.049638 secs using 99.99% CPU
Optimizing NNI: done in 0.0433149 secs using 100% CPU
Optimizing NNI: done in 0.0263391 secs using 99.98% CPU
Optimizing NNI: done in 0.045501 secs using 100% CPU
Optimizing NNI: done in 0.0466011 secs using 99.99% CPU
Optimizing NNI: done in 0.0301521 secs using 99.99% CPU
Optimizing NNI: done in 0.0445631 secs using 99.99% CPU
Optimizing NNI: done in 0.0487828 secs using 99.99% CPU
Iteration 760 / LogL: -977.885 / Time: 0h:0m:33s (0h:0m:0s left)
Optimizing NNI: done in 0.0557489 secs using 99.99% CPU
Optimizing NNI: done in 0.0575809 secs using 99.99% CPU
TREE SEARCH COMPLETED AFTER 762 ITERATIONS / Time: 0h:0m:33s

--------------------------------------------------------------------
|                    FINALIZING TREE SEARCH                        |
--------------------------------------------------------------------
Performs final model parameters optimization
Estimate model parameters (epsilon = 0.010)
1. Initial log-likelihood: -977.881
Optimal log-likelihood: -977.881
Rate parameters:  A-C: 1.00000  A-G: 2.16857  A-T: 1.00000  C-G: 1.00000  C-T: 8.08921  G-T: 1.00000
Base frequencies:  A: 0.250  C: 0.250  G: 0.250  T: 0.250
Proportion of invariable sites: 0.754
Site proportion and rates:  (0.242,3.413) (0.004,44.433)
Parameters optimization took 1 rounds (0.010 sec)
BEST SCORE FOUND : -977.881
Total tree length: 0.365

Total number of iterations: 762
CPU time used for tree search: 33.939 sec (0h:0m:33s)
Wall-clock time used for tree search: 33.829 sec (0h:0m:33s)
Total CPU time used: 34.056 sec (0h:0m:34s)
Total wall-clock time used: 33.921 sec (0h:0m:33s)

Analysis results written to: 
  IQ-TREE report:                /app/outputs/analyses/610/20250910T163211/between_sample_distances/D/clade_D_seqs.aligned.fasta.iqtree
  Maximum-likelihood tree:       /app/outputs/analyses/610/20250910T163211/between_sample_distances/D/clade_D_seqs.aligned.fasta.treefile
  Likelihood distances:          /app/outputs/analyses/610/20250910T163211/between_sample_distances/D/clade_D_seqs.aligned.fasta.mldist
  Screen log file:               /app/outputs/analyses/610/20250910T163211/between_sample_distances/D/clade_D_seqs.aligned.fasta.log

Date and Time: Wed Sep 10 11:42:33 2025
