IQ-TREE multicore version 2.2.2.3 COVID-edition for Linux 64-bit built Apr  7 2023
Developed by Bui Quang Minh, James Barbetti, Nguyen Lam Tung,
Olga Chernomor, Heiko Schmidt, Dominik Schrempf, Michael Woodhams, Ly Trong Nhan.

Host:    64923e67824f (AVX512, FMA3, 62 GB RAM)
Command: iqtree -T AUTO --threads-max 2 -s /app/outputs/analyses/610/20250910T163211/between_sample_distances/B/clade_B_seqs.aligned.fasta
Seed:    266093 (Using SPRNG - Scalable Parallel Random Number Generator)
Time:    Wed Sep 10 11:56:44 2025
Kernel:  AVX+FMA - auto-detect threads (36 CPU cores detected)

Reading alignment file /app/outputs/analyses/610/20250910T163211/between_sample_distances/B/clade_B_seqs.aligned.fasta ... Fasta format detected
Reading fasta file: done in 0.0371509 secs using 95.86% CPU
Alignment most likely contains DNA/RNA sequences
Constructing alignment: done in 0.022316 secs using 3141% CPU
Alignment has 1805 sequences with 1083 columns, 679 distinct patterns
217 parsimony-informative, 73 singleton sites, 793 constant sites
         Gap/Ambiguity  Composition  p-value
Analyzing sequences: done in 0.00043416 secs using 3287% CPU
   1  2768899   75.07%    passed     96.74%
   2  4882453   75.07%    passed     96.74%
   3  2154518   75.07%    passed     98.12%
   4  319519    75.16%    passed     96.67%
   5  2768937   75.53%    passed     96.15%
   6  2768938   74.98%    passed     98.14%
   7  2768939   74.98%    passed     96.77%
   8  2768941   75.44%    passed     98.38%
   9  90158     75.25%    passed     97.78%
  10  2768942   77.65%    passed     97.13%
  11  2768943   74.88%    passed     92.98%
  12  2768945   81.35%    passed     94.11%
  13  2768960   77.93%    passed     97.05%
  14  5759041   75.07%    passed     96.72%
  15  3375179   77.29%    passed     97.73%
  16  2768977   75.16%    passed     99.20%
  17  2768982   74.98%    passed     96.43%
  18  2768984   75.25%    passed     99.26%
  19  2154593   75.07%    passed     92.83%
  20  2154609   75.16%    passed     98.98%
  21  2769011   75.72%    passed     95.94%
  22  90255     75.16%    passed     97.15%
  23  3375248   73.04%    passed     94.91%
  24  4235411   78.49%    passed     99.24%
  25  90264     75.16%    passed     98.77%
  26  2769048   78.86%    passed     98.22%
  27  2769049   73.96%    passed     90.98%
  28  2769050   74.52%    passed     97.86%
  29  4464794   75.16%    passed     97.26%
  30  65729     75.16%    passed     96.10%
  31  90320     75.16%    passed     96.64%
  32  2769105   75.16%    passed     98.77%
  33  2769115   75.16%    passed     92.06%
  34  2154719   75.16%    passed     96.27%
  35  2769133   75.07%    passed     96.72%
  36  90350     75.16%    passed     93.79%
  37  3375351   74.70%    passed     94.67%
  38  2769155   75.07%    passed     96.74%
  39  2539782   74.98%    passed     94.80%
  40  368924    75.16%    passed     97.91%
  41  2769188   78.76%    passed     98.92%
  42  90417     75.16%    passed     98.77%
  43  3375433   75.16%    passed     96.92%
  44  696650    75.16%    passed     97.91%
  45  4940121   75.44%    passed     95.66%
  46  2769250   75.07%    passed     96.17%
  47  90473     75.16%    passed     96.64%
  48  3629419   75.16%    passed     99.20%
  49  37522     76.18%    passed     86.66%
  50  37523     75.16%    passed     96.44%
  51  90498     75.16%    passed     98.86%
  52  3662214   82.92%    passed     92.14%
  53  5071242   76.36%    passed     89.47%
  54  3662227   82.92%    passed     83.57%
  55  3662236   82.83%    passed     88.83%
  56  3662237   82.83%    passed     94.76%
  57  3662238   82.83%    passed     94.76%
  58  3662239   82.73%    passed     96.64%
  59  3662250   82.92%    passed     96.78%
  60  369071    75.16%    passed     97.91%
  61  3375535   75.90%    passed     94.37%
  62  3662276   82.92%    passed     96.78%
  63  696802    75.16%    passed     93.34%
  64  1466884   75.16%    passed     94.46%
  65  5767689   75.07%    passed     97.97%
  66  696848    77.84%    passed     96.60%
  67  4227600   74.70%    passed     97.58%
  68  4227605   76.73%    passed     96.54%
  69  4227606   76.92%    passed     90.79%
  70  1466911   74.98%    passed     98.60%
  71  4227618   74.52%    passed     98.63%
  72  4227619   72.85%    passed     93.02%
  73  4227622   75.53%    passed     96.33%
  74  3654189   76.36%    passed     86.50%
  75  3654190   75.16%    passed     96.67%
  76  4227629   78.12%    passed     95.38%
  77  3654196   75.07%    passed     95.62%
  78  3654197   75.16%    passed     91.56%
  79  3654201   75.16%    passed     96.09%
  80  3654204   75.07%    passed     90.82%
  81  4227644   75.16%    passed     99.82%
  82  3629630   75.07%    passed     96.35%
  83  3654207   75.16%    passed     80.99%
  84  4227645   75.07%    passed     96.35%
  85  4227647   74.88%    passed     95.18%
  86  4227648   75.90%    passed     99.38%
  87  4227649   75.90%    passed     99.57%
  88  4227652   75.16%    passed     93.34%
  89  4227655   75.16%    passed     88.34%
  90  3654217   75.16%    passed     97.44%
  91  4874836   75.35%    passed     97.96%
  92  4227670   77.75%    passed     92.23%
  93  3654246   75.16%    passed     93.14%
  94  3662448   82.92%    passed     89.74%
  95  3662449   82.92%    passed     94.27%
  96  3654272   76.36%    passed     91.48%
  97  4227724   75.44%    passed     98.66%
  98  3375760   75.16%    passed     99.82%
  99  4227746   75.07%    passed     92.65%
 100  4227747   75.16%    passed     93.77%
 101  3654308   75.62%    passed     96.93%
 102  4227748   75.16%    passed     91.73%
 103  4227757   77.56%    passed     98.06%
 104  4227758   78.67%    passed     93.23%
 105  1467065   75.25%    passed     97.62%
 106  3654377   80.98%    passed     97.49%
 107  3654381   73.96%    passed     97.98%
 108  4227827   73.96%    passed     99.46%
 109  295732    75.16%    passed     99.20%
 110  2171705   75.07%    passed     96.74%
 111  4227902   76.27%    passed     93.89%
 112  4227903   76.55%    passed     94.53%
 113  4227904   74.79%    passed     97.96%
 114  4227905   74.79%    passed     99.21%
 115  3654471   75.16%    passed     99.82%
 116  3375949   75.16%    passed     96.64%
 117  25424     75.16%    passed     96.09%
 118  4227932   75.53%    passed     99.35%
 119  1917802   75.16%    passed     97.91%
 120  1917804   75.07%    passed     96.72%
 121  4236140   75.16%    passed     93.34%
 122  5112708   76.64%    passed     93.27%
 123  3654539   75.25%    passed     97.21%
 124  3376049   75.16%    passed     99.20%
 125  3376056   75.44%    passed     98.24%
 126  3654599   75.16%    passed     97.44%
 127  3654604   74.88%    passed     92.36%
 128  3654680   75.16%    passed     96.64%
 129  4228120   75.62%    passed     98.82%
 130  3654683   76.27%    passed     89.09%
 131  3654734   75.16%    passed     91.33%
 132  3376222   75.72%    passed     93.51%
 133  4883555   75.25%    passed     98.82%
 134  1778788   75.53%    passed     98.54%
 135  3654777   75.16%    passed     96.09%
 136  3654778   75.16%    passed     98.78%
 137  5751937   75.16%    passed     97.15%
 138  3654787   74.98%    passed     95.85%
 139  1778841   75.53%    passed     98.35%
 140  50356     75.16%    passed     99.21%
 141  25829     75.16%    passed     96.09%
 142  50427     75.16%    passed     97.15%
 143  1918268   75.16%    passed     97.15%
 144  4875584   75.07%    passed     96.72%
 145  4867419   77.93%    passed     97.30%
 146  1402208   74.79%    passed     98.01%
 147  1402209   75.99%    passed     89.65%
 148  1402210   77.84%    passed     91.28%
 149  1402212   71.56%    passed     96.53%
 150  779625    75.53%    passed     99.92%
 151  304500    75.16%    passed     97.91%
 152  1402252   76.82%    passed     91.79%
 153  1402253   75.16%    passed     94.53%
 154  697762    77.84%    passed     95.66%
 155  4941219   75.16%    passed     97.15%
 156  4875698   75.07%    passed     96.35%
 157  4883924   75.16%    passed     93.77%
 158  4941287   75.16%    passed     97.26%
 159  304619    75.16%    passed     92.51%
 160  3655205   75.16%    passed     96.64%
 161  3655207   75.16%    passed     98.78%
 162  3655209   75.16%    passed     97.15%
 163  5047851   75.53%    passed     99.55%
 164  4867685   75.07%    passed     98.82%
 165  2156148   75.16%    passed     92.92%
 166  697984    77.75%    passed     98.12%
 167  697994    75.07%    passed     94.55%
 168  698020    72.39%    passed     91.33%
 169  4236965   74.98%    passed     99.65%
 170  5867209   76.92%    passed     97.18%
 171  59082     75.16%    passed     96.09%
 172  5867210   75.35%    passed     99.05%
 173  5867211   75.07%    passed     93.29%
 174  59085     75.07%    passed     96.74%
 175  5867212   75.07%    passed     95.62%
 176  5867213   75.07%    passed     96.74%
 177  5867214   75.07%    passed     96.83%
 178  5867215   75.07%    passed     98.91%
 179  5867216   75.16%    passed     93.34%
 180  5867217   75.07%    passed     96.83%
 181  5867218   74.98%    passed     95.85%
 182  5867219   75.07%    passed     95.62%
 183  5867221   76.55%    passed     93.85%
 184  5867222   75.07%    passed     96.74%
 185  5867223   76.82%    passed     87.99%
 186  5867224   75.07%    passed     93.29%
 187  5867225   75.62%    passed     96.65%
 188  5867226   75.07%    passed     96.35%
 189  5867228   76.82%    passed     79.21%
 190  2156252   75.16%    passed     98.20%
 191  5867230   76.64%    passed     95.44%
 192  5867227   75.07%    passed     96.17%
 193  5867232   77.10%    passed     95.72%
 194  5867233   75.07%    passed     96.17%
 195  5867229   75.07%    passed     98.82%
 196  5867234   77.10%    passed     99.90%
 197  5867235   74.98%    passed     96.43%
 198  5867237   78.12%    passed     96.73%
 199  5867236   75.07%    passed     96.72%
 200  5867231   77.10%    passed     97.68%
 201  5867238   75.35%    passed     98.58%
 202  5867239   77.93%    passed     97.99%
 203  5867240   76.92%    passed     98.47%
 204  5867241   75.99%    passed     94.03%
 205  5867242   77.29%    passed     98.65%
 206  5867243   78.86%    passed     98.46%
 207  5867244   77.19%    passed     96.64%
 208  5867245   77.56%    passed     98.06%
 209  5867246   76.73%    passed     94.83%
 210  5867247   76.73%    passed     97.37%
 211  5867248   75.16%    passed     93.79%
 212  5867249   77.75%    passed     94.83%
 213  5867250   77.29%    passed     96.84%
 214  5867252   78.76%    passed     94.30%
 215  5867253   77.19%    passed     96.49%
 216  5867255   75.07%    passed     94.55%
 217  5867256   75.81%    passed     94.07%
 218  5867257   77.84%    passed     99.16%
 219  5867258   75.07%    passed     96.74%
 220  5867259   75.16%    passed     97.44%
 221  5867260   75.16%    passed     96.09%
 222  5867261   75.07%    passed     96.72%
 223  5867262   76.64%    passed     95.79%
 224  5867263   77.10%    passed     97.63%
 225  5867264   76.73%    passed     97.03%
 226  788225    75.16%    passed     93.77%
 227  698114    75.16%    passed     97.15%
 228  5867265   77.19%    passed     96.51%
 229  5867266   76.73%    passed     96.46%
 230  5867267   77.56%    passed     93.94%
 231  5867268   77.84%    passed     90.61%
 232  5867269   77.47%    passed     95.83%
 233  5867270   77.47%    passed     94.04%
 234  5867271   75.90%    passed     97.97%
 235  5867272   77.01%    passed     97.83%
 236  5867273   77.01%    passed     93.98%
 237  5867274   76.73%    passed     98.52%
 238  4237069   76.36%    passed     83.17%
 239  5867275   77.01%    passed     95.17%
 240  5867276   77.84%    passed     91.93%
 241  5867277   79.41%    passed     99.83%
 242  5867281   75.16%    passed     99.20%
 243  5867282   75.25%    passed     98.43%
 244  5867283   79.41%    passed     99.64%
 245  5867278   75.07%    passed     98.44%
 246  5867279   75.07%    passed     96.35%
 247  5867280   75.07%    passed     98.12%
 248  5867284   77.65%    passed     92.40%
 249  5867285   80.33%    passed     90.83%
 250  5867286   77.65%    passed     89.04%
 251  5867287   76.27%    passed     93.71%
 252  5867288   75.07%    passed     96.74%
 253  5867289   75.07%    passed     96.83%
 254  5867290   75.07%    passed     95.95%
 255  5867291   76.92%    passed     91.23%
 256  5867292   76.36%    passed     94.46%
 257  5867293   75.25%    passed     98.43%
 258  5867294   75.16%    passed     99.21%
 259  5867295   75.07%    passed     96.83%
 260  5867296   77.84%    passed     96.86%
 261  5867297   75.81%    passed     92.02%
 262  5867298   77.19%    passed     79.92%
 263  5867299   77.19%    passed     96.25%
 264  5867300   76.18%    passed     99.81%
 265  5867301   77.19%    passed     94.07%
 266  5867302   79.87%    passed     93.98%
 267  5867303   82.92%    passed     97.38%
 268  5867304   75.07%    passed     96.83%
 269  59177     75.16%    passed     93.14%
 270  5867305   77.93%    passed     98.00%
 271  5867306   75.07%    passed     96.83%
 272  5867307   77.19%    passed     96.86%
 273  5867309   77.10%    passed     99.69%
 274  5867310   77.19%    passed     99.99%
 275  5867311   77.29%    passed     97.42%
 276  59184     75.16%    passed     96.67%
 277  5867312   77.38%    passed     91.22%
 278  5867317   77.38%    passed     85.38%
 279  5867313   79.78%    passed     99.76%
 280  5867314   77.19%    passed     99.97%
 281  5867315   77.38%    passed     93.41%
 282  2541365   79.87%    passed     95.72%
 283  5867316   76.73%    passed     96.54%
 284  5867318   77.38%    passed     93.41%
 285  5867320   77.19%    passed     98.79%
 286  5867321   75.16%    passed     96.09%
 287  5867322   75.62%    passed     96.24%
 288  5867323   75.07%    passed     96.35%
 289  5867324   75.07%    passed     96.83%
 290  5867325   77.29%    passed     93.92%
 291  5867326   75.07%    passed     96.83%
 292  5867327   79.32%    passed     89.33%
 293  5867328   75.07%    passed     96.74%
 294  5867329   75.53%    passed     98.21%
 295  5867330   76.08%    passed     82.70%
 296  5867335   77.47%    passed     89.59%
 297  5867336   77.29%    passed     81.85%
 298  5867331   75.07%    passed     94.55%
 299  698180    75.25%    passed     98.82%
 300  5867332   76.82%    passed     92.29%
 301  5867333   76.82%    passed     84.89%
 302  5867334   77.29%    passed     96.94%
 303  1918792   75.16%    passed     92.51%
 304  5867337   76.73%    passed     96.61%
 305  5867338   75.16%    passed     97.26%
 306  5867339   75.16%    passed     97.93%
 307  5867340   75.16%    passed     96.81%
 308  5867341   76.08%    passed     87.54%
 309  5867342   82.92%    passed     94.89%
 310  5867343   82.92%    passed     85.01%
 311  5867344   82.92%    passed     97.77%
 312  5867351   77.29%    passed     86.73%
 313  5867345   82.92%    passed     92.14%
 314  5867346   82.83%    passed     92.02%
 315  5867347   82.92%    passed     88.37%
 316  5867348   76.27%    passed     99.87%
 317  5867349   77.10%    passed     99.13%
 318  2156381   77.29%    passed     96.87%
 319  2156374   75.16%    passed     99.82%
 320  5867350   76.45%    passed     88.19%
 321  5867352   79.32%    passed     77.43%
 322  5867353   77.01%    passed     90.92%
 323  5867354   77.01%    passed     87.12%
 324  5867355   79.50%    passed     96.90%
 325  5867356   79.69%    passed     85.34%
 326  5867357   75.07%    passed     96.29%
 327  5867358   79.04%    passed     99.09%
 328  5867359   79.41%    passed     99.00%
 329  5867360   76.27%    passed     92.84%
 330  5867361   74.98%    passed     96.03%
 331  5867362   76.82%    passed     99.20%
 332  5867363   75.16%    passed     99.94%
 333  2787172   75.16%    passed     98.98%
 334  5867364   76.82%    passed     98.47%
 335  5867365   76.82%    passed     96.87%
 336  5867366   75.07%    passed     98.91%
 337  5867367   75.07%    passed     94.55%
 338  5867368   75.25%    passed     97.32%
 339  5867369   75.62%    passed     96.41%
 340  5867370   75.07%    passed     98.82%
 341  5867372   75.16%    passed     97.60%
 342  5867373   80.79%    passed     72.30%
 343  5867374   80.24%    passed     86.49%
 344  5867375   75.53%    passed     96.04%
 345  5867376   79.87%    passed     88.49%
 346  5867377   76.08%    passed     94.70%
 347  5867378   79.04%    passed     96.41%
 348  5867379   77.93%    passed     95.41%
 349  5867380   77.19%    passed     93.40%
 350  5867381   75.16%    passed     93.79%
 351  5867383   75.72%    passed     93.29%
 352  5867384   75.16%    passed     97.44%
 353  5867385   76.55%    passed     94.85%
 354  5867386   76.55%    passed     93.85%
 355  5867387   75.07%    passed     96.83%
 356  5867388   75.99%    passed     97.27%
 357  5867389   75.07%    passed     98.89%
 358  5867390   75.07%    passed     98.82%
 359  5867391   75.07%    passed     94.55%
 360  5867392   75.07%    passed     95.65%
 361  5867394   75.07%    passed     98.42%
 362  2787203   76.36%    passed     97.86%
 363  5867395   75.07%    passed     97.97%
 364  5769093   75.16%    passed     97.44%
 365  5867396   79.41%    passed     95.01%
 366  5867397   78.39%    passed     98.82%
 367  5867398   79.41%    passed     95.02%
 368  5867399   78.30%    passed     98.10%
 369  5867400   75.44%    passed     98.69%
 370  5867401   75.44%    passed     97.24%
 371  5867402   75.53%    passed     87.85%
 372  5867403   75.44%    passed     94.33%
 373  5867404   75.44%    passed     98.00%
 374  5867405   75.53%    passed     81.88%
 375  5867406   75.53%    passed     96.14%
 376  5867407   75.44%    passed     94.33%
 377  5867408   75.44%    passed     96.15%
 378  5867409   75.44%    passed     89.38%
 379  5867410   75.44%    passed     94.33%
 380  5867411   75.44%    passed     96.55%
 381  5867412   75.07%    passed     95.64%
 382  5867413   75.07%    passed     96.29%
 383  59288     77.84%    passed     97.91%
 384  5867414   78.86%    passed     94.62%
 385  5867416   78.21%    passed     91.53%
 386  5867417   77.19%    passed     98.73%
 387  5867418   75.07%    passed     98.82%
 388  5867419   77.84%    passed     95.66%
 389  5867420   75.07%    passed     97.97%
 390  5867422   82.92%    passed     88.37%
 391  5867423   82.92%    passed     85.01%
 392  5867424   82.92%    passed     85.01%
 393  5867425   82.92%    passed     87.41%
 394  5867426   82.92%    passed     83.50%
 395  5867428   77.01%    passed     78.48%
 396  5867429   77.29%    passed     96.19%
 397  5867430   75.07%    passed     98.89%
 398  698279    75.16%    passed     96.44%
 399  5867431   75.07%    passed     97.97%
 400  5867432   75.07%    passed     98.82%
 401  5867433   75.16%    passed     98.77%
 402  5867434   75.07%    passed     98.82%
 403  5867435   75.07%    passed     98.82%
 404  5867437   76.08%    passed     92.22%
 405  5867438   75.07%    passed     98.12%
 406  5867439   76.08%    passed     90.36%
 407  5867440   75.07%    passed     99.84%
 408  5867441   75.99%    passed     94.03%
 409  5867442   78.12%    passed     99.91%
 410  5867443   78.12%    passed     99.48%
 411  5867444   76.73%    passed     98.13%
 412  5867445   78.30%    passed     96.92%
 413  5867446   78.21%    passed     95.09%
 414  5867448   75.16%    passed     96.64%
 415  5867449   78.30%    passed     98.63%
 416  5867450   75.90%    passed     98.57%
 417  5867451   75.07%    passed     95.65%
 418  5867452   79.04%    passed     97.78%
 419  5867453   77.84%    passed     99.09%
 420  5867454   75.16%    passed     97.26%
 421  5867455   77.19%    passed     97.75%
 422  5867456   77.19%    passed     91.54%
 423  5867457   75.25%    passed     99.03%
 424  5867458   75.44%    passed     82.29%
 425  5867459   75.16%    passed     93.79%
 426  5867460   75.81%    passed     97.00%
 427  5867461   75.25%    passed     97.48%
 428  5867462   75.07%    passed     98.82%
 429  59364     75.25%    passed     97.21%
 430  4892644   77.56%    passed     97.64%
 431  59366     75.16%    passed     97.91%
 432  305136    75.16%    passed     93.90%
 433  1468403   76.36%    passed     91.85%
 434  698375    75.25%    passed     94.53%
 435  51225     75.16%    passed     96.44%
 436  2156571   77.29%    passed     93.57%
 437  2787368   75.07%    passed     96.72%
 438  2156610   75.16%    passed     99.21%
 439  305260    75.16%    passed     96.64%
 440  1157286   75.53%    passed     99.91%
 441  3655866   73.78%    passed     97.97%
 442  3655872   75.25%    passed     97.50%
 443  3655876   75.81%    passed     93.82%
 444  2156752   77.29%    passed     89.13%
 445  2787537   75.16%    passed     97.15%
 446  3655895   75.25%    passed     95.61%
 447  305383    75.16%    passed     88.26%
 448  4237547   77.29%    passed     99.10%
 449  903404    77.38%    passed     88.55%
 450  903407    75.16%    passed     96.92%
 451  903408    75.16%    passed     96.92%
 452  698609    77.84%    passed     98.90%
 453  903412    75.53%    passed     97.17%
 454  903414    75.16%    passed     99.21%
 455  903416    75.16%    passed     99.20%
 456  1157374   75.53%    passed     99.71%
 457  2156799   77.01%    passed     96.83%
 458  903424    77.84%    passed     98.90%
 459  903425    75.62%    passed     98.61%
 460  903426    75.62%    passed     98.28%
 461  903436    77.84%    passed     98.55%
 462  903478    77.84%    passed     98.66%
 463  903487    77.38%    passed     93.82%
 464  903488    80.06%    passed     96.85%
 465  43338     75.16%    passed     96.44%
 466  903502    78.30%    passed     97.65%
 467  698718    77.84%    passed     91.80%
 468  4884836   76.92%    passed     89.15%
 469  903526    75.16%    passed     98.78%
 470  43366     75.25%    passed     94.53%
 471  43381     76.73%    passed     94.55%
 472  698759    77.84%    passed     96.60%
 473  43404     75.16%    passed     99.28%
 474  903564    77.93%    passed     99.33%
 475  698768    75.25%    passed     98.43%
 476  5048720   75.16%    passed     97.15%
 477  43413     75.99%    passed     91.25%
 478  903595    77.65%    passed     96.91%
 479  3066286   75.44%    passed     99.82%
 480  2787760   75.16%    passed     95.61%
 481  43442     75.16%    passed     93.79%
 482  43451     75.16%    passed     93.34%
 483  2533825   78.49%    passed     97.57%
 484  43481     75.16%    passed     97.15%
 485  903644    75.16%    passed     93.27%
 486  5736925   78.86%    passed     90.92%
 487  5736926   75.07%    passed     97.97%
 488  5736927   75.16%    passed     84.29%
 489  5736928   78.86%    passed     90.74%
 490  5736929   75.16%    passed     96.09%
 491  5736930   76.08%    passed     99.77%
 492  2533871   74.98%    passed     98.58%
 493  5736945   75.16%    passed     96.09%
 494  5736946   75.99%    passed     95.31%
 495  5736947   75.07%    passed     91.21%
 496  43508     75.16%    passed     97.15%
 497  43509     75.16%    passed     93.90%
 498  5736948   75.16%    passed     92.92%
 499  5736951   75.16%    passed     99.82%
 500  5736949   77.10%    passed     90.14%
 501  5736953   71.84%    passed     94.41%
 502  5736950   76.73%    passed     97.37%
 503  5736954   77.47%    passed     88.89%
 504  5736955   76.36%    passed     98.93%
 505  5736956   76.18%    passed     96.87%
 506  5736957   76.18%    passed     96.03%
 507  43518     75.16%    passed     96.44%
 508  5736961   75.44%    passed     98.38%
 509  5736962   74.70%    passed     89.76%
 510  5736963   74.70%    passed     99.69%
 511  5736964   75.25%    passed     96.18%
 512  5736965   77.19%    passed     96.38%
 513  5736966   76.18%    passed     99.70%
 514  43527     75.16%    passed     98.98%
 515  4540936   75.16%    passed     93.90%
 516  5736967   75.35%    passed     95.82%
 517  5736968   77.29%    passed     96.94%
 518  5736977   75.25%    passed     97.50%
 519  5736978   77.75%    passed     98.66%
 520  5736979   77.56%    passed     98.22%
 521  5736980   75.44%    passed     97.22%
 522  5736981   74.79%    passed     97.48%
 523  5736982   76.64%    passed     95.10%
 524  5736983   76.18%    passed     96.06%
 525  5736984   74.79%    passed     97.12%
 526  43545     75.16%    passed     93.90%
 527  5736985   75.16%    passed     93.77%
 528  5736986   72.58%    passed     98.00%
 529  5736987   75.16%    passed     93.34%
 530  5736988   74.98%    passed     94.80%
 531  5736989   77.01%    passed     89.22%
 532  5736990   74.70%    passed     99.76%
 533  5736991   76.27%    passed     99.29%
 534  5736992   77.29%    passed     97.73%
 535  5736993   75.35%    passed     99.49%
 536  5736994   77.29%    passed     97.12%
 537  5736995   75.25%    passed     96.67%
 538  5737007   76.18%    passed     94.03%
 539  5737008   76.18%    passed     96.61%
 540  5737009   76.08%    passed     99.84%
 541  5737011   76.55%    passed     96.71%
 542  5737012   76.55%    passed     98.49%
 543  5737013   76.36%    passed     98.76%
 544  5737014   75.99%    passed     95.31%
 545  5737015   74.52%    passed     97.86%
 546  5737016   78.49%    passed     97.57%
 547  5737017   77.38%    passed     96.96%
 548  5737019   78.49%    passed     98.33%
 549  5737020   78.30%    passed     98.78%
 550  5737021   78.76%    passed     98.33%
 551  5737022   77.10%    passed     95.38%
 552  5737023   74.98%    passed     94.80%
 553  5737024   74.88%    passed     95.71%
 554  5737025   77.65%    passed     97.59%
 555  5737026   75.07%    passed     98.82%
 556  5737027   75.16%    passed     94.46%
 557  5737028   75.16%    passed     88.21%
 558  5737029   74.79%    passed     85.77%
 559  5737030   74.79%    passed     82.15%
 560  5737031   75.16%    passed     91.56%
 561  5737032   75.16%    passed     95.96%
 562  5737033   75.44%    passed     97.22%
 563  5737034   75.16%    passed     96.09%
 564  895563    75.44%    passed     94.99%
 565  5737036   75.16%    passed     90.30%
 566  5737035   75.16%    passed     94.46%
 567  5737037   75.16%    passed     91.32%
 568  5737038   75.16%    passed     96.10%
 569  5737039   75.07%    passed     94.55%
 570  5737041   75.07%    passed     91.67%
 571  43602     76.18%    passed     94.75%
 572  5737042   74.79%    passed     91.73%
 573  5737043   75.25%    passed     97.50%
 574  5737045   75.16%    passed     93.34%
 575  51798     75.16%    passed     95.96%
 576  43607     75.16%    passed     96.44%
 577  5737046   76.64%    passed     95.79%
 578  2533977   75.07%    passed     96.17%
 579  5737047   74.33%    passed     99.84%
 580  5737048   75.16%    passed     96.92%
 581  5737050   77.38%    passed     96.96%
 582  5737051   76.18%    passed     91.34%
 583  2157150   77.47%    passed     90.87%
 584  5737052   78.49%    passed     86.17%
 585  5737053   77.93%    passed     95.23%
 586  5737054   74.79%    passed     97.05%
 587  5737055   75.16%    passed     98.77%
 588  5737056   75.16%    passed     98.42%
 589  5737057   75.53%    passed     97.48%
 590  5737061   75.16%    passed     97.26%
 591  5737058   75.44%    passed     98.39%
 592  5737059   76.08%    passed     95.32%
 593  5737064   76.64%    passed     88.78%
 594  5737060   75.16%    passed     96.09%
 595  5737062   72.95%    passed     96.48%
 596  5737065   74.61%    passed     99.06%
 597  5737066   75.16%    passed     90.30%
 598  5737067   74.70%    passed     95.74%
 599  445038    75.16%    passed     99.20%
 600  5737071   76.64%    passed     97.24%
 601  5737068   77.47%    passed     94.34%
 602  5737069   77.84%    passed     91.41%
 603  5737070   75.72%    passed     98.63%
 604  5737072   72.39%    passed     98.82%
 605  5737073   72.30%    passed     95.42%
 606  5737074   75.53%    passed     99.87%
 607  5737075   75.62%    passed     99.81%
 608  5737077   75.07%    passed     96.29%
 609  2787960   76.36%    passed     94.06%
 610  5737078   74.88%    passed     98.10%
 611  5737079   73.59%    passed     97.65%
 612  5737081   75.07%    passed     92.65%
 613  5737084   75.07%    passed     96.74%
 614  5737082   75.44%    passed     95.67%
 615  5737086   76.64%    passed     92.29%
 616  5737083   75.07%    passed     96.74%
 617  5737085   75.07%    passed     96.74%
 618  699009    75.16%    passed     96.44%
 619  5737087   75.16%    passed     93.65%
 620  5737091   78.30%    passed     99.65%
 621  5737088   75.07%    passed     98.44%
 622  2787973   75.16%    passed     97.15%
 623  5737089   75.07%    passed     98.90%
 624  5737095   75.53%    passed     86.11%
 625  5737096   75.62%    passed     98.83%
 626  5737097   75.81%    passed     94.07%
 627  5737098   80.89%    passed     78.04%
 628  903815    77.38%    passed     93.79%
 629  5737092   78.58%    passed     97.92%
 630  5737093   78.02%    passed     99.05%
 631  5737102   76.73%    passed     99.51%
 632  5737103   75.72%    passed     97.10%
 633  5737099   75.16%    passed     97.44%
 634  2787985   75.16%    passed     95.61%
 635  5737100   74.15%    passed     94.12%
 636  5737101   75.25%    passed     89.64%
 637  5737104   74.15%    passed     95.56%
 638  5737105   77.10%    passed     99.65%
 639  5737106   75.99%    passed     99.97%
 640  4237975   77.84%    passed     99.56%
 641  5737107   77.01%    passed     98.27%
 642  5737113   78.30%    passed     98.55%
 643  5737114   78.39%    passed     98.70%
 644  5737115   77.75%    passed     98.29%
 645  5737116   75.16%    passed     88.34%
 646  5737108   77.10%    passed     99.04%
 647  5737118   74.70%    passed     98.86%
 648  5737119   77.75%    passed     96.51%
 649  5737111   77.75%    passed     93.47%
 650  5737112   78.12%    passed     98.63%
 651  5737117   75.44%    passed     98.24%
 652  5737120   77.19%    passed     96.61%
 653  5737124   76.55%    passed     98.42%
 654  5737125   76.18%    passed     99.59%
 655  5737121   77.19%    passed     95.57%
 656  5737127   75.16%    passed     96.92%
 657  322215    75.16%    passed     96.44%
 658  2534056   76.45%    passed     97.76%
 659  5737122   79.32%    passed     97.65%
 660  5737123   76.36%    passed     98.93%
 661  5737126   75.16%    passed     95.61%
 662  5737129   77.01%    passed     89.17%
 663  5737130   77.01%    passed     84.57%
 664  5737131   75.16%    passed     96.27%
 665  764592    74.98%    passed     98.14%
 666  5737137   78.58%    passed     97.32%
 667  5737138   76.18%    passed     99.00%
 668  5737132   76.36%    passed     93.57%
 669  5737140   77.84%    passed     97.80%
 670  5737133   77.01%    passed     97.83%
 671  5737134   77.84%    passed     93.26%
 672  5737135   74.70%    passed     94.12%
 673  5737136   74.61%    passed     99.83%
 674  5737139   77.93%    passed     97.21%
 675  2534074   75.25%    passed     99.25%
 676  895674    75.16%    passed     96.64%
 677  5737141   74.88%    passed     99.57%
 678  2788029   75.16%    passed     93.88%
 679  5737142   76.64%    passed     90.12%
 680  5737143   75.07%    passed     92.62%
 681  5737146   77.56%    passed     96.77%
 682  5737147   77.93%    passed     92.04%
 683  5737148   75.16%    passed     96.64%
 684  5737150   76.08%    passed     99.23%
 685  5737151   73.59%    passed     97.44%
 686  5737152   75.16%    passed     93.14%
 687  5737153   74.98%    passed     95.93%
 688  5737154   74.70%    passed     94.16%
 689  5737155   74.98%    passed     92.36%
 690  5737156   74.98%    passed     98.28%
 691  5737157   74.98%    passed     96.03%
 692  5737158   74.98%    passed     98.28%
 693  5737159   75.16%    passed     90.03%
 694  5737160   76.36%    passed     84.90%
 695  5737161   74.88%    passed     92.98%
 696  5737167   75.25%    passed     94.92%
 697  5737168   75.25%    passed     87.07%
 698  5737169   74.61%    passed     95.97%
 699  51922     75.07%    passed     96.35%
 700  51923     75.07%    passed     92.83%
 701  5737171   75.16%    passed     97.95%
 702  1403605   76.82%    passed     87.44%
 703  4238037   75.16%    passed     88.96%
 704  5737173   75.53%    passed     90.82%
 705  51928     75.07%    passed     92.83%
 706  51929     75.07%    passed     98.12%
 707  51930     74.61%    passed     90.46%
 708  51931     75.16%    passed     97.24%
 709  322265    75.16%    passed     93.90%
 710  5737174   74.79%    passed     95.06%
 711  5737175   74.79%    passed     97.05%
 712  2534111   75.16%    passed     97.91%
 713  5737184   75.25%    passed     99.26%
 714  5737185   75.25%    passed     92.04%
 715  5737186   77.56%    passed     94.78%
 716  1403619   75.72%    passed     87.03%
 717  2788067   75.16%    passed     93.88%
 718  5737187   75.44%    passed     99.94%
 719  5737190   77.47%    passed     99.20%
 720  5737191   76.27%    passed     99.87%
 721  5737192   75.07%    passed     98.47%
 722  5737193   74.98%    passed     99.82%
 723  5737194   76.27%    passed     99.85%
 724  5737195   75.53%    passed     97.48%
 725  1403628   77.84%    passed     88.17%
 726  5737196   78.95%    passed     96.89%
 727  5737197   77.01%    passed     90.55%
 728  5737198   78.76%    passed     97.57%
 729  5737199   78.86%    passed     98.22%
 730  5737202   78.30%    passed     98.69%
 731  5737203   78.30%    passed     98.55%
 732  5737204   78.58%    passed     97.60%
 733  2788085   75.16%    passed     97.91%
 734  1403639   75.16%    passed     96.27%
 735  5737208   75.25%    passed     98.82%
 736  1403641   75.44%    passed     97.49%
 737  5737209   76.18%    passed     99.87%
 738  5737210   75.16%    passed     92.88%
 739  5737211   79.59%    passed     98.61%
 740  5737212   77.19%    passed     88.76%
 741  5737213   75.16%    passed     95.01%
 742  5737214   75.16%    passed     96.10%
 743  5737215   75.25%    passed     97.48%
 744  5737217   75.16%    passed     86.88%
 745  5737218   76.08%    passed     99.82%
 746  5737219   77.29%    passed     94.07%
 747  2788101   76.36%    passed     94.06%
 748  5737221   73.41%    passed     95.40%
 749  5737222   71.47%    passed     98.90%
 750  5737223   76.64%    passed     98.51%
 751  5737224   78.30%    passed     98.13%
 752  5737225   75.25%    passed     98.43%
 753  5737226   74.79%    passed     97.07%
 754  5737227   74.70%    passed     99.27%
 755  4565773   79.04%    passed     97.52%
 756  5737228   75.16%    passed     90.03%
 757  5737229   77.01%    passed     97.76%
 758  5737230   74.88%    passed     98.38%
 759  5737231   75.25%    passed     99.91%
 760  5737236   75.16%    passed     97.15%
 761  5737237   78.39%    passed     82.78%
 762  5737238   75.07%    passed     93.29%
 763  5737242   80.70%    passed     99.60%
 764  5737243   74.88%    passed     94.63%
 765  5737248   77.75%    passed     92.11%
 766  5737249   75.62%    passed     98.28%
 767  5737250   75.07%    passed     98.44%
 768  5737251   75.07%    passed     96.03%
 769  5737252   75.16%    passed     98.78%
 770  5737253   74.98%    passed     98.14%
 771  5737254   75.16%    passed     90.03%
 772  5737255   74.79%    passed     90.04%
 773  5737256   75.16%    passed     93.88%
 774  5737257   75.25%    passed     93.19%
 775  5737258   74.98%    passed     94.73%
 776  5737259   75.53%    passed     94.92%
 777  5737260   75.53%    passed     95.60%
 778  5737261   78.02%    passed     94.54%
 779  5737262   76.45%    passed     94.81%
 780  5737267   77.38%    passed     98.65%
 781  5737268   78.39%    passed     91.33%
 782  5737269   78.58%    passed     94.00%
 783  5737270   74.88%    passed     99.57%
 784  5737271   78.58%    passed     87.70%
 785  5737272   75.25%    passed     98.82%
 786  5737273   77.75%    passed     96.56%
 787  5737274   75.62%    passed     98.28%
 788  5737275   75.07%    passed     96.04%
 789  5737276   74.98%    passed     96.76%
 790  5737277   75.16%    passed     91.56%
 791  5737278   75.81%    passed     90.08%
 792  5737280   80.98%    passed     93.73%
 793  5737281   74.79%    passed     92.94%
 794  5286722   74.88%    passed     97.99%
 795  5737282   77.56%    passed     94.44%
 796  5737283   78.39%    passed     98.82%
 797  5737284   77.75%    passed     92.23%
 798  5737285   76.73%    passed     91.82%
 799  5737286   78.39%    passed     99.70%
 800  5737287   76.55%    passed     89.57%
 801  5737289   75.62%    passed     96.23%
 802  5737290   74.52%    passed     92.98%
 803  5737288   75.07%    passed     96.74%
 804  5737292   76.64%    passed     86.67%
 805  5737293   75.16%    passed     90.30%
 806  5737294   75.25%    passed     95.61%
 807  5737295   74.88%    passed     92.36%
 808  2534224   75.25%    passed     97.21%
 809  5737296   76.36%    passed     89.25%
 810  5737297   74.88%    passed     99.74%
 811  5737298   77.29%    passed     94.62%
 812  5737299   75.16%    passed     94.99%
 813  5737300   74.70%    passed     97.16%
 814  5737307   77.38%    passed     97.28%
 815  5737311   74.98%    passed     96.43%
 816  5737312   75.16%    passed     90.30%
 817  5737313   75.16%    passed     98.77%
 818  5737318   75.16%    passed     94.99%
 819  5737319   75.07%    passed     98.12%
 820  5737320   76.36%    passed     82.50%
 821  5737321   76.36%    passed     93.38%
 822  5737322   75.16%    passed     96.09%
 823  5737324   74.79%    passed     97.96%
 824  5737325   79.78%    passed     89.72%
 825  5737326   79.78%    passed     86.09%
 826  5737327   76.36%    passed     88.33%
 827  5737328   75.16%    passed     93.27%
 828  5737329   75.16%    passed     97.95%
 829  5737331   77.56%    passed     82.51%
 830  5737332   75.07%    passed     96.74%
 831  5737333   75.07%    passed     93.29%
 832  5737334   77.29%    passed     99.87%
 833  5737335   77.29%    passed     99.39%
 834  5737336   76.36%    passed     89.14%
 835  5737337   75.16%    passed     93.14%
 836  5737338   75.16%    passed     97.26%
 837  5737339   75.25%    passed     99.36%
 838  5737341   76.27%    passed     99.02%
 839  5737342   75.16%    passed     96.64%
 840  5737343   75.16%    passed     98.97%
 841  5737344   75.81%    passed     94.40%
 842  5737345   75.25%    passed     95.61%
 843  5737346   75.16%    passed     96.90%
 844  5737347   75.16%    passed     98.87%
 845  5737348   74.24%    passed     94.27%
 846  5737358   78.49%    passed     96.94%
 847  5737365   75.16%    passed     96.38%
 848  5737366   78.30%    passed     98.69%
 849  5737367   74.88%    passed     98.01%
 850  5737368   77.10%    passed     91.66%
 851  5737369   76.82%    passed     99.98%
 852  5737370   78.30%    passed     96.24%
 853  5737371   74.70%    passed     97.20%
 854  5737372   75.07%    passed     92.65%
 855  5737373   75.72%    passed     93.38%
 856  5737374   74.98%    passed     91.71%
 857  5737375   78.21%    passed     96.00%
 858  5737376   74.79%    passed     92.97%
 859  5737377   74.88%    passed     94.69%
 860  4885410   76.36%    passed     91.98%
 861  5737378   77.29%    passed     98.80%
 862  5737379   75.16%    passed     97.95%
 863  5737380   77.29%    passed     98.78%
 864  5737381   75.16%    passed     97.91%
 865  5114794   76.36%    passed     93.16%
 866  5737390   75.07%    passed     98.82%
 867  5737391   75.07%    passed     92.72%
 868  5737396   76.08%    passed     91.51%
 869  2788300   76.36%    passed     94.06%
 870  44002     75.16%    passed     98.20%
 871  5737466   77.47%    passed     98.52%
 872  4230148   77.10%    passed     95.51%
 873  44077     75.53%    passed     96.92%
 874  2853944   75.35%    passed     94.63%
 875  4230200   75.53%    passed     96.15%
 876  5745722   75.16%    passed     97.26%
 877  52285     75.16%    passed     96.27%
 878  2788419   75.16%    passed     93.90%
 879  4230247   75.16%    passed     99.20%
 880  2788459   75.07%    passed     96.83%
 881  322678    75.16%    passed     97.91%
 882  5737636   75.25%    passed     95.61%
 883  44201     75.16%    passed     98.20%
 884  44205     75.16%    passed     97.52%
 885  44220     75.16%    passed     96.64%
 886  44224     74.79%    passed     97.05%
 887  44226     75.16%    passed     98.86%
 888  44228     77.01%    passed     89.22%
 889  44230     75.16%    passed     99.20%
 890  5287122   75.16%    passed     96.10%
 891  2788599   75.16%    passed     95.61%
 892  896251    75.16%    passed     99.71%
 893  5737725   74.79%    passed     94.64%
 894  896311    75.16%    passed     94.99%
 895  896324    77.01%    passed     89.87%
 896  896361    75.16%    passed     83.27%
 897  44396     75.16%    passed     98.78%
 898  896368    75.16%    passed     92.61%
 899  5737849   81.72%    passed     99.96%
 900  44461     76.73%    passed     92.84%
 901  52666     75.07%    passed     94.93%
 902  52669     75.07%    passed     96.74%
 903  52670     75.07%    passed     96.17%
 904  52671     75.16%    passed     98.98%
 905  52701     75.07%    passed     96.89%
 906  2158065   75.25%    passed     97.32%
 907  306680    75.25%    passed     97.78%
 908  3591692   77.38%    passed     90.11%
 909  5180955   75.16%    passed     96.67%
 910  44589     75.16%    passed     98.98%
 911  4230704   76.73%    passed     98.52%
 912  52799     75.16%    passed     99.52%
 913  44618     75.07%    passed     96.74%
 914  52811     75.16%    passed     99.82%
 915  4468314   78.39%    passed     96.12%
 916  44646     75.16%    passed     96.44%
 917  2788966   75.25%    passed     97.48%
 918  44651     75.16%    passed     98.20%
 919  44652     76.18%    passed     86.03%
 920  5033584   75.72%    passed     93.51%
 921  896627    75.16%    passed     96.64%
 922  896640    75.16%    passed     99.20%
 923  290437    75.16%    passed     97.91%
 924  5287578   75.16%    passed     88.34%
 925  2158239   75.16%    passed     96.27%
 926  2158244   75.16%    passed     96.67%
 927  5287611   75.16%    passed     93.77%
 928  2166494   75.16%    passed     97.26%
 929  2543343   75.90%    passed     99.40%
 930  896757    75.53%    passed     99.98%
 931  4230908   74.70%    passed     99.26%
 932  53079     75.16%    passed     98.86%
 933  2535260   74.98%    passed     95.85%
 934  2789216   76.36%    passed     94.06%
 935  896876    75.16%    passed     97.24%
 936  896885    77.84%    passed     93.01%
 937  896906    75.16%    passed     96.64%
 938  3592075   75.16%    passed     98.78%
 939  3657651   74.70%    passed     99.73%
 940  53205     75.16%    passed     96.09%
 941  2772951   75.16%    passed     94.86%
 942  2772956   75.72%    passed     97.15%
 943  5017570   76.36%    passed     94.68%
 944  5737040   75.16%    passed     90.30%
 945  5074918   75.07%    passed     93.99%
 946  2772977   75.07%    passed     98.91%
 947  61432     75.53%    passed     99.91%
 948  3592187   75.16%    passed     94.99%
 949  2772992   75.72%    passed     97.14%
 950  45058     75.16%    passed     96.67%
 951  53276     75.16%    passed     97.24%
 952  53279     75.16%    passed     97.15%
 953  3592230   75.16%    passed     97.15%
 954  2535465   77.29%    passed     96.84%
 955  5017649   75.16%    passed     96.92%
 956  3592250   75.16%    passed     96.10%
 957  53343     75.16%    passed     97.15%
 958  53344     75.16%    passed     89.00%
 959  4231288   82.92%    passed     87.41%
 960  5738645   78.02%    passed     94.66%
 961  897231    77.84%    passed     93.90%
 962  53461     75.16%    passed     96.44%
 963  53469     75.53%    passed     99.24%
 964  5737090   75.07%    passed     97.97%
 965  5737094   75.16%    passed     93.90%
 966  4944119   75.16%    passed     92.61%
 967  4231436   75.16%    passed     95.96%
 968  3690781   75.16%    passed     98.86%
 969  4232625   77.10%    passed     96.51%
 970  45368     75.16%    passed     98.20%
 971  4944184   78.39%    passed     94.07%
 972  5737109   77.10%    passed     98.49%
 973  5737110   77.29%    passed     93.93%
 974  897352    75.07%    passed     96.17%
 975  5738832   78.21%    passed     99.10%
 976  4231506   76.55%    passed     96.30%
 977  4231515   78.02%    passed     97.93%
 978  5738894   75.35%    passed     97.39%
 979  2150827   74.98%    passed     95.93%
 980  2150829   75.16%    passed     96.27%
 981  2150830   75.07%    passed     96.74%
 982  4886958   77.84%    passed     94.20%
 983  3658166   73.13%    passed     97.10%
 984  2150840   75.16%    passed     97.15%
 985  2150844   75.07%    passed     94.93%
 986  291262    75.16%    passed     93.90%
 987  3592642   75.81%    passed     97.49%
 988  2150851   77.19%    passed     89.26%
 989  2150855   75.99%    passed     94.93%
 990  2150859   75.07%    passed     96.74%
 991  2150860   75.07%    passed     96.83%
 992  2150865   75.16%    passed     99.21%
 993  2150869   75.16%    passed     97.26%
 994  2150870   75.07%    passed     96.17%
 995  2150872   75.07%    passed     94.93%
 996  45534     75.16%    passed     98.86%
 997  45536     75.16%    passed     93.34%
 998  61924     75.16%    passed     99.28%
 999  61925     75.16%    passed     96.03%
1000  45548     75.16%    passed     96.44%
1001  5737149   76.82%    passed     99.21%
1002  3592723   77.38%    passed     85.38%
1003  2535958   75.07%    passed     96.17%
1004  29213     75.16%    passed     96.09%
1005  29214     75.16%    passed     97.26%
1006  2167326   75.16%    passed     93.14%
1007  29216     75.16%    passed     93.79%
1008  29217     75.16%    passed     93.77%
1009  2150950   76.73%    passed     90.37%
1010  2535977   75.07%    passed     96.17%
1011  29227     75.07%    passed     94.02%
1012  29228     75.16%    passed     93.77%
1013  4231726   75.07%    passed     96.17%
1014  5867415   75.25%    passed     98.52%
1015  29235     75.16%    passed     97.26%
1016  29242     75.07%    passed     96.14%
1017  29245     75.16%    passed     97.26%
1018  29247     75.16%    passed     97.26%
1019  29250     75.16%    passed     97.26%
1020  29264     75.16%    passed     92.61%
1021  29266     75.25%    passed     97.21%
1022  29275     75.16%    passed     98.78%
1023  2151003   75.25%    passed     97.21%
1024  29280     75.16%    passed     98.78%
1025  29281     75.16%    passed     98.78%
1026  29282     75.16%    passed     97.26%
1027  2151013   75.16%    passed     98.98%
1028  2151015   75.25%    passed     97.21%
1029  2536044   77.29%    passed     96.84%
1030  897646    77.84%    passed     91.80%
1031  29295     75.16%    passed     93.77%
1032  5737170   74.24%    passed     88.78%
1033  29303     75.07%    passed     96.72%
1034  2151034   75.07%    passed     94.93%
1035  29307     75.16%    passed     97.26%
1036  29308     75.16%    passed     98.78%
1037  2151035   75.07%    passed     94.93%
1038  5737172   76.36%    passed     82.13%
1039  2151044   76.73%    passed     79.84%
1040  29324     75.16%    passed     97.26%
1041  37517     75.16%    passed     98.86%
1042  37518     75.16%    passed     99.75%
1043  5737176   76.36%    passed     97.28%
1044  37520     75.16%    passed     96.44%
1045  37521     75.16%    passed     99.82%
1046  29330     75.16%    passed     97.26%
1047  29331     75.16%    passed     93.77%
1048  29332     75.16%    passed     97.26%
1049  37524     75.16%    passed     97.15%
1050  37525     75.16%    passed     99.82%
1051  37526     76.08%    passed     92.40%
1052  37527     75.25%    passed     97.78%
1053  37528     74.88%    passed     95.69%
1054  37529     75.99%    passed     95.66%
1055  37530     74.88%    passed     94.61%
1056  37531     74.88%    passed     98.45%
1057  29341     75.16%    passed     98.78%
1058  37534     75.16%    passed     93.90%
1059  29343     75.16%    passed     95.96%
1060  29344     75.16%    passed     97.91%
1061  37532     76.18%    passed     90.78%
1062  29346     75.16%    passed     97.26%
1063  37533     75.16%    passed     96.44%
1064  37535     75.16%    passed     97.15%
1065  37540     75.07%    passed     98.91%
1066  29358     75.16%    passed     97.26%
1067  29359     75.16%    passed     93.77%
1068  29360     75.16%    passed     93.77%
1069  37558     75.16%    passed     96.44%
1070  37559     76.18%    passed     90.18%
1071  29369     75.16%    passed     93.14%
1072  37562     75.16%    passed     93.79%
1073  37563     75.16%    passed     98.78%
1074  37564     76.18%    passed     93.47%
1075  37567     75.16%    passed     97.15%
1076  37569     75.16%    passed     97.26%
1077  29380     75.16%    passed     97.26%
1078  37573     75.16%    passed     98.78%
1079  5737188   75.35%    passed     94.63%
1080  2151117   74.98%    passed     95.93%
1081  5737189   72.21%    passed     93.12%
1082  5739217   75.07%    passed     99.99%
1083  29395     75.16%    passed     96.09%
1084  37590     75.16%    passed     93.20%
1085  37591     75.16%    passed     98.86%
1086  37592     75.16%    passed     97.91%
1087  37593     76.18%    passed     84.73%
1088  37595     75.16%    passed     93.90%
1089  37596     75.16%    passed     97.15%
1090  2151133   75.16%    passed     96.92%
1091  37600     74.70%    passed     93.03%
1092  37601     75.16%    passed     97.26%
1093  37603     75.16%    passed     97.15%
1094  29412     75.16%    passed     97.26%
1095  37605     76.45%    passed     94.84%
1096  37607     75.16%    passed     96.44%
1097  29416     75.16%    passed     93.77%
1098  37609     75.16%    passed     93.34%
1099  29418     75.16%    passed     93.77%
1100  37611     75.07%    passed     96.74%
1101  37612     75.16%    passed     96.64%
1102  37614     75.16%    passed     93.34%
1103  5083886   76.27%    passed     99.98%
1104  29424     75.16%    passed     97.26%
1105  29425     75.16%    passed     96.09%
1106  3658484   74.70%    passed     99.73%
1107  2151159   76.64%    passed     97.68%
1108  29436     75.16%    passed     93.77%
1109  29437     75.16%    passed     93.77%
1110  1913600   74.79%    passed     98.48%
1111  37633     75.16%    passed     96.92%
1112  29442     75.16%    passed     97.26%
1113  29443     75.16%    passed     97.26%
1114  2151171   75.07%    passed     87.24%
1115  2151173   74.88%    passed     94.79%
1116  2536198   75.25%    passed     97.48%
1117  29447     75.16%    passed     93.77%
1118  37640     75.16%    passed     93.79%
1119  45833     75.16%    passed     96.64%
1120  5624591   75.16%    passed     98.58%
1121  37652     75.16%    passed     98.86%
1122  2151188   79.41%    passed     99.33%
1123  2151192   75.07%    passed     96.74%
1124  29472     75.16%    passed     96.09%
1125  29476     75.16%    passed     93.77%
1126  2151205   75.16%    passed     96.44%
1127  29479     75.16%    passed     97.26%
1128  29481     75.16%    passed     98.78%
1129  1913651   75.16%    passed     93.88%
1130  2151221   75.16%    passed     87.18%
1131  29495     75.16%    passed     97.26%
1132  29499     75.16%    passed     93.77%
1133  2151245   76.64%    passed     93.27%
1134  324431    75.16%    passed     93.14%
1135  4946      75.16%    passed     97.15%
1136  897886    75.16%    passed     94.46%
1137  5867436   75.07%    passed     96.56%
1138  2773881   75.16%    passed     97.91%
1139  4461442   74.70%    passed     88.54%
1140  4461449   75.16%    passed     93.14%
1141  37772     75.07%    passed     96.17%
1142  2151308   77.10%    passed     97.97%
1143  2151309   74.88%    passed     95.75%
1144  2151311   74.79%    passed     99.53%
1145  29621     75.16%    passed     97.26%
1146  29623     75.16%    passed     96.09%
1147  29625     75.16%    passed     98.78%
1148  324537    75.16%    passed     93.88%
1149  2773948   76.36%    passed     94.06%
1150  37823     75.16%    passed     97.15%
1151  29632     75.16%    passed     98.78%
1152  37826     75.16%    passed     96.92%
1153  29635     75.16%    passed     98.78%
1154  29636     75.16%    passed     96.09%
1155  37830     75.25%    passed     99.26%
1156  2773958   76.36%    passed     93.77%
1157  2773963   75.16%    passed     95.61%
1158  29646     75.16%    passed     96.09%
1159  37838     75.07%    passed     96.35%
1160  37844     75.53%    passed     99.71%
1161  29665     75.16%    passed     97.26%
1162  29667     75.16%    passed     93.14%
1163  4887523   75.16%    passed     97.91%
1164  29672     75.16%    passed     96.09%
1165  4887530   75.16%    passed     99.21%
1166  29681     75.16%    passed     93.77%
1167  5067764   75.07%    passed     95.65%
1168  1913850   75.53%    passed     98.12%
1169  1913851   75.53%    passed     95.40%
1170  37886     75.16%    passed     97.15%
1171  29695     75.16%    passed     96.67%
1172  37889     75.16%    passed     98.77%
1173  37897     75.16%    passed     93.90%
1174  37898     76.08%    passed     90.83%
1175  29707     75.16%    passed     96.09%
1176  37899     75.16%    passed     99.82%
1177  37909     75.53%    passed     99.98%
1178  3593244   75.07%    passed     95.62%
1179  37919     75.16%    passed     93.90%
1180  37922     76.08%    passed     90.83%
1181  2774054   76.27%    passed     93.51%
1182  37929     75.16%    passed     97.15%
1183  2774057   79.96%    passed     86.34%
1184  29739     75.16%    passed     93.77%
1185  37936     76.08%    passed     95.37%
1186  29752     75.16%    passed     96.10%
1187  29755     75.16%    passed     97.26%
1188  1913931   74.88%    passed     97.10%
1189  2536524   77.29%    passed     96.84%
1190  3593295   76.92%    passed     99.93%
1191  2774099   76.36%    passed     84.90%
1192  308310    75.16%    passed     97.15%
1193  29788     75.16%    passed     97.26%
1194  29789     75.16%    passed     97.24%
1195  29800     75.16%    passed     96.09%
1196  29801     75.16%    passed     96.09%
1197  29802     75.16%    passed     98.78%
1198  29806     75.16%    passed     96.09%
1199  2774138   79.04%    passed     86.82%
1200  1160319   75.16%    passed     96.09%
1201  1160322   75.16%    passed     96.27%
1202  46215     75.53%    passed     99.91%
1203  46220     75.53%    passed     99.71%
1204  46221     75.53%    passed     99.71%
1205  898194    77.84%    passed     96.96%
1206  29847     75.16%    passed     97.26%
1207  2774168   77.84%    passed     96.13%
1208  1160347   75.16%    passed     98.86%
1209  693411    77.84%    passed     95.66%
1210  693415    75.25%    passed     99.26%
1211  38056     76.18%    passed     91.59%
1212  1160369   75.16%    passed     98.86%
1213  5739698   75.07%    passed     96.83%
1214  1160377   75.16%    passed     98.86%
1215  46285     75.53%    passed     99.71%
1216  2774224   76.45%    passed     97.03%
1217  1897681   75.07%    passed     96.72%
1218  5737291   76.73%    passed     96.31%
1219  308435    75.16%    passed     93.90%
1220  54493     75.16%    passed     99.21%
1221  693487    77.93%    passed     99.44%
1222  1160433   75.16%    passed     98.77%
1223  2774258   77.10%    passed     94.35%
1224  2544885   75.16%    passed     97.91%
1225  693494    77.84%    passed     96.09%
1226  2774267   75.25%    passed     99.26%
1227  693502    75.25%    passed     98.82%
1228  5035265   75.07%    passed     92.62%
1229  1160452   75.16%    passed     99.21%
1230  4232467   76.45%    passed     98.12%
1231  1914146   74.79%    passed     97.96%
1232  62760     75.16%    passed     97.26%
1233  308520    75.16%    passed     98.86%
1234  5059881   75.16%    passed     93.90%
1235  62764     75.07%    passed     99.61%
1236  62765     75.16%    passed     93.79%
1237  439597    75.62%    passed     95.01%
1238  439598    75.07%    passed     92.65%
1239  439599    75.07%    passed     94.89%
1240  62769     75.16%    passed     92.51%
1241  914732    79.13%    passed     98.03%
1242  1160496   75.25%    passed     97.48%
1243  1914158   75.16%    passed     95.01%
1244  2774318   75.16%    passed     96.10%
1245  693563    75.25%    passed     99.03%
1246  693570    75.07%    passed     96.17%
1247  898372    75.16%    passed     93.88%
1248  54604     75.25%    passed     97.78%
1249  1160529   75.16%    passed     96.09%
1250  38226     75.16%    passed     97.15%
1251  30054     75.16%    passed     97.26%
1252  30062     75.16%    passed     98.77%
1253  30069     75.16%    passed     93.90%
1254  898421    75.16%    passed     97.91%
1255  1389962   74.61%    passed     90.56%
1256  4232586   77.65%    passed     90.52%
1257  1389972   74.88%    passed     98.45%
1258  1389973   75.16%    passed     93.88%
1259  1389974   75.07%    passed     98.82%
1260  1389975   75.16%    passed     96.92%
1261  1389976   75.81%    passed     97.02%
1262  1389977   76.18%    passed     96.54%
1263  21914     75.53%    passed     99.98%
1264  1160602   75.16%    passed     96.67%
1265  1389978   71.65%    passed     97.90%
1266  1389979   75.16%    passed     96.09%
1267  1389981   75.16%    passed     93.88%
1268  1389982   77.19%    passed     86.37%
1269  1389983   76.36%    passed     99.36%
1270  1389984   76.45%    passed     97.59%
1271  1389985   76.64%    passed     95.78%
1272  1389986   74.88%    passed     98.81%
1273  1389988   74.88%    passed     95.69%
1274  38312     75.53%    passed     99.32%
1275  1389992   75.16%    passed     98.86%
1276  30123     75.16%    passed     96.09%
1277  1389996   75.72%    passed    100.00%
1278  30125     75.16%    passed     98.78%
1279  30126     75.16%    passed     98.78%
1280  1389997   76.82%    passed     98.78%
1281  1389998   75.44%    passed     99.82%
1282  1389999   74.79%    passed     99.92%
1283  30130     75.16%    passed     93.77%
1284  1390000   75.44%    passed     99.99%
1285  1390001   75.07%    passed     98.44%
1286  1390002   75.07%    passed     99.99%
1287  1390003   72.76%    passed     97.98%
1288  30135     75.16%    passed     96.09%
1289  1390004   74.79%    passed     99.69%
1290  1390005   74.79%    passed     99.69%
1291  1390006   75.16%    passed     97.95%
1292  1390008   74.79%    passed     99.53%
1293  1390010   75.25%    passed     99.85%
1294  1390012   75.62%    passed     99.86%
1295  1390013   72.76%    passed     97.45%
1296  1390014   75.62%    passed    100.00%
1297  1390015   75.53%    passed     84.97%
1298  1390020   75.16%    passed     98.77%
1299  1390023   75.07%    passed     96.72%
1300  5739976   78.02%    passed     99.05%
1301  5739981   78.02%    passed     99.88%
1302  1160654   76.45%    passed     91.34%
1303  1390032   75.90%    passed     94.94%
1304  1390033   74.61%    passed     97.34%
1305  1390034   74.70%    passed     99.94%
1306  1390035   73.13%    passed     97.45%
1307  1390038   76.82%    passed     97.04%
1308  1390042   75.53%    passed     99.35%
1309  3659231   74.70%    passed     99.73%
1310  1390049   75.07%    passed     92.72%
1311  1914338   75.16%    passed     98.86%
1312  1390051   79.04%    passed     98.97%
1313  1390052   76.64%    passed     91.38%
1314  1390054   75.16%    passed     96.21%
1315  1390055   76.36%    passed     94.48%
1316  1390058   75.16%    passed     96.92%
1317  1390061   74.24%    passed     94.22%
1318  898545    77.84%    passed     95.55%
1319  1390070   75.81%    passed     99.75%
1320  1390071   77.93%    passed     97.30%
1321  1390073   76.08%    passed     93.34%
1322  1390074   74.70%    passed     94.12%
1323  2774523   75.16%    passed     93.27%
1324  22017     75.53%    passed     99.50%
1325  2774529   77.84%    passed     95.66%
1326  1390085   74.79%    passed     95.10%
1327  1390092   75.16%    passed     91.33%
1328  1390097   73.13%    passed     96.66%
1329  898581    75.16%    passed     98.77%
1330  2774550   77.19%    passed     87.85%
1331  1390103   75.16%    passed     96.64%
1332  1390104   75.16%    passed     88.26%
1333  4445731   75.16%    passed     92.61%
1334  2536996   79.59%    passed     99.78%
1335  30251     75.07%    passed     89.27%
1336  1160748   75.16%    passed     98.86%
1337  4445740   75.16%    passed     93.14%
1338  4445741   75.35%    passed     94.76%
1339  1390127   75.07%    passed     92.72%
1340  1390128   75.90%    passed     97.70%
1341  1390129   74.24%    passed     88.78%
1342  4445743   75.35%    passed     94.76%
1343  1390132   74.24%    passed     92.14%
1344  1390136   75.07%    passed     97.97%
1345  1390137   72.95%    passed     94.94%
1346  30266     75.16%    passed     99.21%
1347  1390138   75.07%    passed     98.82%
1348  4445755   75.16%    passed     96.67%
1349  71231     75.16%    passed     96.09%
1350  5183042   75.16%    passed     99.21%
1351  1160773   75.53%    passed     99.24%
1352  1390153   76.64%    passed     94.11%
1353  693834    75.16%    passed     93.88%
1354  1390154   78.02%    passed     97.99%
1355  1390158   76.08%    passed     97.99%
1356  1390164   76.27%    passed     99.00%
1357  2545238   76.36%    passed     92.08%
1358  1390171   75.16%    passed     98.78%
1359  1390173   75.53%    passed     86.84%
1360  1390177   75.16%    passed     96.10%
1361  693858    75.16%    passed     97.91%
1362  30309     75.07%    passed     96.17%
1363  30312     75.16%    passed     93.79%
1364  2774639   77.84%    passed     96.60%
1365  1390195   77.29%    passed     96.84%
1366  1390196   75.16%    passed     99.21%
1367  1390197   77.29%    passed     95.74%
1368  4863606   75.16%    passed     98.20%
1369  1390199   75.25%    passed     97.21%
1370  1390200   75.35%    passed     97.39%
1371  1390201   75.90%    passed     97.97%
1372  4863607   75.16%    passed     96.92%
1373  4863608   75.16%    passed     91.73%
1374  30339     75.16%    passed     98.78%
1375  4445831   75.07%    passed     98.42%
1376  30344     75.16%    passed     93.79%
1377  30349     75.16%    passed     97.15%
1378  1390227   74.98%    passed     98.60%
1379  30356     75.16%    passed     97.26%
1380  1390228   76.55%    passed     95.79%
1381  30358     75.16%    passed     97.26%
1382  1390229   75.07%    passed     97.97%
1383  1390230   76.82%    passed     99.74%
1384  30365     75.16%    passed     96.09%
1385  4224669   75.90%    passed     98.15%
1386  2774687   77.84%    passed     91.41%
1387  4224671   74.70%    passed     89.77%
1388  4224672   77.38%    passed     90.11%
1389  30370     75.16%    passed     98.78%
1390  4224673   75.99%    passed     93.66%
1391  4224675   76.64%    passed     93.27%
1392  4224677   76.82%    passed     98.85%
1393  30378     75.16%    passed     98.78%
1394  2160303   75.07%    passed     96.74%
1395  4232884   75.16%    passed     98.77%
1396  1914549   75.07%    passed     97.97%
1397  4224700   75.16%    passed     98.86%
1398  4224701   77.01%    passed     96.35%
1399  30401     75.16%    passed     96.10%
1400  4224710   77.93%    passed     98.83%
1401  5740239   77.38%    passed     96.87%
1402  3593937   76.08%    passed     96.14%
1403  3593938   75.16%    passed     93.88%
1404  2774746   75.16%    passed     97.91%
1405  30427     75.07%    passed     96.17%
1406  3593948   75.53%    passed     96.33%
1407  1390301   75.62%    passed     99.00%
1408  1160926   74.98%    passed     98.58%
1409  898783    75.16%    passed     97.15%
1410  3659487   75.81%    passed     96.30%
1411  4224732   75.99%    passed     95.04%
1412  1390306   73.50%    passed     98.99%
1413  4224733   77.84%    passed     96.33%
1414  4224740   75.16%    passed     90.30%
1415  30442     75.25%    passed     97.21%
1416  2537199   75.25%    passed     97.48%
1417  1390325   75.07%    passed     98.82%
1418  30454     75.25%    passed     97.78%
1419  30456     75.16%    passed     93.14%
1420  4232922   76.27%    passed     94.16%
1421  1390331   75.53%    passed     99.94%
1422  1160965   75.07%    passed     99.61%
1423  694024    75.16%    passed     98.86%
1424  898845    75.53%    passed     93.87%
1425  1390374   75.07%    passed     99.55%
1426  1390381   74.79%    passed     99.21%
1427  1390384   75.25%    passed     99.94%
1428  1390385   75.72%    passed     99.85%
1429  30519     75.16%    passed     98.78%
1430  1390391   75.44%    passed     99.88%
1431  1390393   74.98%    passed     99.71%
1432  1390394   75.07%    passed     99.84%
1433  1390396   75.53%    passed     99.55%
1434  1390397   76.92%    passed     99.42%
1435  1390399   75.53%    passed     99.92%
1436  1390400   75.16%    passed     99.67%
1437  1390401   75.07%    passed     99.55%
1438  1390403   75.53%    passed     99.50%
1439  1390404   77.19%    passed     99.10%
1440  1390408   75.72%    passed     99.80%
1441  5658441   77.93%    passed     98.00%
1442  5658442   76.27%    passed     96.14%
1443  1390417   72.76%    passed     97.50%
1444  1390422   75.16%    passed     99.98%
1445  1390424   75.44%    passed     99.38%
1446  30556     75.16%    passed     97.26%
1447  22371     75.53%    passed     98.62%
1448  4863844   74.88%    passed     97.25%
1449  30572     75.16%    passed     96.09%
1450  30576     75.16%    passed     96.09%
1451  1390448   75.16%    passed     93.34%
1452  30585     75.16%    passed     99.21%
1453  1914751   75.16%    passed     96.10%
1454  2774912   76.36%    passed     93.68%
1455  4224913   77.84%    passed     95.66%
1456  30613     75.16%    passed     96.10%
1457  4224930   78.30%    passed     98.25%
1458  43543     75.16%    passed     98.20%
1459  1390536   75.16%    passed     94.46%
1460  1390538   75.07%    passed     98.82%
1461  2774993   77.84%    passed     96.09%
1462  30675     75.16%    passed     97.24%
1463  4224985   75.62%    passed     98.83%
1464  4224987   76.45%    passed     97.22%
1465  2537437   75.25%    passed     94.55%
1466  4224994   76.45%    passed     94.92%
1467  1390564   75.25%    passed     97.21%
1468  2537445   75.25%    passed     99.36%
1469  4225009   74.88%    passed     95.11%
1470  2168834   75.07%    passed     91.64%
1471  2537480   75.25%    passed     99.26%
1472  432163    75.16%    passed     96.67%
1473  4225080   75.16%    passed     98.86%
1474  2537536   74.98%    passed     95.85%
1475  4225089   75.16%    passed     99.52%
1476  1390665   75.16%    passed     96.10%
1477  4225102   75.16%    passed     97.44%
1478  4225130   76.82%    passed     99.77%
1479  30829     75.16%    passed     96.09%
1480  1390707   75.81%    passed     96.28%
1481  2847379   75.16%    passed     98.20%
1482  1914997   75.99%    passed     97.57%
1483  5093495   75.16%    passed     95.58%
1484  30842     75.16%    passed     98.78%
1485  30853     75.16%    passed     97.26%
1486  694435    75.16%    passed     97.15%
1487  30901     75.16%    passed     96.09%
1488  694454    77.84%    passed     96.60%
1489  2545856   75.16%    passed     93.88%
1490  2160834   75.16%    passed     97.26%
1491  694468    75.16%    passed     96.44%
1492  1915078   75.25%    passed     98.43%
1493  1915079   75.16%    passed     97.91%
1494  30920     75.16%    passed     99.21%
1495  2775239   74.88%    passed     97.99%
1496  1931466   75.16%    passed     99.20%
1497  4225226   75.16%    passed     97.24%
1498  1390800   75.25%    passed     97.78%
1499  694491    77.84%    passed     98.66%
1500  5052636   77.29%    passed     95.84%
1501  30942     75.16%    passed     93.77%
1502  694497    77.84%    passed     98.66%
1503  1390819   77.29%    passed     96.94%
1504  899301    75.16%    passed     99.20%
1505  694505    77.93%    passed     98.83%
1506  30970     75.07%    passed     96.74%
1507  1390857   74.42%    passed     94.39%
1508  30990     75.16%    passed     97.24%
1509  2775326   75.16%    passed     93.20%
1510  31011     75.16%    passed     97.26%
1511  1390883   75.16%    passed     95.61%
1512  1390885   75.90%    passed     98.15%
1513  4462893   75.16%    passed     86.37%
1514  1390894   75.16%    passed     96.67%
1515  4462894   77.29%    passed     96.19%
1516  2775357   75.16%    passed     99.21%
1517  31040     75.16%    passed     96.09%
1518  3373382   77.29%    passed     98.63%
1519  3373383   75.16%    passed     98.42%
1520  694600    75.16%    passed     93.88%
1521  3373384   77.29%    passed     95.65%
1522  3373385   77.29%    passed     88.03%
1523  694608    75.16%    passed     93.88%
1524  3373400   77.29%    passed     95.74%
1525  3373402   75.16%    passed     99.20%
1526  3373403   77.29%    passed     96.87%
1527  3373413   76.36%    passed     94.74%
1528  1390951   74.88%    passed     99.54%
1529  3373417   75.16%    passed     93.77%
1530  1390954   75.16%    passed     97.15%
1531  3373423   76.36%    passed     96.18%
1532  432503    75.16%    passed     97.91%
1533  3373433   75.16%    passed     98.20%
1534  694650    75.16%    passed     97.15%
1535  3373435   75.16%    passed     96.55%
1536  3373436   75.16%    passed     98.69%
1537  4233596   75.16%    passed     93.34%
1538  3373438   75.16%    passed     98.20%
1539  4233599   75.16%    passed     93.14%
1540  5052797   75.07%    passed     92.62%
1541  3373442   75.16%    passed     97.13%
1542  3373446   75.16%    passed     98.02%
1543  694663    75.16%    passed     97.15%
1544  3373448   75.35%    passed     97.39%
1545  3373449   71.47%    passed     90.88%
1546  1390986   77.84%    passed     93.01%
1547  3373450   74.79%    passed     97.07%
1548  4233612   75.16%    passed     96.67%
1549  3373453   71.84%    passed     91.58%
1550  4233618   75.16%    passed     96.67%
1551  3373461   75.16%    passed     97.60%
1552  3373462   75.16%    passed     97.97%
1553  694680    77.84%    passed     93.01%
1554  3373467   74.98%    passed     99.71%
1555  3373468   75.16%    passed     97.91%
1556  432542    75.16%    passed     96.44%
1557  3373470   75.16%    passed     99.82%
1558  4233643   75.16%    passed     93.14%
1559  63929     76.36%    passed     89.21%
1560  4233666   75.16%    passed     93.34%
1561  4233672   75.16%    passed     93.14%
1562  367051    77.29%    passed     96.87%
1563  2169302   77.19%    passed     92.46%
1564  4872663   77.84%    passed     96.13%
1565  4233693   75.16%    passed     93.34%
1566  3373535   75.16%    passed     93.90%
1567  3373539   75.53%    passed     91.79%
1568  4233705   75.16%    passed     97.26%
1569  3373546   75.16%    passed     97.44%
1570  3373558   77.29%    passed     95.58%
1571  694781    77.84%    passed     95.66%
1572  3373579   77.19%    passed     93.59%
1573  5077527   75.16%    passed     99.52%
1574  3373594   75.16%    passed     98.78%
1575  4897313   75.07%    passed     93.29%
1576  5110315   75.16%    passed     97.91%
1577  3373613   75.25%    passed     99.36%
1578  694832    75.16%    passed     92.51%
1579  432706    75.16%    passed     96.64%
1580  1915458   75.16%    passed     96.10%
1581  4463173   75.16%    passed     97.24%
1582  694855    77.84%    passed     93.01%
1583  694862    77.84%    passed     96.13%
1584  3373652   75.16%    passed     98.41%
1585  4225623   75.16%    passed     99.20%
1586  3373659   75.25%    passed     97.29%
1587  4233820   75.16%    passed     99.20%
1588  2169447   75.07%    passed     94.74%
1589  3373674   75.25%    passed     97.46%
1590  3373676   75.35%    passed     99.05%
1591  3373677   77.38%    passed     97.51%
1592  3373682   75.16%    passed     96.64%
1593  3373691   77.29%    passed     96.36%
1594  694916    77.84%    passed     95.60%
1595  2775692   75.16%    passed     98.86%
1596  3373732   78.95%    passed     96.42%
1597  694969    75.16%    passed     93.90%
1598  4233916   75.44%    passed     98.24%
1599  3373761   77.84%    passed     93.01%
1600  694980    75.16%    passed     97.15%
1601  326345    75.16%    passed     96.44%
1602  23262     75.16%    passed     96.09%
1603  695008    77.84%    passed     98.90%
1604  4233967   75.07%    passed     98.82%
1605  4225776   76.27%    passed     96.83%
1606  3373819   76.36%    passed     91.40%
1607  432896    75.16%    passed     96.64%
1608  3373855   77.19%    passed     92.83%
1609  4225832   77.01%    passed     95.47%
1610  3373867   77.19%    passed     87.82%
1611  3373870   79.87%    passed     87.01%
1612  47928     75.16%    passed     93.79%
1613  3373888   75.25%    passed     99.43%
1614  3373896   75.16%    passed     97.60%
1615  3373897   75.25%    passed     98.97%
1616  3373910   79.04%    passed     99.41%
1617  47974     75.16%    passed     97.24%
1618  695151    77.84%    passed     95.66%
1619  3373943   75.90%    passed     95.74%
1620  695176    75.25%    passed     98.82%
1621  3373964   75.16%    passed     97.15%
1622  695188    77.84%    passed     98.90%
1623  2169763   76.64%    passed     96.40%
1624  695204    77.84%    passed     98.66%
1625  4234155   75.25%    passed     97.29%
1626  695214    75.07%    passed     96.17%
1627  2169778   76.64%    passed     93.27%
1628  3374016   75.25%    passed     97.21%
1629  3374031   74.79%    passed     91.70%
1630  695253    77.84%    passed     93.01%
1631  2546670   75.07%    passed     96.17%
1632  695304    75.16%    passed     97.15%
1633  89110     75.16%    passed     96.09%
1634  89115     75.16%    passed     99.21%
1635  89116     75.16%    passed     96.09%
1636  695327    77.84%    passed     95.66%
1637  695333    77.84%    passed     98.90%
1638  89127     75.16%    passed     96.09%
1639  4463659   75.16%    passed     91.53%
1640  89133     75.16%    passed     99.21%
1641  89134     75.16%    passed     97.24%
1642  89135     75.16%    passed     98.78%
1643  89146     75.16%    passed     93.14%
1644  89149     75.16%    passed     98.77%
1645  89154     75.16%    passed     97.24%
1646  89162     75.16%    passed     98.78%
1647  89164     75.16%    passed     93.14%
1648  89166     75.16%    passed     96.09%
1649  89179     75.16%    passed     96.09%
1650  89180     75.16%    passed     96.09%
1651  3374188   77.29%    passed     98.65%
1652  89201     75.16%    passed     97.24%
1653  89202     75.16%    passed     96.09%
1654  4897906   75.07%    passed     96.17%
1655  5069943   75.16%    passed     96.09%
1656  89220     75.16%    passed     99.21%
1657  3374220   75.16%    passed     97.26%
1658  89232     75.16%    passed     98.77%
1659  89233     75.16%    passed     98.78%
1660  89235     75.16%    passed     96.10%
1661  89237     75.16%    passed     93.79%
1662  89242     75.16%    passed     97.24%
1663  89243     75.25%    passed     97.21%
1664  89254     75.16%    passed     96.67%
1665  3374247   75.16%    passed     99.52%
1666  72876     75.16%    passed     96.09%
1667  72879     75.16%    passed     93.79%
1668  89263     75.16%    passed     96.09%
1669  89264     75.16%    passed     97.24%
1670  1465528   75.25%    passed     98.00%
1671  64698     77.29%    passed     95.84%
1672  89277     75.16%    passed     98.78%
1673  64703     72.67%    passed     94.44%
1674  89279     75.16%    passed     98.77%
1675  89280     75.16%    passed     97.24%
1676  5061823   76.36%    passed     94.63%
1677  89285     75.16%    passed     97.24%
1678  892106    75.16%    passed     97.15%
1679  64721     77.29%    passed     95.84%
1680  892114    76.64%    passed     95.44%
1681  892115    76.64%    passed     97.68%
1682  64726     78.49%    passed     98.22%
1683  64727     76.36%    passed     93.63%
1684  64728     77.56%    passed     99.26%
1685  3374295   77.84%    passed     96.09%
1686  89309     75.16%    passed     97.24%
1687  89321     75.16%    passed     96.10%
1688  695533    75.16%    passed     97.91%
1689  68229     75.16%    passed     93.90%
1690  64753     77.29%    passed     94.32%
1691  4226297   75.16%    passed     97.15%
1692  89338     75.16%    passed     97.24%
1693  89339     75.16%    passed     97.24%
1694  89341     75.16%    passed     96.67%
1695  89344     75.16%    passed     97.24%
1696  4234498   75.53%    passed     98.21%
1697  89363     75.16%    passed     97.24%
1698  89365     75.16%    passed     96.10%
1699  892184    80.52%    passed     85.16%
1700  892186    75.35%    passed     98.59%
1701  89379     75.16%    passed     96.67%
1702  367933    75.16%    passed     97.91%
1703  64830     78.49%    passed     99.74%
1704  89417     75.16%    passed     96.10%
1705  2776394   77.29%    passed     98.63%
1706  2153803   75.16%    passed     96.27%
1707  64844     77.29%    passed     97.81%
1708  89420     75.16%    passed     98.77%
1709  89421     75.16%    passed     96.10%
1710  89422     75.16%    passed     98.77%
1711  89423     75.16%    passed     97.24%
1712  2153810   75.16%    passed     98.78%
1713  89433     75.16%    passed     96.67%
1714  695649    75.16%    passed     93.88%
1715  3374433   75.07%    passed     98.82%
1716  89445     75.16%    passed     96.67%
1717  89455     75.16%    passed     97.24%
1718  89456     75.16%    passed     96.10%
1719  64886     75.25%    passed     97.03%
1720  64897     77.29%    passed     96.87%
1721  3374467   76.18%    passed     99.87%
1722  2153867   75.16%    passed     96.92%
1723  3374481   74.98%    passed     96.43%
1724  3374508   75.16%    passed     98.80%
1725  3374509   75.35%    passed     97.96%
1726  368060    75.16%    passed     98.86%
1727  2776509   77.29%    passed     98.65%
1728  73152     75.16%    passed     93.79%
1729  2776515   77.29%    passed     96.84%
1730  3374532   75.35%    passed     95.31%
1731  89542     75.16%    passed     98.77%
1732  2153931   75.16%    passed     97.60%
1733  884172    75.16%    passed     96.10%
1734  2153946   75.16%    passed     98.69%
1735  64991     77.19%    passed     97.91%
1736  89570     75.16%    passed     93.88%
1737  64995     75.16%    passed     93.14%
1738  2153955   77.29%    passed     91.93%
1739  2776550   75.16%    passed     98.69%
1740  3374566   75.16%    passed     97.13%
1741  1932791   75.07%    passed     96.74%
1742  89599     75.16%    passed     97.24%
1743  89601     75.16%    passed     93.79%
1744  89610     75.16%    passed     96.64%
1745  89617     75.16%    passed     97.24%
1746  89620     75.25%    passed     97.21%
1747  2768412   75.53%    passed     99.38%
1748  89634     75.16%    passed     93.79%
1749  3374635   75.16%    passed     96.27%
1750  89644     75.07%    passed     96.74%
1751  89652     75.16%    passed     93.79%
1752  3374681   75.90%    passed     92.33%
1753  89691     75.16%    passed     96.67%
1754  89696     75.16%    passed     98.77%
1755  2154081   76.18%    passed     82.51%
1756  89700     75.16%    passed     97.24%
1757  3374699   77.93%    passed     98.83%
1758  3374700   78.49%    passed     99.83%
1759  3374706   77.29%    passed     90.68%
1760  3374712   77.38%    passed     95.28%
1761  2776702   76.36%    passed     93.77%
1762  2776704   76.36%    passed     88.81%
1763  1916552   75.53%    passed     98.12%
1764  89737     75.16%    passed     96.10%
1765  3374731   75.07%    passed     96.83%
1766  4882075   75.07%    passed     96.83%
1767  2539165   77.47%    passed     97.76%
1768  1392308   75.07%    passed     96.17%
1769  908987    75.44%    passed     98.39%
1770  89801     75.16%    passed     98.77%
1771  89805     75.16%    passed     96.10%
1772  89810     75.16%    passed     98.77%
1773  2776786   75.07%    passed     94.55%
1774  89812     75.16%    passed     96.10%
1775  89819     75.16%    passed     98.77%
1776  89846     75.16%    passed     96.67%
1777  89854     75.16%    passed     97.24%
1778  900865    75.25%    passed     97.21%
1779  3374874   75.16%    passed     97.26%
1780  2162465   78.39%    passed     95.37%
1781  3374887   76.36%    passed     99.32%
1782  3374888   75.16%    passed     99.91%
1783  3374889   75.35%    passed     99.97%
1784  89901     75.16%    passed     96.64%
1785  3374900   75.44%    passed     99.38%
1786  3374902   75.25%    passed     97.78%
1787  89926     75.16%    passed     96.67%
1788  2776902   76.36%    passed     94.06%
1789  3374950   75.44%    passed     99.73%
1790  5169018   76.36%    passed     92.08%
1791  89984     75.07%    passed     96.17%
1792  89992     75.07%    passed     96.17%
1793  90013     75.16%    passed     93.79%
1794  90019     75.16%    passed     98.77%
1795  90020     75.16%    passed     96.10%
1796  3375017   75.25%    passed     99.91%
1797  90032     75.35%    passed     97.96%
1798  90035     75.16%    passed     96.64%
1799  90059     75.16%    passed     96.44%
1800  3375056   75.07%    passed     98.91%
1801  2154464   75.07%    passed     96.74%
1802  90087     75.25%    passed     97.21%
1803  90094     75.16%    passed     96.64%
1804  363091    75.16%    passed     97.24%
1805  2154485   74.98%    passed     98.28%
WARNING: 1805 sequences contain more than 50% gaps/ambiguity
****  TOTAL     75.88%  0 sequences failed composition chi2 test (p-value<5%; df=3)
Checking for duplicate sequences: done in 0.011425 secs using 3047% CPU


Create initial parsimony tree by phylogenetic likelihood library (PLL)... 0.632 seconds
Measuring multi-threading efficiency up to 2 CPU cores
4 trees examined
Threads: 1 / Time: 2.517 sec / Speedup: 1.000 / Efficiency: 100% / LogL: -24973
Threads: 2 / Time: 1.723 sec / Speedup: 1.461 / Efficiency: 73% / LogL: -24973
Determining AUTO threadcount: done in 4.26058 secs using 273.1% CPU
BEST NUMBER OF THREADS: 2

Perform fast likelihood tree search using GTR+I+G model...
Estimate model parameters (epsilon = 5.000)
Perform nearest neighbor interchange...
Optimizing NNI: done in 11.0003 secs using 197.8% CPU
Estimate model parameters (epsilon = 1.000)
1. Initial log-likelihood: -10061.766
2. Current log-likelihood: -10058.789
3. Current log-likelihood: -10056.648
4. Current log-likelihood: -10055.068
5. Current log-likelihood: -10053.877
Optimal log-likelihood: -10052.961
Rate parameters:  A-C: 1.52002  A-G: 2.82333  A-T: 1.03589  C-G: 0.65178  C-T: 2.50283  G-T: 1.00000
Base frequencies:  A: 0.174  C: 0.266  G: 0.258  T: 0.301
Proportion of invariable sites: 0.038
Gamma shape alpha: 1.810
Parameters optimization took 5 rounds (3.755 sec)
Time for fast ML tree search: 21.456 seconds

NOTE: ModelFinder requires 400 MB RAM!
ModelFinder will test up to 484 DNA models (sample size: 1083) ...
 No. Model         -LnL         df  AIC          AICc         BIC
  1  GTR+F         10178.910    3615 27587.820    26171267.820 45617.597
  2  GTR+F+I       10166.102    3616 27564.205    26185708.205 45598.970
  3  GTR+F+G4      10048.529    3616 27329.058    26185473.058 45363.823
  4  GTR+F+I+G4    10049.318    3617 27332.637    26199944.637 45372.389
  5  GTR+F+R2      10035.516    3617 27305.032    26199917.032 45344.785
  6  GTR+F+R3      10025.026    3619 27288.051    26228848.051 45337.778
  7  GTR+F+R4      10024.745    3621 27291.491    26257815.491 45351.193
 14  GTR+F+I+R2    10033.724    3618 27303.447    26214387.447 45348.187
 15  GTR+F+I+R3    10025.206    3620 27290.412    26243330.412 45345.127
 16  GTR+F+I+R4    10025.075    3622 27294.149    26272306.149 45358.839
 27  SYM+R2        10060.677    3614 27349.355    26156569.355 45374.144
 28  SYM+R3        10048.850    3616 27329.699    26185473.699 45364.464
 37  SYM+I+R3      10048.789    3617 27331.578    26199943.578 45371.330
 49  TVM+F+R2      10036.719    3616 27305.438    26185449.438 45340.203
 50  TVM+F+R3      10026.223    3618 27288.445    26214372.445 45333.185
 59  TVM+F+I+R3    10026.499    3619 27290.997    26228850.997 45340.724
 71  TVMe+R2       10064.044    3613 27354.087    26142118.087 45373.890
 72  TVMe+R3       10052.167    3615 27334.333    26171014.333 45364.110
 81  TVMe+I+R3     10052.143    3616 27336.286    26185480.286 45371.050
 93  TIM3+F+R2     10052.672    3615 27335.345    26171015.345 45365.122
 94  TIM3+F+R3     10042.254    3617 27318.508    26199930.508 45358.261
103  TIM3+F+I+R3   10042.382    3618 27320.764    26214404.764 45365.504
115  TIM3e+R2      10070.607    3612 27365.215    26127677.215 45380.030
116  TIM3e+R3      10058.417    3614 27344.834    26156564.834 45369.624
125  TIM3e+I+R3    10058.399    3615 27346.798    26171026.798 45376.575
137  TIM2+F+R2     10045.332    3615 27320.663    26171000.663 45350.441
138  TIM2+F+R3     10035.017    3617 27304.033    26199916.033 45343.785
147  TIM2+F+I+R3   10035.291    3618 27306.581    26214390.581 45351.321
159  TIM2e+R2      10071.730    3612 27367.460    26127679.460 45382.275
160  TIM2e+R3      10060.568    3614 27349.136    26156569.136 45373.925
169  TIM2e+I+R3    10060.501    3615 27351.002    26171031.002 45380.779
181  TIM+F+R2      10043.552    3615 27317.103    26170997.103 45346.880
182  TIM+F+R3      10033.129    3617 27300.259    26199912.259 45340.011
191  TIM+F+I+R3    10033.319    3618 27302.638    26214386.638 45347.377
203  TIMe+R2       10061.784    3612 27347.568    26127659.568 45362.383
204  TIMe+R3       10050.539    3614 27329.078    26156549.078 45353.868
213  TIMe+I+R3     10050.593    3615 27331.185    26171011.185 45360.962
225  TPM3u+F+R2    10054.186    3614 27336.372    26156556.372 45361.162
226  TPM3u+F+R3    10043.773    3616 27319.546    26185463.546 45354.310
235  TPM3u+F+I+R3  10043.927    3617 27321.854    26199933.854 45361.606
247  TPM3+R2       10073.912    3611 27369.825    26113233.825 45379.652
248  TPM3+R3       10061.730    3613 27349.460    26142113.460 45369.262
257  TPM3+I+R3     10061.648    3614 27351.296    26156571.296 45376.085
269  TPM2u+F+R2    10046.685    3614 27321.370    26156541.370 45346.159
270  TPM2u+F+R3    10036.264    3616 27304.527    26185448.527 45339.292
279  TPM2u+F+I+R3  10036.548    3617 27307.096    26199919.096 45346.848
291  TPM2+R2       10075.119    3611 27372.238    26113236.238 45382.065
292  TPM2+R3       10063.979    3613 27353.958    26142117.958 45373.760
301  TPM2+I+R3     10063.902    3614 27355.804    26156575.804 45380.594
313  K3Pu+F+R2     10045.059    3614 27318.117    26156538.117 45342.907
314  K3Pu+F+R3     10034.648    3616 27301.295    26185445.295 45336.060
323  K3Pu+F+I+R3   10034.863    3617 27303.726    26199915.726 45343.478
335  K3P+R2        10065.139    3611 27352.278    26113216.278 45362.105
336  K3P+R3        10053.951    3613 27333.902    26142097.902 45353.704
345  K3P+I+R3      10053.928    3614 27335.856    26156555.856 45360.646
357  TN+F+R2       10052.926    3614 27333.851    26156553.851 45358.641
358  TN+F+R3       10042.730    3616 27317.461    26185461.461 45352.225
367  TN+F+I+R3     10042.877    3617 27319.754    26199931.754 45359.507
379  TNe+R2        10071.953    3611 27365.905    26113229.905 45375.733
380  TNe+R3        10060.688    3613 27347.377    26142111.377 45367.179
389  TNe+I+R3      10060.696    3614 27349.392    26156569.392 45374.182
401  HKY+F+R2      10054.432    3613 27334.865    26142098.865 45354.667
402  HKY+F+R3      10044.232    3615 27318.465    26170998.465 45348.242
411  HKY+F+I+R3    10044.398    3616 27320.795    26185464.795 45355.560
423  K2P+R2        10075.287    3610 27370.574    26098790.574 45375.414
424  K2P+R3        10064.029    3612 27352.058    26127664.058 45366.873
433  K2P+I+R3      10064.018    3613 27354.037    26142118.037 45373.839
445  F81+F+R2      10187.686    3612 27599.372    26127911.372 45614.186
446  F81+F+R3      10176.950    3614 27581.901    26156801.901 45606.691
455  F81+F+I+R3    10176.974    3615 27583.949    26171263.949 45613.726
467  JC+R2         10219.120    3609 27656.241    26084636.241 45656.093
468  JC+R3         10207.905    3611 27637.809    26113501.809 45647.637
477  JC+I+R3       10207.849    3612 27639.699    26127951.699 45654.513
Akaike Information Criterion:           GTR+F+R3
Corrected Akaike Information Criterion: JC+R2
Bayesian Information Criterion:         TVM+F+R3
Best-fit model: TVM+F+R3 chosen according to BIC

All model information printed to /app/outputs/analyses/610/20250910T163211/between_sample_distances/B/clade_B_seqs.aligned.fasta.model.gz
CPU time for ModelFinder: 1427.378 seconds (0h:23m:47s)
Wall-clock time for ModelFinder: 717.485 seconds (0h:11m:57s)

NOTE: 120 MB RAM (0 GB) is required!
Estimate model parameters (epsilon = 0.100)
1. Initial log-likelihood: -10026.223
Optimal log-likelihood: -10026.202
Rate parameters:  A-C: 1.41693  A-G: 2.54395  A-T: 1.01240  C-G: 0.63270  C-T: 2.54395  G-T: 1.00000
Base frequencies:  A: 0.174  C: 0.266  G: 0.258  T: 0.301
Site proportion and rates:  (0.420,0.417) (0.475,1.015) (0.105,3.255)
Parameters optimization took 1 rounds (1.679 sec)
Wrote distance file to... 
Computing ML distances based on estimated model parameters...
Calculating distance matrix: done in 3.89493 secs using 199.9% CPU
Computing ML distances took 3.909155 sec (of wall-clock time) 7.803056 sec (of CPU time)
Setting up auxiliary I and S matrices: done in 0.0475142 secs using 256.8% CPU
Constructing RapidNJ tree: done in 0.275477 secs using 298.2% CPU
Computing RapidNJ tree took 0.323115 sec (of wall-clock time) 0.944201 sec (of CPU time)
Log-likelihood of RapidNJ tree: -10152.632
--------------------------------------------------------------------
|             INITIALIZING CANDIDATE TREE SET                      |
--------------------------------------------------------------------
Generating 98 parsimony trees... 56.220 second
Computing log-likelihood of 98 initial trees ... 32.758 seconds
Current best score: -10026.202

Do NNI search on 20 best initial trees
Optimizing NNI: done in 3.12852 secs using 198.9% CPU
Estimate model parameters (epsilon = 0.100)
BETTER TREE FOUND at iteration 1: -10023.109
Optimizing NNI: done in 7.97619 secs using 198.9% CPU
Estimate model parameters (epsilon = 0.100)
BETTER TREE FOUND at iteration 2: -9972.186
Optimizing NNI: done in 14.2361 secs using 198.7% CPU
Optimizing NNI: done in 8.01502 secs using 198.9% CPU
Optimizing NNI: done in 15.2815 secs using 198.9% CPU
Optimizing NNI: done in 10.8557 secs using 198.8% CPU
Optimizing NNI: done in 17.8715 secs using 198.5% CPU
Estimate model parameters (epsilon = 0.100)
BETTER TREE FOUND at iteration 7: -9969.588
Optimizing NNI: done in 7.06397 secs using 198.8% CPU
Optimizing NNI: done in 13.3153 secs using 199.2% CPU
Optimizing NNI: done in 19.5694 secs using 199% CPU
Iteration 10 / LogL: -9989.736 / Time: 0h:4m:5s
Optimizing NNI: done in 6.77206 secs using 198.6% CPU
Optimizing NNI: done in 12.8866 secs using 199% CPU
Optimizing NNI: done in 26.3527 secs using 199% CPU
Optimizing NNI: done in 11.8267 secs using 199% CPU
Optimizing NNI: done in 9.45592 secs using 198.9% CPU
Optimizing NNI: done in 8.74541 secs using 198% CPU
Optimizing NNI: done in 13.4157 secs using 198.7% CPU
Optimizing NNI: done in 8.73967 secs using 198.6% CPU
Optimizing NNI: done in 6.91109 secs using 199% CPU
Optimizing NNI: done in 24.3992 secs using 199% CPU
Iteration 20 / LogL: -10019.907 / Time: 0h:6m:15s
Finish initializing candidate tree set (20)
Current best tree score: -9969.588 / CPU time: 352.064
Number of iterations: 20
--------------------------------------------------------------------
|               OPTIMIZING CANDIDATE TREE SET                      |
--------------------------------------------------------------------
Optimizing NNI: done in 14.3986 secs using 198.7% CPU
Optimizing NNI: done in 12.3505 secs using 198.7% CPU
Optimizing NNI: done in 14.8938 secs using 198.8% CPU
Optimizing NNI: done in 21.0446 secs using 198.7% CPU
Optimizing NNI: done in 15.3247 secs using 198.7% CPU
Optimizing NNI: done in 6.10838 secs using 198.7% CPU
Optimizing NNI: done in 16.8611 secs using 199% CPU
Optimizing NNI: done in 13.8859 secs using 198.9% CPU
Optimizing NNI: done in 9.58984 secs using 197.6% CPU
Optimizing NNI: done in 18.0761 secs using 198.9% CPU
Iteration 30 / LogL: -10030.253 / Time: 0h:8m:42s (0h:23m:8s left)
Optimizing NNI: done in 11.0753 secs using 198.9% CPU
Optimizing NNI: done in 16.2296 secs using 198.9% CPU
Optimizing NNI: done in 7.88376 secs using 198.6% CPU
Optimizing NNI: done in 24.9035 secs using 199% CPU
Optimizing NNI: done in 10.0908 secs using 198.7% CPU
Optimizing NNI: done in 14.6382 secs using 198.8% CPU
Optimizing NNI: done in 15.4888 secs using 198.3% CPU
Optimizing NNI: done in 10.3399 secs using 198.8% CPU
Optimizing NNI: done in 12.53 secs using 198.9% CPU
Optimizing NNI: done in 16.6377 secs using 199% CPU
Iteration 40 / LogL: -10028.985 / Time: 0h:11m:7s (0h:19m:6s left)
Optimizing NNI: done in 15.4113 secs using 198.7% CPU
Optimizing NNI: done in 15.6097 secs using 198.5% CPU
Optimizing NNI: done in 13.9429 secs using 198.7% CPU
Optimizing NNI: done in 12.2036 secs using 199% CPU
Optimizing NNI: done in 8.42342 secs using 198.7% CPU
Optimizing NNI: done in 20.6074 secs using 198.7% CPU
Optimizing NNI: done in 17.9179 secs using 199% CPU
Optimizing NNI: done in 12.4028 secs using 198.9% CPU
Optimizing NNI: done in 20.3423 secs using 198.1% CPU
Optimizing NNI: done in 15.6043 secs using 198.9% CPU
Iteration 50 / LogL: -10029.635 / Time: 0h:13m:44s (0h:15m:59s left)
Optimizing NNI: done in 13.6794 secs using 198.6% CPU
Optimizing NNI: done in 16.0533 secs using 198.9% CPU
Optimizing NNI: done in 17.3976 secs using 198.6% CPU
Optimizing NNI: done in 7.74024 secs using 198.8% CPU
Optimizing NNI: done in 10.6463 secs using 199.1% CPU
Optimizing NNI: done in 15.3846 secs using 198.9% CPU
Optimizing NNI: done in 15.3024 secs using 198.5% CPU
Optimizing NNI: done in 17.0949 secs using 199% CPU
Optimizing NNI: done in 8.94546 secs using 198.9% CPU
Optimizing NNI: done in 8.35833 secs using 198.6% CPU
Iteration 60 / LogL: -10063.365 / Time: 0h:15m:59s (0h:12m:44s left)
Optimizing NNI: done in 10.7632 secs using 198.8% CPU
Optimizing NNI: done in 12.6013 secs using 198.8% CPU
Optimizing NNI: done in 11.251 secs using 198.8% CPU
Optimizing NNI: done in 18.5484 secs using 198.9% CPU
Optimizing NNI: done in 17.1032 secs using 198.5% CPU
Optimizing NNI: done in 7.44802 secs using 198.4% CPU
Optimizing NNI: done in 11.4958 secs using 198.9% CPU
Optimizing NNI: done in 17.9706 secs using 198.9% CPU
Optimizing NNI: done in 11.8803 secs using 199% CPU
Optimizing NNI: done in 9.51395 secs using 199% CPU
Iteration 70 / LogL: -10080.137 / Time: 0h:18m:13s (0h:9m:46s left)
Optimizing NNI: done in 18.5127 secs using 197.6% CPU
Optimizing NNI: done in 13.559 secs using 199.2% CPU
Optimizing NNI: done in 15.4952 secs using 198.7% CPU
Optimizing NNI: done in 9.69423 secs using 199% CPU
Optimizing NNI: done in 13.6098 secs using 197.9% CPU
Optimizing NNI: done in 12.2092 secs using 198.9% CPU
Optimizing NNI: done in 15.3395 secs using 199.1% CPU
Optimizing NNI: done in 8.40564 secs using 198.6% CPU
Optimizing NNI: done in 11.7053 secs using 198.8% CPU
Optimizing NNI: done in 15.262 secs using 198.5% CPU
Iteration 80 / LogL: -10037.124 / Time: 0h:20m:31s (0h:7m:0s left)
Optimizing NNI: done in 7.77231 secs using 198.4% CPU
Optimizing NNI: done in 10.677 secs using 198.7% CPU
Optimizing NNI: done in 14.626 secs using 199.1% CPU
Optimizing NNI: done in 5.08682 secs using 198.7% CPU
Optimizing NNI: done in 15.4333 secs using 198.8% CPU
Optimizing NNI: done in 10.4671 secs using 198.7% CPU
Optimizing NNI: done in 11.6218 secs using 198.8% CPU
Optimizing NNI: done in 14.0395 secs using 198.8% CPU
Optimizing NNI: done in 13.0657 secs using 198.8% CPU
Optimizing NNI: done in 7.74017 secs using 198.1% CPU
Iteration 90 / LogL: -10043.097 / Time: 0h:22m:26s (0h:4m:17s left)
Optimizing NNI: done in 15.1127 secs using 198.9% CPU
Optimizing NNI: done in 9.03183 secs using 198.9% CPU
Optimizing NNI: done in 12.7932 secs using 198.9% CPU
Optimizing NNI: done in 12.7744 secs using 198.9% CPU
Optimizing NNI: done in 17.2209 secs using 197.8% CPU
Optimizing NNI: done in 11.8209 secs using 198.9% CPU
Optimizing NNI: done in 24.8198 secs using 198.9% CPU
Optimizing NNI: done in 14.0758 secs using 196.9% CPU
Optimizing NNI: done in 7.7709 secs using 197.9% CPU
Optimizing NNI: done in 11.6529 secs using 199.1% CPU
Iteration 100 / LogL: -10039.484 / Time: 0h:24m:48s (0h:1m:45s left)
Optimizing NNI: done in 21.368 secs using 198.6% CPU
Optimizing NNI: done in 11.6466 secs using 197.7% CPU
Optimizing NNI: done in 13.9981 secs using 198.9% CPU
Optimizing NNI: done in 14.0303 secs using 198.9% CPU
Optimizing NNI: done in 8.50733 secs using 198.6% CPU
Optimizing NNI: done in 17.9616 secs using 199% CPU
Optimizing NNI: done in 13.7 secs using 198.5% CPU
Optimizing NNI: done in 17.0802 secs using 198.9% CPU
TREE SEARCH COMPLETED AFTER 108 ITERATIONS / Time: 0h:26m:50s

--------------------------------------------------------------------
|                    FINALIZING TREE SEARCH                        |
--------------------------------------------------------------------
Performs final model parameters optimization
Estimate model parameters (epsilon = 0.010)
1. Initial log-likelihood: -9969.588
2. Current log-likelihood: -9969.571
Optimal log-likelihood: -9969.560
Rate parameters:  A-C: 1.26190  A-G: 2.57146  A-T: 0.99972  C-G: 0.58222  C-T: 2.57146  G-T: 1.00000
Base frequencies:  A: 0.174  C: 0.266  G: 0.258  T: 0.301
Site proportion and rates:  (0.536,0.471) (0.380,1.156) (0.084,3.670)
Parameters optimization took 2 rounds (2.072 sec)
BEST SCORE FOUND : -9969.560
Total tree length: 4.868

Total number of iterations: 108
CPU time used for tree search: 3076.435 sec (0h:51m:16s)
Wall-clock time used for tree search: 1586.968 sec (0h:26m:26s)
Total CPU time used: 3126.064 sec (0h:52m:6s)
Total wall-clock time used: 1612.569 sec (0h:26m:52s)

Analysis results written to: 
  IQ-TREE report:                /app/outputs/analyses/610/20250910T163211/between_sample_distances/B/clade_B_seqs.aligned.fasta.iqtree
  Maximum-likelihood tree:       /app/outputs/analyses/610/20250910T163211/between_sample_distances/B/clade_B_seqs.aligned.fasta.treefile
  Likelihood distances:          /app/outputs/analyses/610/20250910T163211/between_sample_distances/B/clade_B_seqs.aligned.fasta.mldist
  Screen log file:               /app/outputs/analyses/610/20250910T163211/between_sample_distances/B/clade_B_seqs.aligned.fasta.log

Date and Time: Wed Sep 10 12:35:34 2025
